[ 2023-09-14T23:30:57+08:00 ] 119.36.145.174 /home/index/getcode
INFO: [ app_init ] --START--
INFO: Run Behavior\BuildLiteBehavior [ RunTime:0.000020s ]
INFO: [ app_init ] --END-- [ RunTime:0.000505s ]
INFO: [ app_begin ] --START--
INFO: Run Behavior\ReadHtmlCacheBehavior [ RunTime:0.000607s ]
INFO: [ app_begin ] --END-- [ RunTime:0.000674s ]
SQL: SELECT * FROM `xman_api` WHERE ( isuse=1 ) LIMIT 1   [ RunTime:0.0004s ]
SQL: SELECT `name`,`value` FROM `xman_config` WHERE `name` IN ('sitenname','webtitle')  [ RunTime:0.0003s ]
SQL: SELECT * FROM `xman_code` WHERE `code` = '	HEkpMnd1RfC' LIMIT 1   [ RunTime:0.0563s ]

[ 2023-09-14T23:30:57+08:00 ] 183.229.126.19 /home/index/getcode
INFO: [ app_init ] --START--
INFO: Run Behavior\BuildLiteBehavior [ RunTime:0.000019s ]
INFO: [ app_init ] --END-- [ RunTime:0.000503s ]
INFO: [ app_begin ] --START--
INFO: Run Behavior\ReadHtmlCacheBehavior [ RunTime:0.000663s ]
INFO: [ app_begin ] --END-- [ RunTime:0.000739s ]
SQL: SELECT * FROM `xman_api` WHERE ( isuse=1 ) LIMIT 1   [ RunTime:0.0004s ]
SQL: SELECT `name`,`value` FROM `xman_config` WHERE `name` IN ('sitenname','webtitle')  [ RunTime:0.0003s ]
SQL: SELECT * FROM `xman_code` WHERE `code` = 'KQSsJCje7EHi' LIMIT 1   [ RunTime:0.0555s ]

[ 2023-09-14T23:30:59+08:00 ] 183.229.126.19 /home/index/getphone
INFO: [ app_init ] --START--
INFO: Run Behavior\BuildLiteBehavior [ RunTime:0.000019s ]
INFO: [ app_init ] --END-- [ RunTime:0.000547s ]
INFO: [ app_begin ] --START--
INFO: Run Behavior\ReadHtmlCacheBehavior [ RunTime:0.000671s ]
INFO: [ app_begin ] --END-- [ RunTime:0.000751s ]
SQL: SELECT * FROM `xman_api` WHERE ( isuse=1 ) LIMIT 1   [ RunTime:0.0004s ]
SQL: SELECT `name`,`value` FROM `xman_config` WHERE `name` IN ('sitenname','webtitle')  [ RunTime:0.0003s ]
SQL: SELECT * FROM `xman_code` WHERE `code` = 'KQSsJCje7EHi' LIMIT 1   [ RunTime:0.0552s ]
SQL: UPDATE `xman_code` SET `phone`='16521945293',`createphonetime`='1694705459' WHERE `code` = 'KQSsJCje7EHi' [ RunTime:0.2584s ]

[ 2023-09-14T23:31:00+08:00 ] 119.36.145.174 /home/index/getcode
INFO: [ app_init ] --START--
INFO: Run Behavior\BuildLiteBehavior [ RunTime:0.000020s ]
INFO: [ app_init ] --END-- [ RunTime:0.000540s ]
INFO: [ app_begin ] --START--
INFO: Run Behavior\ReadHtmlCacheBehavior [ RunTime:0.000658s ]
INFO: [ app_begin ] --END-- [ RunTime:0.000736s ]
SQL: SELECT * FROM `xman_api` WHERE ( isuse=1 ) LIMIT 1   [ RunTime:0.0004s ]
SQL: SELECT `name`,`value` FROM `xman_config` WHERE `name` IN ('sitenname','webtitle')  [ RunTime:0.0003s ]
SQL: SELECT * FROM `xman_code` WHERE `code` = 'HEkpMnd1RfC' LIMIT 1   [ RunTime:0.0547s ]

[ 2023-09-14T23:31:01+08:00 ] 183.229.126.19 /home/index/getcodes
INFO: [ app_init ] --START--
INFO: Run Behavior\BuildLiteBehavior [ RunTime:0.000020s ]
INFO: [ app_init ] --END-- [ RunTime:0.000488s ]
INFO: [ app_begin ] --START--
INFO: Run Behavior\ReadHtmlCacheBehavior [ RunTime:0.000616s ]
INFO: [ app_begin ] --END-- [ RunTime:0.000687s ]
SQL: SELECT * FROM `xman_api` WHERE ( isuse=1 ) LIMIT 1   [ RunTime:0.0004s ]
SQL: SELECT `name`,`value` FROM `xman_config` WHERE `name` IN ('sitenname','webtitle')  [ RunTime:0.0003s ]
NOTIC: [8] Undefined index: key /www/wwwroot/ovodw.com/Application/Home/Controller/IndexController.class.php 第 194 行.

[ 2023-09-14T23:31:01+08:00 ] 103.56.112.49 /home/index/region
INFO: [ app_init ] --START--
INFO: Run Behavior\BuildLiteBehavior [ RunTime:0.000014s ]
INFO: [ app_init ] --END-- [ RunTime:0.000391s ]
INFO: [ app_begin ] --START--
INFO: Run Behavior\ReadHtmlCacheBehavior [ RunTime:0.000471s ]
INFO: [ app_begin ] --END-- [ RunTime:0.000526s ]
SQL: SELECT * FROM `xman_api` WHERE ( isuse=1 ) LIMIT 1   [ RunTime:0.0003s ]
SQL: SELECT `name`,`value` FROM `xman_config` WHERE `name` IN ('sitenname','webtitle')  [ RunTime:0.0003s ]

[ 2023-09-14T23:31:05+08:00 ] 119.36.145.174 /home/index/getphone
INFO: [ app_init ] --START--
INFO: Run Behavior\BuildLiteBehavior [ RunTime:0.000022s ]
INFO: [ app_init ] --END-- [ RunTime:0.000513s ]
INFO: [ app_begin ] --START--
INFO: Run Behavior\ReadHtmlCacheBehavior [ RunTime:0.000634s ]
INFO: [ app_begin ] --END-- [ RunTime:0.000701s ]
SQL: SELECT * FROM `xman_api` WHERE ( isuse=1 ) LIMIT 1   [ RunTime:0.0004s ]
SQL: SELECT `name`,`value` FROM `xman_config` WHERE `name` IN ('sitenname','webtitle')  [ RunTime:0.0005s ]
SQL: SELECT * FROM `xman_code` WHERE `code` = 'HEkpMnd1RfC' LIMIT 1   [ RunTime:0.0718s ]
SQL: UPDATE `xman_code` SET `phone`='16521944236',`createphonetime`='1694705464' WHERE `code` = 'HEkpMnd1RfC' [ RunTime:0.2557s ]

[ 2023-09-14T23:31:06+08:00 ] 119.36.145.174 /home/index/getcodes
INFO: [ app_init ] --START--
INFO: Run Behavior\BuildLiteBehavior [ RunTime:0.000025s ]
INFO: [ app_init ] --END-- [ RunTime:0.000693s ]
INFO: [ app_begin ] --START--
INFO: Run Behavior\ReadHtmlCacheBehavior [ RunTime:0.000806s ]
INFO: [ app_begin ] --END-- [ RunTime:0.000889s ]
SQL: SELECT * FROM `xman_api` WHERE ( isuse=1 ) LIMIT 1   [ RunTime:0.0004s ]
SQL: SELECT `name`,`value` FROM `xman_config` WHERE `name` IN ('sitenname','webtitle')  [ RunTime:0.0004s ]
NOTIC: [8] Undefined index: key /www/wwwroot/ovodw.com/Application/Home/Controller/IndexController.class.php 第 194 行.

[ 2023-09-14T23:31:10+08:00 ] 183.229.126.19 /home/index/getcodes
INFO: [ app_init ] --START--
INFO: Run Behavior\BuildLiteBehavior [ RunTime:0.000019s ]
INFO: [ app_init ] --END-- [ RunTime:0.000481s ]
INFO: [ app_begin ] --START--
INFO: Run Behavior\ReadHtmlCacheBehavior [ RunTime:0.000606s ]
INFO: [ app_begin ] --END-- [ RunTime:0.000673s ]
SQL: SELECT * FROM `xman_api` WHERE ( isuse=1 ) LIMIT 1   [ RunTime:0.0004s ]
SQL: SELECT `name`,`value` FROM `xman_config` WHERE `name` IN ('sitenname','webtitle')  [ RunTime:0.0003s ]
NOTIC: [8] Undefined index: key /www/wwwroot/ovodw.com/Application/Home/Controller/IndexController.class.php 第 194 行.

[ 2023-09-14T23:31:16+08:00 ] 119.36.145.174 /home/index/getcodes
INFO: [ app_init ] --START--
INFO: Run Behavior\BuildLiteBehavior [ RunTime:0.000021s ]
INFO: [ app_init ] --END-- [ RunTime:0.000526s ]
INFO: [ app_begin ] --START--
INFO: Run Behavior\ReadHtmlCacheBehavior [ RunTime:0.000630s ]
INFO: [ app_begin ] --END-- [ RunTime:0.000699s ]
SQL: SELECT * FROM `xman_api` WHERE ( isuse=1 ) LIMIT 1   [ RunTime:0.0004s ]
SQL: SELECT `name`,`value` FROM `xman_config` WHERE `name` IN ('sitenname','webtitle')  [ RunTime:0.0003s ]
NOTIC: [8] Undefined index: key /www/wwwroot/ovodw.com/Application/Home/Controller/IndexController.class.php 第 194 行.

[ 2023-09-14T23:31:21+08:00 ] 183.229.126.19 /home/index/getcodes
INFO: [ app_init ] --START--
INFO: Run Behavior\BuildLiteBehavior [ RunTime:0.000019s ]
INFO: [ app_init ] --END-- [ RunTime:0.000550s ]
INFO: [ app_begin ] --START--
INFO: Run Behavior\ReadHtmlCacheBehavior [ RunTime:0.000853s ]
INFO: [ app_begin ] --END-- [ RunTime:0.000969s ]
SQL: SELECT * FROM `xman_api` WHERE ( isuse=1 ) LIMIT 1   [ RunTime:0.0004s ]
SQL: SELECT `name`,`value` FROM `xman_config` WHERE `name` IN ('sitenname','webtitle')  [ RunTime:0.0004s ]
NOTIC: [8] Undefined index: key /www/wwwroot/ovodw.com/Application/Home/Controller/IndexController.class.php 第 194 行.

[ 2023-09-14T23:31:26+08:00 ] 119.36.145.174 /home/index/getcodes
INFO: [ app_init ] --START--
INFO: Run Behavior\BuildLiteBehavior [ RunTime:0.000018s ]
INFO: [ app_init ] --END-- [ RunTime:0.000525s ]
INFO: [ app_begin ] --START--
INFO: Run Behavior\ReadHtmlCacheBehavior [ RunTime:0.000656s ]
INFO: [ app_begin ] --END-- [ RunTime:0.000730s ]
SQL: SELECT * FROM `xman_api` WHERE ( isuse=1 ) LIMIT 1   [ RunTime:0.0004s ]
SQL: SELECT `name`,`value` FROM `xman_config` WHERE `name` IN ('sitenname','webtitle')  [ RunTime:0.0003s ]
NOTIC: [8] Undefined index: key /www/wwwroot/ovodw.com/Application/Home/Controller/IndexController.class.php 第 194 行.

[ 2023-09-14T23:31:31+08:00 ] 183.229.126.19 /home/index/getcodes
INFO: [ app_init ] --START--
INFO: Run Behavior\BuildLiteBehavior [ RunTime:0.000018s ]
INFO: [ app_init ] --END-- [ RunTime:0.000502s ]
INFO: [ app_begin ] --START--
INFO: Run Behavior\ReadHtmlCacheBehavior [ RunTime:0.000596s ]
INFO: [ app_begin ] --END-- [ RunTime:0.000712s ]
SQL: SELECT * FROM `xman_api` WHERE ( isuse=1 ) LIMIT 1   [ RunTime:0.0005s ]
SQL: SELECT `name`,`value` FROM `xman_config` WHERE `name` IN ('sitenname','webtitle')  [ RunTime:0.0004s ]
NOTIC: [8] Undefined index: key /www/wwwroot/ovodw.com/Application/Home/Controller/IndexController.class.php 第 194 行.
SQL: UPDATE `xman_code` SET `usertime`='2023-09-14 23:31:30',`sms`='【NSM】[PUBG] 验证码： 989516。验证码有效 3 分钟',`status`='1',`phone`='16521945293' WHERE `code` = 'KQSsJCje7EHi' [ RunTime:0.2583s ]

[ 2023-09-14T23:31:36+08:00 ] 119.36.145.174 /home/index/getcodes
INFO: [ app_init ] --START--
INFO: Run Behavior\BuildLiteBehavior [ RunTime:0.000019s ]
INFO: [ app_init ] --END-- [ RunTime:0.000486s ]
INFO: [ app_begin ] --START--
INFO: Run Behavior\ReadHtmlCacheBehavior [ RunTime:0.000732s ]
INFO: [ app_begin ] --END-- [ RunTime:0.000799s ]
SQL: SELECT * FROM `xman_api` WHERE ( isuse=1 ) LIMIT 1   [ RunTime:0.0005s ]
SQL: SELECT `name`,`value` FROM `xman_config` WHERE `name` IN ('sitenname','webtitle')  [ RunTime:0.0003s ]
NOTIC: [8] Undefined index: key /www/wwwroot/ovodw.com/Application/Home/Controller/IndexController.class.php 第 194 行.

[ 2023-09-14T23:31:47+08:00 ] 119.36.145.174 /home/index/getcodes
INFO: [ app_init ] --START--
INFO: Run Behavior\BuildLiteBehavior [ RunTime:0.000020s ]
INFO: [ app_init ] --END-- [ RunTime:0.000492s ]
INFO: [ app_begin ] --START--
INFO: Run Behavior\ReadHtmlCacheBehavior [ RunTime:0.000637s ]
INFO: [ app_begin ] --END-- [ RunTime:0.000704s ]
SQL: SELECT * FROM `xman_api` WHERE ( isuse=1 ) LIMIT 1   [ RunTime:0.0004s ]
SQL: SELECT `name`,`value` FROM `xman_config` WHERE `name` IN ('sitenname','webtitle')  [ RunTime:0.0003s ]
NOTIC: [8] Undefined index: key /www/wwwroot/ovodw.com/Application/Home/Controller/IndexController.class.php 第 194 行.
SQL: UPDATE `xman_code` SET `usertime`='2023-09-14 23:31:46',`sms`='【NSM】[PUBG] 验证码： 424534。验证码有效 3 分钟',`status`='1',`phone`='16521944236' WHERE `code` = 'HEkpMnd1RfC' [ RunTime:0.2455s ]

[ 2023-09-14T23:32:01+08:00 ] 103.56.112.49 /home/index/region
INFO: [ app_init ] --START--
INFO: Run Behavior\BuildLiteBehavior [ RunTime:0.000014s ]
INFO: [ app_init ] --END-- [ RunTime:0.000387s ]
INFO: [ app_begin ] --START--
INFO: Run Behavior\ReadHtmlCacheBehavior [ RunTime:0.000479s ]
INFO: [ app_begin ] --END-- [ RunTime:0.000540s ]
SQL: SELECT * FROM `xman_api` WHERE ( isuse=1 ) LIMIT 1   [ RunTime:0.0003s ]
SQL: SELECT `name`,`value` FROM `xman_config` WHERE `name` IN ('sitenname','webtitle')  [ RunTime:0.0002s ]

[ 2023-09-14T23:33:01+08:00 ] 103.56.112.49 /home/index/region
INFO: [ app_init ] --START--
INFO: Run Behavior\BuildLiteBehavior [ RunTime:0.000013s ]
INFO: [ app_init ] --END-- [ RunTime:0.000356s ]
INFO: [ app_begin ] --START--
INFO: Run Behavior\ReadHtmlCacheBehavior [ RunTime:0.000487s ]
INFO: [ app_begin ] --END-- [ RunTime:0.000541s ]
SQL: SELECT * FROM `xman_api` WHERE ( isuse=1 ) LIMIT 1   [ RunTime:0.0003s ]
SQL: SELECT `name`,`value` FROM `xman_config` WHERE `name` IN ('sitenname','webtitle')  [ RunTime:0.0002s ]

[ 2023-09-14T23:33:05+08:00 ] 115.23.149.174 /
INFO: [ app_init ] --START--
INFO: Run Behavior\BuildLiteBehavior [ RunTime:0.000027s ]
INFO: [ app_init ] --END-- [ RunTime:0.000951s ]
INFO: [ app_begin ] --START--
INFO: Run Behavior\ReadHtmlCacheBehavior [ RunTime:0.000760s ]
INFO: [ app_begin ] --END-- [ RunTime:0.000851s ]
SQL: SELECT * FROM `xman_api` WHERE ( isuse=1 ) LIMIT 1   [ RunTime:0.0006s ]
SQL: SELECT `name`,`value` FROM `xman_config` WHERE `name` IN ('sitenname','webtitle')  [ RunTime:0.0004s ]
SQL: SELECT * FROM `xman_notice` WHERE ( id=1 ) LIMIT 1   [ RunTime:0.0003s ]
INFO: [ view_parse ] --START--
INFO: [ template_filter ] --START--
INFO: Run Behavior\ContentReplaceBehavior [ RunTime:0.000158s ]
INFO: [ template_filter ] --END-- [ RunTime:0.000307s ]
NOTIC: [8] Undefined index: indextopenon /www/wwwroot/ovodw.com/Application/Runtime/Cache/Home/2a94b8bda04ff446dcedd42276fc99ee.php 第 158 行.
NOTIC: [8] Use of undefined constant indextimg - assumed 'indextimg' /www/wwwroot/ovodw.com/Application/Runtime/Cache/Home/2a94b8bda04ff446dcedd42276fc99ee.php 第 230 行.
NOTIC: [8] Array to string conversion /www/wwwroot/ovodw.com/Application/Runtime/Cache/Home/2a94b8bda04ff446dcedd42276fc99ee.php 第 230 行.
NOTIC: [8] Use of undefined constant indextimg - assumed 'indextimg' /www/wwwroot/ovodw.com/Application/Runtime/Cache/Home/2a94b8bda04ff446dcedd42276fc99ee.php 第 234 行.
NOTIC: [8] Array to string conversion /www/wwwroot/ovodw.com/Application/Runtime/Cache/Home/2a94b8bda04ff446dcedd42276fc99ee.php 第 234 行.
INFO: Run Behavior\ParseTemplateBehavior [ RunTime:0.020951s ]
INFO: [ view_parse ] --END-- [ RunTime:0.021049s ]
INFO: [ view_filter ] --START--
INFO: Run Behavior\WriteHtmlCacheBehavior [ RunTime:0.000403s ]
INFO: [ view_filter ] --END-- [ RunTime:0.000491s ]
INFO: [ app_end ] --START--
INFO: Run Behavior\ShowPageTraceBehavior [ RunTime:0.001111s ]
INFO: [ app_end ] --END-- [ RunTime:0.001210s ]

[ 2023-09-14T23:33:52+08:00 ] 115.23.149.174 /home/index/getcode
INFO: [ app_init ] --START--
INFO: Run Behavior\BuildLiteBehavior [ RunTime:0.000019s ]
INFO: [ app_init ] --END-- [ RunTime:0.000535s ]
INFO: [ app_begin ] --START--
INFO: Run Behavior\ReadHtmlCacheBehavior [ RunTime:0.000636s ]
INFO: [ app_begin ] --END-- [ RunTime:0.000722s ]
SQL: SELECT * FROM `xman_api` WHERE ( isuse=1 ) LIMIT 1   [ RunTime:0.0007s ]
SQL: SELECT `name`,`value` FROM `xman_config` WHERE `name` IN ('sitenname','webtitle')  [ RunTime:0.0004s ]
SQL: SELECT * FROM `xman_code` WHERE `code` = ' kBvJUrHC9hjmH' LIMIT 1   [ RunTime:0.0608s ]

[ 2023-09-14T23:34:01+08:00 ] 103.56.112.49 /home/index/region
INFO: [ app_init ] --START--
INFO: Run Behavior\BuildLiteBehavior [ RunTime:0.000014s ]
INFO: [ app_init ] --END-- [ RunTime:0.000381s ]
INFO: [ app_begin ] --START--
INFO: Run Behavior\ReadHtmlCacheBehavior [ RunTime:0.000458s ]
INFO: [ app_begin ] --END-- [ RunTime:0.000511s ]
SQL: SELECT * FROM `xman_api` WHERE ( isuse=1 ) LIMIT 1   [ RunTime:0.0014s ]
SQL: SELECT `name`,`value` FROM `xman_config` WHERE `name` IN ('sitenname','webtitle')  [ RunTime:0.0180s ]

[ 2023-09-14T23:34:03+08:00 ] 115.23.149.174 /home/index/getcode
INFO: [ app_init ] --START--
INFO: Run Behavior\BuildLiteBehavior [ RunTime:0.000020s ]
INFO: [ app_init ] --END-- [ RunTime:0.000626s ]
INFO: [ app_begin ] --START--
INFO: Run Behavior\ReadHtmlCacheBehavior [ RunTime:0.000892s ]
INFO: [ app_begin ] --END-- [ RunTime:0.000992s ]
SQL: SELECT * FROM `xman_api` WHERE ( isuse=1 ) LIMIT 1   [ RunTime:0.0004s ]
SQL: SELECT `name`,`value` FROM `xman_config` WHERE `name` IN ('sitenname','webtitle')  [ RunTime:0.0003s ]
SQL: SELECT * FROM `xman_code` WHERE `code` = 'kBvJUrHC9hjmH링크www.ovodc.com' LIMIT 1   [ RunTime:0.0588s ]

[ 2023-09-14T23:34:08+08:00 ] 115.23.149.174 /home/index/getcode
INFO: [ app_init ] --START--
INFO: Run Behavior\BuildLiteBehavior [ RunTime:0.000019s ]
INFO: [ app_init ] --END-- [ RunTime:0.000484s ]
INFO: [ app_begin ] --START--
INFO: Run Behavior\ReadHtmlCacheBehavior [ RunTime:0.000628s ]
INFO: [ app_begin ] --END-- [ RunTime:0.000697s ]
SQL: SELECT * FROM `xman_api` WHERE ( isuse=1 ) LIMIT 1   [ RunTime:0.0005s ]
SQL: SELECT `name`,`value` FROM `xman_config` WHERE `name` IN ('sitenname','webtitle')  [ RunTime:0.0003s ]
SQL: SELECT * FROM `xman_code` WHERE `code` = 'kBvJUrHC9hjmH' LIMIT 1   [ RunTime:0.0319s ]

[ 2023-09-14T23:34:10+08:00 ] 115.23.149.174 /home/index/getphone
INFO: [ app_init ] --START--
INFO: Run Behavior\BuildLiteBehavior [ RunTime:0.000065s ]
INFO: [ app_init ] --END-- [ RunTime:0.000562s ]
INFO: [ app_begin ] --START--
INFO: Run Behavior\ReadHtmlCacheBehavior [ RunTime:0.000632s ]
INFO: [ app_begin ] --END-- [ RunTime:0.000708s ]
SQL: SELECT * FROM `xman_api` WHERE ( isuse=1 ) LIMIT 1   [ RunTime:0.0004s ]
SQL: SELECT `name`,`value` FROM `xman_config` WHERE `name` IN ('sitenname','webtitle')  [ RunTime:0.0003s ]
SQL: SELECT * FROM `xman_code` WHERE `code` = 'kBvJUrHC9hjmH' LIMIT 1   [ RunTime:0.0326s ]
SQL: UPDATE `xman_code` SET `phone`='16521944507',`createphonetime`='1694705650' WHERE `code` = 'kBvJUrHC9hjmH' [ RunTime:0.2532s ]

[ 2023-09-14T23:34:12+08:00 ] 115.23.149.174 /home/index/getcodes
INFO: [ app_init ] --START--
INFO: Run Behavior\BuildLiteBehavior [ RunTime:0.000018s ]
INFO: [ app_init ] --END-- [ RunTime:0.000506s ]
INFO: [ app_begin ] --START--
INFO: Run Behavior\ReadHtmlCacheBehavior [ RunTime:0.000612s ]
INFO: [ app_begin ] --END-- [ RunTime:0.000706s ]
SQL: SELECT * FROM `xman_api` WHERE ( isuse=1 ) LIMIT 1   [ RunTime:0.0004s ]
SQL: SELECT `name`,`value` FROM `xman_config` WHERE `name` IN ('sitenname','webtitle')  [ RunTime:0.0003s ]
NOTIC: [8] Undefined index: key /www/wwwroot/ovodw.com/Application/Home/Controller/IndexController.class.php 第 194 行.

[ 2023-09-14T23:34:21+08:00 ] 115.23.149.174 /home/index/getcodes
INFO: [ app_init ] --START--
INFO: Run Behavior\BuildLiteBehavior [ RunTime:0.000020s ]
INFO: [ app_init ] --END-- [ RunTime:0.000609s ]
INFO: [ app_begin ] --START--
INFO: Run Behavior\ReadHtmlCacheBehavior [ RunTime:0.000638s ]
INFO: [ app_begin ] --END-- [ RunTime:0.000708s ]
SQL: SELECT * FROM `xman_api` WHERE ( isuse=1 ) LIMIT 1   [ RunTime:0.0004s ]
SQL: SELECT `name`,`value` FROM `xman_config` WHERE `name` IN ('sitenname','webtitle')  [ RunTime:0.0003s ]
NOTIC: [8] Undefined index: key /www/wwwroot/ovodw.com/Application/Home/Controller/IndexController.class.php 第 194 行.

[ 2023-09-14T23:34:32+08:00 ] 115.23.149.174 /home/index/getcodes
INFO: [ app_init ] --START--
INFO: Run Behavior\BuildLiteBehavior [ RunTime:0.000019s ]
INFO: [ app_init ] --END-- [ RunTime:0.000513s ]
INFO: [ app_begin ] --START--
INFO: Run Behavior\ReadHtmlCacheBehavior [ RunTime:0.000636s ]
INFO: [ app_begin ] --END-- [ RunTime:0.000704s ]
SQL: SELECT * FROM `xman_api` WHERE ( isuse=1 ) LIMIT 1   [ RunTime:0.0004s ]
SQL: SELECT `name`,`value` FROM `xman_config` WHERE `name` IN ('sitenname','webtitle')  [ RunTime:0.0003s ]
NOTIC: [8] Undefined index: key /www/wwwroot/ovodw.com/Application/Home/Controller/IndexController.class.php 第 194 行.

[ 2023-09-14T23:34:52+08:00 ] 115.23.149.174 /home/index/getcodes
INFO: [ app_init ] --START--
INFO: Run Behavior\BuildLiteBehavior [ RunTime:0.000020s ]
INFO: [ app_init ] --END-- [ RunTime:0.000521s ]
INFO: [ app_begin ] --START--
INFO: Run Behavior\ReadHtmlCacheBehavior [ RunTime:0.000743s ]
INFO: [ app_begin ] --END-- [ RunTime:0.000810s ]
SQL: SELECT * FROM `xman_api` WHERE ( isuse=1 ) LIMIT 1   [ RunTime:0.0007s ]
SQL: SELECT `name`,`value` FROM `xman_config` WHERE `name` IN ('sitenname','webtitle')  [ RunTime:0.0005s ]
NOTIC: [8] Undefined index: key /www/wwwroot/ovodw.com/Application/Home/Controller/IndexController.class.php 第 194 行.

[ 2023-09-14T23:35:01+08:00 ] 103.56.112.49 /home/index/region
INFO: [ app_init ] --START--
INFO: Run Behavior\BuildLiteBehavior [ RunTime:0.000013s ]
INFO: [ app_init ] --END-- [ RunTime:0.000385s ]
INFO: [ app_begin ] --START--
INFO: Run Behavior\ReadHtmlCacheBehavior [ RunTime:0.000463s ]
INFO: [ app_begin ] --END-- [ RunTime:0.000515s ]
SQL: SELECT * FROM `xman_api` WHERE ( isuse=1 ) LIMIT 1   [ RunTime:0.0003s ]
SQL: SELECT `name`,`value` FROM `xman_config` WHERE `name` IN ('sitenname','webtitle')  [ RunTime:0.0002s ]

[ 2023-09-14T23:35:05+08:00 ] 115.23.149.174 /home/index/getcodes
INFO: [ app_init ] --START--
INFO: Run Behavior\BuildLiteBehavior [ RunTime:0.000018s ]
INFO: [ app_init ] --END-- [ RunTime:0.000484s ]
INFO: [ app_begin ] --START--
INFO: Run Behavior\ReadHtmlCacheBehavior [ RunTime:0.000625s ]
INFO: [ app_begin ] --END-- [ RunTime:0.000692s ]
SQL: SELECT * FROM `xman_api` WHERE ( isuse=1 ) LIMIT 1   [ RunTime:0.0004s ]
SQL: SELECT `name`,`value` FROM `xman_config` WHERE `name` IN ('sitenname','webtitle')  [ RunTime:0.0003s ]
NOTIC: [8] Undefined index: key /www/wwwroot/ovodw.com/Application/Home/Controller/IndexController.class.php 第 194 行.

[ 2023-09-14T23:35:14+08:00 ] 115.23.149.174 /home/index/getcodes
INFO: [ app_init ] --START--
INFO: Run Behavior\BuildLiteBehavior [ RunTime:0.000020s ]
INFO: [ app_init ] --END-- [ RunTime:0.000509s ]
INFO: [ app_begin ] --START--
INFO: Run Behavior\ReadHtmlCacheBehavior [ RunTime:0.000638s ]
INFO: [ app_begin ] --END-- [ RunTime:0.000709s ]
SQL: SELECT * FROM `xman_api` WHERE ( isuse=1 ) LIMIT 1   [ RunTime:0.0004s ]
SQL: SELECT `name`,`value` FROM `xman_config` WHERE `name` IN ('sitenname','webtitle')  [ RunTime:0.0003s ]
NOTIC: [8] Undefined index: key /www/wwwroot/ovodw.com/Application/Home/Controller/IndexController.class.php 第 194 行.

[ 2023-09-14T23:35:25+08:00 ] 115.23.149.174 /home/index/getcodes
INFO: [ app_init ] --START--
INFO: Run Behavior\BuildLiteBehavior [ RunTime:0.000020s ]
INFO: [ app_init ] --END-- [ RunTime:0.000513s ]
INFO: [ app_begin ] --START--
INFO: Run Behavior\ReadHtmlCacheBehavior [ RunTime:0.000651s ]
INFO: [ app_begin ] --END-- [ RunTime:0.000722s ]
SQL: SELECT * FROM `xman_api` WHERE ( isuse=1 ) LIMIT 1   [ RunTime:0.0005s ]
SQL: SELECT `name`,`value` FROM `xman_config` WHERE `name` IN ('sitenname','webtitle')  [ RunTime:0.0004s ]
NOTIC: [8] Undefined index: key /www/wwwroot/ovodw.com/Application/Home/Controller/IndexController.class.php 第 194 行.
SQL: UPDATE `xman_code` SET `usertime`='2023-09-14 23:35:25',`sms`='【NSM】[PUBG] 验证码： 787043。验证码有效 3 分钟',`status`='1',`phone`='16521944507' WHERE `code` = 'kBvJUrHC9hjmH' [ RunTime:0.2665s ]

[ 2023-09-14T23:36:01+08:00 ] 103.56.112.49 /home/index/region
INFO: [ app_init ] --START--
INFO: Run Behavior\BuildLiteBehavior [ RunTime:0.000018s ]
INFO: [ app_init ] --END-- [ RunTime:0.000473s ]
INFO: [ app_begin ] --START--
INFO: Run Behavior\ReadHtmlCacheBehavior [ RunTime:0.000629s ]
INFO: [ app_begin ] --END-- [ RunTime:0.000705s ]
SQL: SELECT * FROM `xman_api` WHERE ( isuse=1 ) LIMIT 1   [ RunTime:0.0003s ]
SQL: SELECT `name`,`value` FROM `xman_config` WHERE `name` IN ('sitenname','webtitle')  [ RunTime:0.0002s ]

[ 2023-09-14T23:37:01+08:00 ] 103.56.112.49 /home/index/region
INFO: [ app_init ] --START--
INFO: Run Behavior\BuildLiteBehavior [ RunTime:0.000015s ]
INFO: [ app_init ] --END-- [ RunTime:0.000389s ]
INFO: [ app_begin ] --START--
INFO: Run Behavior\ReadHtmlCacheBehavior [ RunTime:0.000499s ]
INFO: [ app_begin ] --END-- [ RunTime:0.000560s ]
SQL: SELECT * FROM `xman_api` WHERE ( isuse=1 ) LIMIT 1   [ RunTime:0.0003s ]
SQL: SELECT `name`,`value` FROM `xman_config` WHERE `name` IN ('sitenname','webtitle')  [ RunTime:0.0002s ]

[ 2023-09-14T23:37:36+08:00 ] 123.54.8.51 /
INFO: [ app_init ] --START--
INFO: Run Behavior\BuildLiteBehavior [ RunTime:0.000020s ]
INFO: [ app_init ] --END-- [ RunTime:0.000543s ]
INFO: [ app_begin ] --START--
INFO: Run Behavior\ReadHtmlCacheBehavior [ RunTime:0.000793s ]
INFO: [ app_begin ] --END-- [ RunTime:0.000869s ]
SQL: SELECT * FROM `xman_api` WHERE ( isuse=1 ) LIMIT 1   [ RunTime:0.0004s ]
SQL: SELECT `name`,`value` FROM `xman_config` WHERE `name` IN ('sitenname','webtitle')  [ RunTime:0.0003s ]
SQL: SELECT * FROM `xman_notice` WHERE ( id=1 ) LIMIT 1   [ RunTime:0.0003s ]
INFO: [ view_parse ] --START--
INFO: [ template_filter ] --START--
INFO: Run Behavior\ContentReplaceBehavior [ RunTime:0.000093s ]
INFO: [ template_filter ] --END-- [ RunTime:0.000167s ]
NOTIC: [8] Undefined index: indextopenon /www/wwwroot/ovodw.com/Application/Runtime/Cache/Home/2a94b8bda04ff446dcedd42276fc99ee.php 第 158 行.
NOTIC: [8] Use of undefined constant indextimg - assumed 'indextimg' /www/wwwroot/ovodw.com/Application/Runtime/Cache/Home/2a94b8bda04ff446dcedd42276fc99ee.php 第 230 行.
NOTIC: [8] Array to string conversion /www/wwwroot/ovodw.com/Application/Runtime/Cache/Home/2a94b8bda04ff446dcedd42276fc99ee.php 第 230 行.
NOTIC: [8] Use of undefined constant indextimg - assumed 'indextimg' /www/wwwroot/ovodw.com/Application/Runtime/Cache/Home/2a94b8bda04ff446dcedd42276fc99ee.php 第 234 行.
NOTIC: [8] Array to string conversion /www/wwwroot/ovodw.com/Application/Runtime/Cache/Home/2a94b8bda04ff446dcedd42276fc99ee.php 第 234 行.
INFO: Run Behavior\ParseTemplateBehavior [ RunTime:0.012563s ]
INFO: [ view_parse ] --END-- [ RunTime:0.012629s ]
INFO: [ view_filter ] --START--
INFO: Run Behavior\WriteHtmlCacheBehavior [ RunTime:0.000246s ]
INFO: [ view_filter ] --END-- [ RunTime:0.000305s ]
INFO: [ app_end ] --START--
INFO: Run Behavior\ShowPageTraceBehavior [ RunTime:0.000727s ]
INFO: [ app_end ] --END-- [ RunTime:0.000793s ]

[ 2023-09-14T23:38:02+08:00 ] 103.56.112.49 /home/index/region
INFO: [ app_init ] --START--
INFO: Run Behavior\BuildLiteBehavior [ RunTime:0.000021s ]
INFO: [ app_init ] --END-- [ RunTime:0.000561s ]
INFO: [ app_begin ] --START--
INFO: Run Behavior\ReadHtmlCacheBehavior [ RunTime:0.000550s ]
INFO: [ app_begin ] --END-- [ RunTime:0.000616s ]
SQL: SELECT * FROM `xman_api` WHERE ( isuse=1 ) LIMIT 1   [ RunTime:0.0004s ]
SQL: SELECT `name`,`value` FROM `xman_config` WHERE `name` IN ('sitenname','webtitle')  [ RunTime:0.0003s ]

[ 2023-09-14T23:38:14+08:00 ] 123.54.8.51 /home/index/getcode
INFO: [ app_init ] --START--
INFO: Run Behavior\BuildLiteBehavior [ RunTime:0.000026s ]
INFO: [ app_init ] --END-- [ RunTime:0.000887s ]
INFO: [ app_begin ] --START--
INFO: Run Behavior\ReadHtmlCacheBehavior [ RunTime:0.000991s ]
INFO: [ app_begin ] --END-- [ RunTime:0.001114s ]
SQL: SELECT * FROM `xman_api` WHERE ( isuse=1 ) LIMIT 1   [ RunTime:0.0005s ]
SQL: SELECT `name`,`value` FROM `xman_config` WHERE `name` IN ('sitenname','webtitle')  [ RunTime:0.0004s ]
SQL: SELECT * FROM `xman_code` WHERE `code` = 'sTTle12crvqA' LIMIT 1   [ RunTime:0.0849s ]

[ 2023-09-14T23:38:15+08:00 ] 123.54.8.51 /home/index/getphone
INFO: [ app_init ] --START--
INFO: Run Behavior\BuildLiteBehavior [ RunTime:0.000019s ]
INFO: [ app_init ] --END-- [ RunTime:0.000528s ]
INFO: [ app_begin ] --START--
INFO: Run Behavior\ReadHtmlCacheBehavior [ RunTime:0.000643s ]
INFO: [ app_begin ] --END-- [ RunTime:0.000713s ]
SQL: SELECT * FROM `xman_api` WHERE ( isuse=1 ) LIMIT 1   [ RunTime:0.0005s ]
SQL: SELECT `name`,`value` FROM `xman_config` WHERE `name` IN ('sitenname','webtitle')  [ RunTime:0.0003s ]
SQL: SELECT * FROM `xman_code` WHERE `code` = 'sTTle12crvqA' LIMIT 1   [ RunTime:0.0574s ]
SQL: UPDATE `xman_code` SET `phone`='16521945173',`createphonetime`='1694705895' WHERE `code` = 'sTTle12crvqA' [ RunTime:0.2649s ]

[ 2023-09-14T23:38:16+08:00 ] 123.54.8.51 /home/index/getcodes
INFO: [ app_init ] --START--
INFO: Run Behavior\BuildLiteBehavior [ RunTime:0.000027s ]
INFO: [ app_init ] --END-- [ RunTime:0.000759s ]
INFO: [ app_begin ] --START--
INFO: Run Behavior\ReadHtmlCacheBehavior [ RunTime:0.000978s ]
INFO: [ app_begin ] --END-- [ RunTime:0.001080s ]
SQL: SELECT * FROM `xman_api` WHERE ( isuse=1 ) LIMIT 1   [ RunTime:0.0005s ]
SQL: SELECT `name`,`value` FROM `xman_config` WHERE `name` IN ('sitenname','webtitle')  [ RunTime:0.0004s ]
NOTIC: [8] Undefined index: key /www/wwwroot/ovodw.com/Application/Home/Controller/IndexController.class.php 第 194 行.

[ 2023-09-14T23:38:27+08:00 ] 123.54.8.51 /home/index/getcodes
INFO: [ app_init ] --START--
INFO: Run Behavior\BuildLiteBehavior [ RunTime:0.000020s ]
INFO: [ app_init ] --END-- [ RunTime:0.000515s ]
INFO: [ app_begin ] --START--
INFO: Run Behavior\ReadHtmlCacheBehavior [ RunTime:0.000644s ]
INFO: [ app_begin ] --END-- [ RunTime:0.000713s ]
SQL: SELECT * FROM `xman_api` WHERE ( isuse=1 ) LIMIT 1   [ RunTime:0.0005s ]
SQL: SELECT `name`,`value` FROM `xman_config` WHERE `name` IN ('sitenname','webtitle')  [ RunTime:0.0005s ]
NOTIC: [8] Undefined index: key /www/wwwroot/ovodw.com/Application/Home/Controller/IndexController.class.php 第 194 行.

[ 2023-09-14T23:38:37+08:00 ] 123.54.8.51 /home/index/getcodes
INFO: [ app_init ] --START--
INFO: Run Behavior\BuildLiteBehavior [ RunTime:0.000020s ]
INFO: [ app_init ] --END-- [ RunTime:0.000519s ]
INFO: [ app_begin ] --START--
INFO: Run Behavior\ReadHtmlCacheBehavior [ RunTime:0.000670s ]
INFO: [ app_begin ] --END-- [ RunTime:0.000747s ]
SQL: SELECT * FROM `xman_api` WHERE ( isuse=1 ) LIMIT 1   [ RunTime:0.0004s ]
SQL: SELECT `name`,`value` FROM `xman_config` WHERE `name` IN ('sitenname','webtitle')  [ RunTime:0.0003s ]
NOTIC: [8] Undefined index: key /www/wwwroot/ovodw.com/Application/Home/Controller/IndexController.class.php 第 194 行.

[ 2023-09-14T23:38:49+08:00 ] 123.54.8.51 /home/index/getcodes
INFO: [ app_init ] --START--
INFO: Run Behavior\BuildLiteBehavior [ RunTime:0.000020s ]
INFO: [ app_init ] --END-- [ RunTime:0.000517s ]
INFO: [ app_begin ] --START--
INFO: Run Behavior\ReadHtmlCacheBehavior [ RunTime:0.000704s ]
INFO: [ app_begin ] --END-- [ RunTime:0.000777s ]
SQL: SELECT * FROM `xman_api` WHERE ( isuse=1 ) LIMIT 1   [ RunTime:0.0004s ]
SQL: SELECT `name`,`value` FROM `xman_config` WHERE `name` IN ('sitenname','webtitle')  [ RunTime:0.0003s ]
NOTIC: [8] Undefined index: key /www/wwwroot/ovodw.com/Application/Home/Controller/IndexController.class.php 第 194 行.

[ 2023-09-14T23:39:00+08:00 ] 123.54.8.51 /home/index/getcodes
INFO: [ app_init ] --START--
INFO: Run Behavior\BuildLiteBehavior [ RunTime:0.000020s ]
INFO: [ app_init ] --END-- [ RunTime:0.000490s ]
INFO: [ app_begin ] --START--
INFO: Run Behavior\ReadHtmlCacheBehavior [ RunTime:0.000640s ]
INFO: [ app_begin ] --END-- [ RunTime:0.000707s ]
SQL: SELECT * FROM `xman_api` WHERE ( isuse=1 ) LIMIT 1   [ RunTime:0.0005s ]
SQL: SELECT `name`,`value` FROM `xman_config` WHERE `name` IN ('sitenname','webtitle')  [ RunTime:0.0003s ]
NOTIC: [8] Undefined index: key /www/wwwroot/ovodw.com/Application/Home/Controller/IndexController.class.php 第 194 行.

[ 2023-09-14T23:39:01+08:00 ] 103.56.112.49 /home/index/region
INFO: [ app_init ] --START--
INFO: Run Behavior\BuildLiteBehavior [ RunTime:0.000022s ]
INFO: [ app_init ] --END-- [ RunTime:0.000614s ]
INFO: [ app_begin ] --START--
INFO: Run Behavior\ReadHtmlCacheBehavior [ RunTime:0.000808s ]
INFO: [ app_begin ] --END-- [ RunTime:0.000884s ]
SQL: SELECT * FROM `xman_api` WHERE ( isuse=1 ) LIMIT 1   [ RunTime:0.0003s ]
SQL: SELECT `name`,`value` FROM `xman_config` WHERE `name` IN ('sitenname','webtitle')  [ RunTime:0.0002s ]

[ 2023-09-14T23:39:11+08:00 ] 123.54.8.51 /home/index/getcodes
INFO: [ app_init ] --START--
INFO: Run Behavior\BuildLiteBehavior [ RunTime:0.000022s ]
INFO: [ app_init ] --END-- [ RunTime:0.000725s ]
INFO: [ app_begin ] --START--
INFO: Run Behavior\ReadHtmlCacheBehavior [ RunTime:0.000669s ]
INFO: [ app_begin ] --END-- [ RunTime:0.000745s ]
SQL: SELECT * FROM `xman_api` WHERE ( isuse=1 ) LIMIT 1   [ RunTime:0.0004s ]
SQL: SELECT `name`,`value` FROM `xman_config` WHERE `name` IN ('sitenname','webtitle')  [ RunTime:0.0003s ]
NOTIC: [8] Undefined index: key /www/wwwroot/ovodw.com/Application/Home/Controller/IndexController.class.php 第 194 行.
SQL: UPDATE `xman_code` SET `usertime`='2023-09-14 23:39:10',`sms`='【NSM】[PUBG] 验证码： 610328。验证码有效 3 分钟',`status`='1',`phone`='16521945173' WHERE `code` = 'sTTle12crvqA' [ RunTime:0.2202s ]

[ 2023-09-14T23:40:01+08:00 ] 103.56.112.49 /home/index/region
INFO: [ app_init ] --START--
INFO: Run Behavior\BuildLiteBehavior [ RunTime:0.000015s ]
INFO: [ app_init ] --END-- [ RunTime:0.000669s ]
INFO: [ app_begin ] --START--
INFO: Run Behavior\ReadHtmlCacheBehavior [ RunTime:0.000471s ]
INFO: [ app_begin ] --END-- [ RunTime:0.000526s ]
SQL: SELECT * FROM `xman_api` WHERE ( isuse=1 ) LIMIT 1   [ RunTime:0.0003s ]
SQL: SELECT `name`,`value` FROM `xman_config` WHERE `name` IN ('sitenname','webtitle')  [ RunTime:0.0003s ]

[ 2023-09-14T23:40:24+08:00 ] 123.126.68.30 /
INFO: [ app_init ] --START--
INFO: Run Behavior\BuildLiteBehavior [ RunTime:0.000019s ]
INFO: [ app_init ] --END-- [ RunTime:0.000515s ]
INFO: [ app_begin ] --START--
INFO: Run Behavior\ReadHtmlCacheBehavior [ RunTime:0.000647s ]
INFO: [ app_begin ] --END-- [ RunTime:0.000721s ]
SQL: SELECT * FROM `xman_api` WHERE ( isuse=1 ) LIMIT 1   [ RunTime:0.0004s ]
SQL: SELECT `name`,`value` FROM `xman_config` WHERE `name` IN ('sitenname','webtitle')  [ RunTime:0.0004s ]
SQL: SELECT * FROM `xman_notice` WHERE ( id=1 ) LIMIT 1   [ RunTime:0.0002s ]
INFO: [ view_parse ] --START--
INFO: [ template_filter ] --START--
INFO: Run Behavior\ContentReplaceBehavior [ RunTime:0.000092s ]
INFO: [ template_filter ] --END-- [ RunTime:0.000162s ]
NOTIC: [8] Undefined index: indextopenon /www/wwwroot/ovodw.com/Application/Runtime/Cache/Home/2a94b8bda04ff446dcedd42276fc99ee.php 第 158 行.
NOTIC: [8] Use of undefined constant indextimg - assumed 'indextimg' /www/wwwroot/ovodw.com/Application/Runtime/Cache/Home/2a94b8bda04ff446dcedd42276fc99ee.php 第 230 行.
NOTIC: [8] Array to string conversion /www/wwwroot/ovodw.com/Application/Runtime/Cache/Home/2a94b8bda04ff446dcedd42276fc99ee.php 第 230 行.
NOTIC: [8] Use of undefined constant indextimg - assumed 'indextimg' /www/wwwroot/ovodw.com/Application/Runtime/Cache/Home/2a94b8bda04ff446dcedd42276fc99ee.php 第 234 行.
NOTIC: [8] Array to string conversion /www/wwwroot/ovodw.com/Application/Runtime/Cache/Home/2a94b8bda04ff446dcedd42276fc99ee.php 第 234 行.
INFO: Run Behavior\ParseTemplateBehavior [ RunTime:0.012112s ]
INFO: [ view_parse ] --END-- [ RunTime:0.012178s ]
INFO: [ view_filter ] --START--
INFO: Run Behavior\WriteHtmlCacheBehavior [ RunTime:0.000261s ]
INFO: [ view_filter ] --END-- [ RunTime:0.000321s ]
INFO: [ app_end ] --START--
INFO: Run Behavior\ShowPageTraceBehavior [ RunTime:0.000704s ]
INFO: [ app_end ] --END-- [ RunTime:0.000768s ]

[ 2023-09-14T23:41:01+08:00 ] 103.56.112.49 /home/index/region
INFO: [ app_init ] --START--
INFO: Run Behavior\BuildLiteBehavior [ RunTime:0.000014s ]
INFO: [ app_init ] --END-- [ RunTime:0.000356s ]
INFO: [ app_begin ] --START--
INFO: Run Behavior\ReadHtmlCacheBehavior [ RunTime:0.000456s ]
INFO: [ app_begin ] --END-- [ RunTime:0.000526s ]
SQL: SELECT * FROM `xman_api` WHERE ( isuse=1 ) LIMIT 1   [ RunTime:0.0003s ]
SQL: SELECT `name`,`value` FROM `xman_config` WHERE `name` IN ('sitenname','webtitle')  [ RunTime:0.0003s ]

[ 2023-09-14T23:42:01+08:00 ] 103.56.112.49 /home/index/region
INFO: [ app_init ] --START--
INFO: Run Behavior\BuildLiteBehavior [ RunTime:0.000015s ]
INFO: [ app_init ] --END-- [ RunTime:0.000403s ]
INFO: [ app_begin ] --START--
INFO: Run Behavior\ReadHtmlCacheBehavior [ RunTime:0.000499s ]
INFO: [ app_begin ] --END-- [ RunTime:0.000561s ]
SQL: SELECT * FROM `xman_api` WHERE ( isuse=1 ) LIMIT 1   [ RunTime:0.0003s ]
SQL: SELECT `name`,`value` FROM `xman_config` WHERE `name` IN ('sitenname','webtitle')  [ RunTime:0.0002s ]

[ 2023-09-14T23:43:02+08:00 ] 103.56.112.49 /home/index/region
INFO: [ app_init ] --START--
INFO: Run Behavior\BuildLiteBehavior [ RunTime:0.000017s ]
INFO: [ app_init ] --END-- [ RunTime:0.000408s ]
INFO: [ app_begin ] --START--
INFO: Run Behavior\ReadHtmlCacheBehavior [ RunTime:0.000522s ]
INFO: [ app_begin ] --END-- [ RunTime:0.000604s ]
SQL: SELECT * FROM `xman_api` WHERE ( isuse=1 ) LIMIT 1   [ RunTime:0.0003s ]
SQL: SELECT `name`,`value` FROM `xman_config` WHERE `name` IN ('sitenname','webtitle')  [ RunTime:0.0002s ]

[ 2023-09-14T23:44:02+08:00 ] 103.56.112.49 /home/index/region
INFO: [ app_init ] --START--
INFO: Run Behavior\BuildLiteBehavior [ RunTime:0.000019s ]
INFO: [ app_init ] --END-- [ RunTime:0.000481s ]
INFO: [ app_begin ] --START--
INFO: Run Behavior\ReadHtmlCacheBehavior [ RunTime:0.000675s ]
INFO: [ app_begin ] --END-- [ RunTime:0.000751s ]
SQL: SELECT * FROM `xman_api` WHERE ( isuse=1 ) LIMIT 1   [ RunTime:0.0004s ]
SQL: SELECT `name`,`value` FROM `xman_config` WHERE `name` IN ('sitenname','webtitle')  [ RunTime:0.0008s ]

[ 2023-09-14T23:45:02+08:00 ] 103.56.112.49 /home/index/region
INFO: [ app_init ] --START--
INFO: Run Behavior\BuildLiteBehavior [ RunTime:0.000015s ]
INFO: [ app_init ] --END-- [ RunTime:0.000411s ]
INFO: [ app_begin ] --START--
INFO: Run Behavior\ReadHtmlCacheBehavior [ RunTime:0.040894s ]
INFO: [ app_begin ] --END-- [ RunTime:0.041001s ]
SQL: SELECT * FROM `xman_api` WHERE ( isuse=1 ) LIMIT 1   [ RunTime:0.0004s ]
SQL: SELECT `name`,`value` FROM `xman_config` WHERE `name` IN ('sitenname','webtitle')  [ RunTime:0.0003s ]

[ 2023-09-14T23:46:01+08:00 ] 103.56.112.49 /home/index/region
INFO: [ app_init ] --START--
INFO: Run Behavior\BuildLiteBehavior [ RunTime:0.000126s ]
INFO: [ app_init ] --END-- [ RunTime:0.000615s ]
INFO: [ app_begin ] --START--
INFO: Run Behavior\ReadHtmlCacheBehavior [ RunTime:0.000681s ]
INFO: [ app_begin ] --END-- [ RunTime:0.000764s ]
SQL: SELECT * FROM `xman_api` WHERE ( isuse=1 ) LIMIT 1   [ RunTime:0.0003s ]
SQL: SELECT `name`,`value` FROM `xman_config` WHERE `name` IN ('sitenname','webtitle')  [ RunTime:0.0002s ]

[ 2023-09-14T23:47:02+08:00 ] 103.56.112.49 /home/index/region
INFO: [ app_init ] --START--
INFO: Run Behavior\BuildLiteBehavior [ RunTime:0.000017s ]
INFO: [ app_init ] --END-- [ RunTime:0.000379s ]
INFO: [ app_begin ] --START--
INFO: Run Behavior\ReadHtmlCacheBehavior [ RunTime:0.000493s ]
INFO: [ app_begin ] --END-- [ RunTime:0.000561s ]
SQL: SELECT * FROM `xman_api` WHERE ( isuse=1 ) LIMIT 1   [ RunTime:0.0003s ]
SQL: SELECT `name`,`value` FROM `xman_config` WHERE `name` IN ('sitenname','webtitle')  [ RunTime:0.0003s ]

[ 2023-09-14T23:48:01+08:00 ] 103.56.112.49 /home/index/region
INFO: [ app_init ] --START--
INFO: Run Behavior\BuildLiteBehavior [ RunTime:0.000015s ]
INFO: [ app_init ] --END-- [ RunTime:0.000386s ]
INFO: [ app_begin ] --START--
INFO: Run Behavior\ReadHtmlCacheBehavior [ RunTime:0.000533s ]
INFO: [ app_begin ] --END-- [ RunTime:0.000589s ]
SQL: SELECT * FROM `xman_api` WHERE ( isuse=1 ) LIMIT 1   [ RunTime:0.0003s ]
SQL: SELECT `name`,`value` FROM `xman_config` WHERE `name` IN ('sitenname','webtitle')  [ RunTime:0.0016s ]

[ 2023-09-14T23:49:01+08:00 ] 103.56.112.49 /home/index/region
INFO: [ app_init ] --START--
INFO: Run Behavior\BuildLiteBehavior [ RunTime:0.000014s ]
INFO: [ app_init ] --END-- [ RunTime:0.000368s ]
INFO: [ app_begin ] --START--
INFO: Run Behavior\ReadHtmlCacheBehavior [ RunTime:0.000502s ]
INFO: [ app_begin ] --END-- [ RunTime:0.000554s ]
SQL: SELECT * FROM `xman_api` WHERE ( isuse=1 ) LIMIT 1   [ RunTime:0.0003s ]
SQL: SELECT `name`,`value` FROM `xman_config` WHERE `name` IN ('sitenname','webtitle')  [ RunTime:0.0004s ]

[ 2023-09-14T23:50:01+08:00 ] 103.56.112.49 /home/index/region
INFO: [ app_init ] --START--
INFO: Run Behavior\BuildLiteBehavior [ RunTime:0.000019s ]
INFO: [ app_init ] --END-- [ RunTime:0.000471s ]
INFO: [ app_begin ] --START--
INFO: Run Behavior\ReadHtmlCacheBehavior [ RunTime:0.000540s ]
INFO: [ app_begin ] --END-- [ RunTime:0.000601s ]
SQL: SELECT * FROM `xman_api` WHERE ( isuse=1 ) LIMIT 1   [ RunTime:0.0003s ]
SQL: SELECT `name`,`value` FROM `xman_config` WHERE `name` IN ('sitenname','webtitle')  [ RunTime:0.0003s ]

[ 2023-09-14T23:51:01+08:00 ] 103.56.112.49 /home/index/region
INFO: [ app_init ] --START--
INFO: Run Behavior\BuildLiteBehavior [ RunTime:0.000014s ]
INFO: [ app_init ] --END-- [ RunTime:0.000381s ]
INFO: [ app_begin ] --START--
INFO: Run Behavior\ReadHtmlCacheBehavior [ RunTime:0.000458s ]
INFO: [ app_begin ] --END-- [ RunTime:0.000510s ]
SQL: SELECT * FROM `xman_api` WHERE ( isuse=1 ) LIMIT 1   [ RunTime:0.0004s ]
SQL: SELECT `name`,`value` FROM `xman_config` WHERE `name` IN ('sitenname','webtitle')  [ RunTime:0.0002s ]

[ 2023-09-14T23:52:01+08:00 ] 103.56.112.49 /home/index/region
INFO: [ app_init ] --START--
INFO: Run Behavior\BuildLiteBehavior [ RunTime:0.000019s ]
INFO: [ app_init ] --END-- [ RunTime:0.000481s ]
INFO: [ app_begin ] --START--
INFO: Run Behavior\ReadHtmlCacheBehavior [ RunTime:0.000721s ]
INFO: [ app_begin ] --END-- [ RunTime:0.000815s ]
SQL: SELECT * FROM `xman_api` WHERE ( isuse=1 ) LIMIT 1   [ RunTime:0.0003s ]
SQL: SELECT `name`,`value` FROM `xman_config` WHERE `name` IN ('sitenname','webtitle')  [ RunTime:0.0141s ]

[ 2023-09-14T23:53:02+08:00 ] 103.56.112.49 /home/index/region
INFO: [ app_init ] --START--
INFO: Run Behavior\BuildLiteBehavior [ RunTime:0.000013s ]
INFO: [ app_init ] --END-- [ RunTime:0.000375s ]
INFO: [ app_begin ] --START--
INFO: Run Behavior\ReadHtmlCacheBehavior [ RunTime:0.000471s ]
INFO: [ app_begin ] --END-- [ RunTime:0.000522s ]
SQL: SELECT * FROM `xman_api` WHERE ( isuse=1 ) LIMIT 1   [ RunTime:0.0004s ]
SQL: SELECT `name`,`value` FROM `xman_config` WHERE `name` IN ('sitenname','webtitle')  [ RunTime:0.0003s ]

[ 2023-09-14T23:54:01+08:00 ] 103.56.112.49 /home/index/region
INFO: [ app_init ] --START--
INFO: Run Behavior\BuildLiteBehavior [ RunTime:0.000014s ]
INFO: [ app_init ] --END-- [ RunTime:0.000386s ]
INFO: [ app_begin ] --START--
INFO: Run Behavior\ReadHtmlCacheBehavior [ RunTime:0.000474s ]
INFO: [ app_begin ] --END-- [ RunTime:0.000528s ]
SQL: SELECT * FROM `xman_api` WHERE ( isuse=1 ) LIMIT 1   [ RunTime:0.0005s ]
SQL: SELECT `name`,`value` FROM `xman_config` WHERE `name` IN ('sitenname','webtitle')  [ RunTime:0.0002s ]

[ 2023-09-14T23:55:01+08:00 ] 103.56.112.49 /home/index/region
INFO: [ app_init ] --START--
INFO: Run Behavior\BuildLiteBehavior [ RunTime:0.000018s ]
INFO: [ app_init ] --END-- [ RunTime:0.017716s ]
INFO: [ app_begin ] --START--
INFO: Run Behavior\ReadHtmlCacheBehavior [ RunTime:0.000528s ]
INFO: [ app_begin ] --END-- [ RunTime:0.000591s ]
SQL: SELECT * FROM `xman_api` WHERE ( isuse=1 ) LIMIT 1   [ RunTime:0.0003s ]
SQL: SELECT `name`,`value` FROM `xman_config` WHERE `name` IN ('sitenname','webtitle')  [ RunTime:0.0002s ]

[ 2023-09-14T23:56:03+08:00 ] 103.56.112.49 /home/index/region
INFO: [ app_init ] --START--
INFO: Run Behavior\BuildLiteBehavior [ RunTime:0.000019s ]
INFO: [ app_init ] --END-- [ RunTime:0.000513s ]
INFO: [ app_begin ] --START--
INFO: Run Behavior\ReadHtmlCacheBehavior [ RunTime:0.000678s ]
INFO: [ app_begin ] --END-- [ RunTime:0.000774s ]
SQL: SELECT * FROM `xman_api` WHERE ( isuse=1 ) LIMIT 1   [ RunTime:0.0004s ]
SQL: SELECT `name`,`value` FROM `xman_config` WHERE `name` IN ('sitenname','webtitle')  [ RunTime:0.0017s ]

[ 2023-09-14T23:57:01+08:00 ] 103.56.112.49 /home/index/region
INFO: [ app_init ] --START--
INFO: Run Behavior\BuildLiteBehavior [ RunTime:0.000014s ]
INFO: [ app_init ] --END-- [ RunTime:0.000354s ]
INFO: [ app_begin ] --START--
INFO: Run Behavior\ReadHtmlCacheBehavior [ RunTime:0.000477s ]
INFO: [ app_begin ] --END-- [ RunTime:0.000531s ]
SQL: SELECT * FROM `xman_api` WHERE ( isuse=1 ) LIMIT 1   [ RunTime:0.0003s ]
SQL: SELECT `name`,`value` FROM `xman_config` WHERE `name` IN ('sitenname','webtitle')  [ RunTime:0.0002s ]

[ 2023-09-14T23:58:02+08:00 ] 103.56.112.49 /home/index/region
INFO: [ app_init ] --START--
INFO: Run Behavior\BuildLiteBehavior [ RunTime:0.000014s ]
INFO: [ app_init ] --END-- [ RunTime:0.000375s ]
INFO: [ app_begin ] --START--
INFO: Run Behavior\ReadHtmlCacheBehavior [ RunTime:0.000754s ]
INFO: [ app_begin ] --END-- [ RunTime:0.000841s ]
SQL: SELECT * FROM `xman_api` WHERE ( isuse=1 ) LIMIT 1   [ RunTime:0.0003s ]
SQL: SELECT `name`,`value` FROM `xman_config` WHERE `name` IN ('sitenname','webtitle')  [ RunTime:0.0012s ]

[ 2023-09-14T23:58:06+08:00 ] 36.44.97.100 /
INFO: [ app_init ] --START--
INFO: Run Behavior\BuildLiteBehavior [ RunTime:0.000020s ]
INFO: [ app_init ] --END-- [ RunTime:0.000517s ]
INFO: [ app_begin ] --START--
INFO: Run Behavior\ReadHtmlCacheBehavior [ RunTime:0.000629s ]
INFO: [ app_begin ] --END-- [ RunTime:0.000701s ]
SQL: SELECT * FROM `xman_api` WHERE ( isuse=1 ) LIMIT 1   [ RunTime:0.0004s ]
SQL: SELECT `name`,`value` FROM `xman_config` WHERE `name` IN ('sitenname','webtitle')  [ RunTime:0.0003s ]
SQL: SELECT * FROM `xman_notice` WHERE ( id=1 ) LIMIT 1   [ RunTime:0.0002s ]
INFO: [ view_parse ] --START--
INFO: [ template_filter ] --START--
INFO: Run Behavior\ContentReplaceBehavior [ RunTime:0.000083s ]
INFO: [ template_filter ] --END-- [ RunTime:0.000154s ]
NOTIC: [8] Undefined index: indextopenon /www/wwwroot/ovodw.com/Application/Runtime/Cache/Home/2a94b8bda04ff446dcedd42276fc99ee.php 第 158 行.
NOTIC: [8] Use of undefined constant indextimg - assumed 'indextimg' /www/wwwroot/ovodw.com/Application/Runtime/Cache/Home/2a94b8bda04ff446dcedd42276fc99ee.php 第 230 行.
NOTIC: [8] Array to string conversion /www/wwwroot/ovodw.com/Application/Runtime/Cache/Home/2a94b8bda04ff446dcedd42276fc99ee.php 第 230 行.
NOTIC: [8] Use of undefined constant indextimg - assumed 'indextimg' /www/wwwroot/ovodw.com/Application/Runtime/Cache/Home/2a94b8bda04ff446dcedd42276fc99ee.php 第 234 行.
NOTIC: [8] Array to string conversion /www/wwwroot/ovodw.com/Application/Runtime/Cache/Home/2a94b8bda04ff446dcedd42276fc99ee.php 第 234 行.
INFO: Run Behavior\ParseTemplateBehavior [ RunTime:0.012110s ]
INFO: [ view_parse ] --END-- [ RunTime:0.012176s ]
INFO: [ view_filter ] --START--
INFO: Run Behavior\WriteHtmlCacheBehavior [ RunTime:0.000225s ]
INFO: [ view_filter ] --END-- [ RunTime:0.000315s ]
INFO: [ app_end ] --START--
INFO: Run Behavior\ShowPageTraceBehavior [ RunTime:0.000696s ]
INFO: [ app_end ] --END-- [ RunTime:0.000759s ]

[ 2023-09-14T23:58:20+08:00 ] 36.44.97.100 /home/index/getcode
INFO: [ app_init ] --START--
INFO: Run Behavior\BuildLiteBehavior [ RunTime:0.000019s ]
INFO: [ app_init ] --END-- [ RunTime:0.000533s ]
INFO: [ app_begin ] --START--
INFO: Run Behavior\ReadHtmlCacheBehavior [ RunTime:0.000747s ]
INFO: [ app_begin ] --END-- [ RunTime:0.000815s ]
SQL: SELECT * FROM `xman_api` WHERE ( isuse=1 ) LIMIT 1   [ RunTime:0.0004s ]
SQL: SELECT `name`,`value` FROM `xman_config` WHERE `name` IN ('sitenname','webtitle')  [ RunTime:0.0003s ]
SQL: SELECT * FROM `xman_code` WHERE `code` = 'fZ1PD1JR7Eb' LIMIT 1   [ RunTime:0.0624s ]

[ 2023-09-14T23:58:22+08:00 ] 36.44.97.100 /home/index/getphone
INFO: [ app_init ] --START--
INFO: Run Behavior\BuildLiteBehavior [ RunTime:0.000018s ]
INFO: [ app_init ] --END-- [ RunTime:0.000503s ]
INFO: [ app_begin ] --START--
INFO: Run Behavior\ReadHtmlCacheBehavior [ RunTime:0.000658s ]
INFO: [ app_begin ] --END-- [ RunTime:0.000735s ]
SQL: SELECT * FROM `xman_api` WHERE ( isuse=1 ) LIMIT 1   [ RunTime:0.0004s ]
SQL: SELECT `name`,`value` FROM `xman_config` WHERE `name` IN ('sitenname','webtitle')  [ RunTime:0.0003s ]
SQL: SELECT * FROM `xman_code` WHERE `code` = 'fZ1PD1JR7Eb' LIMIT 1   [ RunTime:0.0546s ]
SQL: UPDATE `xman_code` SET `phone`='16521945337',`createphonetime`='1694707102' WHERE `code` = 'fZ1PD1JR7Eb' [ RunTime:0.3140s ]

[ 2023-09-14T23:58:23+08:00 ] 36.44.97.100 /home/index/getcodes
INFO: [ app_init ] --START--
INFO: Run Behavior\BuildLiteBehavior [ RunTime:0.000019s ]
INFO: [ app_init ] --END-- [ RunTime:0.000485s ]
INFO: [ app_begin ] --START--
INFO: Run Behavior\ReadHtmlCacheBehavior [ RunTime:0.000608s ]
INFO: [ app_begin ] --END-- [ RunTime:0.000677s ]
SQL: SELECT * FROM `xman_api` WHERE ( isuse=1 ) LIMIT 1   [ RunTime:0.0004s ]
SQL: SELECT `name`,`value` FROM `xman_config` WHERE `name` IN ('sitenname','webtitle')  [ RunTime:0.0003s ]
NOTIC: [8] Undefined index: key /www/wwwroot/ovodw.com/Application/Home/Controller/IndexController.class.php 第 194 行.

[ 2023-09-14T23:58:40+08:00 ] 36.44.97.100 /home/index/getcodes
INFO: [ app_init ] --START--
INFO: Run Behavior\BuildLiteBehavior [ RunTime:0.000019s ]
INFO: [ app_init ] --END-- [ RunTime:0.000520s ]
INFO: [ app_begin ] --START--
INFO: Run Behavior\ReadHtmlCacheBehavior [ RunTime:0.000634s ]
INFO: [ app_begin ] --END-- [ RunTime:0.000702s ]
SQL: SELECT * FROM `xman_api` WHERE ( isuse=1 ) LIMIT 1   [ RunTime:0.0004s ]
SQL: SELECT `name`,`value` FROM `xman_config` WHERE `name` IN ('sitenname','webtitle')  [ RunTime:0.0003s ]
NOTIC: [8] Undefined index: key /www/wwwroot/ovodw.com/Application/Home/Controller/IndexController.class.php 第 194 行.

[ 2023-09-14T23:58:54+08:00 ] 36.44.97.100 /home/index/getcodes
INFO: [ app_init ] --START--
INFO: Run Behavior\BuildLiteBehavior [ RunTime:0.000020s ]
INFO: [ app_init ] --END-- [ RunTime:0.000549s ]
INFO: [ app_begin ] --START--
INFO: Run Behavior\ReadHtmlCacheBehavior [ RunTime:0.000638s ]
INFO: [ app_begin ] --END-- [ RunTime:0.000708s ]
SQL: SELECT * FROM `xman_api` WHERE ( isuse=1 ) LIMIT 1   [ RunTime:0.0004s ]
SQL: SELECT `name`,`value` FROM `xman_config` WHERE `name` IN ('sitenname','webtitle')  [ RunTime:0.0004s ]
NOTIC: [8] Undefined index: key /www/wwwroot/ovodw.com/Application/Home/Controller/IndexController.class.php 第 194 行.

[ 2023-09-14T23:59:01+08:00 ] 103.56.112.49 /home/index/region
INFO: [ app_init ] --START--
INFO: Run Behavior\BuildLiteBehavior [ RunTime:0.000016s ]
INFO: [ app_init ] --END-- [ RunTime:0.000426s ]
INFO: [ app_begin ] --START--
INFO: Run Behavior\ReadHtmlCacheBehavior [ RunTime:0.000474s ]
INFO: [ app_begin ] --END-- [ RunTime:0.000547s ]
SQL: SELECT * FROM `xman_api` WHERE ( isuse=1 ) LIMIT 1   [ RunTime:0.0003s ]
SQL: SELECT `name`,`value` FROM `xman_config` WHERE `name` IN ('sitenname','webtitle')  [ RunTime:0.0004s ]

[ 2023-09-14T23:59:04+08:00 ] 36.44.97.100 /home/index/getcodes
INFO: [ app_init ] --START--
INFO: Run Behavior\BuildLiteBehavior [ RunTime:0.000123s ]
INFO: [ app_init ] --END-- [ RunTime:0.000590s ]
INFO: [ app_begin ] --START--
INFO: Run Behavior\ReadHtmlCacheBehavior [ RunTime:0.000605s ]
INFO: [ app_begin ] --END-- [ RunTime:0.000694s ]
SQL: SELECT * FROM `xman_api` WHERE ( isuse=1 ) LIMIT 1   [ RunTime:0.0004s ]
SQL: SELECT `name`,`value` FROM `xman_config` WHERE `name` IN ('sitenname','webtitle')  [ RunTime:0.0003s ]
NOTIC: [8] Undefined index: key /www/wwwroot/ovodw.com/Application/Home/Controller/IndexController.class.php 第 194 行.
SQL: UPDATE `xman_code` SET `usertime`='2023-09-14 23:59:03',`sms`='【NSM】[PUBG] 验证码： 928048。验证码有效 3 分钟',`status`='1',`phone`='16521945337' WHERE `code` = 'fZ1PD1JR7Eb' [ RunTime:0.2512s ]

