[ 2023-07-07T23:07:02+08:00 ] 103.56.112.49 /home/index/region
INFO: [ app_init ] --START--
INFO: Run Behavior\BuildLiteBehavior [ RunTime:0.000014s ]
INFO: [ app_init ] --END-- [ RunTime:0.000399s ]
INFO: [ app_begin ] --START--
INFO: Run Behavior\ReadHtmlCacheBehavior [ RunTime:0.000482s ]
INFO: [ app_begin ] --END-- [ RunTime:0.000539s ]
SQL: SELECT * FROM `xman_api` WHERE ( isuse=1 ) LIMIT 1   [ RunTime:0.0004s ]
SQL: SELECT `name`,`value` FROM `xman_config` WHERE `name` IN ('sitenname','webtitle')  [ RunTime:0.0003s ]

[ 2023-07-07T23:08:02+08:00 ] 103.56.112.49 /home/index/region
INFO: [ app_init ] --START--
INFO: Run Behavior\BuildLiteBehavior [ RunTime:0.000021s ]
INFO: [ app_init ] --END-- [ RunTime:0.000518s ]
INFO: [ app_begin ] --START--
INFO: Run Behavior\ReadHtmlCacheBehavior [ RunTime:0.000665s ]
INFO: [ app_begin ] --END-- [ RunTime:0.000740s ]
SQL: SELECT * FROM `xman_api` WHERE ( isuse=1 ) LIMIT 1   [ RunTime:0.0003s ]
SQL: SELECT `name`,`value` FROM `xman_config` WHERE `name` IN ('sitenname','webtitle')  [ RunTime:0.0003s ]

[ 2023-07-07T23:09:02+08:00 ] 103.56.112.49 /home/index/region
INFO: [ app_init ] --START--
INFO: Run Behavior\BuildLiteBehavior [ RunTime:0.000020s ]
INFO: [ app_init ] --END-- [ RunTime:0.000522s ]
INFO: [ app_begin ] --START--
INFO: Run Behavior\ReadHtmlCacheBehavior [ RunTime:0.037848s ]
INFO: [ app_begin ] --END-- [ RunTime:0.037940s ]
SQL: SELECT * FROM `xman_api` WHERE ( isuse=1 ) LIMIT 1   [ RunTime:0.0040s ]
SQL: SELECT `name`,`value` FROM `xman_config` WHERE `name` IN ('sitenname','webtitle')  [ RunTime:0.0007s ]

[ 2023-07-07T23:10:01+08:00 ] 103.56.112.49 /home/index/region
INFO: [ app_init ] --START--
INFO: Run Behavior\BuildLiteBehavior [ RunTime:0.000015s ]
INFO: [ app_init ] --END-- [ RunTime:0.000413s ]
INFO: [ app_begin ] --START--
INFO: Run Behavior\ReadHtmlCacheBehavior [ RunTime:0.000516s ]
INFO: [ app_begin ] --END-- [ RunTime:0.000574s ]
SQL: SELECT * FROM `xman_api` WHERE ( isuse=1 ) LIMIT 1   [ RunTime:0.0004s ]
SQL: SELECT `name`,`value` FROM `xman_config` WHERE `name` IN ('sitenname','webtitle')  [ RunTime:0.0004s ]

[ 2023-07-07T23:11:02+08:00 ] 103.56.112.49 /home/index/region
INFO: [ app_init ] --START--
INFO: Run Behavior\BuildLiteBehavior [ RunTime:0.000015s ]
INFO: [ app_init ] --END-- [ RunTime:0.000393s ]
INFO: [ app_begin ] --START--
INFO: Run Behavior\ReadHtmlCacheBehavior [ RunTime:0.000476s ]
INFO: [ app_begin ] --END-- [ RunTime:0.000533s ]
SQL: SELECT * FROM `xman_api` WHERE ( isuse=1 ) LIMIT 1   [ RunTime:0.0004s ]
SQL: SELECT `name`,`value` FROM `xman_config` WHERE `name` IN ('sitenname','webtitle')  [ RunTime:0.0003s ]

[ 2023-07-07T23:12:02+08:00 ] 103.56.112.49 /home/index/region
INFO: [ app_init ] --START--
INFO: Run Behavior\BuildLiteBehavior [ RunTime:0.000020s ]
INFO: [ app_init ] --END-- [ RunTime:0.000518s ]
INFO: [ app_begin ] --START--
INFO: Run Behavior\ReadHtmlCacheBehavior [ RunTime:0.000729s ]
INFO: [ app_begin ] --END-- [ RunTime:0.000815s ]
SQL: SELECT * FROM `xman_api` WHERE ( isuse=1 ) LIMIT 1   [ RunTime:0.0005s ]
SQL: SELECT `name`,`value` FROM `xman_config` WHERE `name` IN ('sitenname','webtitle')  [ RunTime:0.0003s ]

[ 2023-07-07T23:12:55+08:00 ] 120.229.86.122 /
INFO: [ app_init ] --START--
INFO: Run Behavior\BuildLiteBehavior [ RunTime:0.000028s ]
INFO: [ app_init ] --END-- [ RunTime:0.000813s ]
INFO: [ app_begin ] --START--
INFO: Run Behavior\ReadHtmlCacheBehavior [ RunTime:0.000717s ]
INFO: [ app_begin ] --END-- [ RunTime:0.000832s ]
SQL: SELECT * FROM `xman_api` WHERE ( isuse=1 ) LIMIT 1   [ RunTime:0.0005s ]
SQL: SELECT `name`,`value` FROM `xman_config` WHERE `name` IN ('sitenname','webtitle')  [ RunTime:0.0004s ]
SQL: SELECT * FROM `xman_notice` WHERE ( id=1 ) LIMIT 1   [ RunTime:0.0003s ]
INFO: [ view_parse ] --START--
INFO: [ template_filter ] --START--
INFO: Run Behavior\ContentReplaceBehavior [ RunTime:0.000125s ]
INFO: [ template_filter ] --END-- [ RunTime:0.000211s ]
NOTIC: [8] Undefined index: indextopenon /www/wwwroot/ovodw.com/Application/Runtime/Cache/Home/2a94b8bda04ff446dcedd42276fc99ee.php 第 158 行.
NOTIC: [8] Use of undefined constant indextimg - assumed 'indextimg' /www/wwwroot/ovodw.com/Application/Runtime/Cache/Home/2a94b8bda04ff446dcedd42276fc99ee.php 第 230 行.
NOTIC: [8] Array to string conversion /www/wwwroot/ovodw.com/Application/Runtime/Cache/Home/2a94b8bda04ff446dcedd42276fc99ee.php 第 230 行.
NOTIC: [8] Use of undefined constant indextimg - assumed 'indextimg' /www/wwwroot/ovodw.com/Application/Runtime/Cache/Home/2a94b8bda04ff446dcedd42276fc99ee.php 第 234 行.
NOTIC: [8] Array to string conversion /www/wwwroot/ovodw.com/Application/Runtime/Cache/Home/2a94b8bda04ff446dcedd42276fc99ee.php 第 234 行.
INFO: Run Behavior\ParseTemplateBehavior [ RunTime:0.015084s ]
INFO: [ view_parse ] --END-- [ RunTime:0.015159s ]
INFO: [ view_filter ] --START--
INFO: Run Behavior\WriteHtmlCacheBehavior [ RunTime:0.000267s ]
INFO: [ view_filter ] --END-- [ RunTime:0.000325s ]
INFO: [ app_end ] --START--
INFO: Run Behavior\ShowPageTraceBehavior [ RunTime:0.001266s ]
INFO: [ app_end ] --END-- [ RunTime:0.001370s ]

[ 2023-07-07T23:13:02+08:00 ] 103.56.112.49 /home/index/region
INFO: [ app_init ] --START--
INFO: Run Behavior\BuildLiteBehavior [ RunTime:0.000029s ]
INFO: [ app_init ] --END-- [ RunTime:0.000706s ]
INFO: [ app_begin ] --START--
INFO: Run Behavior\ReadHtmlCacheBehavior [ RunTime:0.000946s ]
INFO: [ app_begin ] --END-- [ RunTime:0.001048s ]
SQL: SELECT * FROM `xman_api` WHERE ( isuse=1 ) LIMIT 1   [ RunTime:0.0005s ]
SQL: SELECT `name`,`value` FROM `xman_config` WHERE `name` IN ('sitenname','webtitle')  [ RunTime:0.0003s ]

[ 2023-07-07T23:14:02+08:00 ] 103.56.112.49 /home/index/region
INFO: [ app_init ] --START--
INFO: Run Behavior\BuildLiteBehavior [ RunTime:0.000024s ]
INFO: [ app_init ] --END-- [ RunTime:0.000454s ]
INFO: [ app_begin ] --START--
INFO: Run Behavior\ReadHtmlCacheBehavior [ RunTime:0.001332s ]
INFO: [ app_begin ] --END-- [ RunTime:0.001469s ]
SQL: SELECT * FROM `xman_api` WHERE ( isuse=1 ) LIMIT 1   [ RunTime:0.0036s ]
SQL: SELECT `name`,`value` FROM `xman_config` WHERE `name` IN ('sitenname','webtitle')  [ RunTime:0.0008s ]

[ 2023-07-07T23:14:21+08:00 ] 47.92.32.64 /
INFO: [ app_init ] --START--
INFO: Run Behavior\BuildLiteBehavior [ RunTime:0.000020s ]
INFO: [ app_init ] --END-- [ RunTime:0.000567s ]
INFO: [ app_begin ] --START--
INFO: Run Behavior\ReadHtmlCacheBehavior [ RunTime:0.001190s ]
INFO: [ app_begin ] --END-- [ RunTime:0.001377s ]
SQL: SELECT * FROM `xman_api` WHERE ( isuse=1 ) LIMIT 1   [ RunTime:0.0005s ]
SQL: SELECT `name`,`value` FROM `xman_config` WHERE `name` IN ('sitenname','webtitle')  [ RunTime:0.0004s ]
SQL: SELECT * FROM `xman_notice` WHERE ( id=1 ) LIMIT 1   [ RunTime:0.0003s ]
INFO: [ view_parse ] --START--
INFO: [ template_filter ] --START--
INFO: Run Behavior\ContentReplaceBehavior [ RunTime:0.000107s ]
INFO: [ template_filter ] --END-- [ RunTime:0.000191s ]
NOTIC: [8] Undefined index: indextopenon /www/wwwroot/ovodw.com/Application/Runtime/Cache/Home/2a94b8bda04ff446dcedd42276fc99ee.php 第 158 行.
NOTIC: [8] Use of undefined constant indextimg - assumed 'indextimg' /www/wwwroot/ovodw.com/Application/Runtime/Cache/Home/2a94b8bda04ff446dcedd42276fc99ee.php 第 230 行.
NOTIC: [8] Array to string conversion /www/wwwroot/ovodw.com/Application/Runtime/Cache/Home/2a94b8bda04ff446dcedd42276fc99ee.php 第 230 行.
NOTIC: [8] Use of undefined constant indextimg - assumed 'indextimg' /www/wwwroot/ovodw.com/Application/Runtime/Cache/Home/2a94b8bda04ff446dcedd42276fc99ee.php 第 234 行.
NOTIC: [8] Array to string conversion /www/wwwroot/ovodw.com/Application/Runtime/Cache/Home/2a94b8bda04ff446dcedd42276fc99ee.php 第 234 行.
INFO: Run Behavior\ParseTemplateBehavior [ RunTime:0.013639s ]
INFO: [ view_parse ] --END-- [ RunTime:0.013712s ]
INFO: [ view_filter ] --START--
INFO: Run Behavior\WriteHtmlCacheBehavior [ RunTime:0.000297s ]
INFO: [ view_filter ] --END-- [ RunTime:0.000394s ]
INFO: [ app_end ] --START--
INFO: Run Behavior\ShowPageTraceBehavior [ RunTime:0.000758s ]
INFO: [ app_end ] --END-- [ RunTime:0.000823s ]

[ 2023-07-07T23:14:21+08:00 ] 47.92.71.160 /
INFO: [ app_init ] --START--
INFO: Run Behavior\BuildLiteBehavior [ RunTime:0.000020s ]
INFO: [ app_init ] --END-- [ RunTime:0.000563s ]
INFO: [ app_begin ] --START--
INFO: Run Behavior\ReadHtmlCacheBehavior [ RunTime:0.000631s ]
INFO: [ app_begin ] --END-- [ RunTime:0.000706s ]
SQL: SELECT * FROM `xman_api` WHERE ( isuse=1 ) LIMIT 1   [ RunTime:0.0005s ]
SQL: SELECT `name`,`value` FROM `xman_config` WHERE `name` IN ('sitenname','webtitle')  [ RunTime:0.0004s ]
SQL: SELECT * FROM `xman_notice` WHERE ( id=1 ) LIMIT 1   [ RunTime:0.0004s ]
INFO: [ view_parse ] --START--
INFO: [ template_filter ] --START--
INFO: Run Behavior\ContentReplaceBehavior [ RunTime:0.000110s ]
INFO: [ template_filter ] --END-- [ RunTime:0.000198s ]
NOTIC: [8] Undefined index: indextopenon /www/wwwroot/ovodw.com/Application/Runtime/Cache/Home/2a94b8bda04ff446dcedd42276fc99ee.php 第 158 行.
NOTIC: [8] Use of undefined constant indextimg - assumed 'indextimg' /www/wwwroot/ovodw.com/Application/Runtime/Cache/Home/2a94b8bda04ff446dcedd42276fc99ee.php 第 230 行.
NOTIC: [8] Array to string conversion /www/wwwroot/ovodw.com/Application/Runtime/Cache/Home/2a94b8bda04ff446dcedd42276fc99ee.php 第 230 行.
NOTIC: [8] Use of undefined constant indextimg - assumed 'indextimg' /www/wwwroot/ovodw.com/Application/Runtime/Cache/Home/2a94b8bda04ff446dcedd42276fc99ee.php 第 234 行.
NOTIC: [8] Array to string conversion /www/wwwroot/ovodw.com/Application/Runtime/Cache/Home/2a94b8bda04ff446dcedd42276fc99ee.php 第 234 行.
INFO: Run Behavior\ParseTemplateBehavior [ RunTime:0.014518s ]
INFO: [ view_parse ] --END-- [ RunTime:0.014620s ]
INFO: [ view_filter ] --START--
INFO: Run Behavior\WriteHtmlCacheBehavior [ RunTime:0.000274s ]
INFO: [ view_filter ] --END-- [ RunTime:0.000334s ]
INFO: [ app_end ] --START--
INFO: Run Behavior\ShowPageTraceBehavior [ RunTime:0.001041s ]
INFO: [ app_end ] --END-- [ RunTime:0.001143s ]

[ 2023-07-07T23:15:01+08:00 ] 103.56.112.49 /home/index/region
INFO: [ app_init ] --START--
INFO: Run Behavior\BuildLiteBehavior [ RunTime:0.000015s ]
INFO: [ app_init ] --END-- [ RunTime:0.000389s ]
INFO: [ app_begin ] --START--
INFO: Run Behavior\ReadHtmlCacheBehavior [ RunTime:0.000519s ]
INFO: [ app_begin ] --END-- [ RunTime:0.000579s ]
SQL: SELECT * FROM `xman_api` WHERE ( isuse=1 ) LIMIT 1   [ RunTime:0.0003s ]
SQL: SELECT `name`,`value` FROM `xman_config` WHERE `name` IN ('sitenname','webtitle')  [ RunTime:0.0050s ]

[ 2023-07-07T23:16:02+08:00 ] 103.56.112.49 /home/index/region
INFO: [ app_init ] --START--
INFO: Run Behavior\BuildLiteBehavior [ RunTime:0.000015s ]
INFO: [ app_init ] --END-- [ RunTime:0.000458s ]
INFO: [ app_begin ] --START--
INFO: Run Behavior\ReadHtmlCacheBehavior [ RunTime:0.000491s ]
INFO: [ app_begin ] --END-- [ RunTime:0.000652s ]
SQL: SELECT * FROM `xman_api` WHERE ( isuse=1 ) LIMIT 1   [ RunTime:0.0003s ]
SQL: SELECT `name`,`value` FROM `xman_config` WHERE `name` IN ('sitenname','webtitle')  [ RunTime:0.0002s ]

[ 2023-07-07T23:17:02+08:00 ] 103.56.112.49 /home/index/region
INFO: [ app_init ] --START--
INFO: Run Behavior\BuildLiteBehavior [ RunTime:0.000015s ]
INFO: [ app_init ] --END-- [ RunTime:0.000415s ]
INFO: [ app_begin ] --START--
INFO: Run Behavior\ReadHtmlCacheBehavior [ RunTime:0.000496s ]
INFO: [ app_begin ] --END-- [ RunTime:0.000555s ]
SQL: SELECT * FROM `xman_api` WHERE ( isuse=1 ) LIMIT 1   [ RunTime:0.0003s ]
SQL: SELECT `name`,`value` FROM `xman_config` WHERE `name` IN ('sitenname','webtitle')  [ RunTime:0.0014s ]

[ 2023-07-07T23:18:02+08:00 ] 103.56.112.49 /home/index/region
INFO: [ app_init ] --START--
INFO: Run Behavior\BuildLiteBehavior [ RunTime:0.000016s ]
INFO: [ app_init ] --END-- [ RunTime:0.000386s ]
INFO: [ app_begin ] --START--
INFO: Run Behavior\ReadHtmlCacheBehavior [ RunTime:0.000552s ]
INFO: [ app_begin ] --END-- [ RunTime:0.000609s ]
SQL: SELECT * FROM `xman_api` WHERE ( isuse=1 ) LIMIT 1   [ RunTime:0.0003s ]
SQL: SELECT `name`,`value` FROM `xman_config` WHERE `name` IN ('sitenname','webtitle')  [ RunTime:0.0003s ]

[ 2023-07-07T23:19:01+08:00 ] 103.56.112.49 /home/index/region
INFO: [ app_init ] --START--
INFO: Run Behavior\BuildLiteBehavior [ RunTime:0.000018s ]
INFO: [ app_init ] --END-- [ RunTime:0.000449s ]
INFO: [ app_begin ] --START--
INFO: Run Behavior\ReadHtmlCacheBehavior [ RunTime:0.000490s ]
INFO: [ app_begin ] --END-- [ RunTime:0.000573s ]
SQL: SELECT * FROM `xman_api` WHERE ( isuse=1 ) LIMIT 1   [ RunTime:0.0004s ]
SQL: SELECT `name`,`value` FROM `xman_config` WHERE `name` IN ('sitenname','webtitle')  [ RunTime:0.0003s ]

[ 2023-07-07T23:20:01+08:00 ] 103.56.112.49 /home/index/region
INFO: [ app_init ] --START--
INFO: Run Behavior\BuildLiteBehavior [ RunTime:0.000016s ]
INFO: [ app_init ] --END-- [ RunTime:0.000400s ]
INFO: [ app_begin ] --START--
INFO: Run Behavior\ReadHtmlCacheBehavior [ RunTime:0.000555s ]
INFO: [ app_begin ] --END-- [ RunTime:0.000614s ]
SQL: SELECT * FROM `xman_api` WHERE ( isuse=1 ) LIMIT 1   [ RunTime:0.0003s ]
SQL: SELECT `name`,`value` FROM `xman_config` WHERE `name` IN ('sitenname','webtitle')  [ RunTime:0.0003s ]

[ 2023-07-07T23:21:02+08:00 ] 103.56.112.49 /home/index/region
INFO: [ app_init ] --START--
INFO: Run Behavior\BuildLiteBehavior [ RunTime:0.000015s ]
INFO: [ app_init ] --END-- [ RunTime:0.000450s ]
INFO: [ app_begin ] --START--
INFO: Run Behavior\ReadHtmlCacheBehavior [ RunTime:0.000649s ]
INFO: [ app_begin ] --END-- [ RunTime:0.000709s ]
SQL: SELECT * FROM `xman_api` WHERE ( isuse=1 ) LIMIT 1   [ RunTime:0.0003s ]
SQL: SELECT `name`,`value` FROM `xman_config` WHERE `name` IN ('sitenname','webtitle')  [ RunTime:0.0003s ]

[ 2023-07-07T23:22:02+08:00 ] 103.56.112.49 /home/index/region
INFO: [ app_init ] --START--
INFO: Run Behavior\BuildLiteBehavior [ RunTime:0.000015s ]
INFO: [ app_init ] --END-- [ RunTime:0.000439s ]
INFO: [ app_begin ] --START--
INFO: Run Behavior\ReadHtmlCacheBehavior [ RunTime:0.000527s ]
INFO: [ app_begin ] --END-- [ RunTime:0.000593s ]
SQL: SELECT * FROM `xman_api` WHERE ( isuse=1 ) LIMIT 1   [ RunTime:0.0004s ]
SQL: SELECT `name`,`value` FROM `xman_config` WHERE `name` IN ('sitenname','webtitle')  [ RunTime:0.0003s ]

[ 2023-07-07T23:23:01+08:00 ] 103.56.112.49 /home/index/region
INFO: [ app_init ] --START--
INFO: Run Behavior\BuildLiteBehavior [ RunTime:0.000016s ]
INFO: [ app_init ] --END-- [ RunTime:0.000446s ]
INFO: [ app_begin ] --START--
INFO: Run Behavior\ReadHtmlCacheBehavior [ RunTime:0.000529s ]
INFO: [ app_begin ] --END-- [ RunTime:0.000589s ]
SQL: SELECT * FROM `xman_api` WHERE ( isuse=1 ) LIMIT 1   [ RunTime:0.0004s ]
SQL: SELECT `name`,`value` FROM `xman_config` WHERE `name` IN ('sitenname','webtitle')  [ RunTime:0.0116s ]

[ 2023-07-07T23:24:01+08:00 ] 103.56.112.49 /home/index/region
INFO: [ app_init ] --START--
INFO: Run Behavior\BuildLiteBehavior [ RunTime:0.000020s ]
INFO: [ app_init ] --END-- [ RunTime:0.000505s ]
INFO: [ app_begin ] --START--
INFO: Run Behavior\ReadHtmlCacheBehavior [ RunTime:0.000724s ]
INFO: [ app_begin ] --END-- [ RunTime:0.052866s ]
SQL: SELECT * FROM `xman_api` WHERE ( isuse=1 ) LIMIT 1   [ RunTime:0.0003s ]
SQL: SELECT `name`,`value` FROM `xman_config` WHERE `name` IN ('sitenname','webtitle')  [ RunTime:0.0003s ]

[ 2023-07-07T23:24:19+08:00 ] 171.221.111.94 /
INFO: [ app_init ] --START--
INFO: Run Behavior\BuildLiteBehavior [ RunTime:0.000021s ]
INFO: [ app_init ] --END-- [ RunTime:0.000584s ]
INFO: [ app_begin ] --START--
INFO: Run Behavior\ReadHtmlCacheBehavior [ RunTime:0.000746s ]
INFO: [ app_begin ] --END-- [ RunTime:0.000823s ]
SQL: SELECT * FROM `xman_api` WHERE ( isuse=1 ) LIMIT 1   [ RunTime:0.0005s ]
SQL: SELECT `name`,`value` FROM `xman_config` WHERE `name` IN ('sitenname','webtitle')  [ RunTime:0.0005s ]
SQL: SELECT * FROM `xman_notice` WHERE ( id=1 ) LIMIT 1   [ RunTime:0.0003s ]
INFO: [ view_parse ] --START--
INFO: [ template_filter ] --START--
INFO: Run Behavior\ContentReplaceBehavior [ RunTime:0.000132s ]
INFO: [ template_filter ] --END-- [ RunTime:0.000255s ]
NOTIC: [8] Undefined index: indextopenon /www/wwwroot/ovodw.com/Application/Runtime/Cache/Home/2a94b8bda04ff446dcedd42276fc99ee.php 第 158 行.
NOTIC: [8] Use of undefined constant indextimg - assumed 'indextimg' /www/wwwroot/ovodw.com/Application/Runtime/Cache/Home/2a94b8bda04ff446dcedd42276fc99ee.php 第 230 行.
NOTIC: [8] Array to string conversion /www/wwwroot/ovodw.com/Application/Runtime/Cache/Home/2a94b8bda04ff446dcedd42276fc99ee.php 第 230 行.
NOTIC: [8] Use of undefined constant indextimg - assumed 'indextimg' /www/wwwroot/ovodw.com/Application/Runtime/Cache/Home/2a94b8bda04ff446dcedd42276fc99ee.php 第 234 行.
NOTIC: [8] Array to string conversion /www/wwwroot/ovodw.com/Application/Runtime/Cache/Home/2a94b8bda04ff446dcedd42276fc99ee.php 第 234 行.
INFO: Run Behavior\ParseTemplateBehavior [ RunTime:0.015865s ]
INFO: [ view_parse ] --END-- [ RunTime:0.016038s ]
INFO: [ view_filter ] --START--
INFO: Run Behavior\WriteHtmlCacheBehavior [ RunTime:0.000396s ]
INFO: [ view_filter ] --END-- [ RunTime:0.000478s ]
INFO: [ app_end ] --START--
INFO: Run Behavior\ShowPageTraceBehavior [ RunTime:0.001119s ]
INFO: [ app_end ] --END-- [ RunTime:0.001259s ]

[ 2023-07-07T23:24:25+08:00 ] 171.221.111.94 /home/index/getcode
INFO: [ app_init ] --START--
INFO: Run Behavior\BuildLiteBehavior [ RunTime:0.000020s ]
INFO: [ app_init ] --END-- [ RunTime:0.000512s ]
INFO: [ app_begin ] --START--
INFO: Run Behavior\ReadHtmlCacheBehavior [ RunTime:0.000750s ]
INFO: [ app_begin ] --END-- [ RunTime:0.000824s ]
SQL: SELECT * FROM `xman_api` WHERE ( isuse=1 ) LIMIT 1   [ RunTime:0.0005s ]
SQL: SELECT `name`,`value` FROM `xman_config` WHERE `name` IN ('sitenname','webtitle')  [ RunTime:0.0007s ]
SQL: SELECT * FROM `xman_code` WHERE `code` = 'mUxMstsBI31' LIMIT 1   [ RunTime:0.0279s ]

[ 2023-07-07T23:24:27+08:00 ] 171.221.111.94 /home/index/getphone
INFO: [ app_init ] --START--
INFO: Run Behavior\BuildLiteBehavior [ RunTime:0.000022s ]
INFO: [ app_init ] --END-- [ RunTime:0.000556s ]
INFO: [ app_begin ] --START--
INFO: Run Behavior\ReadHtmlCacheBehavior [ RunTime:0.000872s ]
INFO: [ app_begin ] --END-- [ RunTime:0.000982s ]
SQL: SELECT * FROM `xman_api` WHERE ( isuse=1 ) LIMIT 1   [ RunTime:0.0006s ]
SQL: SELECT `name`,`value` FROM `xman_config` WHERE `name` IN ('sitenname','webtitle')  [ RunTime:0.0005s ]
SQL: SELECT * FROM `xman_code` WHERE `code` = 'mUxMstsBI31' LIMIT 1   [ RunTime:0.0290s ]
SQL: UPDATE `xman_code` SET `phone`='16538156473',`createphonetime`='1688743467' WHERE `code` = 'mUxMstsBI31' [ RunTime:0.2214s ]

[ 2023-07-07T23:24:28+08:00 ] 171.221.111.94 /home/index/getcodes
INFO: [ app_init ] --START--
INFO: Run Behavior\BuildLiteBehavior [ RunTime:0.000020s ]
INFO: [ app_init ] --END-- [ RunTime:0.000537s ]
INFO: [ app_begin ] --START--
INFO: Run Behavior\ReadHtmlCacheBehavior [ RunTime:0.000995s ]
INFO: [ app_begin ] --END-- [ RunTime:0.001111s ]
SQL: SELECT * FROM `xman_api` WHERE ( isuse=1 ) LIMIT 1   [ RunTime:0.0004s ]
SQL: SELECT `name`,`value` FROM `xman_config` WHERE `name` IN ('sitenname','webtitle')  [ RunTime:0.0004s ]
NOTIC: [8] Undefined index: key /www/wwwroot/ovodw.com/Application/Home/Controller/IndexController.class.php 第 194 行.

[ 2023-07-07T23:24:37+08:00 ] 171.221.111.94 /home/index/getcodes
INFO: [ app_init ] --START--
INFO: Run Behavior\BuildLiteBehavior [ RunTime:0.000020s ]
INFO: [ app_init ] --END-- [ RunTime:0.000545s ]
INFO: [ app_begin ] --START--
INFO: Run Behavior\ReadHtmlCacheBehavior [ RunTime:0.000651s ]
INFO: [ app_begin ] --END-- [ RunTime:0.000723s ]
SQL: SELECT * FROM `xman_api` WHERE ( isuse=1 ) LIMIT 1   [ RunTime:0.0006s ]
SQL: SELECT `name`,`value` FROM `xman_config` WHERE `name` IN ('sitenname','webtitle')  [ RunTime:0.0004s ]
NOTIC: [8] Undefined index: key /www/wwwroot/ovodw.com/Application/Home/Controller/IndexController.class.php 第 194 行.

[ 2023-07-07T23:24:47+08:00 ] 171.221.111.94 /home/index/getcodes
INFO: [ app_init ] --START--
INFO: Run Behavior\BuildLiteBehavior [ RunTime:0.000021s ]
INFO: [ app_init ] --END-- [ RunTime:0.000516s ]
INFO: [ app_begin ] --START--
INFO: Run Behavior\ReadHtmlCacheBehavior [ RunTime:0.000672s ]
INFO: [ app_begin ] --END-- [ RunTime:0.000742s ]
SQL: SELECT * FROM `xman_api` WHERE ( isuse=1 ) LIMIT 1   [ RunTime:0.0005s ]
SQL: SELECT `name`,`value` FROM `xman_config` WHERE `name` IN ('sitenname','webtitle')  [ RunTime:0.0005s ]
NOTIC: [8] Undefined index: key /www/wwwroot/ovodw.com/Application/Home/Controller/IndexController.class.php 第 194 行.

[ 2023-07-07T23:24:58+08:00 ] 171.221.111.94 /home/index/getcodes
INFO: [ app_init ] --START--
INFO: Run Behavior\BuildLiteBehavior [ RunTime:0.000021s ]
INFO: [ app_init ] --END-- [ RunTime:0.000522s ]
INFO: [ app_begin ] --START--
INFO: Run Behavior\ReadHtmlCacheBehavior [ RunTime:0.000758s ]
INFO: [ app_begin ] --END-- [ RunTime:0.000829s ]
SQL: SELECT * FROM `xman_api` WHERE ( isuse=1 ) LIMIT 1   [ RunTime:0.0004s ]
SQL: SELECT `name`,`value` FROM `xman_config` WHERE `name` IN ('sitenname','webtitle')  [ RunTime:0.0003s ]
NOTIC: [8] Undefined index: key /www/wwwroot/ovodw.com/Application/Home/Controller/IndexController.class.php 第 194 行.
SQL: UPDATE `xman_code` SET `usertime`='2023-07-07 23:24:58',`sms`='【NSM】[PUBG] 验证码： 147006。验证码有效 3 分钟',`status`='1',`phone`='16538156473' WHERE `code` = 'mUxMstsBI31' [ RunTime:0.2222s ]

[ 2023-07-07T23:25:01+08:00 ] 103.56.112.49 /home/index/region
INFO: [ app_init ] --START--
INFO: Run Behavior\BuildLiteBehavior [ RunTime:0.000020s ]
INFO: [ app_init ] --END-- [ RunTime:0.000543s ]
INFO: [ app_begin ] --START--
INFO: Run Behavior\ReadHtmlCacheBehavior [ RunTime:0.038745s ]
INFO: [ app_begin ] --END-- [ RunTime:0.038834s ]
SQL: SELECT * FROM `xman_api` WHERE ( isuse=1 ) LIMIT 1   [ RunTime:0.0005s ]
SQL: SELECT `name`,`value` FROM `xman_config` WHERE `name` IN ('sitenname','webtitle')  [ RunTime:0.0004s ]

[ 2023-07-07T23:26:01+08:00 ] 103.56.112.49 /home/index/region
INFO: [ app_init ] --START--
INFO: Run Behavior\BuildLiteBehavior [ RunTime:0.000014s ]
INFO: [ app_init ] --END-- [ RunTime:0.000450s ]
INFO: [ app_begin ] --START--
INFO: Run Behavior\ReadHtmlCacheBehavior [ RunTime:0.000538s ]
INFO: [ app_begin ] --END-- [ RunTime:0.000700s ]
SQL: SELECT * FROM `xman_api` WHERE ( isuse=1 ) LIMIT 1   [ RunTime:0.0002s ]
SQL: SELECT `name`,`value` FROM `xman_config` WHERE `name` IN ('sitenname','webtitle')  [ RunTime:0.0006s ]

[ 2023-07-07T23:27:01+08:00 ] 185.233.19.105 /
INFO: [ app_init ] --START--
INFO: Run Behavior\BuildLiteBehavior [ RunTime:0.000023s ]
INFO: [ app_init ] --END-- [ RunTime:0.000543s ]
INFO: [ app_begin ] --START--
INFO: Run Behavior\ReadHtmlCacheBehavior [ RunTime:0.001438s ]
INFO: [ app_begin ] --END-- [ RunTime:0.001541s ]
SQL: SELECT * FROM `xman_api` WHERE ( isuse=1 ) LIMIT 1   [ RunTime:0.0004s ]
SQL: SELECT `name`,`value` FROM `xman_config` WHERE `name` IN ('sitenname','webtitle')  [ RunTime:0.0004s ]
SQL: SELECT * FROM `xman_notice` WHERE ( id=1 ) LIMIT 1   [ RunTime:0.0003s ]
INFO: [ view_parse ] --START--
INFO: [ template_filter ] --START--
INFO: Run Behavior\ContentReplaceBehavior [ RunTime:0.000137s ]
INFO: [ template_filter ] --END-- [ RunTime:0.000246s ]
NOTIC: [8] Undefined index: indextopenon /www/wwwroot/ovodw.com/Application/Runtime/Cache/Home/2a94b8bda04ff446dcedd42276fc99ee.php 第 158 行.
NOTIC: [8] Use of undefined constant indextimg - assumed 'indextimg' /www/wwwroot/ovodw.com/Application/Runtime/Cache/Home/2a94b8bda04ff446dcedd42276fc99ee.php 第 230 行.
NOTIC: [8] Array to string conversion /www/wwwroot/ovodw.com/Application/Runtime/Cache/Home/2a94b8bda04ff446dcedd42276fc99ee.php 第 230 行.
NOTIC: [8] Use of undefined constant indextimg - assumed 'indextimg' /www/wwwroot/ovodw.com/Application/Runtime/Cache/Home/2a94b8bda04ff446dcedd42276fc99ee.php 第 234 行.
NOTIC: [8] Array to string conversion /www/wwwroot/ovodw.com/Application/Runtime/Cache/Home/2a94b8bda04ff446dcedd42276fc99ee.php 第 234 行.
INFO: Run Behavior\ParseTemplateBehavior [ RunTime:0.016157s ]
INFO: [ view_parse ] --END-- [ RunTime:0.016252s ]
INFO: [ view_filter ] --START--
INFO: Run Behavior\WriteHtmlCacheBehavior [ RunTime:0.000300s ]
INFO: [ view_filter ] --END-- [ RunTime:0.000370s ]
INFO: [ app_end ] --START--
INFO: Run Behavior\ShowPageTraceBehavior [ RunTime:0.000892s ]
INFO: [ app_end ] --END-- [ RunTime:0.000964s ]

[ 2023-07-07T23:27:01+08:00 ] 103.56.112.49 /home/index/region
INFO: [ app_init ] --START--
INFO: Run Behavior\BuildLiteBehavior [ RunTime:0.000021s ]
INFO: [ app_init ] --END-- [ RunTime:0.001967s ]
INFO: [ app_begin ] --START--
INFO: Run Behavior\ReadHtmlCacheBehavior [ RunTime:0.000698s ]
INFO: [ app_begin ] --END-- [ RunTime:0.000778s ]
SQL: SELECT * FROM `xman_api` WHERE ( isuse=1 ) LIMIT 1   [ RunTime:0.0004s ]
SQL: SELECT `name`,`value` FROM `xman_config` WHERE `name` IN ('sitenname','webtitle')  [ RunTime:0.0003s ]

[ 2023-07-07T23:28:01+08:00 ] 103.56.112.49 /home/index/region
INFO: [ app_init ] --START--
INFO: Run Behavior\BuildLiteBehavior [ RunTime:0.000018s ]
INFO: [ app_init ] --END-- [ RunTime:0.000521s ]
INFO: [ app_begin ] --START--
INFO: Run Behavior\ReadHtmlCacheBehavior [ RunTime:0.001078s ]
INFO: [ app_begin ] --END-- [ RunTime:0.001178s ]
SQL: SELECT * FROM `xman_api` WHERE ( isuse=1 ) LIMIT 1   [ RunTime:0.0003s ]
SQL: SELECT `name`,`value` FROM `xman_config` WHERE `name` IN ('sitenname','webtitle')  [ RunTime:0.0003s ]

[ 2023-07-07T23:28:15+08:00 ] 180.163.28.180 /
INFO: [ app_init ] --START--
INFO: Run Behavior\BuildLiteBehavior [ RunTime:0.000022s ]
INFO: [ app_init ] --END-- [ RunTime:0.000650s ]
INFO: [ app_begin ] --START--
INFO: Run Behavior\ReadHtmlCacheBehavior [ RunTime:0.000696s ]
INFO: [ app_begin ] --END-- [ RunTime:0.000776s ]
SQL: SELECT * FROM `xman_api` WHERE ( isuse=1 ) LIMIT 1   [ RunTime:0.0005s ]
SQL: SELECT `name`,`value` FROM `xman_config` WHERE `name` IN ('sitenname','webtitle')  [ RunTime:0.0005s ]
SQL: SELECT * FROM `xman_notice` WHERE ( id=1 ) LIMIT 1   [ RunTime:0.0003s ]
INFO: [ view_parse ] --START--
INFO: [ template_filter ] --START--
INFO: Run Behavior\ContentReplaceBehavior [ RunTime:0.000102s ]
INFO: [ template_filter ] --END-- [ RunTime:0.000180s ]
NOTIC: [8] Undefined index: indextopenon /www/wwwroot/ovodw.com/Application/Runtime/Cache/Home/2a94b8bda04ff446dcedd42276fc99ee.php 第 158 行.
NOTIC: [8] Use of undefined constant indextimg - assumed 'indextimg' /www/wwwroot/ovodw.com/Application/Runtime/Cache/Home/2a94b8bda04ff446dcedd42276fc99ee.php 第 230 行.
NOTIC: [8] Array to string conversion /www/wwwroot/ovodw.com/Application/Runtime/Cache/Home/2a94b8bda04ff446dcedd42276fc99ee.php 第 230 行.
NOTIC: [8] Use of undefined constant indextimg - assumed 'indextimg' /www/wwwroot/ovodw.com/Application/Runtime/Cache/Home/2a94b8bda04ff446dcedd42276fc99ee.php 第 234 行.
NOTIC: [8] Array to string conversion /www/wwwroot/ovodw.com/Application/Runtime/Cache/Home/2a94b8bda04ff446dcedd42276fc99ee.php 第 234 行.
INFO: Run Behavior\ParseTemplateBehavior [ RunTime:0.013095s ]
INFO: [ view_parse ] --END-- [ RunTime:0.013163s ]
INFO: [ view_filter ] --START--
INFO: Run Behavior\WriteHtmlCacheBehavior [ RunTime:0.000302s ]
INFO: [ view_filter ] --END-- [ RunTime:0.000365s ]
INFO: [ app_end ] --START--
INFO: Run Behavior\ShowPageTraceBehavior [ RunTime:0.000967s ]
INFO: [ app_end ] --END-- [ RunTime:0.001052s ]

[ 2023-07-07T23:29:02+08:00 ] 103.56.112.49 /home/index/region
INFO: [ app_init ] --START--
INFO: Run Behavior\BuildLiteBehavior [ RunTime:0.000020s ]
INFO: [ app_init ] --END-- [ RunTime:0.000541s ]
INFO: [ app_begin ] --START--
INFO: Run Behavior\ReadHtmlCacheBehavior [ RunTime:0.000765s ]
INFO: [ app_begin ] --END-- [ RunTime:0.000860s ]
SQL: SELECT * FROM `xman_api` WHERE ( isuse=1 ) LIMIT 1   [ RunTime:0.0005s ]
SQL: SELECT `name`,`value` FROM `xman_config` WHERE `name` IN ('sitenname','webtitle')  [ RunTime:0.0003s ]

[ 2023-07-07T23:30:01+08:00 ] 103.56.112.49 /home/index/region
INFO: [ app_init ] --START--
INFO: Run Behavior\BuildLiteBehavior [ RunTime:0.000021s ]
INFO: [ app_init ] --END-- [ RunTime:0.000670s ]
INFO: [ app_begin ] --START--
INFO: Run Behavior\ReadHtmlCacheBehavior [ RunTime:0.000722s ]
INFO: [ app_begin ] --END-- [ RunTime:0.000812s ]
SQL: SELECT * FROM `xman_api` WHERE ( isuse=1 ) LIMIT 1   [ RunTime:0.0002s ]
SQL: SELECT `name`,`value` FROM `xman_config` WHERE `name` IN ('sitenname','webtitle')  [ RunTime:0.0040s ]

[ 2023-07-07T23:31:01+08:00 ] 103.56.112.49 /home/index/region
INFO: [ app_init ] --START--
INFO: Run Behavior\BuildLiteBehavior [ RunTime:0.000015s ]
INFO: [ app_init ] --END-- [ RunTime:0.000405s ]
INFO: [ app_begin ] --START--
INFO: Run Behavior\ReadHtmlCacheBehavior [ RunTime:0.000489s ]
INFO: [ app_begin ] --END-- [ RunTime:0.000544s ]
SQL: SELECT * FROM `xman_api` WHERE ( isuse=1 ) LIMIT 1   [ RunTime:0.0003s ]
SQL: SELECT `name`,`value` FROM `xman_config` WHERE `name` IN ('sitenname','webtitle')  [ RunTime:0.0020s ]

[ 2023-07-07T23:32:01+08:00 ] 103.56.112.49 /home/index/region
INFO: [ app_init ] --START--
INFO: Run Behavior\BuildLiteBehavior [ RunTime:0.000017s ]
INFO: [ app_init ] --END-- [ RunTime:0.000553s ]
INFO: [ app_begin ] --START--
INFO: Run Behavior\ReadHtmlCacheBehavior [ RunTime:0.000652s ]
INFO: [ app_begin ] --END-- [ RunTime:0.000726s ]
SQL: SELECT * FROM `xman_api` WHERE ( isuse=1 ) LIMIT 1   [ RunTime:0.0007s ]
SQL: SELECT `name`,`value` FROM `xman_config` WHERE `name` IN ('sitenname','webtitle')  [ RunTime:0.0002s ]

[ 2023-07-07T23:33:02+08:00 ] 103.56.112.49 /home/index/region
INFO: [ app_init ] --START--
INFO: Run Behavior\BuildLiteBehavior [ RunTime:0.000022s ]
INFO: [ app_init ] --END-- [ RunTime:0.000721s ]
INFO: [ app_begin ] --START--
INFO: Run Behavior\ReadHtmlCacheBehavior [ RunTime:0.000933s ]
INFO: [ app_begin ] --END-- [ RunTime:0.001059s ]
SQL: SELECT * FROM `xman_api` WHERE ( isuse=1 ) LIMIT 1   [ RunTime:0.0003s ]
SQL: SELECT `name`,`value` FROM `xman_config` WHERE `name` IN ('sitenname','webtitle')  [ RunTime:0.0005s ]

[ 2023-07-07T23:34:02+08:00 ] 103.56.112.49 /home/index/region
INFO: [ app_init ] --START--
INFO: Run Behavior\BuildLiteBehavior [ RunTime:0.000015s ]
INFO: [ app_init ] --END-- [ RunTime:0.000383s ]
INFO: [ app_begin ] --START--
INFO: Run Behavior\ReadHtmlCacheBehavior [ RunTime:0.000684s ]
INFO: [ app_begin ] --END-- [ RunTime:0.000742s ]
SQL: SELECT * FROM `xman_api` WHERE ( isuse=1 ) LIMIT 1   [ RunTime:0.0003s ]
SQL: SELECT `name`,`value` FROM `xman_config` WHERE `name` IN ('sitenname','webtitle')  [ RunTime:0.0012s ]

[ 2023-07-07T23:35:02+08:00 ] 103.56.112.49 /home/index/region
INFO: [ app_init ] --START--
INFO: Run Behavior\BuildLiteBehavior [ RunTime:0.000023s ]
INFO: [ app_init ] --END-- [ RunTime:0.000533s ]
INFO: [ app_begin ] --START--
INFO: Run Behavior\ReadHtmlCacheBehavior [ RunTime:0.044758s ]
INFO: [ app_begin ] --END-- [ RunTime:0.044841s ]
SQL: SELECT * FROM `xman_api` WHERE ( isuse=1 ) LIMIT 1   [ RunTime:0.0004s ]
SQL: SELECT `name`,`value` FROM `xman_config` WHERE `name` IN ('sitenname','webtitle')  [ RunTime:0.0002s ]

[ 2023-07-07T23:36:02+08:00 ] 103.56.112.49 /home/index/region
INFO: [ app_init ] --START--
INFO: Run Behavior\BuildLiteBehavior [ RunTime:0.000016s ]
INFO: [ app_init ] --END-- [ RunTime:0.000417s ]
INFO: [ app_begin ] --START--
INFO: Run Behavior\ReadHtmlCacheBehavior [ RunTime:0.000658s ]
INFO: [ app_begin ] --END-- [ RunTime:0.000720s ]
SQL: SELECT * FROM `xman_api` WHERE ( isuse=1 ) LIMIT 1   [ RunTime:0.0008s ]
SQL: SELECT `name`,`value` FROM `xman_config` WHERE `name` IN ('sitenname','webtitle')  [ RunTime:0.0003s ]

[ 2023-07-07T23:37:01+08:00 ] 103.56.112.49 /home/index/region
INFO: [ app_init ] --START--
INFO: Run Behavior\BuildLiteBehavior [ RunTime:0.000014s ]
INFO: [ app_init ] --END-- [ RunTime:0.000414s ]
INFO: [ app_begin ] --START--
INFO: Run Behavior\ReadHtmlCacheBehavior [ RunTime:0.000513s ]
INFO: [ app_begin ] --END-- [ RunTime:0.000571s ]
SQL: SELECT * FROM `xman_api` WHERE ( isuse=1 ) LIMIT 1   [ RunTime:0.0004s ]
SQL: SELECT `name`,`value` FROM `xman_config` WHERE `name` IN ('sitenname','webtitle')  [ RunTime:0.0003s ]

[ 2023-07-07T23:38:01+08:00 ] 103.56.112.49 /home/index/region
INFO: [ app_init ] --START--
INFO: Run Behavior\BuildLiteBehavior [ RunTime:0.000010s ]
INFO: [ app_init ] --END-- [ RunTime:0.000216s ]
INFO: [ app_begin ] --START--
INFO: Run Behavior\ReadHtmlCacheBehavior [ RunTime:0.000273s ]
INFO: [ app_begin ] --END-- [ RunTime:0.000304s ]
SQL: SELECT * FROM `xman_api` WHERE ( isuse=1 ) LIMIT 1   [ RunTime:0.0003s ]
SQL: SELECT `name`,`value` FROM `xman_config` WHERE `name` IN ('sitenname','webtitle')  [ RunTime:0.0002s ]

[ 2023-07-07T23:39:02+08:00 ] 103.56.112.49 /home/index/region
INFO: [ app_init ] --START--
INFO: Run Behavior\BuildLiteBehavior [ RunTime:0.000015s ]
INFO: [ app_init ] --END-- [ RunTime:0.000405s ]
INFO: [ app_begin ] --START--
INFO: Run Behavior\ReadHtmlCacheBehavior [ RunTime:0.000491s ]
INFO: [ app_begin ] --END-- [ RunTime:0.000550s ]
SQL: SELECT * FROM `xman_api` WHERE ( isuse=1 ) LIMIT 1   [ RunTime:0.0004s ]
SQL: SELECT `name`,`value` FROM `xman_config` WHERE `name` IN ('sitenname','webtitle')  [ RunTime:0.0009s ]

[ 2023-07-07T23:40:02+08:00 ] 103.56.112.49 /home/index/region
INFO: [ app_init ] --START--
INFO: Run Behavior\BuildLiteBehavior [ RunTime:0.000014s ]
INFO: [ app_init ] --END-- [ RunTime:0.000410s ]
INFO: [ app_begin ] --START--
INFO: Run Behavior\ReadHtmlCacheBehavior [ RunTime:0.000501s ]
INFO: [ app_begin ] --END-- [ RunTime:0.000555s ]
SQL: SELECT * FROM `xman_api` WHERE ( isuse=1 ) LIMIT 1   [ RunTime:0.0019s ]
SQL: SELECT `name`,`value` FROM `xman_config` WHERE `name` IN ('sitenname','webtitle')  [ RunTime:0.0030s ]

[ 2023-07-07T23:41:01+08:00 ] 103.56.112.49 /home/index/region
INFO: [ app_init ] --START--
INFO: Run Behavior\BuildLiteBehavior [ RunTime:0.000016s ]
INFO: [ app_init ] --END-- [ RunTime:0.000410s ]
INFO: [ app_begin ] --START--
INFO: Run Behavior\ReadHtmlCacheBehavior [ RunTime:0.000524s ]
INFO: [ app_begin ] --END-- [ RunTime:0.000590s ]
SQL: SELECT * FROM `xman_api` WHERE ( isuse=1 ) LIMIT 1   [ RunTime:0.0005s ]
SQL: SELECT `name`,`value` FROM `xman_config` WHERE `name` IN ('sitenname','webtitle')  [ RunTime:0.0028s ]

[ 2023-07-07T23:41:20+08:00 ] 110.185.72.98 /
INFO: [ app_init ] --START--
INFO: Run Behavior\BuildLiteBehavior [ RunTime:0.000021s ]
INFO: [ app_init ] --END-- [ RunTime:0.000575s ]
INFO: [ app_begin ] --START--
INFO: Run Behavior\ReadHtmlCacheBehavior [ RunTime:0.000704s ]
INFO: [ app_begin ] --END-- [ RunTime:0.000794s ]
SQL: SELECT * FROM `xman_api` WHERE ( isuse=1 ) LIMIT 1   [ RunTime:0.0004s ]
SQL: SELECT `name`,`value` FROM `xman_config` WHERE `name` IN ('sitenname','webtitle')  [ RunTime:0.0003s ]
SQL: SELECT * FROM `xman_notice` WHERE ( id=1 ) LIMIT 1   [ RunTime:0.0004s ]
INFO: [ view_parse ] --START--
INFO: [ template_filter ] --START--
INFO: Run Behavior\ContentReplaceBehavior [ RunTime:0.000123s ]
INFO: [ template_filter ] --END-- [ RunTime:0.000195s ]
NOTIC: [8] Undefined index: indextopenon /www/wwwroot/ovodw.com/Application/Runtime/Cache/Home/2a94b8bda04ff446dcedd42276fc99ee.php 第 158 行.
NOTIC: [8] Use of undefined constant indextimg - assumed 'indextimg' /www/wwwroot/ovodw.com/Application/Runtime/Cache/Home/2a94b8bda04ff446dcedd42276fc99ee.php 第 230 行.
NOTIC: [8] Array to string conversion /www/wwwroot/ovodw.com/Application/Runtime/Cache/Home/2a94b8bda04ff446dcedd42276fc99ee.php 第 230 行.
NOTIC: [8] Use of undefined constant indextimg - assumed 'indextimg' /www/wwwroot/ovodw.com/Application/Runtime/Cache/Home/2a94b8bda04ff446dcedd42276fc99ee.php 第 234 行.
NOTIC: [8] Array to string conversion /www/wwwroot/ovodw.com/Application/Runtime/Cache/Home/2a94b8bda04ff446dcedd42276fc99ee.php 第 234 行.
INFO: Run Behavior\ParseTemplateBehavior [ RunTime:0.013905s ]
INFO: [ view_parse ] --END-- [ RunTime:0.013979s ]
INFO: [ view_filter ] --START--
INFO: Run Behavior\WriteHtmlCacheBehavior [ RunTime:0.000254s ]
INFO: [ view_filter ] --END-- [ RunTime:0.000312s ]
INFO: [ app_end ] --START--
INFO: Run Behavior\ShowPageTraceBehavior [ RunTime:0.000939s ]
INFO: [ app_end ] --END-- [ RunTime:0.001008s ]

[ 2023-07-07T23:42:02+08:00 ] 103.56.112.49 /home/index/region
INFO: [ app_init ] --START--
INFO: Run Behavior\BuildLiteBehavior [ RunTime:0.000017s ]
INFO: [ app_init ] --END-- [ RunTime:0.000624s ]
INFO: [ app_begin ] --START--
INFO: Run Behavior\ReadHtmlCacheBehavior [ RunTime:0.000656s ]
INFO: [ app_begin ] --END-- [ RunTime:0.000733s ]
SQL: SELECT * FROM `xman_api` WHERE ( isuse=1 ) LIMIT 1   [ RunTime:0.0004s ]
SQL: SELECT `name`,`value` FROM `xman_config` WHERE `name` IN ('sitenname','webtitle')  [ RunTime:0.0050s ]

[ 2023-07-07T23:42:55+08:00 ] 110.185.72.98 /
INFO: [ app_init ] --START--
INFO: Run Behavior\BuildLiteBehavior [ RunTime:0.000023s ]
INFO: [ app_init ] --END-- [ RunTime:0.000632s ]
INFO: [ app_begin ] --START--
INFO: Run Behavior\ReadHtmlCacheBehavior [ RunTime:0.000778s ]
INFO: [ app_begin ] --END-- [ RunTime:0.000865s ]
SQL: SELECT * FROM `xman_api` WHERE ( isuse=1 ) LIMIT 1   [ RunTime:0.0004s ]
SQL: SELECT `name`,`value` FROM `xman_config` WHERE `name` IN ('sitenname','webtitle')  [ RunTime:0.0004s ]
SQL: SELECT * FROM `xman_notice` WHERE ( id=1 ) LIMIT 1   [ RunTime:0.0004s ]
INFO: [ view_parse ] --START--
INFO: [ template_filter ] --START--
INFO: Run Behavior\ContentReplaceBehavior [ RunTime:0.000112s ]
INFO: [ template_filter ] --END-- [ RunTime:0.000200s ]
NOTIC: [8] Undefined index: indextopenon /www/wwwroot/ovodw.com/Application/Runtime/Cache/Home/2a94b8bda04ff446dcedd42276fc99ee.php 第 158 行.
NOTIC: [8] Use of undefined constant indextimg - assumed 'indextimg' /www/wwwroot/ovodw.com/Application/Runtime/Cache/Home/2a94b8bda04ff446dcedd42276fc99ee.php 第 230 行.
NOTIC: [8] Array to string conversion /www/wwwroot/ovodw.com/Application/Runtime/Cache/Home/2a94b8bda04ff446dcedd42276fc99ee.php 第 230 行.
NOTIC: [8] Use of undefined constant indextimg - assumed 'indextimg' /www/wwwroot/ovodw.com/Application/Runtime/Cache/Home/2a94b8bda04ff446dcedd42276fc99ee.php 第 234 行.
NOTIC: [8] Array to string conversion /www/wwwroot/ovodw.com/Application/Runtime/Cache/Home/2a94b8bda04ff446dcedd42276fc99ee.php 第 234 行.
INFO: Run Behavior\ParseTemplateBehavior [ RunTime:0.013373s ]
INFO: [ view_parse ] --END-- [ RunTime:0.013443s ]
INFO: [ view_filter ] --START--
INFO: Run Behavior\WriteHtmlCacheBehavior [ RunTime:0.000268s ]
INFO: [ view_filter ] --END-- [ RunTime:0.000327s ]
INFO: [ app_end ] --START--
INFO: Run Behavior\ShowPageTraceBehavior [ RunTime:0.000741s ]
INFO: [ app_end ] --END-- [ RunTime:0.000834s ]

[ 2023-07-07T23:43:02+08:00 ] 103.56.112.49 /home/index/region
INFO: [ app_init ] --START--
INFO: Run Behavior\BuildLiteBehavior [ RunTime:0.000021s ]
INFO: [ app_init ] --END-- [ RunTime:0.000522s ]
INFO: [ app_begin ] --START--
INFO: Run Behavior\ReadHtmlCacheBehavior [ RunTime:0.000656s ]
INFO: [ app_begin ] --END-- [ RunTime:0.000735s ]
SQL: SELECT * FROM `xman_api` WHERE ( isuse=1 ) LIMIT 1   [ RunTime:0.0005s ]
SQL: SELECT `name`,`value` FROM `xman_config` WHERE `name` IN ('sitenname','webtitle')  [ RunTime:0.0004s ]

[ 2023-07-07T23:44:02+08:00 ] 103.56.112.49 /home/index/region
INFO: [ app_init ] --START--
INFO: Run Behavior\BuildLiteBehavior [ RunTime:0.000022s ]
INFO: [ app_init ] --END-- [ RunTime:0.000555s ]
INFO: [ app_begin ] --START--
INFO: Run Behavior\ReadHtmlCacheBehavior [ RunTime:0.000770s ]
INFO: [ app_begin ] --END-- [ RunTime:0.000856s ]
SQL: SELECT * FROM `xman_api` WHERE ( isuse=1 ) LIMIT 1   [ RunTime:0.0004s ]
SQL: SELECT `name`,`value` FROM `xman_config` WHERE `name` IN ('sitenname','webtitle')  [ RunTime:0.0003s ]

[ 2023-07-07T23:45:01+08:00 ] 103.56.112.49 /home/index/region
INFO: [ app_init ] --START--
INFO: Run Behavior\BuildLiteBehavior [ RunTime:0.000021s ]
INFO: [ app_init ] --END-- [ RunTime:0.000526s ]
INFO: [ app_begin ] --START--
INFO: Run Behavior\ReadHtmlCacheBehavior [ RunTime:0.000728s ]
INFO: [ app_begin ] --END-- [ RunTime:0.000819s ]
SQL: SELECT * FROM `xman_api` WHERE ( isuse=1 ) LIMIT 1   [ RunTime:0.0005s ]
SQL: SELECT `name`,`value` FROM `xman_config` WHERE `name` IN ('sitenname','webtitle')  [ RunTime:0.0104s ]

[ 2023-07-07T23:45:59+08:00 ] 163.123.192.54 /
INFO: [ app_init ] --START--
INFO: Run Behavior\BuildLiteBehavior [ RunTime:0.000021s ]
INFO: [ app_init ] --END-- [ RunTime:0.000598s ]
INFO: [ app_begin ] --START--
INFO: Run Behavior\ReadHtmlCacheBehavior [ RunTime:0.000689s ]
INFO: [ app_begin ] --END-- [ RunTime:0.000795s ]
SQL: SELECT * FROM `xman_api` WHERE ( isuse=1 ) LIMIT 1   [ RunTime:0.0005s ]
SQL: SELECT `name`,`value` FROM `xman_config` WHERE `name` IN ('sitenname','webtitle')  [ RunTime:0.0003s ]
SQL: SELECT * FROM `xman_notice` WHERE ( id=1 ) LIMIT 1   [ RunTime:0.0003s ]
INFO: [ view_parse ] --START--
INFO: [ template_filter ] --START--
INFO: Run Behavior\ContentReplaceBehavior [ RunTime:0.000059s ]
INFO: [ template_filter ] --END-- [ RunTime:0.000095s ]
NOTIC: [8] Undefined index: indextopenon /www/wwwroot/ovodw.com/Application/Runtime/Cache/Home/2a94b8bda04ff446dcedd42276fc99ee.php 第 158 行.
NOTIC: [8] Use of undefined constant indextimg - assumed 'indextimg' /www/wwwroot/ovodw.com/Application/Runtime/Cache/Home/2a94b8bda04ff446dcedd42276fc99ee.php 第 230 行.
NOTIC: [8] Array to string conversion /www/wwwroot/ovodw.com/Application/Runtime/Cache/Home/2a94b8bda04ff446dcedd42276fc99ee.php 第 230 行.
NOTIC: [8] Use of undefined constant indextimg - assumed 'indextimg' /www/wwwroot/ovodw.com/Application/Runtime/Cache/Home/2a94b8bda04ff446dcedd42276fc99ee.php 第 234 行.
NOTIC: [8] Array to string conversion /www/wwwroot/ovodw.com/Application/Runtime/Cache/Home/2a94b8bda04ff446dcedd42276fc99ee.php 第 234 行.
INFO: Run Behavior\ParseTemplateBehavior [ RunTime:0.005497s ]
INFO: [ view_parse ] --END-- [ RunTime:0.005530s ]
INFO: [ view_filter ] --START--
INFO: Run Behavior\WriteHtmlCacheBehavior [ RunTime:0.000119s ]
INFO: [ view_filter ] --END-- [ RunTime:0.000144s ]
INFO: [ app_end ] --START--
INFO: Run Behavior\ShowPageTraceBehavior [ RunTime:0.000306s ]
INFO: [ app_end ] --END-- [ RunTime:0.000333s ]

[ 2023-07-07T23:46:01+08:00 ] 103.56.112.49 /home/index/region
INFO: [ app_init ] --START--
INFO: Run Behavior\BuildLiteBehavior [ RunTime:0.000021s ]
INFO: [ app_init ] --END-- [ RunTime:0.000545s ]
INFO: [ app_begin ] --START--
INFO: Run Behavior\ReadHtmlCacheBehavior [ RunTime:0.044792s ]
INFO: [ app_begin ] --END-- [ RunTime:0.044890s ]
SQL: SELECT * FROM `xman_api` WHERE ( isuse=1 ) LIMIT 1   [ RunTime:0.0004s ]
SQL: SELECT `name`,`value` FROM `xman_config` WHERE `name` IN ('sitenname','webtitle')  [ RunTime:0.0002s ]

[ 2023-07-07T23:47:02+08:00 ] 103.56.112.49 /home/index/region
INFO: [ app_init ] --START--
INFO: Run Behavior\BuildLiteBehavior [ RunTime:0.000020s ]
INFO: [ app_init ] --END-- [ RunTime:0.000553s ]
INFO: [ app_begin ] --START--
INFO: Run Behavior\ReadHtmlCacheBehavior [ RunTime:0.000519s ]
INFO: [ app_begin ] --END-- [ RunTime:0.000590s ]
SQL: SELECT * FROM `xman_api` WHERE ( isuse=1 ) LIMIT 1   [ RunTime:0.0003s ]
SQL: SELECT `name`,`value` FROM `xman_config` WHERE `name` IN ('sitenname','webtitle')  [ RunTime:0.0010s ]

[ 2023-07-07T23:48:02+08:00 ] 103.56.112.49 /home/index/region
INFO: [ app_init ] --START--
INFO: Run Behavior\BuildLiteBehavior [ RunTime:0.000015s ]
INFO: [ app_init ] --END-- [ RunTime:0.000408s ]
INFO: [ app_begin ] --START--
INFO: Run Behavior\ReadHtmlCacheBehavior [ RunTime:0.000494s ]
INFO: [ app_begin ] --END-- [ RunTime:0.000550s ]
SQL: SELECT * FROM `xman_api` WHERE ( isuse=1 ) LIMIT 1   [ RunTime:0.0003s ]
SQL: SELECT `name`,`value` FROM `xman_config` WHERE `name` IN ('sitenname','webtitle')  [ RunTime:0.0003s ]

[ 2023-07-07T23:49:01+08:00 ] 103.56.112.49 /home/index/region
INFO: [ app_init ] --START--
INFO: Run Behavior\BuildLiteBehavior [ RunTime:0.000016s ]
INFO: [ app_init ] --END-- [ RunTime:0.000414s ]
INFO: [ app_begin ] --START--
INFO: Run Behavior\ReadHtmlCacheBehavior [ RunTime:0.000514s ]
INFO: [ app_begin ] --END-- [ RunTime:0.000603s ]
SQL: SELECT * FROM `xman_api` WHERE ( isuse=1 ) LIMIT 1   [ RunTime:0.0003s ]
SQL: SELECT `name`,`value` FROM `xman_config` WHERE `name` IN ('sitenname','webtitle')  [ RunTime:0.0002s ]

[ 2023-07-07T23:50:02+08:00 ] 103.56.112.49 /home/index/region
INFO: [ app_init ] --START--
INFO: Run Behavior\BuildLiteBehavior [ RunTime:0.000015s ]
INFO: [ app_init ] --END-- [ RunTime:0.000474s ]
INFO: [ app_begin ] --START--
INFO: Run Behavior\ReadHtmlCacheBehavior [ RunTime:0.000495s ]
INFO: [ app_begin ] --END-- [ RunTime:0.000554s ]
SQL: SELECT * FROM `xman_api` WHERE ( isuse=1 ) LIMIT 1   [ RunTime:0.0004s ]
SQL: SELECT `name`,`value` FROM `xman_config` WHERE `name` IN ('sitenname','webtitle')  [ RunTime:0.0003s ]

[ 2023-07-07T23:51:01+08:00 ] 103.56.112.49 /home/index/region
INFO: [ app_init ] --START--
INFO: Run Behavior\BuildLiteBehavior [ RunTime:0.067770s ]
INFO: [ app_init ] --END-- [ RunTime:0.068320s ]
INFO: [ app_begin ] --START--
INFO: Run Behavior\ReadHtmlCacheBehavior [ RunTime:0.000833s ]
INFO: [ app_begin ] --END-- [ RunTime:0.000920s ]
SQL: SELECT * FROM `xman_api` WHERE ( isuse=1 ) LIMIT 1   [ RunTime:0.0003s ]
SQL: SELECT `name`,`value` FROM `xman_config` WHERE `name` IN ('sitenname','webtitle')  [ RunTime:0.0002s ]

[ 2023-07-07T23:51:16+08:00 ] 120.87.107.129 /
INFO: [ app_init ] --START--
INFO: Run Behavior\BuildLiteBehavior [ RunTime:0.000015s ]
INFO: [ app_init ] --END-- [ RunTime:0.000397s ]
INFO: [ app_begin ] --START--
INFO: Run Behavior\ReadHtmlCacheBehavior [ RunTime:0.000544s ]
INFO: [ app_begin ] --END-- [ RunTime:0.000610s ]
SQL: SELECT * FROM `xman_api` WHERE ( isuse=1 ) LIMIT 1   [ RunTime:0.0005s ]
SQL: SELECT `name`,`value` FROM `xman_config` WHERE `name` IN ('sitenname','webtitle')  [ RunTime:0.0003s ]
SQL: SELECT * FROM `xman_notice` WHERE ( id=1 ) LIMIT 1   [ RunTime:0.0003s ]
INFO: [ view_parse ] --START--
INFO: [ template_filter ] --START--
INFO: Run Behavior\ContentReplaceBehavior [ RunTime:0.000138s ]
INFO: [ template_filter ] --END-- [ RunTime:0.000223s ]
NOTIC: [8] Undefined index: indextopenon /www/wwwroot/ovodw.com/Application/Runtime/Cache/Home/2a94b8bda04ff446dcedd42276fc99ee.php 第 158 行.
NOTIC: [8] Use of undefined constant indextimg - assumed 'indextimg' /www/wwwroot/ovodw.com/Application/Runtime/Cache/Home/2a94b8bda04ff446dcedd42276fc99ee.php 第 230 行.
NOTIC: [8] Array to string conversion /www/wwwroot/ovodw.com/Application/Runtime/Cache/Home/2a94b8bda04ff446dcedd42276fc99ee.php 第 230 行.
NOTIC: [8] Use of undefined constant indextimg - assumed 'indextimg' /www/wwwroot/ovodw.com/Application/Runtime/Cache/Home/2a94b8bda04ff446dcedd42276fc99ee.php 第 234 行.
NOTIC: [8] Array to string conversion /www/wwwroot/ovodw.com/Application/Runtime/Cache/Home/2a94b8bda04ff446dcedd42276fc99ee.php 第 234 行.
INFO: Run Behavior\ParseTemplateBehavior [ RunTime:0.013795s ]
INFO: [ view_parse ] --END-- [ RunTime:0.013862s ]
INFO: [ view_filter ] --START--
INFO: Run Behavior\WriteHtmlCacheBehavior [ RunTime:0.000300s ]
INFO: [ view_filter ] --END-- [ RunTime:0.000359s ]
INFO: [ app_end ] --START--
INFO: Run Behavior\ShowPageTraceBehavior [ RunTime:0.000805s ]
INFO: [ app_end ] --END-- [ RunTime:0.000874s ]

[ 2023-07-07T23:51:26+08:00 ] 120.87.107.129 /home/index/getcode
INFO: [ app_init ] --START--
INFO: Run Behavior\BuildLiteBehavior [ RunTime:0.000022s ]
INFO: [ app_init ] --END-- [ RunTime:0.000616s ]
INFO: [ app_begin ] --START--
INFO: Run Behavior\ReadHtmlCacheBehavior [ RunTime:0.001130s ]
INFO: [ app_begin ] --END-- [ RunTime:0.001253s ]
SQL: SELECT * FROM `xman_api` WHERE ( isuse=1 ) LIMIT 1   [ RunTime:0.0007s ]
SQL: SELECT `name`,`value` FROM `xman_config` WHERE `name` IN ('sitenname','webtitle')  [ RunTime:0.0005s ]
SQL: SELECT * FROM `xman_code` WHERE `code` = '39U0vciRfsT5I' LIMIT 1   [ RunTime:0.0651s ]

[ 2023-07-07T23:51:28+08:00 ] 120.87.107.129 /home/index/getphone
INFO: [ app_init ] --START--
INFO: Run Behavior\BuildLiteBehavior [ RunTime:0.000021s ]
INFO: [ app_init ] --END-- [ RunTime:0.000692s ]
INFO: [ app_begin ] --START--
INFO: Run Behavior\ReadHtmlCacheBehavior [ RunTime:0.000891s ]
INFO: [ app_begin ] --END-- [ RunTime:0.001040s ]
SQL: SELECT * FROM `xman_api` WHERE ( isuse=1 ) LIMIT 1   [ RunTime:0.0005s ]
SQL: SELECT `name`,`value` FROM `xman_config` WHERE `name` IN ('sitenname','webtitle')  [ RunTime:0.0004s ]
SQL: SELECT * FROM `xman_code` WHERE `code` = '39U0vciRfsT5I' LIMIT 1   [ RunTime:0.0422s ]
SQL: UPDATE `xman_code` SET `phone`='16592690165',`createphonetime`='1688745087' WHERE `code` = '39U0vciRfsT5I' [ RunTime:0.2265s ]

[ 2023-07-07T23:51:28+08:00 ] 120.87.107.129 /home/index/getcodes
INFO: [ app_init ] --START--
INFO: Run Behavior\BuildLiteBehavior [ RunTime:0.000022s ]
INFO: [ app_init ] --END-- [ RunTime:0.000668s ]
INFO: [ app_begin ] --START--
INFO: Run Behavior\ReadHtmlCacheBehavior [ RunTime:0.000819s ]
INFO: [ app_begin ] --END-- [ RunTime:0.000908s ]
SQL: SELECT * FROM `xman_api` WHERE ( isuse=1 ) LIMIT 1   [ RunTime:0.0005s ]
SQL: SELECT `name`,`value` FROM `xman_config` WHERE `name` IN ('sitenname','webtitle')  [ RunTime:0.0003s ]
NOTIC: [8] Undefined index: key /www/wwwroot/ovodw.com/Application/Home/Controller/IndexController.class.php 第 194 行.

[ 2023-07-07T23:51:38+08:00 ] 120.87.107.129 /home/index/getcodes
INFO: [ app_init ] --START--
INFO: Run Behavior\BuildLiteBehavior [ RunTime:0.000021s ]
INFO: [ app_init ] --END-- [ RunTime:0.000599s ]
INFO: [ app_begin ] --START--
INFO: Run Behavior\ReadHtmlCacheBehavior [ RunTime:0.000749s ]
INFO: [ app_begin ] --END-- [ RunTime:0.000823s ]
SQL: SELECT * FROM `xman_api` WHERE ( isuse=1 ) LIMIT 1   [ RunTime:0.0005s ]
SQL: SELECT `name`,`value` FROM `xman_config` WHERE `name` IN ('sitenname','webtitle')  [ RunTime:0.0004s ]
NOTIC: [8] Undefined index: key /www/wwwroot/ovodw.com/Application/Home/Controller/IndexController.class.php 第 194 行.

[ 2023-07-07T23:51:48+08:00 ] 120.87.107.129 /home/index/getcodes
INFO: [ app_init ] --START--
INFO: Run Behavior\BuildLiteBehavior [ RunTime:0.000015s ]
INFO: [ app_init ] --END-- [ RunTime:0.000417s ]
INFO: [ app_begin ] --START--
INFO: Run Behavior\ReadHtmlCacheBehavior [ RunTime:0.000558s ]
INFO: [ app_begin ] --END-- [ RunTime:0.000622s ]
SQL: SELECT * FROM `xman_api` WHERE ( isuse=1 ) LIMIT 1   [ RunTime:0.0004s ]
SQL: SELECT `name`,`value` FROM `xman_config` WHERE `name` IN ('sitenname','webtitle')  [ RunTime:0.0003s ]
NOTIC: [8] Undefined index: key /www/wwwroot/ovodw.com/Application/Home/Controller/IndexController.class.php 第 194 行.

[ 2023-07-07T23:51:58+08:00 ] 120.87.107.129 /home/index/getcodes
INFO: [ app_init ] --START--
INFO: Run Behavior\BuildLiteBehavior [ RunTime:0.000020s ]
INFO: [ app_init ] --END-- [ RunTime:0.000535s ]
INFO: [ app_begin ] --START--
INFO: Run Behavior\ReadHtmlCacheBehavior [ RunTime:0.000661s ]
INFO: [ app_begin ] --END-- [ RunTime:0.000736s ]
SQL: SELECT * FROM `xman_api` WHERE ( isuse=1 ) LIMIT 1   [ RunTime:0.0005s ]
SQL: SELECT `name`,`value` FROM `xman_config` WHERE `name` IN ('sitenname','webtitle')  [ RunTime:0.0004s ]
NOTIC: [8] Undefined index: key /www/wwwroot/ovodw.com/Application/Home/Controller/IndexController.class.php 第 194 行.

[ 2023-07-07T23:52:01+08:00 ] 103.56.112.49 /home/index/region
INFO: [ app_init ] --START--
INFO: Run Behavior\BuildLiteBehavior [ RunTime:0.000015s ]
INFO: [ app_init ] --END-- [ RunTime:0.000408s ]
INFO: [ app_begin ] --START--
INFO: Run Behavior\ReadHtmlCacheBehavior [ RunTime:0.000587s ]
INFO: [ app_begin ] --END-- [ RunTime:0.000646s ]
SQL: SELECT * FROM `xman_api` WHERE ( isuse=1 ) LIMIT 1   [ RunTime:0.0003s ]
SQL: SELECT `name`,`value` FROM `xman_config` WHERE `name` IN ('sitenname','webtitle')  [ RunTime:0.0003s ]

[ 2023-07-07T23:52:08+08:00 ] 120.87.107.129 /home/index/getcodes
INFO: [ app_init ] --START--
INFO: Run Behavior\BuildLiteBehavior [ RunTime:0.000020s ]
INFO: [ app_init ] --END-- [ RunTime:0.000673s ]
INFO: [ app_begin ] --START--
INFO: Run Behavior\ReadHtmlCacheBehavior [ RunTime:0.000711s ]
INFO: [ app_begin ] --END-- [ RunTime:0.000796s ]
SQL: SELECT * FROM `xman_api` WHERE ( isuse=1 ) LIMIT 1   [ RunTime:0.0005s ]
SQL: SELECT `name`,`value` FROM `xman_config` WHERE `name` IN ('sitenname','webtitle')  [ RunTime:0.0003s ]
NOTIC: [8] Undefined index: key /www/wwwroot/ovodw.com/Application/Home/Controller/IndexController.class.php 第 194 行.

[ 2023-07-07T23:52:18+08:00 ] 120.87.107.129 /home/index/getcodes
INFO: [ app_init ] --START--
INFO: Run Behavior\BuildLiteBehavior [ RunTime:0.000020s ]
INFO: [ app_init ] --END-- [ RunTime:0.000576s ]
INFO: [ app_begin ] --START--
INFO: Run Behavior\ReadHtmlCacheBehavior [ RunTime:0.000755s ]
INFO: [ app_begin ] --END-- [ RunTime:0.000830s ]
SQL: SELECT * FROM `xman_api` WHERE ( isuse=1 ) LIMIT 1   [ RunTime:0.0005s ]
SQL: SELECT `name`,`value` FROM `xman_config` WHERE `name` IN ('sitenname','webtitle')  [ RunTime:0.0005s ]
NOTIC: [8] Undefined index: key /www/wwwroot/ovodw.com/Application/Home/Controller/IndexController.class.php 第 194 行.

[ 2023-07-07T23:52:28+08:00 ] 120.87.107.129 /home/index/getcodes
INFO: [ app_init ] --START--
INFO: Run Behavior\BuildLiteBehavior [ RunTime:0.000010s ]
INFO: [ app_init ] --END-- [ RunTime:0.000289s ]
INFO: [ app_begin ] --START--
INFO: Run Behavior\ReadHtmlCacheBehavior [ RunTime:0.000272s ]
INFO: [ app_begin ] --END-- [ RunTime:0.000304s ]
SQL: SELECT * FROM `xman_api` WHERE ( isuse=1 ) LIMIT 1   [ RunTime:0.0003s ]
SQL: SELECT `name`,`value` FROM `xman_config` WHERE `name` IN ('sitenname','webtitle')  [ RunTime:0.0002s ]
NOTIC: [8] Undefined index: key /www/wwwroot/ovodw.com/Application/Home/Controller/IndexController.class.php 第 194 行.

[ 2023-07-07T23:52:38+08:00 ] 120.87.107.129 /home/index/getcodes
INFO: [ app_init ] --START--
INFO: Run Behavior\BuildLiteBehavior [ RunTime:0.000026s ]
INFO: [ app_init ] --END-- [ RunTime:0.000573s ]
INFO: [ app_begin ] --START--
INFO: Run Behavior\ReadHtmlCacheBehavior [ RunTime:0.000755s ]
INFO: [ app_begin ] --END-- [ RunTime:0.000848s ]
SQL: SELECT * FROM `xman_api` WHERE ( isuse=1 ) LIMIT 1   [ RunTime:0.0005s ]
SQL: SELECT `name`,`value` FROM `xman_config` WHERE `name` IN ('sitenname','webtitle')  [ RunTime:0.0006s ]
NOTIC: [8] Undefined index: key /www/wwwroot/ovodw.com/Application/Home/Controller/IndexController.class.php 第 194 行.

[ 2023-07-07T23:52:48+08:00 ] 120.87.107.129 /home/index/getcodes
INFO: [ app_init ] --START--
INFO: Run Behavior\BuildLiteBehavior [ RunTime:0.000019s ]
INFO: [ app_init ] --END-- [ RunTime:0.000505s ]
INFO: [ app_begin ] --START--
INFO: Run Behavior\ReadHtmlCacheBehavior [ RunTime:0.000744s ]
INFO: [ app_begin ] --END-- [ RunTime:0.000854s ]
SQL: SELECT * FROM `xman_api` WHERE ( isuse=1 ) LIMIT 1   [ RunTime:0.0006s ]
SQL: SELECT `name`,`value` FROM `xman_config` WHERE `name` IN ('sitenname','webtitle')  [ RunTime:0.0004s ]
NOTIC: [8] Undefined index: key /www/wwwroot/ovodw.com/Application/Home/Controller/IndexController.class.php 第 194 行.

[ 2023-07-07T23:52:58+08:00 ] 120.87.107.129 /home/index/getcodes
INFO: [ app_init ] --START--
INFO: Run Behavior\BuildLiteBehavior [ RunTime:0.000020s ]
INFO: [ app_init ] --END-- [ RunTime:0.000521s ]
INFO: [ app_begin ] --START--
INFO: Run Behavior\ReadHtmlCacheBehavior [ RunTime:0.000653s ]
INFO: [ app_begin ] --END-- [ RunTime:0.000726s ]
SQL: SELECT * FROM `xman_api` WHERE ( isuse=1 ) LIMIT 1   [ RunTime:0.0005s ]
SQL: SELECT `name`,`value` FROM `xman_config` WHERE `name` IN ('sitenname','webtitle')  [ RunTime:0.0003s ]
NOTIC: [8] Undefined index: key /www/wwwroot/ovodw.com/Application/Home/Controller/IndexController.class.php 第 194 行.

[ 2023-07-07T23:53:02+08:00 ] 103.56.112.49 /home/index/region
INFO: [ app_init ] --START--
INFO: Run Behavior\BuildLiteBehavior [ RunTime:0.000024s ]
INFO: [ app_init ] --END-- [ RunTime:0.000780s ]
INFO: [ app_begin ] --START--
INFO: Run Behavior\ReadHtmlCacheBehavior [ RunTime:0.000965s ]
INFO: [ app_begin ] --END-- [ RunTime:0.001083s ]
SQL: SELECT * FROM `xman_api` WHERE ( isuse=1 ) LIMIT 1   [ RunTime:0.0006s ]
SQL: SELECT `name`,`value` FROM `xman_config` WHERE `name` IN ('sitenname','webtitle')  [ RunTime:0.0256s ]

[ 2023-07-07T23:53:08+08:00 ] 120.87.107.129 /home/index/getcodes
INFO: [ app_init ] --START--
INFO: Run Behavior\BuildLiteBehavior [ RunTime:0.000027s ]
INFO: [ app_init ] --END-- [ RunTime:0.000829s ]
INFO: [ app_begin ] --START--
INFO: Run Behavior\ReadHtmlCacheBehavior [ RunTime:0.000712s ]
INFO: [ app_begin ] --END-- [ RunTime:0.000783s ]
SQL: SELECT * FROM `xman_api` WHERE ( isuse=1 ) LIMIT 1   [ RunTime:0.0005s ]
SQL: SELECT `name`,`value` FROM `xman_config` WHERE `name` IN ('sitenname','webtitle')  [ RunTime:0.0003s ]
NOTIC: [8] Undefined index: key /www/wwwroot/ovodw.com/Application/Home/Controller/IndexController.class.php 第 194 行.

[ 2023-07-07T23:53:18+08:00 ] 120.87.107.129 /home/index/getcodes
INFO: [ app_init ] --START--
INFO: Run Behavior\BuildLiteBehavior [ RunTime:0.000041s ]
INFO: [ app_init ] --END-- [ RunTime:0.001159s ]
INFO: [ app_begin ] --START--
INFO: Run Behavior\ReadHtmlCacheBehavior [ RunTime:0.000697s ]
INFO: [ app_begin ] --END-- [ RunTime:0.000775s ]
SQL: SELECT * FROM `xman_api` WHERE ( isuse=1 ) LIMIT 1   [ RunTime:0.0006s ]
SQL: SELECT `name`,`value` FROM `xman_config` WHERE `name` IN ('sitenname','webtitle')  [ RunTime:0.0004s ]
NOTIC: [8] Undefined index: key /www/wwwroot/ovodw.com/Application/Home/Controller/IndexController.class.php 第 194 行.

[ 2023-07-07T23:53:43+08:00 ] 120.87.107.129 /
INFO: [ app_init ] --START--
INFO: Run Behavior\BuildLiteBehavior [ RunTime:0.000020s ]
INFO: [ app_init ] --END-- [ RunTime:0.000532s ]
INFO: [ app_begin ] --START--
INFO: Run Behavior\ReadHtmlCacheBehavior [ RunTime:0.000763s ]
INFO: [ app_begin ] --END-- [ RunTime:0.000838s ]
SQL: SELECT * FROM `xman_api` WHERE ( isuse=1 ) LIMIT 1   [ RunTime:0.0006s ]
SQL: SELECT `name`,`value` FROM `xman_config` WHERE `name` IN ('sitenname','webtitle')  [ RunTime:0.0003s ]
SQL: SELECT * FROM `xman_notice` WHERE ( id=1 ) LIMIT 1   [ RunTime:0.0003s ]
INFO: [ view_parse ] --START--
INFO: [ template_filter ] --START--
INFO: Run Behavior\ContentReplaceBehavior [ RunTime:0.000127s ]
INFO: [ template_filter ] --END-- [ RunTime:0.000213s ]
NOTIC: [8] Undefined index: indextopenon /www/wwwroot/ovodw.com/Application/Runtime/Cache/Home/2a94b8bda04ff446dcedd42276fc99ee.php 第 158 行.
NOTIC: [8] Use of undefined constant indextimg - assumed 'indextimg' /www/wwwroot/ovodw.com/Application/Runtime/Cache/Home/2a94b8bda04ff446dcedd42276fc99ee.php 第 230 行.
NOTIC: [8] Array to string conversion /www/wwwroot/ovodw.com/Application/Runtime/Cache/Home/2a94b8bda04ff446dcedd42276fc99ee.php 第 230 行.
NOTIC: [8] Use of undefined constant indextimg - assumed 'indextimg' /www/wwwroot/ovodw.com/Application/Runtime/Cache/Home/2a94b8bda04ff446dcedd42276fc99ee.php 第 234 行.
NOTIC: [8] Array to string conversion /www/wwwroot/ovodw.com/Application/Runtime/Cache/Home/2a94b8bda04ff446dcedd42276fc99ee.php 第 234 行.
INFO: Run Behavior\ParseTemplateBehavior [ RunTime:0.014528s ]
INFO: [ view_parse ] --END-- [ RunTime:0.014597s ]
INFO: [ view_filter ] --START--
INFO: Run Behavior\WriteHtmlCacheBehavior [ RunTime:0.000269s ]
INFO: [ view_filter ] --END-- [ RunTime:0.000329s ]
INFO: [ app_end ] --START--
INFO: Run Behavior\ShowPageTraceBehavior [ RunTime:0.001140s ]
INFO: [ app_end ] --END-- [ RunTime:0.001230s ]

[ 2023-07-07T23:53:59+08:00 ] 120.87.107.129 /home/index/getcode
INFO: [ app_init ] --START--
INFO: Run Behavior\BuildLiteBehavior [ RunTime:0.000021s ]
INFO: [ app_init ] --END-- [ RunTime:0.000594s ]
INFO: [ app_begin ] --START--
INFO: Run Behavior\ReadHtmlCacheBehavior [ RunTime:0.000866s ]
INFO: [ app_begin ] --END-- [ RunTime:0.000953s ]
SQL: SELECT * FROM `xman_api` WHERE ( isuse=1 ) LIMIT 1   [ RunTime:0.0005s ]
SQL: SELECT `name`,`value` FROM `xman_config` WHERE `name` IN ('sitenname','webtitle')  [ RunTime:0.0004s ]
SQL: SELECT * FROM `xman_code` WHERE `code` = '39U0vciRfsT5I' LIMIT 1   [ RunTime:0.0448s ]

[ 2023-07-07T23:54:02+08:00 ] 103.56.112.49 /home/index/region
INFO: [ app_init ] --START--
INFO: Run Behavior\BuildLiteBehavior [ RunTime:0.000020s ]
INFO: [ app_init ] --END-- [ RunTime:0.000582s ]
INFO: [ app_begin ] --START--
INFO: Run Behavior\ReadHtmlCacheBehavior [ RunTime:0.000719s ]
INFO: [ app_begin ] --END-- [ RunTime:0.000812s ]
SQL: SELECT * FROM `xman_api` WHERE ( isuse=1 ) LIMIT 1   [ RunTime:0.0004s ]
SQL: SELECT `name`,`value` FROM `xman_config` WHERE `name` IN ('sitenname','webtitle')  [ RunTime:0.0002s ]

[ 2023-07-07T23:54:03+08:00 ] 120.87.107.129 /home/index/getphone
INFO: [ app_init ] --START--
INFO: Run Behavior\BuildLiteBehavior [ RunTime:0.000021s ]
INFO: [ app_init ] --END-- [ RunTime:0.000604s ]
INFO: [ app_begin ] --START--
INFO: Run Behavior\ReadHtmlCacheBehavior [ RunTime:0.000795s ]
INFO: [ app_begin ] --END-- [ RunTime:0.000882s ]
SQL: SELECT * FROM `xman_api` WHERE ( isuse=1 ) LIMIT 1   [ RunTime:0.0005s ]
SQL: SELECT `name`,`value` FROM `xman_config` WHERE `name` IN ('sitenname','webtitle')  [ RunTime:0.0004s ]
SQL: SELECT * FROM `xman_code` WHERE `code` = '39U0vciRfsT5I' LIMIT 1   [ RunTime:0.0436s ]
SQL: UPDATE `xman_code` SET `phone`='16592690271',`createphonetime`='1688745243' WHERE `code` = '39U0vciRfsT5I' [ RunTime:0.2054s ]

[ 2023-07-07T23:54:03+08:00 ] 120.87.107.129 /home/index/getcodes
INFO: [ app_init ] --START--
INFO: Run Behavior\BuildLiteBehavior [ RunTime:0.000021s ]
INFO: [ app_init ] --END-- [ RunTime:0.000638s ]
INFO: [ app_begin ] --START--
INFO: Run Behavior\ReadHtmlCacheBehavior [ RunTime:0.000808s ]
INFO: [ app_begin ] --END-- [ RunTime:0.000897s ]
SQL: SELECT * FROM `xman_api` WHERE ( isuse=1 ) LIMIT 1   [ RunTime:0.0005s ]
SQL: SELECT `name`,`value` FROM `xman_config` WHERE `name` IN ('sitenname','webtitle')  [ RunTime:0.0004s ]
NOTIC: [8] Undefined index: key /www/wwwroot/ovodw.com/Application/Home/Controller/IndexController.class.php 第 194 行.

[ 2023-07-07T23:54:14+08:00 ] 120.87.107.129 /home/index/getcodes
INFO: [ app_init ] --START--
INFO: Run Behavior\BuildLiteBehavior [ RunTime:0.000022s ]
INFO: [ app_init ] --END-- [ RunTime:0.000519s ]
INFO: [ app_begin ] --START--
INFO: Run Behavior\ReadHtmlCacheBehavior [ RunTime:0.000742s ]
INFO: [ app_begin ] --END-- [ RunTime:0.000813s ]
SQL: SELECT * FROM `xman_api` WHERE ( isuse=1 ) LIMIT 1   [ RunTime:0.0004s ]
SQL: SELECT `name`,`value` FROM `xman_config` WHERE `name` IN ('sitenname','webtitle')  [ RunTime:0.0003s ]
NOTIC: [8] Undefined index: key /www/wwwroot/ovodw.com/Application/Home/Controller/IndexController.class.php 第 194 行.

[ 2023-07-07T23:54:23+08:00 ] 120.87.107.129 /home/index/getcodes
INFO: [ app_init ] --START--
INFO: Run Behavior\BuildLiteBehavior [ RunTime:0.000027s ]
INFO: [ app_init ] --END-- [ RunTime:0.000753s ]
INFO: [ app_begin ] --START--
INFO: Run Behavior\ReadHtmlCacheBehavior [ RunTime:0.000984s ]
INFO: [ app_begin ] --END-- [ RunTime:0.001194s ]
SQL: SELECT * FROM `xman_api` WHERE ( isuse=1 ) LIMIT 1   [ RunTime:0.0005s ]
SQL: SELECT `name`,`value` FROM `xman_config` WHERE `name` IN ('sitenname','webtitle')  [ RunTime:0.0004s ]
NOTIC: [8] Undefined index: key /www/wwwroot/ovodw.com/Application/Home/Controller/IndexController.class.php 第 194 行.

[ 2023-07-07T23:54:34+08:00 ] 120.87.107.129 /home/index/getcodes
INFO: [ app_init ] --START--
INFO: Run Behavior\BuildLiteBehavior [ RunTime:0.000021s ]
INFO: [ app_init ] --END-- [ RunTime:0.000544s ]
INFO: [ app_begin ] --START--
INFO: Run Behavior\ReadHtmlCacheBehavior [ RunTime:0.000707s ]
INFO: [ app_begin ] --END-- [ RunTime:0.000785s ]
SQL: SELECT * FROM `xman_api` WHERE ( isuse=1 ) LIMIT 1   [ RunTime:0.0005s ]
SQL: SELECT `name`,`value` FROM `xman_config` WHERE `name` IN ('sitenname','webtitle')  [ RunTime:0.0004s ]
NOTIC: [8] Undefined index: key /www/wwwroot/ovodw.com/Application/Home/Controller/IndexController.class.php 第 194 行.

[ 2023-07-07T23:54:43+08:00 ] 120.87.107.129 /home/index/getcodes
INFO: [ app_init ] --START--
INFO: Run Behavior\BuildLiteBehavior [ RunTime:0.000020s ]
INFO: [ app_init ] --END-- [ RunTime:0.000535s ]
INFO: [ app_begin ] --START--
INFO: Run Behavior\ReadHtmlCacheBehavior [ RunTime:0.000759s ]
INFO: [ app_begin ] --END-- [ RunTime:0.000832s ]
SQL: SELECT * FROM `xman_api` WHERE ( isuse=1 ) LIMIT 1   [ RunTime:0.0005s ]
SQL: SELECT `name`,`value` FROM `xman_config` WHERE `name` IN ('sitenname','webtitle')  [ RunTime:0.0004s ]
NOTIC: [8] Undefined index: key /www/wwwroot/ovodw.com/Application/Home/Controller/IndexController.class.php 第 194 行.

[ 2023-07-07T23:54:54+08:00 ] 120.87.107.129 /home/index/getcodes
INFO: [ app_init ] --START--
INFO: Run Behavior\BuildLiteBehavior [ RunTime:0.000021s ]
INFO: [ app_init ] --END-- [ RunTime:0.000508s ]
INFO: [ app_begin ] --START--
INFO: Run Behavior\ReadHtmlCacheBehavior [ RunTime:0.000792s ]
INFO: [ app_begin ] --END-- [ RunTime:0.000864s ]
SQL: SELECT * FROM `xman_api` WHERE ( isuse=1 ) LIMIT 1   [ RunTime:0.0005s ]
SQL: SELECT `name`,`value` FROM `xman_config` WHERE `name` IN ('sitenname','webtitle')  [ RunTime:0.0004s ]
NOTIC: [8] Undefined index: key /www/wwwroot/ovodw.com/Application/Home/Controller/IndexController.class.php 第 194 行.

[ 2023-07-07T23:55:02+08:00 ] 103.56.112.49 /home/index/region
INFO: [ app_init ] --START--
INFO: Run Behavior\BuildLiteBehavior [ RunTime:0.000019s ]
INFO: [ app_init ] --END-- [ RunTime:0.000546s ]
INFO: [ app_begin ] --START--
INFO: Run Behavior\ReadHtmlCacheBehavior [ RunTime:0.000701s ]
INFO: [ app_begin ] --END-- [ RunTime:0.000790s ]
SQL: SELECT * FROM `xman_api` WHERE ( isuse=1 ) LIMIT 1   [ RunTime:0.0005s ]
SQL: SELECT `name`,`value` FROM `xman_config` WHERE `name` IN ('sitenname','webtitle')  [ RunTime:0.0004s ]

[ 2023-07-07T23:55:04+08:00 ] 120.87.107.129 /home/index/getcodes
INFO: [ app_init ] --START--
INFO: Run Behavior\BuildLiteBehavior [ RunTime:0.000027s ]
INFO: [ app_init ] --END-- [ RunTime:0.000877s ]
INFO: [ app_begin ] --START--
INFO: Run Behavior\ReadHtmlCacheBehavior [ RunTime:0.000976s ]
INFO: [ app_begin ] --END-- [ RunTime:0.001084s ]
SQL: SELECT * FROM `xman_api` WHERE ( isuse=1 ) LIMIT 1   [ RunTime:0.0009s ]
SQL: SELECT `name`,`value` FROM `xman_config` WHERE `name` IN ('sitenname','webtitle')  [ RunTime:0.0004s ]
NOTIC: [8] Undefined index: key /www/wwwroot/ovodw.com/Application/Home/Controller/IndexController.class.php 第 194 行.

[ 2023-07-07T23:55:14+08:00 ] 120.87.107.129 /home/index/getcodes
INFO: [ app_init ] --START--
INFO: Run Behavior\BuildLiteBehavior [ RunTime:0.000023s ]
INFO: [ app_init ] --END-- [ RunTime:0.000718s ]
INFO: [ app_begin ] --START--
INFO: Run Behavior\ReadHtmlCacheBehavior [ RunTime:0.001108s ]
INFO: [ app_begin ] --END-- [ RunTime:0.001232s ]
SQL: SELECT * FROM `xman_api` WHERE ( isuse=1 ) LIMIT 1   [ RunTime:0.0004s ]
SQL: SELECT `name`,`value` FROM `xman_config` WHERE `name` IN ('sitenname','webtitle')  [ RunTime:0.0004s ]
NOTIC: [8] Undefined index: key /www/wwwroot/ovodw.com/Application/Home/Controller/IndexController.class.php 第 194 行.

[ 2023-07-07T23:55:24+08:00 ] 120.87.107.129 /home/index/getcodes
INFO: [ app_init ] --START--
INFO: Run Behavior\BuildLiteBehavior [ RunTime:0.000020s ]
INFO: [ app_init ] --END-- [ RunTime:0.000573s ]
INFO: [ app_begin ] --START--
INFO: Run Behavior\ReadHtmlCacheBehavior [ RunTime:0.000775s ]
INFO: [ app_begin ] --END-- [ RunTime:0.000845s ]
SQL: SELECT * FROM `xman_api` WHERE ( isuse=1 ) LIMIT 1   [ RunTime:0.0004s ]
SQL: SELECT `name`,`value` FROM `xman_config` WHERE `name` IN ('sitenname','webtitle')  [ RunTime:0.0003s ]
NOTIC: [8] Undefined index: key /www/wwwroot/ovodw.com/Application/Home/Controller/IndexController.class.php 第 194 行.

[ 2023-07-07T23:55:34+08:00 ] 120.87.107.129 /home/index/getcodes
INFO: [ app_init ] --START--
INFO: Run Behavior\BuildLiteBehavior [ RunTime:0.000020s ]
INFO: [ app_init ] --END-- [ RunTime:0.000552s ]
INFO: [ app_begin ] --START--
INFO: Run Behavior\ReadHtmlCacheBehavior [ RunTime:0.000662s ]
INFO: [ app_begin ] --END-- [ RunTime:0.000733s ]
SQL: SELECT * FROM `xman_api` WHERE ( isuse=1 ) LIMIT 1   [ RunTime:0.0004s ]
SQL: SELECT `name`,`value` FROM `xman_config` WHERE `name` IN ('sitenname','webtitle')  [ RunTime:0.0004s ]
NOTIC: [8] Undefined index: key /www/wwwroot/ovodw.com/Application/Home/Controller/IndexController.class.php 第 194 行.

[ 2023-07-07T23:55:44+08:00 ] 120.87.107.129 /home/index/getcodes
INFO: [ app_init ] --START--
INFO: Run Behavior\BuildLiteBehavior [ RunTime:0.000015s ]
INFO: [ app_init ] --END-- [ RunTime:0.000406s ]
INFO: [ app_begin ] --START--
INFO: Run Behavior\ReadHtmlCacheBehavior [ RunTime:0.000605s ]
INFO: [ app_begin ] --END-- [ RunTime:0.000661s ]
SQL: SELECT * FROM `xman_api` WHERE ( isuse=1 ) LIMIT 1   [ RunTime:0.0004s ]
SQL: SELECT `name`,`value` FROM `xman_config` WHERE `name` IN ('sitenname','webtitle')  [ RunTime:0.0003s ]
NOTIC: [8] Undefined index: key /www/wwwroot/ovodw.com/Application/Home/Controller/IndexController.class.php 第 194 行.

[ 2023-07-07T23:55:52+08:00 ] 198.235.24.124 /
INFO: [ app_init ] --START--
INFO: Run Behavior\BuildLiteBehavior [ RunTime:0.000020s ]
INFO: [ app_init ] --END-- [ RunTime:0.000520s ]
INFO: [ app_begin ] --START--
INFO: Run Behavior\ReadHtmlCacheBehavior [ RunTime:0.000662s ]
INFO: [ app_begin ] --END-- [ RunTime:0.000798s ]
SQL: SELECT * FROM `xman_api` WHERE ( isuse=1 ) LIMIT 1   [ RunTime:0.0005s ]
SQL: SELECT `name`,`value` FROM `xman_config` WHERE `name` IN ('sitenname','webtitle')  [ RunTime:0.0004s ]
SQL: SELECT * FROM `xman_notice` WHERE ( id=1 ) LIMIT 1   [ RunTime:0.0004s ]
INFO: [ view_parse ] --START--
INFO: [ template_filter ] --START--
INFO: Run Behavior\ContentReplaceBehavior [ RunTime:0.000171s ]
INFO: [ template_filter ] --END-- [ RunTime:0.000303s ]
NOTIC: [8] Undefined index: indextopenon /www/wwwroot/ovodw.com/Application/Runtime/Cache/Home/2a94b8bda04ff446dcedd42276fc99ee.php 第 158 行.
NOTIC: [8] Use of undefined constant indextimg - assumed 'indextimg' /www/wwwroot/ovodw.com/Application/Runtime/Cache/Home/2a94b8bda04ff446dcedd42276fc99ee.php 第 230 行.
NOTIC: [8] Array to string conversion /www/wwwroot/ovodw.com/Application/Runtime/Cache/Home/2a94b8bda04ff446dcedd42276fc99ee.php 第 230 行.
NOTIC: [8] Use of undefined constant indextimg - assumed 'indextimg' /www/wwwroot/ovodw.com/Application/Runtime/Cache/Home/2a94b8bda04ff446dcedd42276fc99ee.php 第 234 行.
NOTIC: [8] Array to string conversion /www/wwwroot/ovodw.com/Application/Runtime/Cache/Home/2a94b8bda04ff446dcedd42276fc99ee.php 第 234 行.
INFO: Run Behavior\ParseTemplateBehavior [ RunTime:0.015855s ]
INFO: [ view_parse ] --END-- [ RunTime:0.015979s ]
INFO: [ view_filter ] --START--
INFO: Run Behavior\WriteHtmlCacheBehavior [ RunTime:0.000330s ]
INFO: [ view_filter ] --END-- [ RunTime:0.000482s ]
INFO: [ app_end ] --START--
INFO: Run Behavior\ShowPageTraceBehavior [ RunTime:0.000886s ]
INFO: [ app_end ] --END-- [ RunTime:0.000957s ]

[ 2023-07-07T23:55:54+08:00 ] 120.87.107.129 /home/index/getcodes
INFO: [ app_init ] --START--
INFO: Run Behavior\BuildLiteBehavior [ RunTime:0.000032s ]
INFO: [ app_init ] --END-- [ RunTime:0.000718s ]
INFO: [ app_begin ] --START--
INFO: Run Behavior\ReadHtmlCacheBehavior [ RunTime:0.000788s ]
INFO: [ app_begin ] --END-- [ RunTime:0.000885s ]
SQL: SELECT * FROM `xman_api` WHERE ( isuse=1 ) LIMIT 1   [ RunTime:0.0012s ]
SQL: SELECT `name`,`value` FROM `xman_config` WHERE `name` IN ('sitenname','webtitle')  [ RunTime:0.0006s ]
NOTIC: [8] Undefined index: key /www/wwwroot/ovodw.com/Application/Home/Controller/IndexController.class.php 第 194 行.

[ 2023-07-07T23:56:01+08:00 ] 103.56.112.49 /home/index/region
INFO: [ app_init ] --START--
INFO: Run Behavior\BuildLiteBehavior [ RunTime:0.000016s ]
INFO: [ app_init ] --END-- [ RunTime:0.000455s ]
INFO: [ app_begin ] --START--
INFO: Run Behavior\ReadHtmlCacheBehavior [ RunTime:0.000677s ]
INFO: [ app_begin ] --END-- [ RunTime:0.000746s ]
SQL: SELECT * FROM `xman_api` WHERE ( isuse=1 ) LIMIT 1   [ RunTime:0.0004s ]
SQL: SELECT `name`,`value` FROM `xman_config` WHERE `name` IN ('sitenname','webtitle')  [ RunTime:0.0003s ]

[ 2023-07-07T23:56:09+08:00 ] 120.87.107.129 /home/index/getcode
INFO: [ app_init ] --START--
INFO: Run Behavior\BuildLiteBehavior [ RunTime:0.000022s ]
INFO: [ app_init ] --END-- [ RunTime:0.000695s ]
INFO: [ app_begin ] --START--
INFO: Run Behavior\ReadHtmlCacheBehavior [ RunTime:0.000698s ]
INFO: [ app_begin ] --END-- [ RunTime:0.000785s ]
SQL: SELECT * FROM `xman_api` WHERE ( isuse=1 ) LIMIT 1   [ RunTime:0.0005s ]
SQL: SELECT `name`,`value` FROM `xman_config` WHERE `name` IN ('sitenname','webtitle')  [ RunTime:0.0004s ]
SQL: SELECT * FROM `xman_code` WHERE `code` = '39U0vciRfsT5I' LIMIT 1   [ RunTime:0.0435s ]

[ 2023-07-07T23:56:10+08:00 ] 120.87.107.129 /home/index/getphone
INFO: [ app_init ] --START--
INFO: Run Behavior\BuildLiteBehavior [ RunTime:0.000021s ]
INFO: [ app_init ] --END-- [ RunTime:0.000655s ]
INFO: [ app_begin ] --START--
INFO: Run Behavior\ReadHtmlCacheBehavior [ RunTime:0.000725s ]
INFO: [ app_begin ] --END-- [ RunTime:0.000812s ]
SQL: SELECT * FROM `xman_api` WHERE ( isuse=1 ) LIMIT 1   [ RunTime:0.0005s ]
SQL: SELECT `name`,`value` FROM `xman_config` WHERE `name` IN ('sitenname','webtitle')  [ RunTime:0.0004s ]
SQL: SELECT * FROM `xman_code` WHERE `code` = '39U0vciRfsT5I' LIMIT 1   [ RunTime:0.0484s ]
SQL: UPDATE `xman_code` SET `phone`='16592692659',`createphonetime`='1688745370' WHERE `code` = '39U0vciRfsT5I' [ RunTime:0.2243s ]

[ 2023-07-07T23:56:11+08:00 ] 120.87.107.129 /home/index/getcodes
INFO: [ app_init ] --START--
INFO: Run Behavior\BuildLiteBehavior [ RunTime:0.000021s ]
INFO: [ app_init ] --END-- [ RunTime:0.000552s ]
INFO: [ app_begin ] --START--
INFO: Run Behavior\ReadHtmlCacheBehavior [ RunTime:0.000685s ]
INFO: [ app_begin ] --END-- [ RunTime:0.000760s ]
SQL: SELECT * FROM `xman_api` WHERE ( isuse=1 ) LIMIT 1   [ RunTime:0.0006s ]
SQL: SELECT `name`,`value` FROM `xman_config` WHERE `name` IN ('sitenname','webtitle')  [ RunTime:0.0005s ]
NOTIC: [8] Undefined index: key /www/wwwroot/ovodw.com/Application/Home/Controller/IndexController.class.php 第 194 行.

[ 2023-07-07T23:56:21+08:00 ] 120.87.107.129 /home/index/getcodes
INFO: [ app_init ] --START--
INFO: Run Behavior\BuildLiteBehavior [ RunTime:0.000022s ]
INFO: [ app_init ] --END-- [ RunTime:0.000676s ]
INFO: [ app_begin ] --START--
INFO: Run Behavior\ReadHtmlCacheBehavior [ RunTime:0.000977s ]
INFO: [ app_begin ] --END-- [ RunTime:0.001083s ]
SQL: SELECT * FROM `xman_api` WHERE ( isuse=1 ) LIMIT 1   [ RunTime:0.0005s ]
SQL: SELECT `name`,`value` FROM `xman_config` WHERE `name` IN ('sitenname','webtitle')  [ RunTime:0.0004s ]
NOTIC: [8] Undefined index: key /www/wwwroot/ovodw.com/Application/Home/Controller/IndexController.class.php 第 194 行.

[ 2023-07-07T23:56:31+08:00 ] 120.87.107.129 /home/index/getcodes
INFO: [ app_init ] --START--
INFO: Run Behavior\BuildLiteBehavior [ RunTime:0.000022s ]
INFO: [ app_init ] --END-- [ RunTime:0.000520s ]
INFO: [ app_begin ] --START--
INFO: Run Behavior\ReadHtmlCacheBehavior [ RunTime:0.000834s ]
INFO: [ app_begin ] --END-- [ RunTime:0.000954s ]
SQL: SELECT * FROM `xman_api` WHERE ( isuse=1 ) LIMIT 1   [ RunTime:0.0004s ]
SQL: SELECT `name`,`value` FROM `xman_config` WHERE `name` IN ('sitenname','webtitle')  [ RunTime:0.0003s ]
NOTIC: [8] Undefined index: key /www/wwwroot/ovodw.com/Application/Home/Controller/IndexController.class.php 第 194 行.

[ 2023-07-07T23:56:41+08:00 ] 120.87.107.129 /home/index/getcodes
INFO: [ app_init ] --START--
INFO: Run Behavior\BuildLiteBehavior [ RunTime:0.000020s ]
INFO: [ app_init ] --END-- [ RunTime:0.000546s ]
INFO: [ app_begin ] --START--
INFO: Run Behavior\ReadHtmlCacheBehavior [ RunTime:0.000670s ]
INFO: [ app_begin ] --END-- [ RunTime:0.000741s ]
SQL: SELECT * FROM `xman_api` WHERE ( isuse=1 ) LIMIT 1   [ RunTime:0.0005s ]
SQL: SELECT `name`,`value` FROM `xman_config` WHERE `name` IN ('sitenname','webtitle')  [ RunTime:0.0004s ]
NOTIC: [8] Undefined index: key /www/wwwroot/ovodw.com/Application/Home/Controller/IndexController.class.php 第 194 行.

[ 2023-07-07T23:56:52+08:00 ] 120.87.107.129 /home/index/getcodes
INFO: [ app_init ] --START--
INFO: Run Behavior\BuildLiteBehavior [ RunTime:0.000020s ]
INFO: [ app_init ] --END-- [ RunTime:0.000656s ]
INFO: [ app_begin ] --START--
INFO: Run Behavior\ReadHtmlCacheBehavior [ RunTime:0.000941s ]
INFO: [ app_begin ] --END-- [ RunTime:0.001050s ]
SQL: SELECT * FROM `xman_api` WHERE ( isuse=1 ) LIMIT 1   [ RunTime:0.0004s ]
SQL: SELECT `name`,`value` FROM `xman_config` WHERE `name` IN ('sitenname','webtitle')  [ RunTime:0.0003s ]
NOTIC: [8] Undefined index: key /www/wwwroot/ovodw.com/Application/Home/Controller/IndexController.class.php 第 194 行.

[ 2023-07-07T23:57:01+08:00 ] 120.87.107.129 /home/index/getcodes
INFO: [ app_init ] --START--
INFO: Run Behavior\BuildLiteBehavior [ RunTime:0.000020s ]
INFO: [ app_init ] --END-- [ RunTime:0.000562s ]
INFO: [ app_begin ] --START--
INFO: Run Behavior\ReadHtmlCacheBehavior [ RunTime:0.000840s ]
INFO: [ app_begin ] --END-- [ RunTime:0.000940s ]
SQL: SELECT * FROM `xman_api` WHERE ( isuse=1 ) LIMIT 1   [ RunTime:0.0004s ]
SQL: SELECT `name`,`value` FROM `xman_config` WHERE `name` IN ('sitenname','webtitle')  [ RunTime:0.0003s ]
NOTIC: [8] Undefined index: key /www/wwwroot/ovodw.com/Application/Home/Controller/IndexController.class.php 第 194 行.

[ 2023-07-07T23:57:02+08:00 ] 103.56.112.49 /home/index/region
INFO: [ app_init ] --START--
INFO: Run Behavior\BuildLiteBehavior [ RunTime:0.000015s ]
INFO: [ app_init ] --END-- [ RunTime:0.000414s ]
INFO: [ app_begin ] --START--
INFO: Run Behavior\ReadHtmlCacheBehavior [ RunTime:0.000597s ]
INFO: [ app_begin ] --END-- [ RunTime:0.000696s ]
SQL: SELECT * FROM `xman_api` WHERE ( isuse=1 ) LIMIT 1   [ RunTime:0.0005s ]
SQL: SELECT `name`,`value` FROM `xman_config` WHERE `name` IN ('sitenname','webtitle')  [ RunTime:0.0003s ]

[ 2023-07-07T23:57:11+08:00 ] 120.87.107.129 /home/index/getcodes
INFO: [ app_init ] --START--
INFO: Run Behavior\BuildLiteBehavior [ RunTime:0.000020s ]
INFO: [ app_init ] --END-- [ RunTime:0.000559s ]
INFO: [ app_begin ] --START--
INFO: Run Behavior\ReadHtmlCacheBehavior [ RunTime:0.000674s ]
INFO: [ app_begin ] --END-- [ RunTime:0.000748s ]
SQL: SELECT * FROM `xman_api` WHERE ( isuse=1 ) LIMIT 1   [ RunTime:0.0005s ]
SQL: SELECT `name`,`value` FROM `xman_config` WHERE `name` IN ('sitenname','webtitle')  [ RunTime:0.0003s ]
NOTIC: [8] Undefined index: key /www/wwwroot/ovodw.com/Application/Home/Controller/IndexController.class.php 第 194 行.

[ 2023-07-07T23:57:21+08:00 ] 120.87.107.129 /home/index/getcodes
INFO: [ app_init ] --START--
INFO: Run Behavior\BuildLiteBehavior [ RunTime:0.000022s ]
INFO: [ app_init ] --END-- [ RunTime:0.000687s ]
INFO: [ app_begin ] --START--
INFO: Run Behavior\ReadHtmlCacheBehavior [ RunTime:0.000748s ]
INFO: [ app_begin ] --END-- [ RunTime:0.000822s ]
SQL: SELECT * FROM `xman_api` WHERE ( isuse=1 ) LIMIT 1   [ RunTime:0.0005s ]
SQL: SELECT `name`,`value` FROM `xman_config` WHERE `name` IN ('sitenname','webtitle')  [ RunTime:0.0004s ]
NOTIC: [8] Undefined index: key /www/wwwroot/ovodw.com/Application/Home/Controller/IndexController.class.php 第 194 行.

[ 2023-07-07T23:57:31+08:00 ] 120.87.107.129 /home/index/getcodes
INFO: [ app_init ] --START--
INFO: Run Behavior\BuildLiteBehavior [ RunTime:0.000026s ]
INFO: [ app_init ] --END-- [ RunTime:0.000645s ]
INFO: [ app_begin ] --START--
INFO: Run Behavior\ReadHtmlCacheBehavior [ RunTime:0.000730s ]
INFO: [ app_begin ] --END-- [ RunTime:0.000813s ]
SQL: SELECT * FROM `xman_api` WHERE ( isuse=1 ) LIMIT 1   [ RunTime:0.0005s ]
SQL: SELECT `name`,`value` FROM `xman_config` WHERE `name` IN ('sitenname','webtitle')  [ RunTime:0.0004s ]
NOTIC: [8] Undefined index: key /www/wwwroot/ovodw.com/Application/Home/Controller/IndexController.class.php 第 194 行.

[ 2023-07-07T23:57:41+08:00 ] 120.87.107.129 /home/index/getcodes
INFO: [ app_init ] --START--
INFO: Run Behavior\BuildLiteBehavior [ RunTime:0.000019s ]
INFO: [ app_init ] --END-- [ RunTime:0.000585s ]
INFO: [ app_begin ] --START--
INFO: Run Behavior\ReadHtmlCacheBehavior [ RunTime:0.000739s ]
INFO: [ app_begin ] --END-- [ RunTime:0.000832s ]
SQL: SELECT * FROM `xman_api` WHERE ( isuse=1 ) LIMIT 1   [ RunTime:0.0005s ]
SQL: SELECT `name`,`value` FROM `xman_config` WHERE `name` IN ('sitenname','webtitle')  [ RunTime:0.0003s ]
NOTIC: [8] Undefined index: key /www/wwwroot/ovodw.com/Application/Home/Controller/IndexController.class.php 第 194 行.

[ 2023-07-07T23:57:51+08:00 ] 120.87.107.129 /home/index/getcodes
INFO: [ app_init ] --START--
INFO: Run Behavior\BuildLiteBehavior [ RunTime:0.000021s ]
INFO: [ app_init ] --END-- [ RunTime:0.000595s ]
INFO: [ app_begin ] --START--
INFO: Run Behavior\ReadHtmlCacheBehavior [ RunTime:0.000721s ]
INFO: [ app_begin ] --END-- [ RunTime:0.000814s ]
SQL: SELECT * FROM `xman_api` WHERE ( isuse=1 ) LIMIT 1   [ RunTime:0.0004s ]
SQL: SELECT `name`,`value` FROM `xman_config` WHERE `name` IN ('sitenname','webtitle')  [ RunTime:0.0005s ]
NOTIC: [8] Undefined index: key /www/wwwroot/ovodw.com/Application/Home/Controller/IndexController.class.php 第 194 行.

[ 2023-07-07T23:58:01+08:00 ] 103.56.112.49 /home/index/region
INFO: [ app_init ] --START--
INFO: Run Behavior\BuildLiteBehavior [ RunTime:0.000060s ]
INFO: [ app_init ] --END-- [ RunTime:0.000325s ]
INFO: [ app_begin ] --START--
INFO: Run Behavior\ReadHtmlCacheBehavior [ RunTime:0.000444s ]
INFO: [ app_begin ] --END-- [ RunTime:0.000495s ]
SQL: SELECT * FROM `xman_api` WHERE ( isuse=1 ) LIMIT 1   [ RunTime:0.0002s ]
SQL: SELECT `name`,`value` FROM `xman_config` WHERE `name` IN ('sitenname','webtitle')  [ RunTime:0.0002s ]

[ 2023-07-07T23:58:01+08:00 ] 120.87.107.129 /home/index/getcodes
INFO: [ app_init ] --START--
INFO: Run Behavior\BuildLiteBehavior [ RunTime:0.000029s ]
INFO: [ app_init ] --END-- [ RunTime:0.000763s ]
INFO: [ app_begin ] --START--
INFO: Run Behavior\ReadHtmlCacheBehavior [ RunTime:0.001098s ]
INFO: [ app_begin ] --END-- [ RunTime:0.001223s ]
SQL: SELECT * FROM `xman_api` WHERE ( isuse=1 ) LIMIT 1   [ RunTime:0.0004s ]
SQL: SELECT `name`,`value` FROM `xman_config` WHERE `name` IN ('sitenname','webtitle')  [ RunTime:0.0003s ]
NOTIC: [8] Undefined index: key /www/wwwroot/ovodw.com/Application/Home/Controller/IndexController.class.php 第 194 行.

[ 2023-07-07T23:58:20+08:00 ] 120.87.107.129 /home/index/getcode
INFO: [ app_init ] --START--
INFO: Run Behavior\BuildLiteBehavior [ RunTime:0.000019s ]
INFO: [ app_init ] --END-- [ RunTime:0.000521s ]
INFO: [ app_begin ] --START--
INFO: Run Behavior\ReadHtmlCacheBehavior [ RunTime:0.000758s ]
INFO: [ app_begin ] --END-- [ RunTime:0.000885s ]
SQL: SELECT * FROM `xman_api` WHERE ( isuse=1 ) LIMIT 1   [ RunTime:0.0006s ]
SQL: SELECT `name`,`value` FROM `xman_config` WHERE `name` IN ('sitenname','webtitle')  [ RunTime:0.0005s ]
SQL: SELECT * FROM `xman_code` WHERE `code` = '39U0vciRfsT5I' LIMIT 1   [ RunTime:0.0643s ]

[ 2023-07-07T23:58:20+08:00 ] 139.212.57.140 /
INFO: [ app_init ] --START--
INFO: Run Behavior\BuildLiteBehavior [ RunTime:0.000026s ]
INFO: [ app_init ] --END-- [ RunTime:0.000686s ]
INFO: [ app_begin ] --START--
INFO: Run Behavior\ReadHtmlCacheBehavior [ RunTime:0.001025s ]
INFO: [ app_begin ] --END-- [ RunTime:0.001126s ]
SQL: SELECT * FROM `xman_api` WHERE ( isuse=1 ) LIMIT 1   [ RunTime:0.0006s ]
SQL: SELECT `name`,`value` FROM `xman_config` WHERE `name` IN ('sitenname','webtitle')  [ RunTime:0.0005s ]
SQL: SELECT * FROM `xman_notice` WHERE ( id=1 ) LIMIT 1   [ RunTime:0.0004s ]
INFO: [ view_parse ] --START--
INFO: [ template_filter ] --START--
INFO: Run Behavior\ContentReplaceBehavior [ RunTime:0.000146s ]
INFO: [ template_filter ] --END-- [ RunTime:0.000335s ]
NOTIC: [8] Undefined index: indextopenon /www/wwwroot/ovodw.com/Application/Runtime/Cache/Home/2a94b8bda04ff446dcedd42276fc99ee.php 第 158 行.
NOTIC: [8] Use of undefined constant indextimg - assumed 'indextimg' /www/wwwroot/ovodw.com/Application/Runtime/Cache/Home/2a94b8bda04ff446dcedd42276fc99ee.php 第 230 行.
NOTIC: [8] Array to string conversion /www/wwwroot/ovodw.com/Application/Runtime/Cache/Home/2a94b8bda04ff446dcedd42276fc99ee.php 第 230 行.
NOTIC: [8] Use of undefined constant indextimg - assumed 'indextimg' /www/wwwroot/ovodw.com/Application/Runtime/Cache/Home/2a94b8bda04ff446dcedd42276fc99ee.php 第 234 行.
NOTIC: [8] Array to string conversion /www/wwwroot/ovodw.com/Application/Runtime/Cache/Home/2a94b8bda04ff446dcedd42276fc99ee.php 第 234 行.
INFO: Run Behavior\ParseTemplateBehavior [ RunTime:0.018964s ]
INFO: [ view_parse ] --END-- [ RunTime:0.019043s ]
INFO: [ view_filter ] --START--
INFO: Run Behavior\WriteHtmlCacheBehavior [ RunTime:0.000302s ]
INFO: [ view_filter ] --END-- [ RunTime:0.000364s ]
INFO: [ app_end ] --START--
INFO: Run Behavior\ShowPageTraceBehavior [ RunTime:0.001059s ]
INFO: [ app_end ] --END-- [ RunTime:0.001149s ]

[ 2023-07-07T23:58:21+08:00 ] 120.87.107.129 /home/index/getphone
INFO: [ app_init ] --START--
INFO: Run Behavior\BuildLiteBehavior [ RunTime:0.000019s ]
INFO: [ app_init ] --END-- [ RunTime:0.000539s ]
INFO: [ app_begin ] --START--
INFO: Run Behavior\ReadHtmlCacheBehavior [ RunTime:0.000668s ]
INFO: [ app_begin ] --END-- [ RunTime:0.000751s ]
SQL: SELECT * FROM `xman_api` WHERE ( isuse=1 ) LIMIT 1   [ RunTime:0.0005s ]
SQL: SELECT `name`,`value` FROM `xman_config` WHERE `name` IN ('sitenname','webtitle')  [ RunTime:0.0004s ]
SQL: SELECT * FROM `xman_code` WHERE `code` = '39U0vciRfsT5I' LIMIT 1   [ RunTime:0.0587s ]
SQL: UPDATE `xman_code` SET `phone`='16592691895',`createphonetime`='1688745501' WHERE `code` = '39U0vciRfsT5I' [ RunTime:0.2272s ]

[ 2023-07-07T23:58:23+08:00 ] 120.87.107.129 /home/index/getcodes
INFO: [ app_init ] --START--
INFO: Run Behavior\BuildLiteBehavior [ RunTime:0.000022s ]
INFO: [ app_init ] --END-- [ RunTime:0.000677s ]
INFO: [ app_begin ] --START--
INFO: Run Behavior\ReadHtmlCacheBehavior [ RunTime:0.000720s ]
INFO: [ app_begin ] --END-- [ RunTime:0.000806s ]
SQL: SELECT * FROM `xman_api` WHERE ( isuse=1 ) LIMIT 1   [ RunTime:0.0007s ]
SQL: SELECT `name`,`value` FROM `xman_config` WHERE `name` IN ('sitenname','webtitle')  [ RunTime:0.0004s ]
NOTIC: [8] Undefined index: key /www/wwwroot/ovodw.com/Application/Home/Controller/IndexController.class.php 第 194 行.

[ 2023-07-07T23:58:29+08:00 ] 139.212.57.140 /home/index/getcode
INFO: [ app_init ] --START--
INFO: Run Behavior\BuildLiteBehavior [ RunTime:0.000021s ]
INFO: [ app_init ] --END-- [ RunTime:0.000557s ]
INFO: [ app_begin ] --START--
INFO: Run Behavior\ReadHtmlCacheBehavior [ RunTime:0.000700s ]
INFO: [ app_begin ] --END-- [ RunTime:0.000775s ]
SQL: SELECT * FROM `xman_api` WHERE ( isuse=1 ) LIMIT 1   [ RunTime:0.0004s ]
SQL: SELECT `name`,`value` FROM `xman_config` WHERE `name` IN ('sitenname','webtitle')  [ RunTime:0.0004s ]
SQL: SELECT * FROM `xman_code` WHERE `code` = 'wq7kvWz2c801Y' LIMIT 1   [ RunTime:0.0327s ]

[ 2023-07-07T23:58:30+08:00 ] 139.212.57.140 /home/index/getphone
INFO: [ app_init ] --START--
INFO: Run Behavior\BuildLiteBehavior [ RunTime:0.000020s ]
INFO: [ app_init ] --END-- [ RunTime:0.000546s ]
INFO: [ app_begin ] --START--
INFO: Run Behavior\ReadHtmlCacheBehavior [ RunTime:0.000688s ]
INFO: [ app_begin ] --END-- [ RunTime:0.000757s ]
SQL: SELECT * FROM `xman_api` WHERE ( isuse=1 ) LIMIT 1   [ RunTime:0.0004s ]
SQL: SELECT `name`,`value` FROM `xman_config` WHERE `name` IN ('sitenname','webtitle')  [ RunTime:0.0005s ]
SQL: SELECT * FROM `xman_code` WHERE `code` = 'wq7kvWz2c801Y' LIMIT 1   [ RunTime:0.0322s ]
SQL: UPDATE `xman_code` SET `phone`='16218723651',`createphonetime`='1688745510' WHERE `code` = 'wq7kvWz2c801Y' [ RunTime:0.2143s ]

[ 2023-07-07T23:58:31+08:00 ] 139.212.57.140 /home/index/getcodes
INFO: [ app_init ] --START--
INFO: Run Behavior\BuildLiteBehavior [ RunTime:0.000016s ]
INFO: [ app_init ] --END-- [ RunTime:0.000425s ]
INFO: [ app_begin ] --START--
INFO: Run Behavior\ReadHtmlCacheBehavior [ RunTime:0.000557s ]
INFO: [ app_begin ] --END-- [ RunTime:0.000615s ]
SQL: SELECT * FROM `xman_api` WHERE ( isuse=1 ) LIMIT 1   [ RunTime:0.0004s ]
SQL: SELECT `name`,`value` FROM `xman_config` WHERE `name` IN ('sitenname','webtitle')  [ RunTime:0.0003s ]
NOTIC: [8] Undefined index: key /www/wwwroot/ovodw.com/Application/Home/Controller/IndexController.class.php 第 194 行.

[ 2023-07-07T23:58:31+08:00 ] 120.87.107.129 /home/index/getcodes
INFO: [ app_init ] --START--
INFO: Run Behavior\BuildLiteBehavior [ RunTime:0.000020s ]
INFO: [ app_init ] --END-- [ RunTime:0.000532s ]
INFO: [ app_begin ] --START--
INFO: Run Behavior\ReadHtmlCacheBehavior [ RunTime:0.000661s ]
INFO: [ app_begin ] --END-- [ RunTime:0.000730s ]
SQL: SELECT * FROM `xman_api` WHERE ( isuse=1 ) LIMIT 1   [ RunTime:0.0005s ]
SQL: SELECT `name`,`value` FROM `xman_config` WHERE `name` IN ('sitenname','webtitle')  [ RunTime:0.0004s ]
NOTIC: [8] Undefined index: key /www/wwwroot/ovodw.com/Application/Home/Controller/IndexController.class.php 第 194 行.

[ 2023-07-07T23:58:41+08:00 ] 120.87.107.129 /home/index/getcodes
INFO: [ app_init ] --START--
INFO: Run Behavior\BuildLiteBehavior [ RunTime:0.000021s ]
INFO: [ app_init ] --END-- [ RunTime:0.000623s ]
INFO: [ app_begin ] --START--
INFO: Run Behavior\ReadHtmlCacheBehavior [ RunTime:0.000667s ]
INFO: [ app_begin ] --END-- [ RunTime:0.000738s ]
SQL: SELECT * FROM `xman_api` WHERE ( isuse=1 ) LIMIT 1   [ RunTime:0.0004s ]
SQL: SELECT `name`,`value` FROM `xman_config` WHERE `name` IN ('sitenname','webtitle')  [ RunTime:0.0003s ]
NOTIC: [8] Undefined index: key /www/wwwroot/ovodw.com/Application/Home/Controller/IndexController.class.php 第 194 行.

[ 2023-07-07T23:58:42+08:00 ] 139.212.57.140 /home/index/getcodes
INFO: [ app_init ] --START--
INFO: Run Behavior\BuildLiteBehavior [ RunTime:0.000020s ]
INFO: [ app_init ] --END-- [ RunTime:0.000528s ]
INFO: [ app_begin ] --START--
INFO: Run Behavior\ReadHtmlCacheBehavior [ RunTime:0.000653s ]
INFO: [ app_begin ] --END-- [ RunTime:0.000724s ]
SQL: SELECT * FROM `xman_api` WHERE ( isuse=1 ) LIMIT 1   [ RunTime:0.0004s ]
SQL: SELECT `name`,`value` FROM `xman_config` WHERE `name` IN ('sitenname','webtitle')  [ RunTime:0.0003s ]
NOTIC: [8] Undefined index: key /www/wwwroot/ovodw.com/Application/Home/Controller/IndexController.class.php 第 194 行.

[ 2023-07-07T23:58:52+08:00 ] 120.87.107.129 /home/index/getcodes
INFO: [ app_init ] --START--
INFO: Run Behavior\BuildLiteBehavior [ RunTime:0.000021s ]
INFO: [ app_init ] --END-- [ RunTime:0.000510s ]
INFO: [ app_begin ] --START--
INFO: Run Behavior\ReadHtmlCacheBehavior [ RunTime:0.000631s ]
INFO: [ app_begin ] --END-- [ RunTime:0.000701s ]
SQL: SELECT * FROM `xman_api` WHERE ( isuse=1 ) LIMIT 1   [ RunTime:0.0004s ]
SQL: SELECT `name`,`value` FROM `xman_config` WHERE `name` IN ('sitenname','webtitle')  [ RunTime:0.0003s ]
NOTIC: [8] Undefined index: key /www/wwwroot/ovodw.com/Application/Home/Controller/IndexController.class.php 第 194 行.

[ 2023-07-07T23:58:52+08:00 ] 139.212.57.140 /home/index/getcodes
INFO: [ app_init ] --START--
INFO: Run Behavior\BuildLiteBehavior [ RunTime:0.000020s ]
INFO: [ app_init ] --END-- [ RunTime:0.000519s ]
INFO: [ app_begin ] --START--
INFO: Run Behavior\ReadHtmlCacheBehavior [ RunTime:0.000632s ]
INFO: [ app_begin ] --END-- [ RunTime:0.000706s ]
SQL: SELECT * FROM `xman_api` WHERE ( isuse=1 ) LIMIT 1   [ RunTime:0.0004s ]
SQL: SELECT `name`,`value` FROM `xman_config` WHERE `name` IN ('sitenname','webtitle')  [ RunTime:0.0004s ]
NOTIC: [8] Undefined index: key /www/wwwroot/ovodw.com/Application/Home/Controller/IndexController.class.php 第 194 行.

[ 2023-07-07T23:59:01+08:00 ] 103.56.112.49 /home/index/region
INFO: [ app_init ] --START--
INFO: Run Behavior\BuildLiteBehavior [ RunTime:0.000016s ]
INFO: [ app_init ] --END-- [ RunTime:0.000408s ]
INFO: [ app_begin ] --START--
INFO: Run Behavior\ReadHtmlCacheBehavior [ RunTime:0.000538s ]
INFO: [ app_begin ] --END-- [ RunTime:0.000599s ]
SQL: SELECT * FROM `xman_api` WHERE ( isuse=1 ) LIMIT 1   [ RunTime:0.0004s ]
SQL: SELECT `name`,`value` FROM `xman_config` WHERE `name` IN ('sitenname','webtitle')  [ RunTime:0.0003s ]

[ 2023-07-07T23:59:03+08:00 ] 120.87.107.129 /home/index/getcodes
INFO: [ app_init ] --START--
INFO: Run Behavior\BuildLiteBehavior [ RunTime:0.000010s ]
INFO: [ app_init ] --END-- [ RunTime:0.000301s ]
INFO: [ app_begin ] --START--
INFO: Run Behavior\ReadHtmlCacheBehavior [ RunTime:0.000326s ]
INFO: [ app_begin ] --END-- [ RunTime:0.000367s ]
SQL: SELECT * FROM `xman_api` WHERE ( isuse=1 ) LIMIT 1   [ RunTime:0.0003s ]
SQL: SELECT `name`,`value` FROM `xman_config` WHERE `name` IN ('sitenname','webtitle')  [ RunTime:0.0002s ]
NOTIC: [8] Undefined index: key /www/wwwroot/ovodw.com/Application/Home/Controller/IndexController.class.php 第 194 行.

[ 2023-07-07T23:59:03+08:00 ] 139.212.57.140 /home/index/getcodes
INFO: [ app_init ] --START--
INFO: Run Behavior\BuildLiteBehavior [ RunTime:0.000020s ]
INFO: [ app_init ] --END-- [ RunTime:0.000526s ]
INFO: [ app_begin ] --START--
INFO: Run Behavior\ReadHtmlCacheBehavior [ RunTime:0.001286s ]
INFO: [ app_begin ] --END-- [ RunTime:0.001390s ]
SQL: SELECT * FROM `xman_api` WHERE ( isuse=1 ) LIMIT 1   [ RunTime:0.0005s ]
SQL: SELECT `name`,`value` FROM `xman_config` WHERE `name` IN ('sitenname','webtitle')  [ RunTime:0.0004s ]
NOTIC: [8] Undefined index: key /www/wwwroot/ovodw.com/Application/Home/Controller/IndexController.class.php 第 194 行.
SQL: UPDATE `xman_code` SET `usertime`='2023-07-07 23:59:03',`sms`='【NSM】[PUBG] 验证码： 351466。验证码有效 3 分钟',`status`='1',`phone`='16218723651' WHERE `code` = 'wq7kvWz2c801Y' [ RunTime:0.2213s ]

[ 2023-07-07T23:59:12+08:00 ] 120.87.107.129 /home/index/getcodes
INFO: [ app_init ] --START--
INFO: Run Behavior\BuildLiteBehavior [ RunTime:0.000020s ]
INFO: [ app_init ] --END-- [ RunTime:0.000518s ]
INFO: [ app_begin ] --START--
INFO: Run Behavior\ReadHtmlCacheBehavior [ RunTime:0.000685s ]
INFO: [ app_begin ] --END-- [ RunTime:0.000755s ]
SQL: SELECT * FROM `xman_api` WHERE ( isuse=1 ) LIMIT 1   [ RunTime:0.0005s ]
SQL: SELECT `name`,`value` FROM `xman_config` WHERE `name` IN ('sitenname','webtitle')  [ RunTime:0.0004s ]
NOTIC: [8] Undefined index: key /www/wwwroot/ovodw.com/Application/Home/Controller/IndexController.class.php 第 194 行.

[ 2023-07-07T23:59:22+08:00 ] 120.87.107.129 /home/index/getcodes
INFO: [ app_init ] --START--
INFO: Run Behavior\BuildLiteBehavior [ RunTime:0.000022s ]
INFO: [ app_init ] --END-- [ RunTime:0.000541s ]
INFO: [ app_begin ] --START--
INFO: Run Behavior\ReadHtmlCacheBehavior [ RunTime:0.000685s ]
INFO: [ app_begin ] --END-- [ RunTime:0.000758s ]
SQL: SELECT * FROM `xman_api` WHERE ( isuse=1 ) LIMIT 1   [ RunTime:0.0006s ]
SQL: SELECT `name`,`value` FROM `xman_config` WHERE `name` IN ('sitenname','webtitle')  [ RunTime:0.0005s ]
NOTIC: [8] Undefined index: key /www/wwwroot/ovodw.com/Application/Home/Controller/IndexController.class.php 第 194 行.

[ 2023-07-07T23:59:32+08:00 ] 120.87.107.129 /home/index/getcodes
INFO: [ app_init ] --START--
INFO: Run Behavior\BuildLiteBehavior [ RunTime:0.000020s ]
INFO: [ app_init ] --END-- [ RunTime:0.000564s ]
INFO: [ app_begin ] --START--
INFO: Run Behavior\ReadHtmlCacheBehavior [ RunTime:0.000665s ]
INFO: [ app_begin ] --END-- [ RunTime:0.000736s ]
SQL: SELECT * FROM `xman_api` WHERE ( isuse=1 ) LIMIT 1   [ RunTime:0.0004s ]
SQL: SELECT `name`,`value` FROM `xman_config` WHERE `name` IN ('sitenname','webtitle')  [ RunTime:0.0003s ]
NOTIC: [8] Undefined index: key /www/wwwroot/ovodw.com/Application/Home/Controller/IndexController.class.php 第 194 行.

[ 2023-07-07T23:59:42+08:00 ] 120.87.107.129 /home/index/getcodes
INFO: [ app_init ] --START--
INFO: Run Behavior\BuildLiteBehavior [ RunTime:0.000021s ]
INFO: [ app_init ] --END-- [ RunTime:0.000542s ]
INFO: [ app_begin ] --START--
INFO: Run Behavior\ReadHtmlCacheBehavior [ RunTime:0.001148s ]
INFO: [ app_begin ] --END-- [ RunTime:0.001249s ]
SQL: SELECT * FROM `xman_api` WHERE ( isuse=1 ) LIMIT 1   [ RunTime:0.0005s ]
SQL: SELECT `name`,`value` FROM `xman_config` WHERE `name` IN ('sitenname','webtitle')  [ RunTime:0.0005s ]
NOTIC: [8] Undefined index: key /www/wwwroot/ovodw.com/Application/Home/Controller/IndexController.class.php 第 194 行.

[ 2023-07-07T23:59:52+08:00 ] 120.87.107.129 /home/index/getcodes
INFO: [ app_init ] --START--
INFO: Run Behavior\BuildLiteBehavior [ RunTime:0.000019s ]
INFO: [ app_init ] --END-- [ RunTime:0.000537s ]
INFO: [ app_begin ] --START--
INFO: Run Behavior\ReadHtmlCacheBehavior [ RunTime:0.000889s ]
INFO: [ app_begin ] --END-- [ RunTime:0.000966s ]
SQL: SELECT * FROM `xman_api` WHERE ( isuse=1 ) LIMIT 1   [ RunTime:0.0004s ]
SQL: SELECT `name`,`value` FROM `xman_config` WHERE `name` IN ('sitenname','webtitle')  [ RunTime:0.0010s ]
NOTIC: [8] Undefined index: key /www/wwwroot/ovodw.com/Application/Home/Controller/IndexController.class.php 第 194 行.

