[ 2023-06-20T00:16:42+08:00 ] 54.36.149.69 /robots.txt
INFO: [ app_init ] --START--
INFO: Run Behavior\BuildLiteBehavior [ RunTime:0.000023s ]
INFO: [ app_init ] --END-- [ RunTime:0.000566s ]
ERR: 无法加载模块:Robots

[ 2023-06-20T00:24:49+08:00 ] 184.168.125.241 /wp-login.php
INFO: [ app_init ] --START--
INFO: Run Behavior\BuildLiteBehavior [ RunTime:0.000022s ]
INFO: [ app_init ] --END-- [ RunTime:0.000608s ]
ERR: 无法加载模块:Wp-login

[ 2023-06-20T00:53:03+08:00 ] 141.98.10.75 /boaform/admin/formLogin
INFO: [ app_init ] --START--
INFO: Run Behavior\BuildLiteBehavior [ RunTime:0.000022s ]
INFO: [ app_init ] --END-- [ RunTime:0.000600s ]
ERR: 无法加载模块:Boaform

[ 2023-06-20T00:53:28+08:00 ] 167.71.2.63 /robots.txt
INFO: [ app_init ] --START--
INFO: Run Behavior\BuildLiteBehavior [ RunTime:0.000022s ]
INFO: [ app_init ] --END-- [ RunTime:0.000564s ]
ERR: 无法加载模块:Robots

[ 2023-06-20T04:12:54+08:00 ] 185.180.140.6 /cgi-mod/index.cgi
INFO: [ app_init ] --START--
INFO: Run Behavior\BuildLiteBehavior [ RunTime:0.000017s ]
INFO: [ app_init ] --END-- [ RunTime:0.000435s ]
ERR: 无法加载模块:Cgi-mod

[ 2023-06-20T04:22:46+08:00 ] 54.36.148.241 /robots.txt
INFO: [ app_init ] --START--
INFO: Run Behavior\BuildLiteBehavior [ RunTime:0.000021s ]
INFO: [ app_init ] --END-- [ RunTime:0.000555s ]
ERR: 无法加载模块:Robots

[ 2023-06-20T05:25:28+08:00 ] 45.81.39.8 /boaform/admin/formLogin
INFO: [ app_init ] --START--
INFO: Run Behavior\BuildLiteBehavior [ RunTime:0.000022s ]
INFO: [ app_init ] --END-- [ RunTime:0.000550s ]
ERR: 无法加载模块:Boaform

[ 2023-06-20T05:34:40+08:00 ] 79.124.56.98 /boaform/admin/formLogin
INFO: [ app_init ] --START--
INFO: Run Behavior\BuildLiteBehavior [ RunTime:0.000020s ]
INFO: [ app_init ] --END-- [ RunTime:0.000660s ]
ERR: 无法加载模块:Boaform

[ 2023-06-20T05:57:42+08:00 ] 179.43.177.244 /boaform/admin/formLogin
INFO: [ app_init ] --START--
INFO: Run Behavior\BuildLiteBehavior [ RunTime:0.000021s ]
INFO: [ app_init ] --END-- [ RunTime:0.000532s ]
ERR: 无法加载模块:Boaform

[ 2023-06-20T07:15:47+08:00 ] 180.163.30.27 /layui/layui.all.js
INFO: [ app_init ] --START--
INFO: Run Behavior\BuildLiteBehavior [ RunTime:0.000022s ]
INFO: [ app_init ] --END-- [ RunTime:0.000624s ]
ERR: 无法加载模块:Layui

[ 2023-06-20T07:15:47+08:00 ] 180.163.30.27 /js/jquery-3.1.0.js
INFO: [ app_init ] --START--
INFO: Run Behavior\BuildLiteBehavior [ RunTime:0.000020s ]
INFO: [ app_init ] --END-- [ RunTime:0.000517s ]
ERR: 无法加载模块:Js

[ 2023-06-20T07:15:48+08:00 ] 180.163.30.27 /js/layer.js
INFO: [ app_init ] --START--
INFO: Run Behavior\BuildLiteBehavior [ RunTime:0.000028s ]
INFO: [ app_init ] --END-- [ RunTime:0.000816s ]
ERR: 无法加载模块:Js

[ 2023-06-20T07:15:48+08:00 ] 180.163.30.27 /js/clipboard.min.js
INFO: [ app_init ] --START--
INFO: Run Behavior\BuildLiteBehavior [ RunTime:0.000023s ]
INFO: [ app_init ] --END-- [ RunTime:0.000691s ]
ERR: 无法加载模块:Js

[ 2023-06-20T07:51:19+08:00 ] 149.56.150.60 /robots.txt
INFO: [ app_init ] --START--
INFO: Run Behavior\BuildLiteBehavior [ RunTime:0.000021s ]
INFO: [ app_init ] --END-- [ RunTime:0.000584s ]
ERR: 无法加载模块:Robots

[ 2023-06-20T07:51:19+08:00 ] 149.56.150.60 /sitemap.xml
INFO: [ app_init ] --START--
INFO: Run Behavior\BuildLiteBehavior [ RunTime:0.000028s ]
INFO: [ app_init ] --END-- [ RunTime:0.000710s ]
ERR: 无法加载模块:Sitemap

[ 2023-06-20T07:51:20+08:00 ] 149.56.150.60 /ads.txt
INFO: [ app_init ] --START--
INFO: Run Behavior\BuildLiteBehavior [ RunTime:0.000021s ]
INFO: [ app_init ] --END-- [ RunTime:0.000596s ]
ERR: 无法加载模块:Ads

[ 2023-06-20T07:51:21+08:00 ] 149.56.150.60 /humans.txt
INFO: [ app_init ] --START--
INFO: Run Behavior\BuildLiteBehavior [ RunTime:0.000055s ]
INFO: [ app_init ] --END-- [ RunTime:0.000599s ]
ERR: 无法加载模块:Humans

[ 2023-06-20T07:51:21+08:00 ] 149.56.150.60 /security.txt
INFO: [ app_init ] --START--
INFO: Run Behavior\BuildLiteBehavior [ RunTime:0.000009s ]
INFO: [ app_init ] --END-- [ RunTime:0.000275s ]
ERR: 无法加载模块:Security

[ 2023-06-20T07:51:22+08:00 ] 149.56.150.60 /.well-known/security.txt
INFO: [ app_init ] --START--
INFO: Run Behavior\BuildLiteBehavior [ RunTime:0.000021s ]
INFO: [ app_init ] --END-- [ RunTime:0.000546s ]
ERR: 无法加载模块:.well-known

[ 2023-06-20T08:11:51+08:00 ] 52.167.144.59 /robots.txt
INFO: [ app_init ] --START--
INFO: Run Behavior\BuildLiteBehavior [ RunTime:0.000020s ]
INFO: [ app_init ] --END-- [ RunTime:0.000511s ]
ERR: 无法加载模块:Robots

[ 2023-06-20T08:30:33+08:00 ] 118.193.38.58 /layui/layui.all.js
INFO: [ app_init ] --START--
INFO: Run Behavior\BuildLiteBehavior [ RunTime:0.000030s ]
INFO: [ app_init ] --END-- [ RunTime:0.000590s ]
ERR: 无法加载模块:Layui

[ 2023-06-20T08:30:33+08:00 ] 118.193.38.58 /js/jquery-3.1.0.js
INFO: [ app_init ] --START--
INFO: Run Behavior\BuildLiteBehavior [ RunTime:0.000022s ]
INFO: [ app_init ] --END-- [ RunTime:0.000689s ]
ERR: 无法加载模块:Js

[ 2023-06-20T08:30:34+08:00 ] 118.193.38.58 /js/layer.js
INFO: [ app_init ] --START--
INFO: Run Behavior\BuildLiteBehavior [ RunTime:0.000021s ]
INFO: [ app_init ] --END-- [ RunTime:0.000543s ]
ERR: 无法加载模块:Js

[ 2023-06-20T08:30:34+08:00 ] 118.193.38.58 /js/clipboard.min.js
INFO: [ app_init ] --START--
INFO: Run Behavior\BuildLiteBehavior [ RunTime:0.000020s ]
INFO: [ app_init ] --END-- [ RunTime:0.000513s ]
ERR: 无法加载模块:Js

[ 2023-06-20T09:09:51+08:00 ] 64.180.192.236 /apple-touch-icon-120x120-precomposed.png
INFO: [ app_init ] --START--
INFO: Run Behavior\BuildLiteBehavior [ RunTime:0.000021s ]
INFO: [ app_init ] --END-- [ RunTime:0.000515s ]
ERR: 无法加载模块:Apple-touch-icon-120x120-precomposed

[ 2023-06-20T09:09:51+08:00 ] 64.180.192.236 /apple-touch-icon-120x120.png
INFO: [ app_init ] --START--
INFO: Run Behavior\BuildLiteBehavior [ RunTime:0.000027s ]
INFO: [ app_init ] --END-- [ RunTime:0.000547s ]
ERR: 无法加载模块:Apple-touch-icon-120x120

[ 2023-06-20T09:09:52+08:00 ] 64.180.192.236 /apple-touch-icon-precomposed.png
INFO: [ app_init ] --START--
INFO: Run Behavior\BuildLiteBehavior [ RunTime:0.000020s ]
INFO: [ app_init ] --END-- [ RunTime:0.000509s ]
ERR: 无法加载模块:Apple-touch-icon-precomposed

[ 2023-06-20T09:09:52+08:00 ] 64.180.192.236 /apple-touch-icon.png
INFO: [ app_init ] --START--
INFO: Run Behavior\BuildLiteBehavior [ RunTime:0.000020s ]
INFO: [ app_init ] --END-- [ RunTime:0.000520s ]
ERR: 无法加载模块:Apple-touch-icon

[ 2023-06-20T09:46:54+08:00 ] 157.230.84.200 //config/config.js
INFO: [ app_init ] --START--
INFO: Run Behavior\BuildLiteBehavior [ RunTime:0.000021s ]
INFO: [ app_init ] --END-- [ RunTime:0.000544s ]
ERR: 无法加载模块:Config

[ 2023-06-20T09:46:57+08:00 ] 157.230.84.200 //config/config.json
INFO: [ app_init ] --START--
INFO: Run Behavior\BuildLiteBehavior [ RunTime:0.000021s ]
INFO: [ app_init ] --END-- [ RunTime:0.000606s ]
ERR: 无法加载模块:Config

[ 2023-06-20T09:47:00+08:00 ] 157.230.84.200 //.env.bak
INFO: [ app_init ] --START--
INFO: Run Behavior\BuildLiteBehavior [ RunTime:0.000030s ]
INFO: [ app_init ] --END-- [ RunTime:0.000982s ]
ERR: 无法加载模块:.env

[ 2023-06-20T09:47:13+08:00 ] 157.230.84.200 //config.env
INFO: [ app_init ] --START--
INFO: Run Behavior\BuildLiteBehavior [ RunTime:0.000020s ]
INFO: [ app_init ] --END-- [ RunTime:0.000515s ]
ERR: 无法加载模块:Config

[ 2023-06-20T09:47:19+08:00 ] 157.230.84.200 //.env.dist
INFO: [ app_init ] --START--
INFO: Run Behavior\BuildLiteBehavior [ RunTime:0.000020s ]
INFO: [ app_init ] --END-- [ RunTime:0.000661s ]
ERR: 无法加载模块:.env

[ 2023-06-20T09:47:22+08:00 ] 157.230.84.200 //.env.dev
INFO: [ app_init ] --START--
INFO: Run Behavior\BuildLiteBehavior [ RunTime:0.000022s ]
INFO: [ app_init ] --END-- [ RunTime:0.000623s ]
ERR: 无法加载模块:.env

[ 2023-06-20T09:47:25+08:00 ] 157.230.84.200 //.env.local
INFO: [ app_init ] --START--
INFO: Run Behavior\BuildLiteBehavior [ RunTime:0.000021s ]
INFO: [ app_init ] --END-- [ RunTime:0.000613s ]
ERR: 无法加载模块:.env

[ 2023-06-20T09:47:28+08:00 ] 157.230.84.200 //public/.env
INFO: [ app_init ] --START--
INFO: Run Behavior\BuildLiteBehavior [ RunTime:0.000020s ]
INFO: [ app_init ] --END-- [ RunTime:0.000532s ]
ERR: 无法加载模块:Public

[ 2023-06-20T09:47:37+08:00 ] 157.230.84.200 //laravel/.env
INFO: [ app_init ] --START--
INFO: Run Behavior\BuildLiteBehavior [ RunTime:0.000026s ]
INFO: [ app_init ] --END-- [ RunTime:0.000669s ]
ERR: 无法加载模块:Laravel

[ 2023-06-20T09:47:40+08:00 ] 157.230.84.200 //laravel/core/.env
INFO: [ app_init ] --START--
INFO: Run Behavior\BuildLiteBehavior [ RunTime:0.000021s ]
INFO: [ app_init ] --END-- [ RunTime:0.000634s ]
ERR: 无法加载模块:Laravel

[ 2023-06-20T09:47:43+08:00 ] 157.230.84.200 //beta/.env
INFO: [ app_init ] --START--
INFO: Run Behavior\BuildLiteBehavior [ RunTime:0.000039s ]
INFO: [ app_init ] --END-- [ RunTime:0.000660s ]
ERR: 无法加载模块:Beta

[ 2023-06-20T09:47:46+08:00 ] 157.230.84.200 //kyc/.env
INFO: [ app_init ] --START--
INFO: Run Behavior\BuildLiteBehavior [ RunTime:0.000023s ]
INFO: [ app_init ] --END-- [ RunTime:0.000761s ]
ERR: 无法加载模块:Kyc

[ 2023-06-20T09:48:02+08:00 ] 157.230.84.200 //prod/.env
INFO: [ app_init ] --START--
INFO: Run Behavior\BuildLiteBehavior [ RunTime:0.000027s ]
INFO: [ app_init ] --END-- [ RunTime:0.000558s ]
ERR: 无法加载模块:Prod

[ 2023-06-20T09:48:13+08:00 ] 157.230.84.200 //.env.backup
INFO: [ app_init ] --START--
INFO: Run Behavior\BuildLiteBehavior [ RunTime:0.000038s ]
INFO: [ app_init ] --END-- [ RunTime:0.001102s ]
ERR: 无法加载模块:.env

[ 2023-06-20T09:48:16+08:00 ] 157.230.84.200 //.env.docker.dev
INFO: [ app_init ] --START--
INFO: Run Behavior\BuildLiteBehavior [ RunTime:0.000022s ]
INFO: [ app_init ] --END-- [ RunTime:0.000616s ]
ERR: 无法加载模块:.env.docker

[ 2023-06-20T09:48:19+08:00 ] 157.230.84.200 //.env.php
INFO: [ app_init ] --START--
INFO: Run Behavior\BuildLiteBehavior [ RunTime:0.000021s ]
INFO: [ app_init ] --END-- [ RunTime:0.000549s ]
ERR: 无法加载模块:.env

[ 2023-06-20T09:48:23+08:00 ] 157.230.84.200 //.env.prod
INFO: [ app_init ] --START--
INFO: Run Behavior\BuildLiteBehavior [ RunTime:0.000021s ]
INFO: [ app_init ] --END-- [ RunTime:0.000681s ]
ERR: 无法加载模块:.env

[ 2023-06-20T09:48:31+08:00 ] 157.230.84.200 //.env.production.local
INFO: [ app_init ] --START--
INFO: Run Behavior\BuildLiteBehavior [ RunTime:0.000022s ]
INFO: [ app_init ] --END-- [ RunTime:0.000574s ]
ERR: 无法加载模块:.env.production

[ 2023-06-20T09:48:37+08:00 ] 157.230.84.200 //.env.sample.php
INFO: [ app_init ] --START--
INFO: Run Behavior\BuildLiteBehavior [ RunTime:0.000020s ]
INFO: [ app_init ] --END-- [ RunTime:0.000532s ]
ERR: 无法加载模块:.env.sample

[ 2023-06-20T09:48:54+08:00 ] 157.230.84.200 //.env.save
INFO: [ app_init ] --START--
INFO: Run Behavior\BuildLiteBehavior [ RunTime:0.000022s ]
INFO: [ app_init ] --END-- [ RunTime:0.000525s ]
ERR: 无法加载模块:.env

[ 2023-06-20T09:49:03+08:00 ] 157.230.84.200 //.env.stage
INFO: [ app_init ] --START--
INFO: Run Behavior\BuildLiteBehavior [ RunTime:0.000020s ]
INFO: [ app_init ] --END-- [ RunTime:0.000670s ]
ERR: 无法加载模块:.env

[ 2023-06-20T09:49:09+08:00 ] 157.230.84.200 //.env.test
INFO: [ app_init ] --START--
INFO: Run Behavior\BuildLiteBehavior [ RunTime:0.000027s ]
INFO: [ app_init ] --END-- [ RunTime:0.000642s ]
ERR: 无法加载模块:.env

[ 2023-06-20T09:49:15+08:00 ] 157.230.84.200 //.env.test.local/api/.env
INFO: [ app_init ] --START--
INFO: Run Behavior\BuildLiteBehavior [ RunTime:0.000021s ]
INFO: [ app_init ] --END-- [ RunTime:0.000662s ]
ERR: 无法加载模块:.env.test.local

[ 2023-06-20T09:49:18+08:00 ] 157.230.84.200 //.docker/.env
INFO: [ app_init ] --START--
INFO: Run Behavior\BuildLiteBehavior [ RunTime:0.000021s ]
INFO: [ app_init ] --END-- [ RunTime:0.000600s ]
ERR: 无法加载模块:.docker

[ 2023-06-20T09:49:24+08:00 ] 157.230.84.200 //.docker/laravel/app/.env
INFO: [ app_init ] --START--
INFO: Run Behavior\BuildLiteBehavior [ RunTime:0.000021s ]
INFO: [ app_init ] --END-- [ RunTime:0.000565s ]
ERR: 无法加载模块:.docker

[ 2023-06-20T09:49:28+08:00 ] 157.230.84.200 //env.backup
INFO: [ app_init ] --START--
INFO: Run Behavior\BuildLiteBehavior [ RunTime:0.000021s ]
INFO: [ app_init ] --END-- [ RunTime:0.000594s ]
ERR: 无法加载模块:Env

[ 2023-06-20T09:49:57+08:00 ] 157.230.84.200 //.gitlab-ci/.env
INFO: [ app_init ] --START--
INFO: Run Behavior\BuildLiteBehavior [ RunTime:0.000020s ]
INFO: [ app_init ] --END-- [ RunTime:0.000645s ]
ERR: 无法加载模块:.gitlab-ci

[ 2023-06-20T09:49:59+08:00 ] 157.230.84.200 //.vscode/.env
INFO: [ app_init ] --START--
INFO: Run Behavior\BuildLiteBehavior [ RunTime:0.000020s ]
INFO: [ app_init ] --END-- [ RunTime:0.000522s ]
ERR: 无法加载模块:.vscode

[ 2023-06-20T09:50:11+08:00 ] 157.230.84.200 //mailer/.env
INFO: [ app_init ] --START--
INFO: Run Behavior\BuildLiteBehavior [ RunTime:0.000023s ]
INFO: [ app_init ] --END-- [ RunTime:0.000601s ]
ERR: 无法加载模块:Mailer

[ 2023-06-20T09:50:15+08:00 ] 157.230.84.200 //twitter/.env
INFO: [ app_init ] --START--
INFO: Run Behavior\BuildLiteBehavior [ RunTime:0.000020s ]
INFO: [ app_init ] --END-- [ RunTime:0.000506s ]
ERR: 无法加载模块:Twitter

[ 2023-06-20T09:50:18+08:00 ] 157.230.84.200 //.env.development.local
INFO: [ app_init ] --START--
INFO: Run Behavior\BuildLiteBehavior [ RunTime:0.000021s ]
INFO: [ app_init ] --END-- [ RunTime:0.000611s ]
ERR: 无法加载模块:.env.development

[ 2023-06-20T09:50:24+08:00 ] 157.230.84.200 //_profiler/phpinfo
INFO: [ app_init ] --START--
INFO: Run Behavior\BuildLiteBehavior [ RunTime:0.000031s ]
INFO: [ app_init ] --END-- [ RunTime:0.000858s ]
ERR: 无法加载模块:_profiler

[ 2023-06-20T09:50:26+08:00 ] 157.230.84.200 //_profiler/phpinfo
INFO: [ app_init ] --START--
INFO: Run Behavior\BuildLiteBehavior [ RunTime:0.000021s ]
INFO: [ app_init ] --END-- [ RunTime:0.000569s ]
ERR: 无法加载模块:_profiler

[ 2023-06-20T09:50:31+08:00 ] 157.230.84.200 //phpinfo.php
INFO: [ app_init ] --START--
INFO: Run Behavior\BuildLiteBehavior [ RunTime:0.000023s ]
INFO: [ app_init ] --END-- [ RunTime:0.000599s ]
ERR: 无法加载模块:Phpinfo

[ 2023-06-20T09:50:45+08:00 ] 157.230.84.200 //phpinfo
INFO: [ app_init ] --START--
INFO: Run Behavior\BuildLiteBehavior [ RunTime:0.000020s ]
INFO: [ app_init ] --END-- [ RunTime:0.000541s ]
ERR: 无法加载模块:Phpinfo

[ 2023-06-20T09:50:51+08:00 ] 157.230.84.200 //info.php
INFO: [ app_init ] --START--
INFO: Run Behavior\BuildLiteBehavior [ RunTime:0.000020s ]
INFO: [ app_init ] --END-- [ RunTime:0.000496s ]
ERR: 无法加载模块:Info

[ 2023-06-20T09:50:56+08:00 ] 157.230.84.200 //php.ini
INFO: [ app_init ] --START--
INFO: Run Behavior\BuildLiteBehavior [ RunTime:0.000020s ]
INFO: [ app_init ] --END-- [ RunTime:0.000613s ]
ERR: 无法加载模块:Php

[ 2023-06-20T09:51:00+08:00 ] 157.230.84.200 //php.php
INFO: [ app_init ] --START--
INFO: Run Behavior\BuildLiteBehavior [ RunTime:0.000021s ]
INFO: [ app_init ] --END-- [ RunTime:0.000546s ]
ERR: 无法加载模块:Php

[ 2023-06-20T09:51:03+08:00 ] 157.230.84.200 //infophp.php
INFO: [ app_init ] --START--
INFO: Run Behavior\BuildLiteBehavior [ RunTime:0.000021s ]
INFO: [ app_init ] --END-- [ RunTime:0.000596s ]
ERR: 无法加载模块:Infophp

[ 2023-06-20T09:51:16+08:00 ] 157.230.84.200 //test.php
INFO: [ app_init ] --START--
INFO: Run Behavior\BuildLiteBehavior [ RunTime:0.000016s ]
INFO: [ app_init ] --END-- [ RunTime:0.000417s ]
ERR: 无法加载模块:Test

[ 2023-06-20T09:51:19+08:00 ] 157.230.84.200 //dashboard/phpinfo.php
INFO: [ app_init ] --START--
INFO: Run Behavior\BuildLiteBehavior [ RunTime:0.000021s ]
INFO: [ app_init ] --END-- [ RunTime:0.000551s ]
ERR: 无法加载模块:Dashboard

[ 2023-06-20T09:51:25+08:00 ] 157.230.84.200 //php-info.php
INFO: [ app_init ] --START--
INFO: Run Behavior\BuildLiteBehavior [ RunTime:0.000011s ]
INFO: [ app_init ] --END-- [ RunTime:0.000263s ]
ERR: 无法加载模块:Php-info

[ 2023-06-20T09:51:28+08:00 ] 157.230.84.200 //linusadmin-phpinfo.php
INFO: [ app_init ] --START--
INFO: Run Behavior\BuildLiteBehavior [ RunTime:0.000028s ]
INFO: [ app_init ] --END-- [ RunTime:0.000686s ]
ERR: 无法加载模块:Linusadmin-phpinfo

[ 2023-06-20T09:51:38+08:00 ] 157.230.84.200 //infos.php
INFO: [ app_init ] --START--
INFO: Run Behavior\BuildLiteBehavior [ RunTime:0.000028s ]
INFO: [ app_init ] --END-- [ RunTime:0.000716s ]
ERR: 无法加载模块:Infos

[ 2023-06-20T09:51:41+08:00 ] 157.230.84.200 //old_phpinfo.php
INFO: [ app_init ] --START--
INFO: Run Behavior\BuildLiteBehavior [ RunTime:0.000020s ]
INFO: [ app_init ] --END-- [ RunTime:0.000521s ]
ERR: 无法加载模块:Old_phpinfo

[ 2023-06-20T09:51:43+08:00 ] 157.230.84.200 //temp.php
INFO: [ app_init ] --START--
INFO: Run Behavior\BuildLiteBehavior [ RunTime:0.000030s ]
INFO: [ app_init ] --END-- [ RunTime:0.000845s ]
ERR: 无法加载模块:Temp

[ 2023-06-20T09:51:47+08:00 ] 157.230.84.200 //time.php
INFO: [ app_init ] --START--
INFO: Run Behavior\BuildLiteBehavior [ RunTime:0.000026s ]
INFO: [ app_init ] --END-- [ RunTime:0.000819s ]
ERR: 无法加载模块:Time

[ 2023-06-20T09:51:50+08:00 ] 157.230.84.200 //phpversion.php
INFO: [ app_init ] --START--
INFO: Run Behavior\BuildLiteBehavior [ RunTime:0.000023s ]
INFO: [ app_init ] --END-- [ RunTime:0.000633s ]
ERR: 无法加载模块:Phpversion

[ 2023-06-20T09:51:53+08:00 ] 157.230.84.200 //pinfo.php
INFO: [ app_init ] --START--
INFO: Run Behavior\BuildLiteBehavior [ RunTime:0.000020s ]
INFO: [ app_init ] --END-- [ RunTime:0.000558s ]
ERR: 无法加载模块:Pinfo

[ 2023-06-20T09:52:03+08:00 ] 157.230.84.200 //i.php
INFO: [ app_init ] --START--
INFO: Run Behavior\BuildLiteBehavior [ RunTime:0.000039s ]
INFO: [ app_init ] --END-- [ RunTime:0.001085s ]
ERR: 无法加载模块:I

[ 2023-06-20T09:52:08+08:00 ] 157.230.84.200 //asdf.php
INFO: [ app_init ] --START--
INFO: Run Behavior\BuildLiteBehavior [ RunTime:0.000021s ]
INFO: [ app_init ] --END-- [ RunTime:0.000595s ]
ERR: 无法加载模块:Asdf

[ 2023-06-20T10:24:17+08:00 ] 185.213.174.190 /index.php?s=/index/think%5Capp/invokeMethod&method[0]=think%5Cview%5Cdriver%5CPhp&method[1]=display&vars[0]=%3C?php%20echo%20md5(%271f3870be274f6c49b3e31a0c6728957f%27);
INFO: [ app_init ] --START--
INFO: Run Behavior\BuildLiteBehavior [ RunTime:0.000021s ]
INFO: [ app_init ] --END-- [ RunTime:0.000529s ]
ERR: 无法加载模块:Index

[ 2023-06-20T10:24:20+08:00 ] 185.213.174.190 /index.php?s=/api/think%5Capp/invokeMethod&method[0]=think%5Cview%5Cdriver%5CPhp&method[1]=display&vars[0]=%3C?php%20echo%20md5(%271f3870be274f6c49b3e31a0c6728957f%27);
INFO: [ app_init ] --START--
INFO: Run Behavior\BuildLiteBehavior [ RunTime:0.000021s ]
INFO: [ app_init ] --END-- [ RunTime:0.000574s ]
ERR: 无法加载模块:Api

[ 2023-06-20T10:24:23+08:00 ] 185.213.174.190 /index.php?s=/user/think%5Capp/invokeMethod&method[0]=think%5Cview%5Cdriver%5CPhp&method[1]=display&vars[0]=%3C?php%20echo%20md5(%271f3870be274f6c49b3e31a0c6728957f%27);
INFO: [ app_init ] --START--
INFO: Run Behavior\BuildLiteBehavior [ RunTime:0.000020s ]
INFO: [ app_init ] --END-- [ RunTime:0.000545s ]
ERR: 无法加载模块:User

[ 2023-06-20T10:24:25+08:00 ] 185.213.174.190 /index.php?s=//think%5Capp/invokeMethod&method[0]=think%5Cview%5Cdriver%5CPhp&method[1]=display&vars[0]=%3C?php%20echo%20md5(%271f3870be274f6c49b3e31a0c6728957f%27);
INFO: [ app_init ] --START--
INFO: Run Behavior\BuildLiteBehavior [ RunTime:0.000021s ]
INFO: [ app_init ] --END-- [ RunTime:0.000562s ]
ERR: 无法加载模块:Think\app

[ 2023-06-20T10:24:25+08:00 ] 185.213.174.190 /index.php?s=/index/think%5Capp/invokefunction&function=call_user_func_array&vars[0]=md5&vars[1][]=1f3870be274f6c49b3e31a0c6728957f
INFO: [ app_init ] --START--
INFO: Run Behavior\BuildLiteBehavior [ RunTime:0.000019s ]
INFO: [ app_init ] --END-- [ RunTime:0.000516s ]
ERR: 无法加载模块:Index

[ 2023-06-20T10:24:28+08:00 ] 185.213.174.190 /index.php?s=/api/think%5Capp/invokefunction&function=call_user_func_array&vars[0]=md5&vars[1][]=1f3870be274f6c49b3e31a0c6728957f
INFO: [ app_init ] --START--
INFO: Run Behavior\BuildLiteBehavior [ RunTime:0.000021s ]
INFO: [ app_init ] --END-- [ RunTime:0.000538s ]
ERR: 无法加载模块:Api

[ 2023-06-20T10:24:29+08:00 ] 185.213.174.190 /index.php?s=/user/think%5Capp/invokefunction&function=call_user_func_array&vars[0]=md5&vars[1][]=1f3870be274f6c49b3e31a0c6728957f
INFO: [ app_init ] --START--
INFO: Run Behavior\BuildLiteBehavior [ RunTime:0.000030s ]
INFO: [ app_init ] --END-- [ RunTime:0.000835s ]
ERR: 无法加载模块:User

[ 2023-06-20T10:24:30+08:00 ] 185.213.174.190 /index.php?s=//think%5Capp/invokefunction&function=call_user_func_array&vars[0]=md5&vars[1][]=1f3870be274f6c49b3e31a0c6728957f
INFO: [ app_init ] --START--
INFO: Run Behavior\BuildLiteBehavior [ RunTime:0.000027s ]
INFO: [ app_init ] --END-- [ RunTime:0.000852s ]
ERR: 无法加载模块:Think\app

[ 2023-06-20T10:24:30+08:00 ] 185.213.174.190 /index.php?s=captcha
INFO: [ app_init ] --START--
INFO: Run Behavior\BuildLiteBehavior [ RunTime:0.000020s ]
INFO: [ app_init ] --END-- [ RunTime:0.000689s ]
ERR: 无法加载模块:Captcha

[ 2023-06-20T10:24:33+08:00 ] 185.213.174.190 /phpqrcode/shell.php?shell=echo%20123|%20md5sum
INFO: [ app_init ] --START--
INFO: Run Behavior\BuildLiteBehavior [ RunTime:0.000050s ]
INFO: [ app_init ] --END-- [ RunTime:0.000563s ]
ERR: 无法加载模块:Phpqrcode

[ 2023-06-20T10:24:34+08:00 ] 185.213.174.190 /sgadmin/fncPurseWithdraw/detail.php?wdw=1%20union%20all%20select%201,2,3,4,5,6,7,8,9,0,11,12,13,14,15,16,(select%20md5(md5(%27safwerqwejlkjflasldfasndk%27)))
INFO: [ app_init ] --START--
INFO: Run Behavior\BuildLiteBehavior [ RunTime:0.000028s ]
INFO: [ app_init ] --END-- [ RunTime:0.000716s ]
ERR: 无法加载模块:Sgadmin

[ 2023-06-20T10:24:34+08:00 ] 185.213.174.190 /upload/eupload
INFO: [ app_init ] --START--
INFO: Run Behavior\BuildLiteBehavior [ RunTime:0.000021s ]
INFO: [ app_init ] --END-- [ RunTime:0.000595s ]
ERR: 无法加载模块:Upload

[ 2023-06-20T10:24:35+08:00 ] 185.213.174.190 /ch/upload/upload
INFO: [ app_init ] --START--
INFO: Run Behavior\BuildLiteBehavior [ RunTime:0.000021s ]
INFO: [ app_init ] --END-- [ RunTime:0.000522s ]
ERR: 无法加载模块:Ch

[ 2023-06-20T10:24:35+08:00 ] 185.213.174.190 /index.php?s=index/user/_empty
INFO: [ app_init ] --START--
INFO: Run Behavior\BuildLiteBehavior [ RunTime:0.000021s ]
INFO: [ app_init ] --END-- [ RunTime:0.000602s ]
ERR: 无法加载模块:Index

[ 2023-06-20T10:24:36+08:00 ] 185.213.174.190 /static/js/admin.js
INFO: [ app_init ] --START--
INFO: Run Behavior\BuildLiteBehavior [ RunTime:0.000023s ]
INFO: [ app_init ] --END-- [ RunTime:0.000560s ]
ERR: 无法加载模块:Static

[ 2023-06-20T10:24:36+08:00 ] 185.213.174.190 /loginMe
INFO: [ app_init ] --START--
INFO: Run Behavior\BuildLiteBehavior [ RunTime:0.000027s ]
INFO: [ app_init ] --END-- [ RunTime:0.000683s ]
ERR: 无法加载模块:LoginMe

[ 2023-06-20T10:24:43+08:00 ] 185.213.174.190 /static/admin.js
INFO: [ app_init ] --START--
INFO: Run Behavior\BuildLiteBehavior [ RunTime:0.000022s ]
INFO: [ app_init ] --END-- [ RunTime:0.000540s ]
ERR: 无法加载模块:Static

[ 2023-06-20T10:24:43+08:00 ] 185.213.174.190 /static/component/pear/pear.js
INFO: [ app_init ] --START--
INFO: Run Behavior\BuildLiteBehavior [ RunTime:0.000020s ]
INFO: [ app_init ] --END-- [ RunTime:0.000548s ]
ERR: 无法加载模块:Static

[ 2023-06-20T10:24:46+08:00 ] 185.213.174.190 /auth/login
INFO: [ app_init ] --START--
INFO: Run Behavior\BuildLiteBehavior [ RunTime:0.000020s ]
INFO: [ app_init ] --END-- [ RunTime:0.000502s ]
ERR: 无法加载模块:Auth

[ 2023-06-20T12:28:51+08:00 ] 185.180.143.136 /static/historypage.js
INFO: [ app_init ] --START--
INFO: Run Behavior\BuildLiteBehavior [ RunTime:0.000020s ]
INFO: [ app_init ] --END-- [ RunTime:0.000569s ]
ERR: 无法加载模块:Static

[ 2023-06-20T13:51:31+08:00 ] 139.59.232.10 /client/get_targets
INFO: [ app_init ] --START--
INFO: Run Behavior\BuildLiteBehavior [ RunTime:0.000021s ]
INFO: [ app_init ] --END-- [ RunTime:0.000559s ]
ERR: 无法加载模块:Client

[ 2023-06-20T13:51:31+08:00 ] 139.59.232.10 /upl.php
INFO: [ app_init ] --START--
INFO: Run Behavior\BuildLiteBehavior [ RunTime:0.000022s ]
INFO: [ app_init ] --END-- [ RunTime:0.000530s ]
ERR: 无法加载模块:Upl

[ 2023-06-20T13:51:32+08:00 ] 139.59.232.10 /geoip/
INFO: [ app_init ] --START--
INFO: Run Behavior\BuildLiteBehavior [ RunTime:0.000033s ]
INFO: [ app_init ] --END-- [ RunTime:0.000558s ]
ERR: 无法加载模块:Geoip

[ 2023-06-20T13:51:32+08:00 ] 139.59.232.10 /1.php
INFO: [ app_init ] --START--
INFO: Run Behavior\BuildLiteBehavior [ RunTime:0.000022s ]
INFO: [ app_init ] --END-- [ RunTime:0.000531s ]
ERR: 无法加载模块:1

[ 2023-06-20T13:51:32+08:00 ] 139.59.232.10 /bundle.js
INFO: [ app_init ] --START--
INFO: Run Behavior\BuildLiteBehavior [ RunTime:0.000022s ]
INFO: [ app_init ] --END-- [ RunTime:0.000548s ]
ERR: 无法加载模块:Bundle

[ 2023-06-20T13:51:32+08:00 ] 139.59.232.10 /files/
INFO: [ app_init ] --START--
INFO: Run Behavior\BuildLiteBehavior [ RunTime:0.000022s ]
INFO: [ app_init ] --END-- [ RunTime:0.000542s ]
ERR: 无法加载模块:Files

[ 2023-06-20T14:36:56+08:00 ] 198.98.57.169 /boaform/admin/formLogin
INFO: [ app_init ] --START--
INFO: Run Behavior\BuildLiteBehavior [ RunTime:0.000024s ]
INFO: [ app_init ] --END-- [ RunTime:0.001366s ]
ERR: 无法加载模块:Boaform

[ 2023-06-20T14:39:33+08:00 ] 141.98.10.75 /boaform/admin/formLogin
INFO: [ app_init ] --START--
INFO: Run Behavior\BuildLiteBehavior [ RunTime:0.000019s ]
INFO: [ app_init ] --END-- [ RunTime:0.000534s ]
ERR: 无法加载模块:Boaform

[ 2023-06-20T15:46:33+08:00 ] 115.217.113.127 /apple-touch-icon-120x120-precomposed.png
INFO: [ app_init ] --START--
INFO: Run Behavior\BuildLiteBehavior [ RunTime:0.000032s ]
INFO: [ app_init ] --END-- [ RunTime:0.000640s ]
ERR: 无法加载模块:Apple-touch-icon-120x120-precomposed

[ 2023-06-20T15:46:34+08:00 ] 115.217.113.127 /apple-touch-icon-120x120.png
INFO: [ app_init ] --START--
INFO: Run Behavior\BuildLiteBehavior [ RunTime:0.000022s ]
INFO: [ app_init ] --END-- [ RunTime:0.000871s ]
ERR: 无法加载模块:Apple-touch-icon-120x120

[ 2023-06-20T15:46:34+08:00 ] 115.217.113.127 /apple-touch-icon-precomposed.png
INFO: [ app_init ] --START--
INFO: Run Behavior\BuildLiteBehavior [ RunTime:0.000022s ]
INFO: [ app_init ] --END-- [ RunTime:0.000572s ]
ERR: 无法加载模块:Apple-touch-icon-precomposed

[ 2023-06-20T15:46:34+08:00 ] 115.217.113.127 /apple-touch-icon.png
INFO: [ app_init ] --START--
INFO: Run Behavior\BuildLiteBehavior [ RunTime:0.000026s ]
INFO: [ app_init ] --END-- [ RunTime:0.000699s ]
ERR: 无法加载模块:Apple-touch-icon

[ 2023-06-20T15:57:09+08:00 ] 64.62.197.61 /geoserver/web/
INFO: [ app_init ] --START--
INFO: Run Behavior\BuildLiteBehavior [ RunTime:0.000028s ]
INFO: [ app_init ] --END-- [ RunTime:0.000711s ]
ERR: 无法加载模块:Geoserver

[ 2023-06-20T16:23:22+08:00 ] 109.237.98.226 /.aws/credentials
INFO: [ app_init ] --START--
INFO: Run Behavior\BuildLiteBehavior [ RunTime:0.000021s ]
INFO: [ app_init ] --END-- [ RunTime:0.000516s ]
ERR: 无法加载模块:.aws

[ 2023-06-20T17:19:15+08:00 ] 51.222.253.4 /robots.txt
INFO: [ app_init ] --START--
INFO: Run Behavior\BuildLiteBehavior [ RunTime:0.000020s ]
INFO: [ app_init ] --END-- [ RunTime:0.000529s ]
ERR: 无法加载模块:Robots

[ 2023-06-20T17:24:29+08:00 ] 83.97.73.89 /Autodiscover/Autodiscover.xml
INFO: [ app_init ] --START--
INFO: Run Behavior\BuildLiteBehavior [ RunTime:0.000027s ]
INFO: [ app_init ] --END-- [ RunTime:0.000588s ]
ERR: 无法加载模块:Autodiscover

[ 2023-06-20T17:29:01+08:00 ] 118.193.38.58 /layui/layui.all.js
INFO: [ app_init ] --START--
INFO: Run Behavior\BuildLiteBehavior [ RunTime:0.000022s ]
INFO: [ app_init ] --END-- [ RunTime:0.000699s ]
ERR: 无法加载模块:Layui

[ 2023-06-20T17:29:01+08:00 ] 118.193.38.58 /js/jquery-3.1.0.js
INFO: [ app_init ] --START--
INFO: Run Behavior\BuildLiteBehavior [ RunTime:0.000023s ]
INFO: [ app_init ] --END-- [ RunTime:0.000782s ]
ERR: 无法加载模块:Js

[ 2023-06-20T17:29:01+08:00 ] 118.193.38.58 /js/layer.js
INFO: [ app_init ] --START--
INFO: Run Behavior\BuildLiteBehavior [ RunTime:0.000014s ]
INFO: [ app_init ] --END-- [ RunTime:0.000391s ]
ERR: 无法加载模块:Js

[ 2023-06-20T17:29:02+08:00 ] 118.193.38.58 /js/clipboard.min.js
INFO: [ app_init ] --START--
INFO: Run Behavior\BuildLiteBehavior [ RunTime:0.000029s ]
INFO: [ app_init ] --END-- [ RunTime:0.000850s ]
ERR: 无法加载模块:Js

[ 2023-06-20T17:58:06+08:00 ] 83.97.73.89 /vendor/phpunit/phpunit/src/Util/PHP/eval-stdin.php
INFO: [ app_init ] --START--
INFO: Run Behavior\BuildLiteBehavior [ RunTime:0.000020s ]
INFO: [ app_init ] --END-- [ RunTime:0.000596s ]
ERR: 无法加载模块:Vendor

[ 2023-06-20T18:41:28+08:00 ] 83.97.73.89 /vendor/phpunit/phpunit/src/Util/PHP/eval-stdin.php
INFO: [ app_init ] --START--
INFO: Run Behavior\BuildLiteBehavior [ RunTime:0.000021s ]
INFO: [ app_init ] --END-- [ RunTime:0.000528s ]
ERR: 无法加载模块:Vendor

[ 2023-06-20T19:17:19+08:00 ] 83.97.73.89 /solr/admin/info/system?wt=json
INFO: [ app_init ] --START--
INFO: Run Behavior\BuildLiteBehavior [ RunTime:0.000021s ]
INFO: [ app_init ] --END-- [ RunTime:0.000598s ]
ERR: 无法加载模块:Solr

[ 2023-06-20T19:55:51+08:00 ] 83.97.73.89 /index.php?s=/Index/\think\app/invokefunction&function=call_user_func_array&vars[0]=md5&vars[1][]=HelloThinkPHP21
INFO: [ app_init ] --START--
INFO: Run Behavior\BuildLiteBehavior [ RunTime:0.000022s ]
INFO: [ app_init ] --END-- [ RunTime:0.000588s ]
ERR: 无法加载模块:Index

[ 2023-06-20T20:25:07+08:00 ] 49.235.246.222 /forum/uc_server/admin.php?m=user&a=login&iframe=&sid=
INFO: [ app_init ] --START--
INFO: Run Behavior\BuildLiteBehavior [ RunTime:0.000027s ]
INFO: [ app_init ] --END-- [ RunTime:0.000705s ]
ERR: 无法加载模块:Forum

[ 2023-06-20T20:25:07+08:00 ] 49.235.246.222 /club/uc_server/admin.php?m=user&a=login&iframe=&sid=
INFO: [ app_init ] --START--
INFO: Run Behavior\BuildLiteBehavior [ RunTime:0.000026s ]
INFO: [ app_init ] --END-- [ RunTime:0.000668s ]
ERR: 无法加载模块:Club

[ 2023-06-20T20:25:07+08:00 ] 49.235.246.222 /upload/uc_server/admin.php?m=user&a=login&iframe=&sid=
INFO: [ app_init ] --START--
INFO: Run Behavior\BuildLiteBehavior [ RunTime:0.000026s ]
INFO: [ app_init ] --END-- [ RunTime:0.000688s ]
ERR: 无法加载模块:Upload

[ 2023-06-20T20:25:07+08:00 ] 49.235.246.222 /center/admin.php?m=user&a=login&iframe=&sid=
INFO: [ app_init ] --START--
INFO: Run Behavior\BuildLiteBehavior [ RunTime:0.000025s ]
INFO: [ app_init ] --END-- [ RunTime:0.000721s ]
ERR: 无法加载模块:Center

[ 2023-06-20T20:25:07+08:00 ] 49.235.246.222 /uc_server/admin.php?m=user&a=login&iframe=&sid=
INFO: [ app_init ] --START--
INFO: Run Behavior\BuildLiteBehavior [ RunTime:0.000027s ]
INFO: [ app_init ] --END-- [ RunTime:0.000694s ]
ERR: 无法加载模块:Uc_server

[ 2023-06-20T20:25:07+08:00 ] 49.235.246.222 /user/admin.php?m=user&a=login&iframe=&sid=
INFO: [ app_init ] --START--
INFO: Run Behavior\BuildLiteBehavior [ RunTime:0.000019s ]
INFO: [ app_init ] --END-- [ RunTime:0.000532s ]
ERR: 无法加载模块:User

[ 2023-06-20T20:25:07+08:00 ] 49.235.246.222 /ucs/admin.php?m=user&a=login&iframe=&sid=
INFO: [ app_init ] --START--
INFO: Run Behavior\BuildLiteBehavior [ RunTime:0.000022s ]
INFO: [ app_init ] --END-- [ RunTime:0.000549s ]
ERR: 无法加载模块:Ucs

[ 2023-06-20T20:25:07+08:00 ] 49.235.246.222 /uc_serve/admin.php?m=user&a=login&iframe=&sid=
INFO: [ app_init ] --START--
INFO: Run Behavior\BuildLiteBehavior [ RunTime:0.000023s ]
INFO: [ app_init ] --END-- [ RunTime:0.000510s ]
ERR: 无法加载模块:Uc_serve

[ 2023-06-20T20:25:07+08:00 ] 49.235.246.222 /uccenter/admin.php?m=user&a=login&iframe=&sid=
INFO: [ app_init ] --START--
INFO: Run Behavior\BuildLiteBehavior [ RunTime:0.000021s ]
INFO: [ app_init ] --END-- [ RunTime:0.000538s ]
ERR: 无法加载模块:Uccenter

[ 2023-06-20T20:25:07+08:00 ] 49.235.246.222 /ucserver/admin.php?m=user&a=login&iframe=&sid=
INFO: [ app_init ] --START--
INFO: Run Behavior\BuildLiteBehavior [ RunTime:0.000021s ]
INFO: [ app_init ] --END-- [ RunTime:0.000537s ]
ERR: 无法加载模块:Ucserver

[ 2023-06-20T20:25:07+08:00 ] 49.235.246.222 /uc/admin.php?m=user&a=login&iframe=&sid=
INFO: [ app_init ] --START--
INFO: Run Behavior\BuildLiteBehavior [ RunTime:0.000020s ]
INFO: [ app_init ] --END-- [ RunTime:0.000704s ]
ERR: 无法加载模块:Uc

[ 2023-06-20T20:25:07+08:00 ] 49.235.246.222 /bbs/uc_server/admin.php?m=user&a=login&iframe=&sid=
INFO: [ app_init ] --START--
INFO: Run Behavior\BuildLiteBehavior [ RunTime:0.000049s ]
INFO: [ app_init ] --END-- [ RunTime:0.000549s ]
ERR: 无法加载模块:Bbs

[ 2023-06-20T20:25:07+08:00 ] 49.235.246.222 /u/admin.php?m=user&a=login&iframe=&sid=
INFO: [ app_init ] --START--
INFO: Run Behavior\BuildLiteBehavior [ RunTime:0.000026s ]
INFO: [ app_init ] --END-- [ RunTime:0.000529s ]
ERR: 无法加载模块:U

[ 2023-06-20T20:25:07+08:00 ] 49.235.246.222 /users/admin.php?m=user&a=login&iframe=&sid=
INFO: [ app_init ] --START--
INFO: Run Behavior\BuildLiteBehavior [ RunTime:0.000026s ]
INFO: [ app_init ] --END-- [ RunTime:0.005963s ]
ERR: 无法加载模块:Users

[ 2023-06-20T20:25:07+08:00 ] 49.235.246.222 /ucenter/admin.php?m=user&a=login&iframe=&sid=
INFO: [ app_init ] --START--
INFO: Run Behavior\BuildLiteBehavior [ RunTime:0.000017s ]
INFO: [ app_init ] --END-- [ RunTime:0.000473s ]
ERR: 无法加载模块:Ucenter

[ 2023-06-20T20:46:57+08:00 ] 179.43.177.244 /boaform/admin/formLogin
INFO: [ app_init ] --START--
INFO: Run Behavior\BuildLiteBehavior [ RunTime:0.000026s ]
INFO: [ app_init ] --END-- [ RunTime:0.000718s ]
ERR: 无法加载模块:Boaform

[ 2023-06-20T21:15:46+08:00 ] 58.212.234.235 /apple-touch-icon-120x120-precomposed.png
INFO: [ app_init ] --START--
INFO: Run Behavior\BuildLiteBehavior [ RunTime:0.000028s ]
INFO: [ app_init ] --END-- [ RunTime:0.000753s ]
ERR: 无法加载模块:Apple-touch-icon-120x120-precomposed

[ 2023-06-20T21:15:46+08:00 ] 58.212.234.235 /apple-touch-icon-120x120.png
INFO: [ app_init ] --START--
INFO: Run Behavior\BuildLiteBehavior [ RunTime:0.000022s ]
INFO: [ app_init ] --END-- [ RunTime:0.000563s ]
ERR: 无法加载模块:Apple-touch-icon-120x120

[ 2023-06-20T21:15:46+08:00 ] 58.212.234.235 /apple-touch-icon-precomposed.png
INFO: [ app_init ] --START--
INFO: Run Behavior\BuildLiteBehavior [ RunTime:0.000021s ]
INFO: [ app_init ] --END-- [ RunTime:0.000577s ]
ERR: 无法加载模块:Apple-touch-icon-precomposed

[ 2023-06-20T21:15:46+08:00 ] 58.212.234.235 /apple-touch-icon.png
INFO: [ app_init ] --START--
INFO: Run Behavior\BuildLiteBehavior [ RunTime:0.000020s ]
INFO: [ app_init ] --END-- [ RunTime:0.000539s ]
ERR: 无法加载模块:Apple-touch-icon

[ 2023-06-20T21:31:16+08:00 ] 117.143.27.131 /apple-touch-icon-120x120-precomposed.png
INFO: [ app_init ] --START--
INFO: Run Behavior\BuildLiteBehavior [ RunTime:0.000030s ]
INFO: [ app_init ] --END-- [ RunTime:0.000828s ]
ERR: 无法加载模块:Apple-touch-icon-120x120-precomposed

[ 2023-06-20T21:31:16+08:00 ] 117.143.27.131 /apple-touch-icon-120x120.png
INFO: [ app_init ] --START--
INFO: Run Behavior\BuildLiteBehavior [ RunTime:0.000021s ]
INFO: [ app_init ] --END-- [ RunTime:0.000534s ]
ERR: 无法加载模块:Apple-touch-icon-120x120

[ 2023-06-20T21:31:16+08:00 ] 117.143.27.131 /apple-touch-icon-precomposed.png
INFO: [ app_init ] --START--
INFO: Run Behavior\BuildLiteBehavior [ RunTime:0.000020s ]
INFO: [ app_init ] --END-- [ RunTime:0.000564s ]
ERR: 无法加载模块:Apple-touch-icon-precomposed

[ 2023-06-20T21:31:17+08:00 ] 117.143.27.131 /apple-touch-icon.png
INFO: [ app_init ] --START--
INFO: Run Behavior\BuildLiteBehavior [ RunTime:0.000021s ]
INFO: [ app_init ] --END-- [ RunTime:0.000522s ]
ERR: 无法加载模块:Apple-touch-icon

[ 2023-06-20T21:38:27+08:00 ] 117.188.61.122 /apple-touch-icon-120x120-precomposed.png
INFO: [ app_init ] --START--
INFO: Run Behavior\BuildLiteBehavior [ RunTime:0.000030s ]
INFO: [ app_init ] --END-- [ RunTime:0.000939s ]
ERR: 无法加载模块:Apple-touch-icon-120x120-precomposed

[ 2023-06-20T21:38:27+08:00 ] 117.188.61.122 /apple-touch-icon-120x120.png
INFO: [ app_init ] --START--
INFO: Run Behavior\BuildLiteBehavior [ RunTime:0.000019s ]
INFO: [ app_init ] --END-- [ RunTime:0.000522s ]
ERR: 无法加载模块:Apple-touch-icon-120x120

[ 2023-06-20T21:38:27+08:00 ] 117.188.61.122 /apple-touch-icon-precomposed.png
INFO: [ app_init ] --START--
INFO: Run Behavior\BuildLiteBehavior [ RunTime:0.000019s ]
INFO: [ app_init ] --END-- [ RunTime:0.000536s ]
ERR: 无法加载模块:Apple-touch-icon-precomposed

[ 2023-06-20T21:38:27+08:00 ] 117.188.61.122 /apple-touch-icon.png
INFO: [ app_init ] --START--
INFO: Run Behavior\BuildLiteBehavior [ RunTime:0.000029s ]
INFO: [ app_init ] --END-- [ RunTime:0.000859s ]
ERR: 无法加载模块:Apple-touch-icon

[ 2023-06-20T21:50:40+08:00 ] 109.207.200.43 /boaform/admin/formLogin
INFO: [ app_init ] --START--
INFO: Run Behavior\BuildLiteBehavior [ RunTime:0.000019s ]
INFO: [ app_init ] --END-- [ RunTime:0.000529s ]
ERR: 无法加载模块:Boaform

[ 2023-06-20T21:54:27+08:00 ] 83.97.73.89 /console/
INFO: [ app_init ] --START--
INFO: Run Behavior\BuildLiteBehavior [ RunTime:0.000022s ]
INFO: [ app_init ] --END-- [ RunTime:0.000598s ]
ERR: 无法加载模块:Console

[ 2023-06-20T22:52:39+08:00 ] 83.97.73.89 /_ignition/execute-solution
INFO: [ app_init ] --START--
INFO: Run Behavior\BuildLiteBehavior [ RunTime:0.000027s ]
INFO: [ app_init ] --END-- [ RunTime:0.000694s ]
ERR: 无法加载模块:_ignition

[ 2023-06-20T23:50:02+08:00 ] 51.222.253.5 /robots.txt
INFO: [ app_init ] --START--
INFO: Run Behavior\BuildLiteBehavior [ RunTime:0.000023s ]
INFO: [ app_init ] --END-- [ RunTime:0.000596s ]
ERR: 无法加载模块:Robots

