[ 2023-06-11T00:19:48+08:00 ] 183.136.225.32 /robots.txt
INFO: [ app_init ] --START--
INFO: Run Behavior\BuildLiteBehavior [ RunTime:0.000022s ]
INFO: [ app_init ] --END-- [ RunTime:0.000612s ]
ERR: 无法加载模块:Robots

[ 2023-06-11T00:19:49+08:00 ] 183.136.225.32 /layui/layui.all.js
INFO: [ app_init ] --START--
INFO: Run Behavior\BuildLiteBehavior [ RunTime:0.000020s ]
INFO: [ app_init ] --END-- [ RunTime:0.000550s ]
ERR: 无法加载模块:Layui

[ 2023-06-11T00:19:50+08:00 ] 183.136.225.32 /js/jquery-3.1.0.js
INFO: [ app_init ] --START--
INFO: Run Behavior\BuildLiteBehavior [ RunTime:0.000022s ]
INFO: [ app_init ] --END-- [ RunTime:0.000620s ]
ERR: 无法加载模块:Js

[ 2023-06-11T00:20:12+08:00 ] 183.136.225.32 /js/clipboard.min.js
INFO: [ app_init ] --START--
INFO: Run Behavior\BuildLiteBehavior [ RunTime:0.000024s ]
INFO: [ app_init ] --END-- [ RunTime:0.000518s ]
ERR: 无法加载模块:Js

[ 2023-06-11T00:27:01+08:00 ] 223.240.84.124 /e/data/js/ajax.js
INFO: [ app_init ] --START--
INFO: Run Behavior\BuildLiteBehavior [ RunTime:0.000022s ]
INFO: [ app_init ] --END-- [ RunTime:0.000604s ]
ERR: 无法加载模块:E

[ 2023-06-11T01:20:05+08:00 ] 95.108.213.150 /robots.txt
INFO: [ app_init ] --START--
INFO: Run Behavior\BuildLiteBehavior [ RunTime:0.000021s ]
INFO: [ app_init ] --END-- [ RunTime:0.000513s ]
ERR: 无法加载模块:Robots

[ 2023-06-11T01:20:05+08:00 ] 119.96.221.66 //data/admin/allowurl.txt
INFO: [ app_init ] --START--
INFO: Run Behavior\BuildLiteBehavior [ RunTime:0.000022s ]
INFO: [ app_init ] --END-- [ RunTime:0.000559s ]
ERR: 无法加载模块:Data

[ 2023-06-11T01:31:06+08:00 ] 164.92.232.89 /aaa9
INFO: [ app_init ] --START--
INFO: Run Behavior\BuildLiteBehavior [ RunTime:0.000020s ]
INFO: [ app_init ] --END-- [ RunTime:0.000533s ]
ERR: 无法加载模块:Aaa9

[ 2023-06-11T01:31:20+08:00 ] 164.92.232.89 /aab8
INFO: [ app_init ] --START--
INFO: Run Behavior\BuildLiteBehavior [ RunTime:0.000022s ]
INFO: [ app_init ] --END-- [ RunTime:0.000711s ]
ERR: 无法加载模块:Aab8

[ 2023-06-11T03:49:01+08:00 ] 193.42.32.124 /boaform/admin/formLogin
INFO: [ app_init ] --START--
INFO: Run Behavior\BuildLiteBehavior [ RunTime:0.000020s ]
INFO: [ app_init ] --END-- [ RunTime:0.000547s ]
ERR: 无法加载模块:Boaform

[ 2023-06-11T04:42:21+08:00 ] 180.163.30.76 /layui/layui.all.js
INFO: [ app_init ] --START--
INFO: Run Behavior\BuildLiteBehavior [ RunTime:0.000022s ]
INFO: [ app_init ] --END-- [ RunTime:0.000684s ]
ERR: 无法加载模块:Layui

[ 2023-06-11T04:42:21+08:00 ] 180.163.30.76 /js/jquery-3.1.0.js
INFO: [ app_init ] --START--
INFO: Run Behavior\BuildLiteBehavior [ RunTime:0.000022s ]
INFO: [ app_init ] --END-- [ RunTime:0.000570s ]
ERR: 无法加载模块:Js

[ 2023-06-11T04:42:22+08:00 ] 180.163.30.76 /js/layer.js
INFO: [ app_init ] --START--
INFO: Run Behavior\BuildLiteBehavior [ RunTime:0.000021s ]
INFO: [ app_init ] --END-- [ RunTime:0.000528s ]
ERR: 无法加载模块:Js

[ 2023-06-11T04:42:22+08:00 ] 180.163.30.76 /js/clipboard.min.js
INFO: [ app_init ] --START--
INFO: Run Behavior\BuildLiteBehavior [ RunTime:0.000021s ]
INFO: [ app_init ] --END-- [ RunTime:0.000560s ]
ERR: 无法加载模块:Js

[ 2023-06-11T04:48:11+08:00 ] 180.163.30.85 /layui/layui.all.js
INFO: [ app_init ] --START--
INFO: Run Behavior\BuildLiteBehavior [ RunTime:0.000020s ]
INFO: [ app_init ] --END-- [ RunTime:0.000515s ]
ERR: 无法加载模块:Layui

[ 2023-06-11T04:48:12+08:00 ] 180.163.30.85 /js/jquery-3.1.0.js
INFO: [ app_init ] --START--
INFO: Run Behavior\BuildLiteBehavior [ RunTime:0.000021s ]
INFO: [ app_init ] --END-- [ RunTime:0.000583s ]
ERR: 无法加载模块:Js

[ 2023-06-11T04:48:12+08:00 ] 180.163.30.85 /js/layer.js
INFO: [ app_init ] --START--
INFO: Run Behavior\BuildLiteBehavior [ RunTime:0.000021s ]
INFO: [ app_init ] --END-- [ RunTime:0.000586s ]
ERR: 无法加载模块:Js

[ 2023-06-11T04:48:12+08:00 ] 180.163.30.85 /js/clipboard.min.js
INFO: [ app_init ] --START--
INFO: Run Behavior\BuildLiteBehavior [ RunTime:0.000022s ]
INFO: [ app_init ] --END-- [ RunTime:0.000773s ]
ERR: 无法加载模块:Js

[ 2023-06-11T05:41:25+08:00 ] 179.43.177.244 /boaform/admin/formLogin
INFO: [ app_init ] --START--
INFO: Run Behavior\BuildLiteBehavior [ RunTime:0.000021s ]
INFO: [ app_init ] --END-- [ RunTime:0.000548s ]
ERR: 无法加载模块:Boaform

[ 2023-06-11T05:58:12+08:00 ] 124.158.184.93 /phpMyAdmin5.2/index.php?lang=en
INFO: [ app_init ] --START--
INFO: Run Behavior\BuildLiteBehavior [ RunTime:0.000022s ]
INFO: [ app_init ] --END-- [ RunTime:0.000552s ]
ERR: 无法加载模块:PhpMyAdmin5.2

[ 2023-06-11T05:58:12+08:00 ] 124.158.184.93 /sql/phpmanager/index.php?lang=en
INFO: [ app_init ] --START--
INFO: Run Behavior\BuildLiteBehavior [ RunTime:0.000022s ]
INFO: [ app_init ] --END-- [ RunTime:0.000613s ]
ERR: 无法加载模块:Sql

[ 2023-06-11T05:58:12+08:00 ] 124.158.184.93 /phpMyAdmin-5.2.0/index.php?lang=en
INFO: [ app_init ] --START--
INFO: Run Behavior\BuildLiteBehavior [ RunTime:0.000021s ]
INFO: [ app_init ] --END-- [ RunTime:0.000525s ]
ERR: 无法加载模块:PhpMyAdmin-5.2.0

[ 2023-06-11T05:58:12+08:00 ] 124.158.184.93 /mysql/mysqlmanager/index.php?lang=en
INFO: [ app_init ] --START--
INFO: Run Behavior\BuildLiteBehavior [ RunTime:0.000022s ]
INFO: [ app_init ] --END-- [ RunTime:0.000561s ]
ERR: 无法加载模块:Mysql

[ 2023-06-11T05:58:12+08:00 ] 124.158.184.93 /sql/sqlweb/index.php?lang=en
INFO: [ app_init ] --START--
INFO: Run Behavior\BuildLiteBehavior [ RunTime:0.000024s ]
INFO: [ app_init ] --END-- [ RunTime:0.000741s ]
ERR: 无法加载模块:Sql

[ 2023-06-11T05:58:12+08:00 ] 124.158.184.93 /phpMyAdmin-5.1.2/index.php?lang=en
INFO: [ app_init ] --START--
INFO: Run Behavior\BuildLiteBehavior [ RunTime:0.000018s ]
INFO: [ app_init ] --END-- [ RunTime:0.000511s ]
ERR: 无法加载模块:PhpMyAdmin-5.1.2

[ 2023-06-11T05:58:12+08:00 ] 124.158.184.93 /phpMyAdmin_/index.php?lang=en
INFO: [ app_init ] --START--
INFO: Run Behavior\BuildLiteBehavior [ RunTime:0.000032s ]
INFO: [ app_init ] --END-- [ RunTime:0.000775s ]
ERR: 无法加载模块:PhpMyAdmin_

[ 2023-06-11T05:58:13+08:00 ] 124.158.184.93 /php-myadmin/index.php?lang=en
INFO: [ app_init ] --START--
INFO: Run Behavior\BuildLiteBehavior [ RunTime:0.000023s ]
INFO: [ app_init ] --END-- [ RunTime:0.000617s ]
ERR: 无法加载模块:Php-myadmin

[ 2023-06-11T05:58:13+08:00 ] 124.158.184.93 /phpmyadmin_/index.php?lang=en
INFO: [ app_init ] --START--
INFO: Run Behavior\BuildLiteBehavior [ RunTime:0.000021s ]
INFO: [ app_init ] --END-- [ RunTime:0.000552s ]
ERR: 无法加载模块:Phpmyadmin_

[ 2023-06-11T05:58:13+08:00 ] 124.158.184.93 /phpMyAdmin-4.9.7/index.php?lang=en
INFO: [ app_init ] --START--
INFO: Run Behavior\BuildLiteBehavior [ RunTime:0.000022s ]
INFO: [ app_init ] --END-- [ RunTime:0.000563s ]
ERR: 无法加载模块:PhpMyAdmin-4.9.7

[ 2023-06-11T05:58:13+08:00 ] 124.158.184.93 /mysqladmin/index.php?lang=en
INFO: [ app_init ] --START--
INFO: Run Behavior\BuildLiteBehavior [ RunTime:0.000021s ]
INFO: [ app_init ] --END-- [ RunTime:0.000665s ]
ERR: 无法加载模块:Mysqladmin

[ 2023-06-11T05:58:13+08:00 ] 124.158.184.93 /sql/sqladmin/index.php?lang=en
INFO: [ app_init ] --START--
INFO: Run Behavior\BuildLiteBehavior [ RunTime:0.000022s ]
INFO: [ app_init ] --END-- [ RunTime:0.000734s ]
ERR: 无法加载模块:Sql

[ 2023-06-11T05:58:13+08:00 ] 124.158.184.93 /mysql/pMA/index.php?lang=en
INFO: [ app_init ] --START--
INFO: Run Behavior\BuildLiteBehavior [ RunTime:0.000049s ]
INFO: [ app_init ] --END-- [ RunTime:0.001142s ]
ERR: 无法加载模块:Mysql

[ 2023-06-11T05:58:13+08:00 ] 124.158.184.93 /phpMyAdmin-4/index.php?lang=en
INFO: [ app_init ] --START--
INFO: Run Behavior\BuildLiteBehavior [ RunTime:0.000019s ]
INFO: [ app_init ] --END-- [ RunTime:0.000756s ]
ERR: 无法加载模块:PhpMyAdmin-4

[ 2023-06-11T05:58:14+08:00 ] 124.158.184.93 /db/phpMyAdmin-3/index.php?lang=en
INFO: [ app_init ] --START--
INFO: Run Behavior\BuildLiteBehavior [ RunTime:0.000022s ]
INFO: [ app_init ] --END-- [ RunTime:0.000635s ]
ERR: 无法加载模块:Db

[ 2023-06-11T05:58:14+08:00 ] 124.158.184.93 /sql/phpMyAdmin2/index.php?lang=en
INFO: [ app_init ] --START--
INFO: Run Behavior\BuildLiteBehavior [ RunTime:0.000022s ]
INFO: [ app_init ] --END-- [ RunTime:0.000618s ]
ERR: 无法加载模块:Sql

[ 2023-06-11T05:58:14+08:00 ] 124.158.184.93 /phpMyAdmin-5.1.1/index.php?lang=en
INFO: [ app_init ] --START--
INFO: Run Behavior\BuildLiteBehavior [ RunTime:0.000021s ]
INFO: [ app_init ] --END-- [ RunTime:0.000525s ]
ERR: 无法加载模块:PhpMyAdmin-5.1.1

[ 2023-06-11T05:58:14+08:00 ] 124.158.184.93 /phpMyAdmin5/index.php?lang=en
INFO: [ app_init ] --START--
INFO: Run Behavior\BuildLiteBehavior [ RunTime:0.000029s ]
INFO: [ app_init ] --END-- [ RunTime:0.000877s ]
ERR: 无法加载模块:PhpMyAdmin5

[ 2023-06-11T05:58:14+08:00 ] 124.158.184.93 /_phpmyadmin/index.php?lang=en
INFO: [ app_init ] --START--
INFO: Run Behavior\BuildLiteBehavior [ RunTime:0.000022s ]
INFO: [ app_init ] --END-- [ RunTime:0.000721s ]
ERR: 无法加载模块:_phpmyadmin

[ 2023-06-11T05:58:14+08:00 ] 124.158.184.93 /phpmyadmin2014/index.php?lang=en
INFO: [ app_init ] --START--
INFO: Run Behavior\BuildLiteBehavior [ RunTime:0.000022s ]
INFO: [ app_init ] --END-- [ RunTime:0.000521s ]
ERR: 无法加载模块:Phpmyadmin2014

[ 2023-06-11T05:58:14+08:00 ] 124.158.184.93 /phpmyadmin2020/index.php?lang=en
INFO: [ app_init ] --START--
INFO: Run Behavior\BuildLiteBehavior [ RunTime:0.000022s ]
INFO: [ app_init ] --END-- [ RunTime:0.000540s ]
ERR: 无法加载模块:Phpmyadmin2020

[ 2023-06-11T05:58:14+08:00 ] 124.158.184.93 /phpMyAdmin-5.1.0/index.php?lang=en
INFO: [ app_init ] --START--
INFO: Run Behavior\BuildLiteBehavior [ RunTime:0.000021s ]
INFO: [ app_init ] --END-- [ RunTime:0.000557s ]
ERR: 无法加载模块:PhpMyAdmin-5.1.0

[ 2023-06-11T05:58:15+08:00 ] 124.158.184.93 /phpMyAdmin-5.3.0-all-languages/index.php?lang=en
INFO: [ app_init ] --START--
INFO: Run Behavior\BuildLiteBehavior [ RunTime:0.000027s ]
INFO: [ app_init ] --END-- [ RunTime:0.000877s ]
ERR: 无法加载模块:PhpMyAdmin-5.3.0-all-languages

[ 2023-06-11T05:58:15+08:00 ] 124.158.184.93 /phpMyAdmin5.2/index.php?lang=en
INFO: [ app_init ] --START--
INFO: Run Behavior\BuildLiteBehavior [ RunTime:0.000022s ]
INFO: [ app_init ] --END-- [ RunTime:0.000561s ]
ERR: 无法加载模块:PhpMyAdmin5.2

[ 2023-06-11T05:58:15+08:00 ] 124.158.184.93 /mysql/admin/index.php?lang=en
INFO: [ app_init ] --START--
INFO: Run Behavior\BuildLiteBehavior [ RunTime:0.000021s ]
INFO: [ app_init ] --END-- [ RunTime:0.000532s ]
ERR: 无法加载模块:Mysql

[ 2023-06-11T05:58:15+08:00 ] 124.158.184.93 /db/phpMyAdmin3/index.php?lang=en
INFO: [ app_init ] --START--
INFO: Run Behavior\BuildLiteBehavior [ RunTime:0.000022s ]
INFO: [ app_init ] --END-- [ RunTime:0.000532s ]
ERR: 无法加载模块:Db

[ 2023-06-11T05:58:15+08:00 ] 124.158.184.93 /db/phpmyadmin4/index.php?lang=en
INFO: [ app_init ] --START--
INFO: Run Behavior\BuildLiteBehavior [ RunTime:0.000020s ]
INFO: [ app_init ] --END-- [ RunTime:0.000533s ]
ERR: 无法加载模块:Db

[ 2023-06-11T05:58:15+08:00 ] 124.158.184.93 /phpmyadmin2013/index.php?lang=en
INFO: [ app_init ] --START--
INFO: Run Behavior\BuildLiteBehavior [ RunTime:0.000021s ]
INFO: [ app_init ] --END-- [ RunTime:0.000575s ]
ERR: 无法加载模块:Phpmyadmin2013

[ 2023-06-11T05:58:15+08:00 ] 124.158.184.93 /phpMyAdmin-latest-english/index.php?lang=en
INFO: [ app_init ] --START--
INFO: Run Behavior\BuildLiteBehavior [ RunTime:0.000027s ]
INFO: [ app_init ] --END-- [ RunTime:0.000863s ]
ERR: 无法加载模块:PhpMyAdmin-latest-english

[ 2023-06-11T05:58:16+08:00 ] 124.158.184.93 /phpmyadmin2022/index.php?lang=en
INFO: [ app_init ] --START--
INFO: Run Behavior\BuildLiteBehavior [ RunTime:0.000021s ]
INFO: [ app_init ] --END-- [ RunTime:0.000550s ]
ERR: 无法加载模块:Phpmyadmin2022

[ 2023-06-11T05:58:16+08:00 ] 124.158.184.93 /phpMyAdmin-4.9.10-all-languages/index.php?lang=en
INFO: [ app_init ] --START--
INFO: Run Behavior\BuildLiteBehavior [ RunTime:0.000021s ]
INFO: [ app_init ] --END-- [ RunTime:0.000559s ]
ERR: 无法加载模块:PhpMyAdmin-4.9.10-all-languages

[ 2023-06-11T05:58:16+08:00 ] 124.158.184.93 /phpmyadmin2016/index.php?lang=en
INFO: [ app_init ] --START--
INFO: Run Behavior\BuildLiteBehavior [ RunTime:0.000021s ]
INFO: [ app_init ] --END-- [ RunTime:0.000592s ]
ERR: 无法加载模块:Phpmyadmin2016

[ 2023-06-11T05:58:16+08:00 ] 124.158.184.93 /phpmyadmin3/index.php?lang=en
INFO: [ app_init ] --START--
INFO: Run Behavior\BuildLiteBehavior [ RunTime:0.000021s ]
INFO: [ app_init ] --END-- [ RunTime:0.000557s ]
ERR: 无法加载模块:Phpmyadmin3

[ 2023-06-11T05:58:16+08:00 ] 124.158.184.93 /MyAdmin/index.php?lang=en
INFO: [ app_init ] --START--
INFO: Run Behavior\BuildLiteBehavior [ RunTime:0.000021s ]
INFO: [ app_init ] --END-- [ RunTime:0.000559s ]
ERR: 无法加载模块:MyAdmin

[ 2023-06-11T05:58:16+08:00 ] 124.158.184.93 /sql/phpmyadmin4/index.php?lang=en
INFO: [ app_init ] --START--
INFO: Run Behavior\BuildLiteBehavior [ RunTime:0.000021s ]
INFO: [ app_init ] --END-- [ RunTime:0.000665s ]
ERR: 无法加载模块:Sql

[ 2023-06-11T05:58:16+08:00 ] 124.158.184.93 /sql/php-myadmin/index.php?lang=en
INFO: [ app_init ] --START--
INFO: Run Behavior\BuildLiteBehavior [ RunTime:0.000022s ]
INFO: [ app_init ] --END-- [ RunTime:0.000636s ]
ERR: 无法加载模块:Sql

[ 2023-06-11T05:58:16+08:00 ] 124.158.184.93 /mysql/sqlmanager/index.php?lang=en
INFO: [ app_init ] --START--
INFO: Run Behavior\BuildLiteBehavior [ RunTime:0.000020s ]
INFO: [ app_init ] --END-- [ RunTime:0.000553s ]
ERR: 无法加载模块:Mysql

[ 2023-06-11T05:58:17+08:00 ] 124.158.184.93 /phpmyadmin2/index.php?lang=en
INFO: [ app_init ] --START--
INFO: Run Behavior\BuildLiteBehavior [ RunTime:0.000023s ]
INFO: [ app_init ] --END-- [ RunTime:0.000739s ]
ERR: 无法加载模块:Phpmyadmin2

[ 2023-06-11T05:58:17+08:00 ] 124.158.184.93 /administrator/phpMyAdmin/index.php?lang=en
INFO: [ app_init ] --START--
INFO: Run Behavior\BuildLiteBehavior [ RunTime:0.000021s ]
INFO: [ app_init ] --END-- [ RunTime:0.000567s ]
ERR: 无法加载模块:Administrator

[ 2023-06-11T05:58:17+08:00 ] 124.158.184.93 /phpMyAdmin_/index.php?lang=en
INFO: [ app_init ] --START--
INFO: Run Behavior\BuildLiteBehavior [ RunTime:0.000022s ]
INFO: [ app_init ] --END-- [ RunTime:0.000531s ]
ERR: 无法加载模块:PhpMyAdmin_

[ 2023-06-11T05:58:17+08:00 ] 124.158.184.93 /phpMyAdmin-4.9.7/index.php?lang=en
INFO: [ app_init ] --START--
INFO: Run Behavior\BuildLiteBehavior [ RunTime:0.000021s ]
INFO: [ app_init ] --END-- [ RunTime:0.000560s ]
ERR: 无法加载模块:PhpMyAdmin-4.9.7

[ 2023-06-11T05:58:17+08:00 ] 124.158.184.93 /phpMyAdmin-5.2.0/index.php?lang=en
INFO: [ app_init ] --START--
INFO: Run Behavior\BuildLiteBehavior [ RunTime:0.000021s ]
INFO: [ app_init ] --END-- [ RunTime:0.000581s ]
ERR: 无法加载模块:PhpMyAdmin-5.2.0

[ 2023-06-11T05:58:17+08:00 ] 124.158.184.93 /sql/websql/index.php?lang=en
INFO: [ app_init ] --START--
INFO: Run Behavior\BuildLiteBehavior [ RunTime:0.000021s ]
INFO: [ app_init ] --END-- [ RunTime:0.000489s ]
ERR: 无法加载模块:Sql

[ 2023-06-11T05:58:18+08:00 ] 124.158.184.93 /db/dbadmin/index.php?lang=en
INFO: [ app_init ] --START--
INFO: Run Behavior\BuildLiteBehavior [ RunTime:0.000040s ]
INFO: [ app_init ] --END-- [ RunTime:0.000622s ]
ERR: 无法加载模块:Db

[ 2023-06-11T05:58:18+08:00 ] 124.158.184.93 /database/index.php?lang=en
INFO: [ app_init ] --START--
INFO: Run Behavior\BuildLiteBehavior [ RunTime:0.000021s ]
INFO: [ app_init ] --END-- [ RunTime:0.000529s ]
ERR: 无法加载模块:Database

[ 2023-06-11T05:58:18+08:00 ] 124.158.184.93 /db/phpmyadmin5/index.php?lang=en
INFO: [ app_init ] --START--
INFO: Run Behavior\BuildLiteBehavior [ RunTime:0.000023s ]
INFO: [ app_init ] --END-- [ RunTime:0.000556s ]
ERR: 无法加载模块:Db

[ 2023-06-11T05:58:18+08:00 ] 124.158.184.93 /administrator/admin/index.php?lang=en
INFO: [ app_init ] --START--
INFO: Run Behavior\BuildLiteBehavior [ RunTime:0.000056s ]
INFO: [ app_init ] --END-- [ RunTime:0.000564s ]
ERR: 无法加载模块:Administrator

[ 2023-06-11T05:58:18+08:00 ] 124.158.184.93 /mysql/pma/index.php?lang=en
INFO: [ app_init ] --START--
INFO: Run Behavior\BuildLiteBehavior [ RunTime:0.000021s ]
INFO: [ app_init ] --END-- [ RunTime:0.000551s ]
ERR: 无法加载模块:Mysql

[ 2023-06-11T05:58:18+08:00 ] 124.158.184.93 /phpMyAdmin1/index.php?lang=en
INFO: [ app_init ] --START--
INFO: Run Behavior\BuildLiteBehavior [ RunTime:0.000021s ]
INFO: [ app_init ] --END-- [ RunTime:0.000569s ]
ERR: 无法加载模块:PhpMyAdmin1

[ 2023-06-11T05:58:18+08:00 ] 124.158.184.93 /administrator/admin/index.php?lang=en
INFO: [ app_init ] --START--
INFO: Run Behavior\BuildLiteBehavior [ RunTime:0.000023s ]
INFO: [ app_init ] --END-- [ RunTime:0.000547s ]
ERR: 无法加载模块:Administrator

[ 2023-06-11T05:58:19+08:00 ] 124.158.184.93 /sql/sqladmin/index.php?lang=en
INFO: [ app_init ] --START--
INFO: Run Behavior\BuildLiteBehavior [ RunTime:0.000022s ]
INFO: [ app_init ] --END-- [ RunTime:0.000538s ]
ERR: 无法加载模块:Sql

[ 2023-06-11T05:58:19+08:00 ] 124.158.184.93 /program/index.php?lang=en
INFO: [ app_init ] --START--
INFO: Run Behavior\BuildLiteBehavior [ RunTime:0.000020s ]
INFO: [ app_init ] --END-- [ RunTime:0.000577s ]
ERR: 无法加载模块:Program

[ 2023-06-11T05:58:19+08:00 ] 124.158.184.93 /2phpmyadmin/index.php?lang=en
INFO: [ app_init ] --START--
INFO: Run Behavior\BuildLiteBehavior [ RunTime:0.000021s ]
INFO: [ app_init ] --END-- [ RunTime:0.000549s ]
ERR: 无法加载模块:2phpmyadmin

[ 2023-06-11T05:58:19+08:00 ] 124.158.184.93 /phpmyAdmin/index.php?lang=en
INFO: [ app_init ] --START--
INFO: Run Behavior\BuildLiteBehavior [ RunTime:0.000031s ]
INFO: [ app_init ] --END-- [ RunTime:0.000865s ]
ERR: 无法加载模块:PhpmyAdmin

[ 2023-06-11T05:58:19+08:00 ] 124.158.184.93 /phpMyadmin/index.php?lang=en
INFO: [ app_init ] --START--
INFO: Run Behavior\BuildLiteBehavior [ RunTime:0.000020s ]
INFO: [ app_init ] --END-- [ RunTime:0.000521s ]
ERR: 无法加载模块:PhpMyadmin

[ 2023-06-11T05:58:19+08:00 ] 124.158.184.93 /administrator/web/index.php?lang=en
INFO: [ app_init ] --START--
INFO: Run Behavior\BuildLiteBehavior [ RunTime:0.000021s ]
INFO: [ app_init ] --END-- [ RunTime:0.000531s ]
ERR: 无法加载模块:Administrator

[ 2023-06-11T05:58:20+08:00 ] 124.158.184.93 /db/dbweb/index.php?lang=en
INFO: [ app_init ] --START--
INFO: Run Behavior\BuildLiteBehavior [ RunTime:0.000021s ]
INFO: [ app_init ] --END-- [ RunTime:0.000556s ]
ERR: 无法加载模块:Db

[ 2023-06-11T05:58:20+08:00 ] 124.158.184.93 /phpmyadmin2021/index.php?lang=en
INFO: [ app_init ] --START--
INFO: Run Behavior\BuildLiteBehavior [ RunTime:0.000021s ]
INFO: [ app_init ] --END-- [ RunTime:0.000508s ]
ERR: 无法加载模块:Phpmyadmin2021

[ 2023-06-11T05:58:20+08:00 ] 124.158.184.93 /mysql/index.php?lang=en
INFO: [ app_init ] --START--
INFO: Run Behavior\BuildLiteBehavior [ RunTime:0.000020s ]
INFO: [ app_init ] --END-- [ RunTime:0.000500s ]
ERR: 无法加载模块:Mysql

[ 2023-06-11T05:58:20+08:00 ] 124.158.184.93 /mysql/pma/index.php?lang=en
INFO: [ app_init ] --START--
INFO: Run Behavior\BuildLiteBehavior [ RunTime:0.000021s ]
INFO: [ app_init ] --END-- [ RunTime:0.000557s ]
ERR: 无法加载模块:Mysql

[ 2023-06-11T05:58:20+08:00 ] 124.158.184.93 /administrator/db/index.php?lang=en
INFO: [ app_init ] --START--
INFO: Run Behavior\BuildLiteBehavior [ RunTime:0.000023s ]
INFO: [ app_init ] --END-- [ RunTime:0.000621s ]
ERR: 无法加载模块:Administrator

[ 2023-06-11T05:58:20+08:00 ] 124.158.184.93 /administrator/phpmyadmin/index.php?lang=en
INFO: [ app_init ] --START--
INFO: Run Behavior\BuildLiteBehavior [ RunTime:0.000021s ]
INFO: [ app_init ] --END-- [ RunTime:0.000564s ]
ERR: 无法加载模块:Administrator

[ 2023-06-11T05:58:20+08:00 ] 124.158.184.93 /phpmyadmin2017/index.php?lang=en
INFO: [ app_init ] --START--
INFO: Run Behavior\BuildLiteBehavior [ RunTime:0.000021s ]
INFO: [ app_init ] --END-- [ RunTime:0.000522s ]
ERR: 无法加载模块:Phpmyadmin2017

[ 2023-06-11T05:58:20+08:00 ] 124.158.184.93 /db/phpMyAdmin-4/index.php?lang=en
INFO: [ app_init ] --START--
INFO: Run Behavior\BuildLiteBehavior [ RunTime:0.000020s ]
INFO: [ app_init ] --END-- [ RunTime:0.000529s ]
ERR: 无法加载模块:Db

[ 2023-06-11T05:58:21+08:00 ] 124.158.184.93 /phpMyAdmin_/index.php?lang=en
INFO: [ app_init ] --START--
INFO: Run Behavior\BuildLiteBehavior [ RunTime:0.000023s ]
INFO: [ app_init ] --END-- [ RunTime:0.000562s ]
ERR: 无法加载模块:PhpMyAdmin_

[ 2023-06-11T05:58:21+08:00 ] 124.158.184.93 /phpmyadmin2018/index.php?lang=en
INFO: [ app_init ] --START--
INFO: Run Behavior\BuildLiteBehavior [ RunTime:0.000018s ]
INFO: [ app_init ] --END-- [ RunTime:0.000441s ]
ERR: 无法加载模块:Phpmyadmin2018

[ 2023-06-11T05:58:21+08:00 ] 124.158.184.93 /phpMyAdmin-5.2.0-all-languages/index.php?lang=en
INFO: [ app_init ] --START--
INFO: Run Behavior\BuildLiteBehavior [ RunTime:0.000029s ]
INFO: [ app_init ] --END-- [ RunTime:0.000768s ]
ERR: 无法加载模块:PhpMyAdmin-5.2.0-all-languages

[ 2023-06-11T05:58:21+08:00 ] 124.158.184.93 /sql/sql-admin/index.php?lang=en
INFO: [ app_init ] --START--
INFO: Run Behavior\BuildLiteBehavior [ RunTime:0.000022s ]
INFO: [ app_init ] --END-- [ RunTime:0.000564s ]
ERR: 无法加载模块:Sql

[ 2023-06-11T05:58:21+08:00 ] 124.158.184.93 /_phpmyadmin_/index.php?lang=en
INFO: [ app_init ] --START--
INFO: Run Behavior\BuildLiteBehavior [ RunTime:0.000027s ]
INFO: [ app_init ] --END-- [ RunTime:0.000676s ]
ERR: 无法加载模块:_phpmyadmin_

[ 2023-06-11T05:58:21+08:00 ] 124.158.184.93 /database/index.php?lang=en
INFO: [ app_init ] --START--
INFO: Run Behavior\BuildLiteBehavior [ RunTime:0.000022s ]
INFO: [ app_init ] --END-- [ RunTime:0.000616s ]
ERR: 无法加载模块:Database

[ 2023-06-11T05:58:22+08:00 ] 124.158.184.93 /phpmyadmin2022/index.php?lang=en
INFO: [ app_init ] --START--
INFO: Run Behavior\BuildLiteBehavior [ RunTime:0.000022s ]
INFO: [ app_init ] --END-- [ RunTime:0.000630s ]
ERR: 无法加载模块:Phpmyadmin2022

[ 2023-06-11T05:58:22+08:00 ] 124.158.184.93 /administrator/phpmyadmin/index.php?lang=en
INFO: [ app_init ] --START--
INFO: Run Behavior\BuildLiteBehavior [ RunTime:0.000021s ]
INFO: [ app_init ] --END-- [ RunTime:0.000589s ]
ERR: 无法加载模块:Administrator

[ 2023-06-11T05:58:22+08:00 ] 124.158.184.93 /db/index.php?lang=en
INFO: [ app_init ] --START--
INFO: Run Behavior\BuildLiteBehavior [ RunTime:0.000018s ]
INFO: [ app_init ] --END-- [ RunTime:0.000328s ]
ERR: 无法加载模块:Db

[ 2023-06-11T05:58:22+08:00 ] 124.158.184.93 /sql/sqlweb/index.php?lang=en
INFO: [ app_init ] --START--
INFO: Run Behavior\BuildLiteBehavior [ RunTime:0.000021s ]
INFO: [ app_init ] --END-- [ RunTime:0.000537s ]
ERR: 无法加载模块:Sql

[ 2023-06-11T05:58:22+08:00 ] 124.158.184.93 /db/phpmyadmin4/index.php?lang=en
INFO: [ app_init ] --START--
INFO: Run Behavior\BuildLiteBehavior [ RunTime:0.000026s ]
INFO: [ app_init ] --END-- [ RunTime:0.000675s ]
ERR: 无法加载模块:Db

[ 2023-06-11T05:58:22+08:00 ] 124.158.184.93 /phpMyAdmin3/index.php?lang=en
INFO: [ app_init ] --START--
INFO: Run Behavior\BuildLiteBehavior [ RunTime:0.000022s ]
INFO: [ app_init ] --END-- [ RunTime:0.000631s ]
ERR: 无法加载模块:PhpMyAdmin3

[ 2023-06-11T05:58:22+08:00 ] 124.158.184.93 /phpmyadmin5/index.php?lang=en
INFO: [ app_init ] --START--
INFO: Run Behavior\BuildLiteBehavior [ RunTime:0.000017s ]
INFO: [ app_init ] --END-- [ RunTime:0.000410s ]
ERR: 无法加载模块:Phpmyadmin5

[ 2023-06-11T05:58:22+08:00 ] 124.158.184.93 /db/webadmin/index.php?lang=en
INFO: [ app_init ] --START--
INFO: Run Behavior\BuildLiteBehavior [ RunTime:0.000022s ]
INFO: [ app_init ] --END-- [ RunTime:0.000585s ]
ERR: 无法加载模块:Db

[ 2023-06-11T05:58:23+08:00 ] 124.158.184.93 /1phpmyadmin/index.php?lang=en
INFO: [ app_init ] --START--
INFO: Run Behavior\BuildLiteBehavior [ RunTime:0.000015s ]
INFO: [ app_init ] --END-- [ RunTime:0.000577s ]
ERR: 无法加载模块:1phpmyadmin

[ 2023-06-11T05:58:23+08:00 ] 124.158.184.93 /sql/sqladmin/index.php?lang=en
INFO: [ app_init ] --START--
INFO: Run Behavior\BuildLiteBehavior [ RunTime:0.000022s ]
INFO: [ app_init ] --END-- [ RunTime:0.000530s ]
ERR: 无法加载模块:Sql

[ 2023-06-11T05:58:23+08:00 ] 124.158.184.93 /php-my-admin/index.php?lang=en
INFO: [ app_init ] --START--
INFO: Run Behavior\BuildLiteBehavior [ RunTime:0.000021s ]
INFO: [ app_init ] --END-- [ RunTime:0.000530s ]
ERR: 无法加载模块:Php-my-admin

[ 2023-06-11T05:58:23+08:00 ] 124.158.184.93 /phpmyadmin2012/index.php?lang=en
INFO: [ app_init ] --START--
INFO: Run Behavior\BuildLiteBehavior [ RunTime:0.000021s ]
INFO: [ app_init ] --END-- [ RunTime:0.000541s ]
ERR: 无法加载模块:Phpmyadmin2012

[ 2023-06-11T05:58:23+08:00 ] 124.158.184.93 /mysql/dbadmin/index.php?lang=en
INFO: [ app_init ] --START--
INFO: Run Behavior\BuildLiteBehavior [ RunTime:0.000019s ]
INFO: [ app_init ] --END-- [ RunTime:0.000454s ]
ERR: 无法加载模块:Mysql

[ 2023-06-11T05:58:23+08:00 ] 124.158.184.93 /phpMyAdmin-5.2.0-all-languages/index.php?lang=en
INFO: [ app_init ] --START--
INFO: Run Behavior\BuildLiteBehavior [ RunTime:0.000021s ]
INFO: [ app_init ] --END-- [ RunTime:0.000561s ]
ERR: 无法加载模块:PhpMyAdmin-5.2.0-all-languages

[ 2023-06-11T05:58:23+08:00 ] 124.158.184.93 /phpmyadmin1/index.php?lang=en
INFO: [ app_init ] --START--
INFO: Run Behavior\BuildLiteBehavior [ RunTime:0.000021s ]
INFO: [ app_init ] --END-- [ RunTime:0.000586s ]
ERR: 无法加载模块:Phpmyadmin1

[ 2023-06-11T05:58:24+08:00 ] 124.158.184.93 /_phpMyAdmin/index.php?lang=en
INFO: [ app_init ] --START--
INFO: Run Behavior\BuildLiteBehavior [ RunTime:0.000021s ]
INFO: [ app_init ] --END-- [ RunTime:0.000530s ]
ERR: 无法加载模块:_phpMyAdmin

[ 2023-06-11T05:58:24+08:00 ] 124.158.184.93 /database/index.php?lang=en
INFO: [ app_init ] --START--
INFO: Run Behavior\BuildLiteBehavior [ RunTime:0.000020s ]
INFO: [ app_init ] --END-- [ RunTime:0.000572s ]
ERR: 无法加载模块:Database

[ 2023-06-11T05:58:24+08:00 ] 124.158.184.93 /sql/phpMyAdmin/index.php?lang=en
INFO: [ app_init ] --START--
INFO: Run Behavior\BuildLiteBehavior [ RunTime:0.000022s ]
INFO: [ app_init ] --END-- [ RunTime:0.000599s ]
ERR: 无法加载模块:Sql

[ 2023-06-11T05:58:24+08:00 ] 124.158.184.93 /phpMyAdmin1/index.php?lang=en
INFO: [ app_init ] --START--
INFO: Run Behavior\BuildLiteBehavior [ RunTime:0.000023s ]
INFO: [ app_init ] --END-- [ RunTime:0.000604s ]
ERR: 无法加载模块:PhpMyAdmin1

[ 2023-06-11T05:58:24+08:00 ] 124.158.184.93 /php-myadmin/index.php?lang=en
INFO: [ app_init ] --START--
INFO: Run Behavior\BuildLiteBehavior [ RunTime:0.000021s ]
INFO: [ app_init ] --END-- [ RunTime:0.000620s ]
ERR: 无法加载模块:Php-myadmin

[ 2023-06-11T05:58:24+08:00 ] 124.158.184.93 /phpmyadmin2011/index.php?lang=en
INFO: [ app_init ] --START--
INFO: Run Behavior\BuildLiteBehavior [ RunTime:0.000021s ]
INFO: [ app_init ] --END-- [ RunTime:0.000552s ]
ERR: 无法加载模块:Phpmyadmin2011

[ 2023-06-11T05:58:24+08:00 ] 124.158.184.93 /db/index.php?lang=en
INFO: [ app_init ] --START--
INFO: Run Behavior\BuildLiteBehavior [ RunTime:0.000022s ]
INFO: [ app_init ] --END-- [ RunTime:0.000518s ]
ERR: 无法加载模块:Db

[ 2023-06-11T05:58:24+08:00 ] 124.158.184.93 /2phpmyadmin/index.php?lang=en
INFO: [ app_init ] --START--
INFO: Run Behavior\BuildLiteBehavior [ RunTime:0.000021s ]
INFO: [ app_init ] --END-- [ RunTime:0.000581s ]
ERR: 无法加载模块:2phpmyadmin

[ 2023-06-11T05:58:25+08:00 ] 124.158.184.93 /php-my-admin/index.php?lang=en
INFO: [ app_init ] --START--
INFO: Run Behavior\BuildLiteBehavior [ RunTime:0.000021s ]
INFO: [ app_init ] --END-- [ RunTime:0.000518s ]
ERR: 无法加载模块:Php-my-admin

[ 2023-06-11T05:58:25+08:00 ] 124.158.184.93 /mysql/db/index.php?lang=en
INFO: [ app_init ] --START--
INFO: Run Behavior\BuildLiteBehavior [ RunTime:0.000021s ]
INFO: [ app_init ] --END-- [ RunTime:0.000573s ]
ERR: 无法加载模块:Mysql

[ 2023-06-11T05:58:25+08:00 ] 124.158.184.93 /db/myadmin/index.php?lang=en
INFO: [ app_init ] --START--
INFO: Run Behavior\BuildLiteBehavior [ RunTime:0.000022s ]
INFO: [ app_init ] --END-- [ RunTime:0.000560s ]
ERR: 无法加载模块:Db

[ 2023-06-11T05:58:25+08:00 ] 124.158.184.93 /db/phpmyadmin3/index.php?lang=en
INFO: [ app_init ] --START--
INFO: Run Behavior\BuildLiteBehavior [ RunTime:0.000020s ]
INFO: [ app_init ] --END-- [ RunTime:0.000563s ]
ERR: 无法加载模块:Db

[ 2023-06-11T05:58:25+08:00 ] 124.158.184.93 /mysql/pMA/index.php?lang=en
INFO: [ app_init ] --START--
INFO: Run Behavior\BuildLiteBehavior [ RunTime:0.000021s ]
INFO: [ app_init ] --END-- [ RunTime:0.000578s ]
ERR: 无法加载模块:Mysql

[ 2023-06-11T05:58:25+08:00 ] 124.158.184.93 /mysql/index.php?lang=en
INFO: [ app_init ] --START--
INFO: Run Behavior\BuildLiteBehavior [ RunTime:0.000020s ]
INFO: [ app_init ] --END-- [ RunTime:0.000505s ]
ERR: 无法加载模块:Mysql

[ 2023-06-11T05:58:25+08:00 ] 124.158.184.93 /phpMyAdmin-5.3.0/index.php?lang=en
INFO: [ app_init ] --START--
INFO: Run Behavior\BuildLiteBehavior [ RunTime:0.000023s ]
INFO: [ app_init ] --END-- [ RunTime:0.000573s ]
ERR: 无法加载模块:PhpMyAdmin-5.3.0

[ 2023-06-11T05:58:26+08:00 ] 124.158.184.93 /mysql/mysqlmanager/index.php?lang=en
INFO: [ app_init ] --START--
INFO: Run Behavior\BuildLiteBehavior [ RunTime:0.000025s ]
INFO: [ app_init ] --END-- [ RunTime:0.000575s ]
ERR: 无法加载模块:Mysql

[ 2023-06-11T05:58:26+08:00 ] 124.158.184.93 /sql/myadmin/index.php?lang=en
INFO: [ app_init ] --START--
INFO: Run Behavior\BuildLiteBehavior [ RunTime:0.000021s ]
INFO: [ app_init ] --END-- [ RunTime:0.000509s ]
ERR: 无法加载模块:Sql

[ 2023-06-11T05:58:26+08:00 ] 124.158.184.93 /phpMyAdmin-5.1.1/index.php?lang=en
INFO: [ app_init ] --START--
INFO: Run Behavior\BuildLiteBehavior [ RunTime:0.000023s ]
INFO: [ app_init ] --END-- [ RunTime:0.000648s ]
ERR: 无法加载模块:PhpMyAdmin-5.1.1

[ 2023-06-11T05:58:26+08:00 ] 124.158.184.93 /phpMyAdmin-5.2.0/index.php?lang=en
INFO: [ app_init ] --START--
INFO: Run Behavior\BuildLiteBehavior [ RunTime:0.000023s ]
INFO: [ app_init ] --END-- [ RunTime:0.000525s ]
ERR: 无法加载模块:PhpMyAdmin-5.2.0

[ 2023-06-11T05:58:26+08:00 ] 124.158.184.93 /__phpmyadmin/index.php?lang=en
INFO: [ app_init ] --START--
INFO: Run Behavior\BuildLiteBehavior [ RunTime:0.000021s ]
INFO: [ app_init ] --END-- [ RunTime:0.000514s ]
ERR: 无法加载模块:__phpmyadmin

[ 2023-06-11T05:58:26+08:00 ] 124.158.184.93 /phpMyAdmin_/index.php?lang=en
INFO: [ app_init ] --START--
INFO: Run Behavior\BuildLiteBehavior [ RunTime:0.000031s ]
INFO: [ app_init ] --END-- [ RunTime:0.000778s ]
ERR: 无法加载模块:PhpMyAdmin_

[ 2023-06-11T05:58:26+08:00 ] 124.158.184.93 /sql/webadmin/index.php?lang=en
INFO: [ app_init ] --START--
INFO: Run Behavior\BuildLiteBehavior [ RunTime:0.000021s ]
INFO: [ app_init ] --END-- [ RunTime:0.000562s ]
ERR: 无法加载模块:Sql

[ 2023-06-11T05:58:26+08:00 ] 124.158.184.93 /administrator/phpMyAdmin/index.php?lang=en
INFO: [ app_init ] --START--
INFO: Run Behavior\BuildLiteBehavior [ RunTime:0.000030s ]
INFO: [ app_init ] --END-- [ RunTime:0.000775s ]
ERR: 无法加载模块:Administrator

[ 2023-06-11T05:58:27+08:00 ] 124.158.184.93 /mysql/sqlmanager/index.php?lang=en
INFO: [ app_init ] --START--
INFO: Run Behavior\BuildLiteBehavior [ RunTime:0.000021s ]
INFO: [ app_init ] --END-- [ RunTime:0.000547s ]
ERR: 无法加载模块:Mysql

[ 2023-06-11T05:58:27+08:00 ] 124.158.184.93 /db/phpmyadmin/index.php?lang=en
INFO: [ app_init ] --START--
INFO: Run Behavior\BuildLiteBehavior [ RunTime:0.000037s ]
INFO: [ app_init ] --END-- [ RunTime:0.000609s ]
ERR: 无法加载模块:Db

[ 2023-06-11T05:58:27+08:00 ] 124.158.184.93 /phpmyadmin2020/index.php?lang=en
INFO: [ app_init ] --START--
INFO: Run Behavior\BuildLiteBehavior [ RunTime:0.000022s ]
INFO: [ app_init ] --END-- [ RunTime:0.000739s ]
ERR: 无法加载模块:Phpmyadmin2020

[ 2023-06-11T05:58:27+08:00 ] 124.158.184.93 /administrator/pma/index.php?lang=en
INFO: [ app_init ] --START--
INFO: Run Behavior\BuildLiteBehavior [ RunTime:0.000022s ]
INFO: [ app_init ] --END-- [ RunTime:0.000559s ]
ERR: 无法加载模块:Administrator

[ 2023-06-11T05:58:27+08:00 ] 124.158.184.93 /db/phpMyAdmin-3/index.php?lang=en
INFO: [ app_init ] --START--
INFO: Run Behavior\BuildLiteBehavior [ RunTime:0.000028s ]
INFO: [ app_init ] --END-- [ RunTime:0.000744s ]
ERR: 无法加载模块:Db

[ 2023-06-11T05:58:27+08:00 ] 124.158.184.93 /db/phpMyAdmin/index.php?lang=en
INFO: [ app_init ] --START--
INFO: Run Behavior\BuildLiteBehavior [ RunTime:0.000022s ]
INFO: [ app_init ] --END-- [ RunTime:0.000687s ]
ERR: 无法加载模块:Db

[ 2023-06-11T05:58:27+08:00 ] 124.158.184.93 /myadmin/index.php?lang=en
INFO: [ app_init ] --START--
INFO: Run Behavior\BuildLiteBehavior [ RunTime:0.000018s ]
INFO: [ app_init ] --END-- [ RunTime:0.000487s ]
ERR: 无法加载模块:Myadmin

[ 2023-06-11T05:58:28+08:00 ] 124.158.184.93 /MyAdmin/index.php?lang=en
INFO: [ app_init ] --START--
INFO: Run Behavior\BuildLiteBehavior [ RunTime:0.000022s ]
INFO: [ app_init ] --END-- [ RunTime:0.000695s ]
ERR: 无法加载模块:MyAdmin

[ 2023-06-11T05:58:28+08:00 ] 124.158.184.93 /phpMyAdmin3/index.php?lang=en
INFO: [ app_init ] --START--
INFO: Run Behavior\BuildLiteBehavior [ RunTime:0.000022s ]
INFO: [ app_init ] --END-- [ RunTime:0.000621s ]
ERR: 无法加载模块:PhpMyAdmin3

[ 2023-06-11T05:58:28+08:00 ] 124.158.184.93 /1phpmyadmin/index.php?lang=en
INFO: [ app_init ] --START--
INFO: Run Behavior\BuildLiteBehavior [ RunTime:0.000021s ]
INFO: [ app_init ] --END-- [ RunTime:0.000566s ]
ERR: 无法加载模块:1phpmyadmin

[ 2023-06-11T05:58:28+08:00 ] 124.158.184.93 /phpmyadmin2016/index.php?lang=en
INFO: [ app_init ] --START--
INFO: Run Behavior\BuildLiteBehavior [ RunTime:0.000031s ]
INFO: [ app_init ] --END-- [ RunTime:0.000889s ]
ERR: 无法加载模块:Phpmyadmin2016

[ 2023-06-11T05:58:28+08:00 ] 124.158.184.93 /2phpmyadmin/index.php?lang=en
INFO: [ app_init ] --START--
INFO: Run Behavior\BuildLiteBehavior [ RunTime:0.000030s ]
INFO: [ app_init ] --END-- [ RunTime:0.000790s ]
ERR: 无法加载模块:2phpmyadmin

[ 2023-06-11T06:51:03+08:00 ] 83.97.73.89 /Autodiscover/Autodiscover.xml
INFO: [ app_init ] --START--
INFO: Run Behavior\BuildLiteBehavior [ RunTime:0.000021s ]
INFO: [ app_init ] --END-- [ RunTime:0.000725s ]
ERR: 无法加载模块:Autodiscover

[ 2023-06-11T07:01:25+08:00 ] 83.97.73.89 /vendor/phpunit/phpunit/src/Util/PHP/eval-stdin.php
INFO: [ app_init ] --START--
INFO: Run Behavior\BuildLiteBehavior [ RunTime:0.000021s ]
INFO: [ app_init ] --END-- [ RunTime:0.000610s ]
ERR: 无法加载模块:Vendor

[ 2023-06-11T07:35:30+08:00 ] 180.163.28.55 /layui/layui.all.js
INFO: [ app_init ] --START--
INFO: Run Behavior\BuildLiteBehavior [ RunTime:0.000020s ]
INFO: [ app_init ] --END-- [ RunTime:0.000541s ]
ERR: 无法加载模块:Layui

[ 2023-06-11T07:35:30+08:00 ] 180.163.28.55 /js/jquery-3.1.0.js
INFO: [ app_init ] --START--
INFO: Run Behavior\BuildLiteBehavior [ RunTime:0.000020s ]
INFO: [ app_init ] --END-- [ RunTime:0.000513s ]
ERR: 无法加载模块:Js

[ 2023-06-11T07:35:31+08:00 ] 180.163.28.55 /js/layer.js
INFO: [ app_init ] --START--
INFO: Run Behavior\BuildLiteBehavior [ RunTime:0.000021s ]
INFO: [ app_init ] --END-- [ RunTime:0.000658s ]
ERR: 无法加载模块:Js

[ 2023-06-11T07:35:32+08:00 ] 180.163.28.55 /js/clipboard.min.js
INFO: [ app_init ] --START--
INFO: Run Behavior\BuildLiteBehavior [ RunTime:0.000021s ]
INFO: [ app_init ] --END-- [ RunTime:0.000628s ]
ERR: 无法加载模块:Js

[ 2023-06-11T08:10:29+08:00 ] 83.97.73.89 /vendor/phpunit/phpunit/src/Util/PHP/eval-stdin.php
INFO: [ app_init ] --START--
INFO: Run Behavior\BuildLiteBehavior [ RunTime:0.000021s ]
INFO: [ app_init ] --END-- [ RunTime:0.000577s ]
ERR: 无法加载模块:Vendor

[ 2023-06-11T07:22:56+08:00 ] 83.97.73.89 /solr/admin/info/system?wt=json
INFO: [ app_init ] --START--
INFO: Run Behavior\BuildLiteBehavior [ RunTime:0.000021s ]
INFO: [ app_init ] --END-- [ RunTime:0.000524s ]
ERR: 无法加载模块:Solr

[ 2023-06-11T07:36:04+08:00 ] 83.97.73.89 /index.php?s=/Index/\think\app/invokefunction&function=call_user_func_array&vars[0]=md5&vars[1][]=HelloThinkPHP21
INFO: [ app_init ] --START--
INFO: Run Behavior\BuildLiteBehavior [ RunTime:0.000030s ]
INFO: [ app_init ] --END-- [ RunTime:0.000559s ]
ERR: 无法加载模块:Index

[ 2023-06-11T08:03:24+08:00 ] 193.35.18.52 /boaform/admin/formLogin
INFO: [ app_init ] --START--
INFO: Run Behavior\BuildLiteBehavior [ RunTime:0.000020s ]
INFO: [ app_init ] --END-- [ RunTime:0.000522s ]
ERR: 无法加载模块:Boaform

[ 2023-06-11T09:53:58+08:00 ] 193.35.18.63 /boaform/admin/formLogin
INFO: [ app_init ] --START--
INFO: Run Behavior\BuildLiteBehavior [ RunTime:0.000021s ]
INFO: [ app_init ] --END-- [ RunTime:0.000844s ]
ERR: 无法加载模块:Boaform

[ 2023-06-11T09:54:53+08:00 ] 132.145.39.16 /_profiler/phpinfo
INFO: [ app_init ] --START--
INFO: Run Behavior\BuildLiteBehavior [ RunTime:0.000024s ]
INFO: [ app_init ] --END-- [ RunTime:0.000641s ]
ERR: 无法加载模块:_profiler

[ 2023-06-11T09:54:55+08:00 ] 132.145.39.16 /phpinfo
INFO: [ app_init ] --START--
INFO: Run Behavior\BuildLiteBehavior [ RunTime:0.000022s ]
INFO: [ app_init ] --END-- [ RunTime:0.000574s ]
ERR: 无法加载模块:Phpinfo

[ 2023-06-11T09:54:56+08:00 ] 132.145.39.16 /phpinfo.php
INFO: [ app_init ] --START--
INFO: Run Behavior\BuildLiteBehavior [ RunTime:0.000022s ]
INFO: [ app_init ] --END-- [ RunTime:0.000739s ]
ERR: 无法加载模块:Phpinfo

[ 2023-06-11T09:54:58+08:00 ] 132.145.39.16 /info.php
INFO: [ app_init ] --START--
INFO: Run Behavior\BuildLiteBehavior [ RunTime:0.000021s ]
INFO: [ app_init ] --END-- [ RunTime:0.000542s ]
ERR: 无法加载模块:Info

[ 2023-06-11T09:54:59+08:00 ] 132.145.39.16 /php.php
INFO: [ app_init ] --START--
INFO: Run Behavior\BuildLiteBehavior [ RunTime:0.000021s ]
INFO: [ app_init ] --END-- [ RunTime:0.000586s ]
ERR: 无法加载模块:Php

[ 2023-06-11T09:55:00+08:00 ] 132.145.39.16 /test.php
INFO: [ app_init ] --START--
INFO: Run Behavior\BuildLiteBehavior [ RunTime:0.000022s ]
INFO: [ app_init ] --END-- [ RunTime:0.000526s ]
ERR: 无法加载模块:Test

[ 2023-06-11T10:02:56+08:00 ] 103.154.185.167 /wp-login.php
INFO: [ app_init ] --START--
INFO: Run Behavior\BuildLiteBehavior [ RunTime:0.000027s ]
INFO: [ app_init ] --END-- [ RunTime:0.000745s ]
ERR: 无法加载模块:Wp-login

[ 2023-06-11T10:13:36+08:00 ] 83.97.73.89 /console/
INFO: [ app_init ] --START--
INFO: Run Behavior\BuildLiteBehavior [ RunTime:0.000022s ]
INFO: [ app_init ] --END-- [ RunTime:0.000631s ]
ERR: 无法加载模块:Console

[ 2023-06-11T10:59:14+08:00 ] 83.97.73.89 /_ignition/execute-solution
INFO: [ app_init ] --START--
INFO: Run Behavior\BuildLiteBehavior [ RunTime:0.000021s ]
INFO: [ app_init ] --END-- [ RunTime:0.000628s ]
ERR: 无法加载模块:_ignition

[ 2023-06-11T11:20:15+08:00 ] 203.86.236.195 //static/common/user/js/user.js
INFO: [ app_init ] --START--
INFO: Run Behavior\BuildLiteBehavior [ RunTime:0.000025s ]
INFO: [ app_init ] --END-- [ RunTime:0.000581s ]
ERR: 无法加载模块:Static

[ 2023-06-11T12:01:27+08:00 ] 157.245.52.254 /client/get_targets
INFO: [ app_init ] --START--
INFO: Run Behavior\BuildLiteBehavior [ RunTime:0.000016s ]
INFO: [ app_init ] --END-- [ RunTime:0.000386s ]
ERR: 无法加载模块:Client

[ 2023-06-11T12:01:27+08:00 ] 157.245.52.254 /upl.php
INFO: [ app_init ] --START--
INFO: Run Behavior\BuildLiteBehavior [ RunTime:0.000021s ]
INFO: [ app_init ] --END-- [ RunTime:0.000678s ]
ERR: 无法加载模块:Upl

[ 2023-06-11T12:01:27+08:00 ] 157.245.52.254 /geoip/
INFO: [ app_init ] --START--
INFO: Run Behavior\BuildLiteBehavior [ RunTime:0.000023s ]
INFO: [ app_init ] --END-- [ RunTime:0.000611s ]
ERR: 无法加载模块:Geoip

[ 2023-06-11T12:01:27+08:00 ] 157.245.52.254 /1.php
INFO: [ app_init ] --START--
INFO: Run Behavior\BuildLiteBehavior [ RunTime:0.000023s ]
INFO: [ app_init ] --END-- [ RunTime:0.000560s ]
ERR: 无法加载模块:1

[ 2023-06-11T12:01:27+08:00 ] 157.245.52.254 /bundle.js
INFO: [ app_init ] --START--
INFO: Run Behavior\BuildLiteBehavior [ RunTime:0.000021s ]
INFO: [ app_init ] --END-- [ RunTime:0.000598s ]
ERR: 无法加载模块:Bundle

[ 2023-06-11T12:01:27+08:00 ] 157.245.52.254 /files/
INFO: [ app_init ] --START--
INFO: Run Behavior\BuildLiteBehavior [ RunTime:0.000022s ]
INFO: [ app_init ] --END-- [ RunTime:0.000552s ]
ERR: 无法加载模块:Files

[ 2023-06-11T12:13:56+08:00 ] 120.92.72.66 /js/jquery-3.1.0.js
INFO: [ app_init ] --START--
INFO: Run Behavior\BuildLiteBehavior [ RunTime:0.000031s ]
INFO: [ app_init ] --END-- [ RunTime:0.000674s ]
ERR: 无法加载模块:Js

[ 2023-06-11T12:13:56+08:00 ] 120.92.72.2 /layui/layui.all.js
INFO: [ app_init ] --START--
INFO: Run Behavior\BuildLiteBehavior [ RunTime:0.000020s ]
INFO: [ app_init ] --END-- [ RunTime:0.000642s ]
ERR: 无法加载模块:Layui

[ 2023-06-11T12:34:18+08:00 ] 82.15.185.210 /HNAP1/
INFO: [ app_init ] --START--
INFO: Run Behavior\BuildLiteBehavior [ RunTime:0.000020s ]
INFO: [ app_init ] --END-- [ RunTime:0.000649s ]
ERR: 无法加载模块:HNAP1

[ 2023-06-11T12:55:51+08:00 ] 51.222.253.6 /robots.txt
INFO: [ app_init ] --START--
INFO: Run Behavior\BuildLiteBehavior [ RunTime:0.000022s ]
INFO: [ app_init ] --END-- [ RunTime:0.000588s ]
ERR: 无法加载模块:Robots

[ 2023-06-11T13:24:16+08:00 ] 64.62.197.123 /geoserver/web/
INFO: [ app_init ] --START--
INFO: Run Behavior\BuildLiteBehavior [ RunTime:0.000028s ]
INFO: [ app_init ] --END-- [ RunTime:0.000929s ]
ERR: 无法加载模块:Geoserver

[ 2023-06-11T13:35:33+08:00 ] 83.97.73.89 /actuator/gateway/routes
INFO: [ app_init ] --START--
INFO: Run Behavior\BuildLiteBehavior [ RunTime:0.000021s ]
INFO: [ app_init ] --END-- [ RunTime:0.000583s ]
ERR: 无法加载模块:Actuator

[ 2023-06-11T14:02:31+08:00 ] 207.46.13.230 /robots.txt
INFO: [ app_init ] --START--
INFO: Run Behavior\BuildLiteBehavior [ RunTime:0.000021s ]
INFO: [ app_init ] --END-- [ RunTime:0.000519s ]
ERR: 无法加载模块:Robots

[ 2023-06-11T14:12:33+08:00 ] 83.97.73.89 /geoserver
INFO: [ app_init ] --START--
INFO: Run Behavior\BuildLiteBehavior [ RunTime:0.000027s ]
INFO: [ app_init ] --END-- [ RunTime:0.000699s ]
ERR: 无法加载模块:Geoserver

[ 2023-06-11T15:01:50+08:00 ] 50.31.21.6 /nmaplowercheck1686466910
INFO: [ app_init ] --START--
INFO: Run Behavior\BuildLiteBehavior [ RunTime:0.000021s ]
INFO: [ app_init ] --END-- [ RunTime:0.000577s ]
ERR: 无法加载模块:Nmaplowercheck1686466910

[ 2023-06-11T15:01:50+08:00 ] 50.31.21.6 /sdk
INFO: [ app_init ] --START--
INFO: Run Behavior\BuildLiteBehavior [ RunTime:0.000021s ]
INFO: [ app_init ] --END-- [ RunTime:0.000570s ]
ERR: 无法加载模块:Sdk

[ 2023-06-11T15:01:51+08:00 ] 50.31.21.6 /evox/about
INFO: [ app_init ] --START--
INFO: Run Behavior\BuildLiteBehavior [ RunTime:0.000030s ]
INFO: [ app_init ] --END-- [ RunTime:0.001320s ]
ERR: 无法加载模块:Evox

[ 2023-06-11T15:01:53+08:00 ] 50.31.21.6 /HNAP1
INFO: [ app_init ] --START--
INFO: Run Behavior\BuildLiteBehavior [ RunTime:0.000022s ]
INFO: [ app_init ] --END-- [ RunTime:0.000619s ]
ERR: 无法加载模块:HNAP1

[ 2023-06-11T15:40:13+08:00 ] 180.163.28.143 /layui/layui.all.js
INFO: [ app_init ] --START--
INFO: Run Behavior\BuildLiteBehavior [ RunTime:0.000021s ]
INFO: [ app_init ] --END-- [ RunTime:0.000787s ]
ERR: 无法加载模块:Layui

[ 2023-06-11T15:40:15+08:00 ] 180.163.28.143 /js/jquery-3.1.0.js
INFO: [ app_init ] --START--
INFO: Run Behavior\BuildLiteBehavior [ RunTime:0.000022s ]
INFO: [ app_init ] --END-- [ RunTime:0.000727s ]
ERR: 无法加载模块:Js

[ 2023-06-11T15:40:15+08:00 ] 180.163.28.143 /js/layer.js
INFO: [ app_init ] --START--
INFO: Run Behavior\BuildLiteBehavior [ RunTime:0.000021s ]
INFO: [ app_init ] --END-- [ RunTime:0.000527s ]
ERR: 无法加载模块:Js

[ 2023-06-11T15:40:16+08:00 ] 180.163.28.143 /js/clipboard.min.js
INFO: [ app_init ] --START--
INFO: Run Behavior\BuildLiteBehavior [ RunTime:0.000016s ]
INFO: [ app_init ] --END-- [ RunTime:0.000442s ]
ERR: 无法加载模块:Js

[ 2023-06-11T16:08:47+08:00 ] 109.237.98.53 /.aws/credentials
INFO: [ app_init ] --START--
INFO: Run Behavior\BuildLiteBehavior [ RunTime:0.000047s ]
INFO: [ app_init ] --END-- [ RunTime:0.000532s ]
ERR: 无法加载模块:.aws

[ 2023-06-11T16:08:55+08:00 ] 109.237.98.53 /.aws/credentials
INFO: [ app_init ] --START--
INFO: Run Behavior\BuildLiteBehavior [ RunTime:0.000020s ]
INFO: [ app_init ] --END-- [ RunTime:0.000540s ]
ERR: 无法加载模块:.aws

[ 2023-06-11T16:24:11+08:00 ] 103.254.208.180 /wxapp.php?controller=Goods.doPageUpload
INFO: [ app_init ] --START--
INFO: Run Behavior\BuildLiteBehavior [ RunTime:0.000021s ]
INFO: [ app_init ] --END-- [ RunTime:0.000551s ]
ERR: 无法加载模块:Wxapp

[ 2023-06-11T16:24:55+08:00 ] 185.225.74.23 /feed/
INFO: [ app_init ] --START--
INFO: Run Behavior\BuildLiteBehavior [ RunTime:0.000020s ]
INFO: [ app_init ] --END-- [ RunTime:0.000596s ]
ERR: 无法加载模块:Feed

[ 2023-06-11T16:24:56+08:00 ] 185.225.74.23 /xmlrpc.php?rsd
INFO: [ app_init ] --START--
INFO: Run Behavior\BuildLiteBehavior [ RunTime:0.000020s ]
INFO: [ app_init ] --END-- [ RunTime:0.000544s ]
ERR: 无法加载模块:Xmlrpc

[ 2023-06-11T16:24:56+08:00 ] 185.225.74.23 /blog/wp-includes/wlwmanifest.xml
INFO: [ app_init ] --START--
INFO: Run Behavior\BuildLiteBehavior [ RunTime:0.000020s ]
INFO: [ app_init ] --END-- [ RunTime:0.000519s ]
ERR: 无法加载模块:Blog

[ 2023-06-11T16:24:56+08:00 ] 185.225.74.23 /web/wp-includes/wlwmanifest.xml
INFO: [ app_init ] --START--
INFO: Run Behavior\BuildLiteBehavior [ RunTime:0.000021s ]
INFO: [ app_init ] --END-- [ RunTime:0.000596s ]
ERR: 无法加载模块:Web

[ 2023-06-11T16:24:57+08:00 ] 185.225.74.23 /wordpress/wp-includes/wlwmanifest.xml
INFO: [ app_init ] --START--
INFO: Run Behavior\BuildLiteBehavior [ RunTime:0.000027s ]
INFO: [ app_init ] --END-- [ RunTime:0.000713s ]
ERR: 无法加载模块:Wordpress

[ 2023-06-11T16:24:57+08:00 ] 185.225.74.23 /wp/wp-includes/wlwmanifest.xml
INFO: [ app_init ] --START--
INFO: Run Behavior\BuildLiteBehavior [ RunTime:0.000015s ]
INFO: [ app_init ] --END-- [ RunTime:0.000402s ]
ERR: 无法加载模块:Wp

[ 2023-06-11T16:24:58+08:00 ] 185.225.74.23 /2020/wp-includes/wlwmanifest.xml
INFO: [ app_init ] --START--
INFO: Run Behavior\BuildLiteBehavior [ RunTime:0.000029s ]
INFO: [ app_init ] --END-- [ RunTime:0.000813s ]
ERR: 无法加载模块:2020

[ 2023-06-11T16:24:58+08:00 ] 185.225.74.23 /2019/wp-includes/wlwmanifest.xml
INFO: [ app_init ] --START--
INFO: Run Behavior\BuildLiteBehavior [ RunTime:0.000021s ]
INFO: [ app_init ] --END-- [ RunTime:0.000569s ]
ERR: 无法加载模块:2019

[ 2023-06-11T16:24:59+08:00 ] 185.225.74.23 /2021/wp-includes/wlwmanifest.xml
INFO: [ app_init ] --START--
INFO: Run Behavior\BuildLiteBehavior [ RunTime:0.000020s ]
INFO: [ app_init ] --END-- [ RunTime:0.000550s ]
ERR: 无法加载模块:2021

[ 2023-06-11T16:24:59+08:00 ] 185.225.74.23 /shop/wp-includes/wlwmanifest.xml
INFO: [ app_init ] --START--
INFO: Run Behavior\BuildLiteBehavior [ RunTime:0.000024s ]
INFO: [ app_init ] --END-- [ RunTime:0.000615s ]
ERR: 无法加载模块:Shop

[ 2023-06-11T16:24:59+08:00 ] 185.225.74.23 /wp1/wp-includes/wlwmanifest.xml
INFO: [ app_init ] --START--
INFO: Run Behavior\BuildLiteBehavior [ RunTime:0.000022s ]
INFO: [ app_init ] --END-- [ RunTime:0.000523s ]
ERR: 无法加载模块:Wp1

[ 2023-06-11T16:25:00+08:00 ] 185.225.74.23 /test/wp-includes/wlwmanifest.xml
INFO: [ app_init ] --START--
INFO: Run Behavior\BuildLiteBehavior [ RunTime:0.000029s ]
INFO: [ app_init ] --END-- [ RunTime:0.000812s ]
ERR: 无法加载模块:Test

[ 2023-06-11T16:25:00+08:00 ] 185.225.74.23 /site/wp-includes/wlwmanifest.xml
INFO: [ app_init ] --START--
INFO: Run Behavior\BuildLiteBehavior [ RunTime:0.000021s ]
INFO: [ app_init ] --END-- [ RunTime:0.000541s ]
ERR: 无法加载模块:Site

[ 2023-06-11T16:25:01+08:00 ] 185.225.74.23 /cms/wp-includes/wlwmanifest.xml
INFO: [ app_init ] --START--
INFO: Run Behavior\BuildLiteBehavior [ RunTime:0.000021s ]
INFO: [ app_init ] --END-- [ RunTime:0.000500s ]
ERR: 无法加载模块:Cms

[ 2023-06-11T16:52:49+08:00 ] 54.36.148.188 /robots.txt
INFO: [ app_init ] --START--
INFO: Run Behavior\BuildLiteBehavior [ RunTime:0.000044s ]
INFO: [ app_init ] --END-- [ RunTime:0.000649s ]
ERR: 无法加载模块:Robots

[ 2023-06-11T17:23:07+08:00 ] 61.152.197.156 /apple-touch-icon-120x120-precomposed.png
INFO: [ app_init ] --START--
INFO: Run Behavior\BuildLiteBehavior [ RunTime:0.000020s ]
INFO: [ app_init ] --END-- [ RunTime:0.000539s ]
ERR: 无法加载模块:Apple-touch-icon-120x120-precomposed

[ 2023-06-11T17:23:08+08:00 ] 61.152.197.156 /apple-touch-icon-120x120.png
INFO: [ app_init ] --START--
INFO: Run Behavior\BuildLiteBehavior [ RunTime:0.000022s ]
INFO: [ app_init ] --END-- [ RunTime:0.000584s ]
ERR: 无法加载模块:Apple-touch-icon-120x120

[ 2023-06-11T17:23:08+08:00 ] 61.152.197.156 /apple-touch-icon-precomposed.png
INFO: [ app_init ] --START--
INFO: Run Behavior\BuildLiteBehavior [ RunTime:0.000021s ]
INFO: [ app_init ] --END-- [ RunTime:0.000689s ]
ERR: 无法加载模块:Apple-touch-icon-precomposed

[ 2023-06-11T17:23:08+08:00 ] 61.152.197.156 /apple-touch-icon.png
INFO: [ app_init ] --START--
INFO: Run Behavior\BuildLiteBehavior [ RunTime:0.000021s ]
INFO: [ app_init ] --END-- [ RunTime:0.000554s ]
ERR: 无法加载模块:Apple-touch-icon

[ 2023-06-11T17:55:25+08:00 ] 109.237.97.180 /.aws/credentials
INFO: [ app_init ] --START--
INFO: Run Behavior\BuildLiteBehavior [ RunTime:0.000021s ]
INFO: [ app_init ] --END-- [ RunTime:0.000555s ]
ERR: 无法加载模块:.aws

[ 2023-06-11T17:56:57+08:00 ] 134.122.46.243 /client/get_targets
INFO: [ app_init ] --START--
INFO: Run Behavior\BuildLiteBehavior [ RunTime:0.000021s ]
INFO: [ app_init ] --END-- [ RunTime:0.000517s ]
ERR: 无法加载模块:Client

[ 2023-06-11T17:56:58+08:00 ] 134.122.46.243 /upl.php
INFO: [ app_init ] --START--
INFO: Run Behavior\BuildLiteBehavior [ RunTime:0.000022s ]
INFO: [ app_init ] --END-- [ RunTime:0.000537s ]
ERR: 无法加载模块:Upl

[ 2023-06-11T17:56:59+08:00 ] 134.122.46.243 /geoip/
INFO: [ app_init ] --START--
INFO: Run Behavior\BuildLiteBehavior [ RunTime:0.000059s ]
INFO: [ app_init ] --END-- [ RunTime:0.000561s ]
ERR: 无法加载模块:Geoip

[ 2023-06-11T17:57:00+08:00 ] 134.122.46.243 /1.php
INFO: [ app_init ] --START--
INFO: Run Behavior\BuildLiteBehavior [ RunTime:0.000021s ]
INFO: [ app_init ] --END-- [ RunTime:0.000512s ]
ERR: 无法加载模块:1

[ 2023-06-11T17:57:01+08:00 ] 134.122.46.243 /bundle.js
INFO: [ app_init ] --START--
INFO: Run Behavior\BuildLiteBehavior [ RunTime:0.000027s ]
INFO: [ app_init ] --END-- [ RunTime:0.000795s ]
ERR: 无法加载模块:Bundle

[ 2023-06-11T17:57:01+08:00 ] 134.122.46.243 /files/
INFO: [ app_init ] --START--
INFO: Run Behavior\BuildLiteBehavior [ RunTime:0.000015s ]
INFO: [ app_init ] --END-- [ RunTime:0.000423s ]
ERR: 无法加载模块:Files

[ 2023-06-11T18:47:03+08:00 ] 180.163.29.206 /layui/layui.all.js
INFO: [ app_init ] --START--
INFO: Run Behavior\BuildLiteBehavior [ RunTime:0.000021s ]
INFO: [ app_init ] --END-- [ RunTime:0.000645s ]
ERR: 无法加载模块:Layui

[ 2023-06-11T18:47:03+08:00 ] 180.163.29.206 /js/jquery-3.1.0.js
INFO: [ app_init ] --START--
INFO: Run Behavior\BuildLiteBehavior [ RunTime:0.000022s ]
INFO: [ app_init ] --END-- [ RunTime:0.000646s ]
ERR: 无法加载模块:Js

[ 2023-06-11T18:47:03+08:00 ] 180.163.29.206 /js/layer.js
INFO: [ app_init ] --START--
INFO: Run Behavior\BuildLiteBehavior [ RunTime:0.000025s ]
INFO: [ app_init ] --END-- [ RunTime:0.000564s ]
ERR: 无法加载模块:Js

[ 2023-06-11T18:47:03+08:00 ] 180.163.29.206 /js/clipboard.min.js
INFO: [ app_init ] --START--
INFO: Run Behavior\BuildLiteBehavior [ RunTime:0.000021s ]
INFO: [ app_init ] --END-- [ RunTime:0.000528s ]
ERR: 无法加载模块:Js

[ 2023-06-11T19:36:17+08:00 ] 179.43.177.244 /boaform/admin/formLogin
INFO: [ app_init ] --START--
INFO: Run Behavior\BuildLiteBehavior [ RunTime:0.000024s ]
INFO: [ app_init ] --END-- [ RunTime:0.000589s ]
ERR: 无法加载模块:Boaform

[ 2023-06-11T20:06:31+08:00 ] 91.121.59.189 /core/.env
INFO: [ app_init ] --START--
INFO: Run Behavior\BuildLiteBehavior [ RunTime:0.000032s ]
INFO: [ app_init ] --END-- [ RunTime:0.000748s ]
ERR: 无法加载模块:Core

[ 2023-06-11T20:06:31+08:00 ] 91.121.59.189 /core/.env
INFO: [ app_init ] --START--
INFO: Run Behavior\BuildLiteBehavior [ RunTime:0.000022s ]
INFO: [ app_init ] --END-- [ RunTime:0.000565s ]
ERR: 无法加载模块:Core

[ 2023-06-11T20:06:33+08:00 ] 91.121.59.189 /core/.env
INFO: [ app_init ] --START--
INFO: Run Behavior\BuildLiteBehavior [ RunTime:0.000021s ]
INFO: [ app_init ] --END-- [ RunTime:0.000585s ]
ERR: 无法加载模块:Core

[ 2023-06-11T20:26:57+08:00 ] 112.22.112.35 /apple-touch-icon-120x120-precomposed.png
INFO: [ app_init ] --START--
INFO: Run Behavior\BuildLiteBehavior [ RunTime:0.000035s ]
INFO: [ app_init ] --END-- [ RunTime:0.000944s ]
ERR: 无法加载模块:Apple-touch-icon-120x120-precomposed

[ 2023-06-11T20:26:57+08:00 ] 112.22.112.35 /apple-touch-icon-120x120.png
INFO: [ app_init ] --START--
INFO: Run Behavior\BuildLiteBehavior [ RunTime:0.000022s ]
INFO: [ app_init ] --END-- [ RunTime:0.000567s ]
ERR: 无法加载模块:Apple-touch-icon-120x120

[ 2023-06-11T20:26:57+08:00 ] 112.22.112.35 /apple-touch-icon-precomposed.png
INFO: [ app_init ] --START--
INFO: Run Behavior\BuildLiteBehavior [ RunTime:0.000022s ]
INFO: [ app_init ] --END-- [ RunTime:0.000565s ]
ERR: 无法加载模块:Apple-touch-icon-precomposed

[ 2023-06-11T20:26:57+08:00 ] 112.22.112.35 /apple-touch-icon.png
INFO: [ app_init ] --START--
INFO: Run Behavior\BuildLiteBehavior [ RunTime:0.000021s ]
INFO: [ app_init ] --END-- [ RunTime:0.000615s ]
ERR: 无法加载模块:Apple-touch-icon

[ 2023-06-11T20:29:09+08:00 ] 66.249.72.163 /robots.txt
INFO: [ app_init ] --START--
INFO: Run Behavior\BuildLiteBehavior [ RunTime:0.000022s ]
INFO: [ app_init ] --END-- [ RunTime:0.000561s ]
ERR: 无法加载模块:Robots

[ 2023-06-11T20:43:08+08:00 ] 113.61.35.250 /index.php?s=captcha
INFO: [ app_init ] --START--
INFO: Run Behavior\BuildLiteBehavior [ RunTime:0.000022s ]
INFO: [ app_init ] --END-- [ RunTime:0.000583s ]
ERR: 无法加载模块:Captcha

[ 2023-06-11T20:49:23+08:00 ] 52.167.144.54 /robots.txt
INFO: [ app_init ] --START--
INFO: Run Behavior\BuildLiteBehavior [ RunTime:0.000021s ]
INFO: [ app_init ] --END-- [ RunTime:0.000594s ]
ERR: 无法加载模块:Robots

[ 2023-06-11T20:49:23+08:00 ] 52.167.144.54 /robots.txt
INFO: [ app_init ] --START--
INFO: Run Behavior\BuildLiteBehavior [ RunTime:0.000021s ]
INFO: [ app_init ] --END-- [ RunTime:0.000640s ]
ERR: 无法加载模块:Robots

[ 2023-06-11T20:49:23+08:00 ] 52.167.144.54 /robots.txt
INFO: [ app_init ] --START--
INFO: Run Behavior\BuildLiteBehavior [ RunTime:0.000022s ]
INFO: [ app_init ] --END-- [ RunTime:0.000612s ]
ERR: 无法加载模块:Robots

[ 2023-06-11T21:00:31+08:00 ] 113.61.35.250 /index.php?s=index/index/index
INFO: [ app_init ] --START--
INFO: Run Behavior\BuildLiteBehavior [ RunTime:0.000020s ]
INFO: [ app_init ] --END-- [ RunTime:0.000591s ]
ERR: 无法加载模块:Index

[ 2023-06-11T21:00:31+08:00 ] 113.61.35.250 /index.php?s=index/index/index
INFO: [ app_init ] --START--
INFO: Run Behavior\BuildLiteBehavior [ RunTime:0.000021s ]
INFO: [ app_init ] --END-- [ RunTime:0.000639s ]
ERR: 无法加载模块:Index

[ 2023-06-11T21:00:31+08:00 ] 113.61.35.250 /index.php?s=index/index/index
INFO: [ app_init ] --START--
INFO: Run Behavior\BuildLiteBehavior [ RunTime:0.000022s ]
INFO: [ app_init ] --END-- [ RunTime:0.000664s ]
ERR: 无法加载模块:Index

[ 2023-06-11T21:00:31+08:00 ] 113.61.35.250 /index.php?s=index/index/index
INFO: [ app_init ] --START--
INFO: Run Behavior\BuildLiteBehavior [ RunTime:0.000021s ]
INFO: [ app_init ] --END-- [ RunTime:0.000517s ]
ERR: 无法加载模块:Index

[ 2023-06-11T21:00:31+08:00 ] 113.61.35.250 /index.php?s=index/index/index
INFO: [ app_init ] --START--
INFO: Run Behavior\BuildLiteBehavior [ RunTime:0.000021s ]
INFO: [ app_init ] --END-- [ RunTime:0.000664s ]
ERR: 无法加载模块:Index

[ 2023-06-11T22:07:40+08:00 ] 14.210.79.208 /apple-touch-icon-120x120-precomposed.png
INFO: [ app_init ] --START--
INFO: Run Behavior\BuildLiteBehavior [ RunTime:0.000021s ]
INFO: [ app_init ] --END-- [ RunTime:0.000532s ]
ERR: 无法加载模块:Apple-touch-icon-120x120-precomposed

[ 2023-06-11T22:07:41+08:00 ] 14.210.79.208 /apple-touch-icon-120x120.png
INFO: [ app_init ] --START--
INFO: Run Behavior\BuildLiteBehavior [ RunTime:0.000024s ]
INFO: [ app_init ] --END-- [ RunTime:0.000590s ]
ERR: 无法加载模块:Apple-touch-icon-120x120

[ 2023-06-11T22:07:41+08:00 ] 14.210.79.208 /apple-touch-icon-precomposed.png
INFO: [ app_init ] --START--
INFO: Run Behavior\BuildLiteBehavior [ RunTime:0.000029s ]
INFO: [ app_init ] --END-- [ RunTime:0.000876s ]
ERR: 无法加载模块:Apple-touch-icon-precomposed

[ 2023-06-11T22:07:41+08:00 ] 14.210.79.208 /apple-touch-icon.png
INFO: [ app_init ] --START--
INFO: Run Behavior\BuildLiteBehavior [ RunTime:0.000021s ]
INFO: [ app_init ] --END-- [ RunTime:0.000534s ]
ERR: 无法加载模块:Apple-touch-icon

[ 2023-06-11T23:29:10+08:00 ] 34.28.16.79 /wp-login.php
INFO: [ app_init ] --START--
INFO: Run Behavior\BuildLiteBehavior [ RunTime:0.000028s ]
INFO: [ app_init ] --END-- [ RunTime:0.000595s ]
ERR: 无法加载模块:Wp-login

[ 2023-06-11T23:31:11+08:00 ] 180.163.30.85 /layui/layui.all.js
INFO: [ app_init ] --START--
INFO: Run Behavior\BuildLiteBehavior [ RunTime:0.000021s ]
INFO: [ app_init ] --END-- [ RunTime:0.000543s ]
ERR: 无法加载模块:Layui

[ 2023-06-11T23:31:11+08:00 ] 180.163.30.85 /js/jquery-3.1.0.js
INFO: [ app_init ] --START--
INFO: Run Behavior\BuildLiteBehavior [ RunTime:0.000022s ]
INFO: [ app_init ] --END-- [ RunTime:0.000677s ]
ERR: 无法加载模块:Js

[ 2023-06-11T23:31:12+08:00 ] 180.163.30.85 /js/layer.js
INFO: [ app_init ] --START--
INFO: Run Behavior\BuildLiteBehavior [ RunTime:0.000021s ]
INFO: [ app_init ] --END-- [ RunTime:0.000567s ]
ERR: 无法加载模块:Js

[ 2023-06-11T23:31:12+08:00 ] 180.163.30.85 /js/clipboard.min.js
INFO: [ app_init ] --START--
INFO: Run Behavior\BuildLiteBehavior [ RunTime:0.000028s ]
INFO: [ app_init ] --END-- [ RunTime:0.000812s ]
ERR: 无法加载模块:Js

[ 2023-06-11T23:57:40+08:00 ] 192.99.166.176 /wp-login.php
INFO: [ app_init ] --START--
INFO: Run Behavior\BuildLiteBehavior [ RunTime:0.000021s ]
INFO: [ app_init ] --END-- [ RunTime:0.000531s ]
ERR: 无法加载模块:Wp-login

