[ 2023-06-29T00:11:32+08:00 ] 45.128.232.62 /boaform/admin/formLogin
INFO: [ app_init ] --START--
INFO: Run Behavior\BuildLiteBehavior [ RunTime:0.000033s ]
INFO: [ app_init ] --END-- [ RunTime:0.000987s ]
ERR: 无法加载模块:Boaform

[ 2023-06-29T01:25:21+08:00 ] 116.176.77.24 /mgmt/tm/util/bash
INFO: [ app_init ] --START--
INFO: Run Behavior\BuildLiteBehavior [ RunTime:0.000028s ]
INFO: [ app_init ] --END-- [ RunTime:0.000712s ]
ERR: 无法加载模块:Mgmt

[ 2023-06-29T01:41:24+08:00 ] 198.199.107.114 /druid/index.html
INFO: [ app_init ] --START--
INFO: Run Behavior\BuildLiteBehavior [ RunTime:0.000021s ]
INFO: [ app_init ] --END-- [ RunTime:0.000541s ]
ERR: 无法加载模块:Druid

[ 2023-06-29T02:52:41+08:00 ] 109.237.98.235 /.aws/credentials
INFO: [ app_init ] --START--
INFO: Run Behavior\BuildLiteBehavior [ RunTime:0.000032s ]
INFO: [ app_init ] --END-- [ RunTime:0.000636s ]
ERR: 无法加载模块:.aws

[ 2023-06-29T06:27:18+08:00 ] 83.97.73.89 /Autodiscover/Autodiscover.xml
INFO: [ app_init ] --START--
INFO: Run Behavior\BuildLiteBehavior [ RunTime:0.000021s ]
INFO: [ app_init ] --END-- [ RunTime:0.000527s ]
ERR: 无法加载模块:Autodiscover

[ 2023-06-29T06:36:43+08:00 ] 83.97.73.89 /vendor/phpunit/phpunit/src/Util/PHP/eval-stdin.php
INFO: [ app_init ] --START--
INFO: Run Behavior\BuildLiteBehavior [ RunTime:0.000033s ]
INFO: [ app_init ] --END-- [ RunTime:0.000885s ]
ERR: 无法加载模块:Vendor

[ 2023-06-29T07:35:26+08:00 ] 83.97.73.89 /vendor/phpunit/phpunit/src/Util/PHP/eval-stdin.php
INFO: [ app_init ] --START--
INFO: Run Behavior\BuildLiteBehavior [ RunTime:0.000020s ]
INFO: [ app_init ] --END-- [ RunTime:0.000639s ]
ERR: 无法加载模块:Vendor

[ 2023-06-29T08:23:07+08:00 ] 83.97.73.89 /solr/admin/info/system?wt=json
INFO: [ app_init ] --START--
INFO: Run Behavior\BuildLiteBehavior [ RunTime:0.000028s ]
INFO: [ app_init ] --END-- [ RunTime:0.000763s ]
ERR: 无法加载模块:Solr

[ 2023-06-29T08:25:44+08:00 ] 49.235.246.222 /Static/ueditor/net/controller.ashx?action=catchimage
INFO: [ app_init ] --START--
INFO: Run Behavior\BuildLiteBehavior [ RunTime:0.000020s ]
INFO: [ app_init ] --END-- [ RunTime:0.000531s ]
ERR: 无法加载模块:Static

[ 2023-06-29T08:25:44+08:00 ] 49.235.246.222 /net/controller.ashx?action=catchimage
INFO: [ app_init ] --START--
INFO: Run Behavior\BuildLiteBehavior [ RunTime:0.000019s ]
INFO: [ app_init ] --END-- [ RunTime:0.000524s ]
ERR: 无法加载模块:Net

[ 2023-06-29T08:25:44+08:00 ] 49.235.246.222 /scripts/ueditor/net/controller.ashx?action=catchimage
INFO: [ app_init ] --START--
INFO: Run Behavior\BuildLiteBehavior [ RunTime:0.000021s ]
INFO: [ app_init ] --END-- [ RunTime:0.000586s ]
ERR: 无法加载模块:Scripts

[ 2023-06-29T08:25:44+08:00 ] 49.235.246.222 /Utility/UEditor?action=catchimage
INFO: [ app_init ] --START--
INFO: Run Behavior\BuildLiteBehavior [ RunTime:0.000019s ]
INFO: [ app_init ] --END-- [ RunTime:0.000521s ]
ERR: 无法加载模块:Utility

[ 2023-06-29T08:25:44+08:00 ] 49.235.246.222 /ueditor/net/controller.ashx?action=catchimage
INFO: [ app_init ] --START--
INFO: Run Behavior\BuildLiteBehavior [ RunTime:0.000022s ]
INFO: [ app_init ] --END-- [ RunTime:0.000609s ]
ERR: 无法加载模块:Ueditor

[ 2023-06-29T08:25:44+08:00 ] 49.235.246.222 /js/ueditor/net/controller.ashx?action=catchimage
INFO: [ app_init ] --START--
INFO: Run Behavior\BuildLiteBehavior [ RunTime:0.000020s ]
INFO: [ app_init ] --END-- [ RunTime:0.000504s ]
ERR: 无法加载模块:Js

[ 2023-06-29T08:25:44+08:00 ] 49.235.246.222 /Content/plugins/ueditor/net/controller.ashx?action=catchimage
INFO: [ app_init ] --START--
INFO: Run Behavior\BuildLiteBehavior [ RunTime:0.000020s ]
INFO: [ app_init ] --END-- [ RunTime:0.000541s ]
ERR: 无法加载模块:Content

[ 2023-06-29T08:25:44+08:00 ] 49.235.246.222 /Scripts/Ueditor/net/controller.ashx?action=catchimage
INFO: [ app_init ] --START--
INFO: Run Behavior\BuildLiteBehavior [ RunTime:0.000019s ]
INFO: [ app_init ] --END-- [ RunTime:0.011915s ]
ERR: 无法加载模块:Scripts

[ 2023-06-29T08:25:44+08:00 ] 49.235.246.222 /Utility/UEditor/net?action=catchimage
INFO: [ app_init ] --START--
INFO: Run Behavior\BuildLiteBehavior [ RunTime:0.000015s ]
INFO: [ app_init ] --END-- [ RunTime:0.000412s ]
ERR: 无法加载模块:Utility

[ 2023-06-29T08:25:44+08:00 ] 49.235.246.222 /Editor/UEditor/net/controller.ashx?action=catchimage
INFO: [ app_init ] --START--
INFO: Run Behavior\BuildLiteBehavior [ RunTime:0.000021s ]
INFO: [ app_init ] --END-- [ RunTime:0.000675s ]
ERR: 无法加载模块:Editor

[ 2023-06-29T08:26:50+08:00 ] 87.121.221.66 /boaform/admin/formLogin
INFO: [ app_init ] --START--
INFO: Run Behavior\BuildLiteBehavior [ RunTime:0.000022s ]
INFO: [ app_init ] --END-- [ RunTime:0.000579s ]
ERR: 无法加载模块:Boaform

[ 2023-06-29T08:39:24+08:00 ] 156.96.155.229 /HNAP1/
INFO: [ app_init ] --START--
INFO: Run Behavior\BuildLiteBehavior [ RunTime:0.000028s ]
INFO: [ app_init ] --END-- [ RunTime:0.000828s ]
ERR: 无法加载模块:HNAP1

[ 2023-06-29T08:39:25+08:00 ] 156.96.155.229 /hudson/script
INFO: [ app_init ] --START--
INFO: Run Behavior\BuildLiteBehavior [ RunTime:0.000021s ]
INFO: [ app_init ] --END-- [ RunTime:0.000579s ]
ERR: 无法加载模块:Hudson

[ 2023-06-29T08:39:25+08:00 ] 156.96.155.229 /script
INFO: [ app_init ] --START--
INFO: Run Behavior\BuildLiteBehavior [ RunTime:0.000023s ]
INFO: [ app_init ] --END-- [ RunTime:0.000653s ]
ERR: 无法加载模块:Script

[ 2023-06-29T08:39:26+08:00 ] 156.96.155.229 /sqlite/main.php
INFO: [ app_init ] --START--
INFO: Run Behavior\BuildLiteBehavior [ RunTime:0.000021s ]
INFO: [ app_init ] --END-- [ RunTime:0.000608s ]
ERR: 无法加载模块:Sqlite

[ 2023-06-29T08:39:27+08:00 ] 156.96.155.229 /sqlitemanager/main.php
INFO: [ app_init ] --START--
INFO: Run Behavior\BuildLiteBehavior [ RunTime:0.000022s ]
INFO: [ app_init ] --END-- [ RunTime:0.000608s ]
ERR: 无法加载模块:Sqlitemanager

[ 2023-06-29T08:39:28+08:00 ] 156.96.155.229 /SQLiteManager/main.php
INFO: [ app_init ] --START--
INFO: Run Behavior\BuildLiteBehavior [ RunTime:0.000022s ]
INFO: [ app_init ] --END-- [ RunTime:0.000688s ]
ERR: 无法加载模块:SQLiteManager

[ 2023-06-29T08:39:29+08:00 ] 156.96.155.229 /SQLite/main.php
INFO: [ app_init ] --START--
INFO: Run Behavior\BuildLiteBehavior [ RunTime:0.000022s ]
INFO: [ app_init ] --END-- [ RunTime:0.000575s ]
ERR: 无法加载模块:SQLite

[ 2023-06-29T08:39:29+08:00 ] 156.96.155.229 /SQlite/main.php
INFO: [ app_init ] --START--
INFO: Run Behavior\BuildLiteBehavior [ RunTime:0.000019s ]
INFO: [ app_init ] --END-- [ RunTime:0.000518s ]
ERR: 无法加载模块:SQlite

[ 2023-06-29T08:39:30+08:00 ] 156.96.155.229 /main.php
INFO: [ app_init ] --START--
INFO: Run Behavior\BuildLiteBehavior [ RunTime:0.000021s ]
INFO: [ app_init ] --END-- [ RunTime:0.000547s ]
ERR: 无法加载模块:Main

[ 2023-06-29T08:39:30+08:00 ] 156.96.155.229 /test/sqlite/SQLiteManager-1.2.0/SQLiteManager-1.2.0/main.php
INFO: [ app_init ] --START--
INFO: Run Behavior\BuildLiteBehavior [ RunTime:0.000021s ]
INFO: [ app_init ] --END-- [ RunTime:0.000553s ]
ERR: 无法加载模块:Test

[ 2023-06-29T08:39:31+08:00 ] 156.96.155.229 /SQLiteManager-1.2.4/main.php
INFO: [ app_init ] --START--
INFO: Run Behavior\BuildLiteBehavior [ RunTime:0.000027s ]
INFO: [ app_init ] --END-- [ RunTime:0.000874s ]
ERR: 无法加载模块:SQLiteManager-1.2.4

[ 2023-06-29T08:39:32+08:00 ] 156.96.155.229 /agSearch/SQlite/main.php
INFO: [ app_init ] --START--
INFO: Run Behavior\BuildLiteBehavior [ RunTime:0.000020s ]
INFO: [ app_init ] --END-- [ RunTime:0.000515s ]
ERR: 无法加载模块:AgSearch

[ 2023-06-29T08:39:33+08:00 ] 156.96.155.229 /phpmyadmin/
INFO: [ app_init ] --START--
INFO: Run Behavior\BuildLiteBehavior [ RunTime:0.000021s ]
INFO: [ app_init ] --END-- [ RunTime:0.000531s ]
ERR: 无法加载模块:Phpmyadmin

[ 2023-06-29T08:39:34+08:00 ] 156.96.155.229 /phpMyAdmin/
INFO: [ app_init ] --START--
INFO: Run Behavior\BuildLiteBehavior [ RunTime:0.000022s ]
INFO: [ app_init ] --END-- [ RunTime:0.000537s ]
ERR: 无法加载模块:PhpMyAdmin

[ 2023-06-29T08:39:35+08:00 ] 156.96.155.229 /PMA/
INFO: [ app_init ] --START--
INFO: Run Behavior\BuildLiteBehavior [ RunTime:0.000021s ]
INFO: [ app_init ] --END-- [ RunTime:0.000612s ]
ERR: 无法加载模块:PMA

[ 2023-06-29T08:39:36+08:00 ] 156.96.155.229 /pma/
INFO: [ app_init ] --START--
INFO: Run Behavior\BuildLiteBehavior [ RunTime:0.000033s ]
INFO: [ app_init ] --END-- [ RunTime:0.000706s ]
ERR: 无法加载模块:Pma

[ 2023-06-29T08:39:38+08:00 ] 156.96.155.229 /dbadmin/
INFO: [ app_init ] --START--
INFO: Run Behavior\BuildLiteBehavior [ RunTime:0.000022s ]
INFO: [ app_init ] --END-- [ RunTime:0.000534s ]
ERR: 无法加载模块:Dbadmin

[ 2023-06-29T08:39:39+08:00 ] 156.96.155.229 /mysql/
INFO: [ app_init ] --START--
INFO: Run Behavior\BuildLiteBehavior [ RunTime:0.000020s ]
INFO: [ app_init ] --END-- [ RunTime:0.000625s ]
ERR: 无法加载模块:Mysql

[ 2023-06-29T08:39:40+08:00 ] 156.96.155.229 /myadmin/
INFO: [ app_init ] --START--
INFO: Run Behavior\BuildLiteBehavior [ RunTime:0.000027s ]
INFO: [ app_init ] --END-- [ RunTime:0.000739s ]
ERR: 无法加载模块:Myadmin

[ 2023-06-29T08:39:40+08:00 ] 156.96.155.229 /openserver/phpmyadmin/
INFO: [ app_init ] --START--
INFO: Run Behavior\BuildLiteBehavior [ RunTime:0.000020s ]
INFO: [ app_init ] --END-- [ RunTime:0.000572s ]
ERR: 无法加载模块:Openserver

[ 2023-06-29T08:39:41+08:00 ] 156.96.155.229 /phpmyadmin2/
INFO: [ app_init ] --START--
INFO: Run Behavior\BuildLiteBehavior [ RunTime:0.000021s ]
INFO: [ app_init ] --END-- [ RunTime:0.000565s ]
ERR: 无法加载模块:Phpmyadmin2

[ 2023-06-29T08:39:42+08:00 ] 156.96.155.229 /phpMyAdmin2/
INFO: [ app_init ] --START--
INFO: Run Behavior\BuildLiteBehavior [ RunTime:0.000020s ]
INFO: [ app_init ] --END-- [ RunTime:0.000511s ]
ERR: 无法加载模块:PhpMyAdmin2

[ 2023-06-29T08:39:43+08:00 ] 156.96.155.229 /phpMyAdmin-2/
INFO: [ app_init ] --START--
INFO: Run Behavior\BuildLiteBehavior [ RunTime:0.000022s ]
INFO: [ app_init ] --END-- [ RunTime:0.000587s ]
ERR: 无法加载模块:PhpMyAdmin-2

[ 2023-06-29T08:39:44+08:00 ] 156.96.155.229 /php-my-admin/
INFO: [ app_init ] --START--
INFO: Run Behavior\BuildLiteBehavior [ RunTime:0.000022s ]
INFO: [ app_init ] --END-- [ RunTime:0.000607s ]
ERR: 无法加载模块:Php-my-admin

[ 2023-06-29T08:39:44+08:00 ] 156.96.155.229 /phpMyAdmin-2.2.3/
INFO: [ app_init ] --START--
INFO: Run Behavior\BuildLiteBehavior [ RunTime:0.000031s ]
INFO: [ app_init ] --END-- [ RunTime:0.000902s ]
ERR: 无法加载模块:PhpMyAdmin-2.2

[ 2023-06-29T08:39:45+08:00 ] 156.96.155.229 /phpMyAdmin-2.2.6/
INFO: [ app_init ] --START--
INFO: Run Behavior\BuildLiteBehavior [ RunTime:0.000031s ]
INFO: [ app_init ] --END-- [ RunTime:0.000842s ]
ERR: 无法加载模块:PhpMyAdmin-2.2

[ 2023-06-29T08:39:46+08:00 ] 156.96.155.229 /phpMyAdmin-2.5.1/
INFO: [ app_init ] --START--
INFO: Run Behavior\BuildLiteBehavior [ RunTime:0.000020s ]
INFO: [ app_init ] --END-- [ RunTime:0.000539s ]
ERR: 无法加载模块:PhpMyAdmin-2.5

[ 2023-06-29T08:39:47+08:00 ] 156.96.155.229 /phpMyAdmin-2.5.4/
INFO: [ app_init ] --START--
INFO: Run Behavior\BuildLiteBehavior [ RunTime:0.000029s ]
INFO: [ app_init ] --END-- [ RunTime:0.000585s ]
ERR: 无法加载模块:PhpMyAdmin-2.5

[ 2023-06-29T08:39:48+08:00 ] 156.96.155.229 /phpMyAdmin-2.5.5-rc1/
INFO: [ app_init ] --START--
INFO: Run Behavior\BuildLiteBehavior [ RunTime:0.000020s ]
INFO: [ app_init ] --END-- [ RunTime:0.000520s ]
ERR: 无法加载模块:PhpMyAdmin-2.5

[ 2023-06-29T08:39:49+08:00 ] 156.96.155.229 /phpMyAdmin-2.5.5-rc2/
INFO: [ app_init ] --START--
INFO: Run Behavior\BuildLiteBehavior [ RunTime:0.000020s ]
INFO: [ app_init ] --END-- [ RunTime:0.000517s ]
ERR: 无法加载模块:PhpMyAdmin-2.5

[ 2023-06-29T08:39:50+08:00 ] 156.96.155.229 /phpMyAdmin-2.5.5/
INFO: [ app_init ] --START--
INFO: Run Behavior\BuildLiteBehavior [ RunTime:0.000019s ]
INFO: [ app_init ] --END-- [ RunTime:0.000543s ]
ERR: 无法加载模块:PhpMyAdmin-2.5

[ 2023-06-29T08:39:50+08:00 ] 156.96.155.229 /phpMyAdmin-2.5.5-pl1/
INFO: [ app_init ] --START--
INFO: Run Behavior\BuildLiteBehavior [ RunTime:0.000071s ]
INFO: [ app_init ] --END-- [ RunTime:0.000560s ]
ERR: 无法加载模块:PhpMyAdmin-2.5

[ 2023-06-29T08:39:51+08:00 ] 156.96.155.229 /phpMyAdmin-2.5.6-rc1/
INFO: [ app_init ] --START--
INFO: Run Behavior\BuildLiteBehavior [ RunTime:0.000022s ]
INFO: [ app_init ] --END-- [ RunTime:0.000669s ]
ERR: 无法加载模块:PhpMyAdmin-2.5

[ 2023-06-29T08:39:52+08:00 ] 156.96.155.229 /phpMyAdmin-2.5.6-rc2/
INFO: [ app_init ] --START--
INFO: Run Behavior\BuildLiteBehavior [ RunTime:0.000025s ]
INFO: [ app_init ] --END-- [ RunTime:0.000612s ]
ERR: 无法加载模块:PhpMyAdmin-2.5

[ 2023-06-29T08:39:53+08:00 ] 156.96.155.229 /phpMyAdmin-2.5.6/
INFO: [ app_init ] --START--
INFO: Run Behavior\BuildLiteBehavior [ RunTime:0.000020s ]
INFO: [ app_init ] --END-- [ RunTime:0.000519s ]
ERR: 无法加载模块:PhpMyAdmin-2.5

[ 2023-06-29T08:39:54+08:00 ] 156.96.155.229 /phpMyAdmin-2.5.7/
INFO: [ app_init ] --START--
INFO: Run Behavior\BuildLiteBehavior [ RunTime:0.000021s ]
INFO: [ app_init ] --END-- [ RunTime:0.000549s ]
ERR: 无法加载模块:PhpMyAdmin-2.5

[ 2023-06-29T08:39:55+08:00 ] 156.96.155.229 /phpMyAdmin-2.5.7-pl1/
INFO: [ app_init ] --START--
INFO: Run Behavior\BuildLiteBehavior [ RunTime:0.000020s ]
INFO: [ app_init ] --END-- [ RunTime:0.000572s ]
ERR: 无法加载模块:PhpMyAdmin-2.5

[ 2023-06-29T08:39:56+08:00 ] 156.96.155.229 /phpMyAdmin-2.6.0-alpha/
INFO: [ app_init ] --START--
INFO: Run Behavior\BuildLiteBehavior [ RunTime:0.000021s ]
INFO: [ app_init ] --END-- [ RunTime:0.000584s ]
ERR: 无法加载模块:PhpMyAdmin-2.6

[ 2023-06-29T08:39:57+08:00 ] 156.96.155.229 /phpMyAdmin-2.6.0-alpha2/
INFO: [ app_init ] --START--
INFO: Run Behavior\BuildLiteBehavior [ RunTime:0.000020s ]
INFO: [ app_init ] --END-- [ RunTime:0.000505s ]
ERR: 无法加载模块:PhpMyAdmin-2.6

[ 2023-06-29T08:39:58+08:00 ] 156.96.155.229 /phpMyAdmin-2.6.0-beta1/
INFO: [ app_init ] --START--
INFO: Run Behavior\BuildLiteBehavior [ RunTime:0.000019s ]
INFO: [ app_init ] --END-- [ RunTime:0.000544s ]
ERR: 无法加载模块:PhpMyAdmin-2.6

[ 2023-06-29T08:39:58+08:00 ] 156.96.155.229 /phpMyAdmin-2.6.0-beta2/
INFO: [ app_init ] --START--
INFO: Run Behavior\BuildLiteBehavior [ RunTime:0.000020s ]
INFO: [ app_init ] --END-- [ RunTime:0.000569s ]
ERR: 无法加载模块:PhpMyAdmin-2.6

[ 2023-06-29T08:39:59+08:00 ] 156.96.155.229 /phpMyAdmin-2.6.0-rc1/
INFO: [ app_init ] --START--
INFO: Run Behavior\BuildLiteBehavior [ RunTime:0.000022s ]
INFO: [ app_init ] --END-- [ RunTime:0.000591s ]
ERR: 无法加载模块:PhpMyAdmin-2.6

[ 2023-06-29T08:40:00+08:00 ] 156.96.155.229 /phpMyAdmin-2.6.0-rc2/
INFO: [ app_init ] --START--
INFO: Run Behavior\BuildLiteBehavior [ RunTime:0.000021s ]
INFO: [ app_init ] --END-- [ RunTime:0.000580s ]
ERR: 无法加载模块:PhpMyAdmin-2.6

[ 2023-06-29T08:40:00+08:00 ] 156.96.155.229 /phpMyAdmin-2.6.0-rc3/
INFO: [ app_init ] --START--
INFO: Run Behavior\BuildLiteBehavior [ RunTime:0.000026s ]
INFO: [ app_init ] --END-- [ RunTime:0.000867s ]
ERR: 无法加载模块:PhpMyAdmin-2.6

[ 2023-06-29T08:40:01+08:00 ] 156.96.155.229 /phpMyAdmin-2.6.0/
INFO: [ app_init ] --START--
INFO: Run Behavior\BuildLiteBehavior [ RunTime:0.000015s ]
INFO: [ app_init ] --END-- [ RunTime:0.000407s ]
ERR: 无法加载模块:PhpMyAdmin-2.6

[ 2023-06-29T08:40:02+08:00 ] 156.96.155.229 /phpMyAdmin-2.6.0-pl1/
INFO: [ app_init ] --START--
INFO: Run Behavior\BuildLiteBehavior [ RunTime:0.000016s ]
INFO: [ app_init ] --END-- [ RunTime:0.000448s ]
ERR: 无法加载模块:PhpMyAdmin-2.6

[ 2023-06-29T08:40:02+08:00 ] 156.96.155.229 /phpMyAdmin-2.6.0-pl2/
INFO: [ app_init ] --START--
INFO: Run Behavior\BuildLiteBehavior [ RunTime:0.000031s ]
INFO: [ app_init ] --END-- [ RunTime:0.000632s ]
ERR: 无法加载模块:PhpMyAdmin-2.6

[ 2023-06-29T08:40:03+08:00 ] 156.96.155.229 /phpMyAdmin-2.6.0-pl3/
INFO: [ app_init ] --START--
INFO: Run Behavior\BuildLiteBehavior [ RunTime:0.000022s ]
INFO: [ app_init ] --END-- [ RunTime:0.000616s ]
ERR: 无法加载模块:PhpMyAdmin-2.6

[ 2023-06-29T08:40:04+08:00 ] 156.96.155.229 /phpMyAdmin-2.6.1-rc1/
INFO: [ app_init ] --START--
INFO: Run Behavior\BuildLiteBehavior [ RunTime:0.000020s ]
INFO: [ app_init ] --END-- [ RunTime:0.000534s ]
ERR: 无法加载模块:PhpMyAdmin-2.6

[ 2023-06-29T08:40:04+08:00 ] 156.96.155.229 /phpMyAdmin-2.6.1-rc2/
INFO: [ app_init ] --START--
INFO: Run Behavior\BuildLiteBehavior [ RunTime:0.000021s ]
INFO: [ app_init ] --END-- [ RunTime:0.000531s ]
ERR: 无法加载模块:PhpMyAdmin-2.6

[ 2023-06-29T08:40:05+08:00 ] 156.96.155.229 /phpMyAdmin-2.6.1/
INFO: [ app_init ] --START--
INFO: Run Behavior\BuildLiteBehavior [ RunTime:0.000023s ]
INFO: [ app_init ] --END-- [ RunTime:0.000697s ]
ERR: 无法加载模块:PhpMyAdmin-2.6

[ 2023-06-29T08:40:06+08:00 ] 156.96.155.229 /phpMyAdmin-2.6.1-pl1/
INFO: [ app_init ] --START--
INFO: Run Behavior\BuildLiteBehavior [ RunTime:0.000020s ]
INFO: [ app_init ] --END-- [ RunTime:0.000568s ]
ERR: 无法加载模块:PhpMyAdmin-2.6

[ 2023-06-29T08:40:07+08:00 ] 156.96.155.229 /phpMyAdmin-2.6.1-pl2/
INFO: [ app_init ] --START--
INFO: Run Behavior\BuildLiteBehavior [ RunTime:0.000022s ]
INFO: [ app_init ] --END-- [ RunTime:0.000596s ]
ERR: 无法加载模块:PhpMyAdmin-2.6

[ 2023-06-29T08:40:07+08:00 ] 156.96.155.229 /phpMyAdmin-2.6.1-pl3/
INFO: [ app_init ] --START--
INFO: Run Behavior\BuildLiteBehavior [ RunTime:0.000030s ]
INFO: [ app_init ] --END-- [ RunTime:0.000831s ]
ERR: 无法加载模块:PhpMyAdmin-2.6

[ 2023-06-29T08:40:08+08:00 ] 156.96.155.229 /phpMyAdmin-2.6.2-rc1/
INFO: [ app_init ] --START--
INFO: Run Behavior\BuildLiteBehavior [ RunTime:0.000021s ]
INFO: [ app_init ] --END-- [ RunTime:0.000557s ]
ERR: 无法加载模块:PhpMyAdmin-2.6

[ 2023-06-29T08:40:09+08:00 ] 156.96.155.229 /phpMyAdmin-2.6.2-beta1/
INFO: [ app_init ] --START--
INFO: Run Behavior\BuildLiteBehavior [ RunTime:0.000021s ]
INFO: [ app_init ] --END-- [ RunTime:0.000532s ]
ERR: 无法加载模块:PhpMyAdmin-2.6

[ 2023-06-29T08:40:10+08:00 ] 156.96.155.229 /phpMyAdmin-2.6.2-rc1/
INFO: [ app_init ] --START--
INFO: Run Behavior\BuildLiteBehavior [ RunTime:0.000027s ]
INFO: [ app_init ] --END-- [ RunTime:0.000743s ]
ERR: 无法加载模块:PhpMyAdmin-2.6

[ 2023-06-29T08:40:11+08:00 ] 156.96.155.229 /phpMyAdmin-2.6.2/
INFO: [ app_init ] --START--
INFO: Run Behavior\BuildLiteBehavior [ RunTime:0.000021s ]
INFO: [ app_init ] --END-- [ RunTime:0.000646s ]
ERR: 无法加载模块:PhpMyAdmin-2.6

[ 2023-06-29T08:40:12+08:00 ] 156.96.155.229 /phpMyAdmin-2.6.2-pl1/
INFO: [ app_init ] --START--
INFO: Run Behavior\BuildLiteBehavior [ RunTime:0.000023s ]
INFO: [ app_init ] --END-- [ RunTime:0.000604s ]
ERR: 无法加载模块:PhpMyAdmin-2.6

[ 2023-06-29T08:40:12+08:00 ] 156.96.155.229 /phpMyAdmin-2.6.3/
INFO: [ app_init ] --START--
INFO: Run Behavior\BuildLiteBehavior [ RunTime:0.000020s ]
INFO: [ app_init ] --END-- [ RunTime:0.000554s ]
ERR: 无法加载模块:PhpMyAdmin-2.6

[ 2023-06-29T08:40:13+08:00 ] 156.96.155.229 /phpMyAdmin-2.6.3-rc1/
INFO: [ app_init ] --START--
INFO: Run Behavior\BuildLiteBehavior [ RunTime:0.000020s ]
INFO: [ app_init ] --END-- [ RunTime:0.000551s ]
ERR: 无法加载模块:PhpMyAdmin-2.6

[ 2023-06-29T08:40:14+08:00 ] 156.96.155.229 /phpMyAdmin-2.6.3/
INFO: [ app_init ] --START--
INFO: Run Behavior\BuildLiteBehavior [ RunTime:0.000020s ]
INFO: [ app_init ] --END-- [ RunTime:0.000511s ]
ERR: 无法加载模块:PhpMyAdmin-2.6

[ 2023-06-29T08:40:14+08:00 ] 156.96.155.229 /phpMyAdmin-2.6.3-pl1/
INFO: [ app_init ] --START--
INFO: Run Behavior\BuildLiteBehavior [ RunTime:0.000019s ]
INFO: [ app_init ] --END-- [ RunTime:0.000519s ]
ERR: 无法加载模块:PhpMyAdmin-2.6

[ 2023-06-29T08:40:15+08:00 ] 156.96.155.229 /phpMyAdmin-2.6.4-rc1/
INFO: [ app_init ] --START--
INFO: Run Behavior\BuildLiteBehavior [ RunTime:0.000021s ]
INFO: [ app_init ] --END-- [ RunTime:0.000554s ]
ERR: 无法加载模块:PhpMyAdmin-2.6

[ 2023-06-29T08:40:16+08:00 ] 156.96.155.229 /phpMyAdmin-2.6.4-pl1/
INFO: [ app_init ] --START--
INFO: Run Behavior\BuildLiteBehavior [ RunTime:0.000022s ]
INFO: [ app_init ] --END-- [ RunTime:0.000552s ]
ERR: 无法加载模块:PhpMyAdmin-2.6

[ 2023-06-29T08:40:16+08:00 ] 156.96.155.229 /phpMyAdmin-2.6.4-pl2/
INFO: [ app_init ] --START--
INFO: Run Behavior\BuildLiteBehavior [ RunTime:0.000028s ]
INFO: [ app_init ] --END-- [ RunTime:0.000784s ]
ERR: 无法加载模块:PhpMyAdmin-2.6

[ 2023-06-29T08:40:17+08:00 ] 156.96.155.229 /phpMyAdmin-2.6.4-pl3/
INFO: [ app_init ] --START--
INFO: Run Behavior\BuildLiteBehavior [ RunTime:0.000021s ]
INFO: [ app_init ] --END-- [ RunTime:0.000561s ]
ERR: 无法加载模块:PhpMyAdmin-2.6

[ 2023-06-29T08:40:18+08:00 ] 156.96.155.229 /phpMyAdmin-2.6.4-pl4/
INFO: [ app_init ] --START--
INFO: Run Behavior\BuildLiteBehavior [ RunTime:0.000020s ]
INFO: [ app_init ] --END-- [ RunTime:0.000553s ]
ERR: 无法加载模块:PhpMyAdmin-2.6

[ 2023-06-29T08:40:19+08:00 ] 156.96.155.229 /phpMyAdmin-2.6.4/
INFO: [ app_init ] --START--
INFO: Run Behavior\BuildLiteBehavior [ RunTime:0.000022s ]
INFO: [ app_init ] --END-- [ RunTime:0.000572s ]
ERR: 无法加载模块:PhpMyAdmin-2.6

[ 2023-06-29T08:40:19+08:00 ] 156.96.155.229 /phpMyAdmin-2.7.0-beta1/
INFO: [ app_init ] --START--
INFO: Run Behavior\BuildLiteBehavior [ RunTime:0.000020s ]
INFO: [ app_init ] --END-- [ RunTime:0.000541s ]
ERR: 无法加载模块:PhpMyAdmin-2.7

[ 2023-06-29T08:40:20+08:00 ] 156.96.155.229 /phpMyAdmin-2.7.0-rc1/
INFO: [ app_init ] --START--
INFO: Run Behavior\BuildLiteBehavior [ RunTime:0.000024s ]
INFO: [ app_init ] --END-- [ RunTime:0.000610s ]
ERR: 无法加载模块:PhpMyAdmin-2.7

[ 2023-06-29T08:40:21+08:00 ] 156.96.155.229 /phpMyAdmin-2.7.0-pl1/
INFO: [ app_init ] --START--
INFO: Run Behavior\BuildLiteBehavior [ RunTime:0.000020s ]
INFO: [ app_init ] --END-- [ RunTime:0.000512s ]
ERR: 无法加载模块:PhpMyAdmin-2.7

[ 2023-06-29T08:40:22+08:00 ] 156.96.155.229 /phpMyAdmin-2.7.0-pl2/
INFO: [ app_init ] --START--
INFO: Run Behavior\BuildLiteBehavior [ RunTime:0.000021s ]
INFO: [ app_init ] --END-- [ RunTime:0.000617s ]
ERR: 无法加载模块:PhpMyAdmin-2.7

[ 2023-06-29T08:40:23+08:00 ] 156.96.155.229 /phpMyAdmin-2.7.0/
INFO: [ app_init ] --START--
INFO: Run Behavior\BuildLiteBehavior [ RunTime:0.000026s ]
INFO: [ app_init ] --END-- [ RunTime:0.000758s ]
ERR: 无法加载模块:PhpMyAdmin-2.7

[ 2023-06-29T08:40:24+08:00 ] 156.96.155.229 /phpMyAdmin-2.8.0-beta1/
INFO: [ app_init ] --START--
INFO: Run Behavior\BuildLiteBehavior [ RunTime:0.000023s ]
INFO: [ app_init ] --END-- [ RunTime:0.000777s ]
ERR: 无法加载模块:PhpMyAdmin-2.8

[ 2023-06-29T08:40:25+08:00 ] 156.96.155.229 /phpMyAdmin-2.8.0-rc1/
INFO: [ app_init ] --START--
INFO: Run Behavior\BuildLiteBehavior [ RunTime:0.000021s ]
INFO: [ app_init ] --END-- [ RunTime:0.000548s ]
ERR: 无法加载模块:PhpMyAdmin-2.8

[ 2023-06-29T08:40:26+08:00 ] 156.96.155.229 /phpMyAdmin-2.8.0-rc2/
INFO: [ app_init ] --START--
INFO: Run Behavior\BuildLiteBehavior [ RunTime:0.000017s ]
INFO: [ app_init ] --END-- [ RunTime:0.000431s ]
ERR: 无法加载模块:PhpMyAdmin-2.8

[ 2023-06-29T08:40:26+08:00 ] 156.96.155.229 /phpMyAdmin-2.8.0/
INFO: [ app_init ] --START--
INFO: Run Behavior\BuildLiteBehavior [ RunTime:0.000021s ]
INFO: [ app_init ] --END-- [ RunTime:0.000563s ]
ERR: 无法加载模块:PhpMyAdmin-2.8

[ 2023-06-29T08:40:27+08:00 ] 156.96.155.229 /phpMyAdmin-2.8.0.1/
INFO: [ app_init ] --START--
INFO: Run Behavior\BuildLiteBehavior [ RunTime:0.000024s ]
INFO: [ app_init ] --END-- [ RunTime:0.000567s ]
ERR: 无法加载模块:PhpMyAdmin-2.8.0

[ 2023-06-29T08:40:27+08:00 ] 156.96.155.229 /phpMyAdmin-2.8.0.2/
INFO: [ app_init ] --START--
INFO: Run Behavior\BuildLiteBehavior [ RunTime:0.000021s ]
INFO: [ app_init ] --END-- [ RunTime:0.000593s ]
ERR: 无法加载模块:PhpMyAdmin-2.8.0

[ 2023-06-29T08:40:28+08:00 ] 156.96.155.229 /phpMyAdmin-2.8.0.3/
INFO: [ app_init ] --START--
INFO: Run Behavior\BuildLiteBehavior [ RunTime:0.000021s ]
INFO: [ app_init ] --END-- [ RunTime:0.000527s ]
ERR: 无法加载模块:PhpMyAdmin-2.8.0

[ 2023-06-29T08:40:29+08:00 ] 156.96.155.229 /phpMyAdmin-2.8.0.4/
INFO: [ app_init ] --START--
INFO: Run Behavior\BuildLiteBehavior [ RunTime:0.000031s ]
INFO: [ app_init ] --END-- [ RunTime:0.000848s ]
ERR: 无法加载模块:PhpMyAdmin-2.8.0

[ 2023-06-29T08:40:30+08:00 ] 156.96.155.229 /phpMyAdmin-2.8.1-rc1/
INFO: [ app_init ] --START--
INFO: Run Behavior\BuildLiteBehavior [ RunTime:0.000020s ]
INFO: [ app_init ] --END-- [ RunTime:0.000517s ]
ERR: 无法加载模块:PhpMyAdmin-2.8

[ 2023-06-29T08:40:31+08:00 ] 156.96.155.229 /phpMyAdmin-2.8.1/
INFO: [ app_init ] --START--
INFO: Run Behavior\BuildLiteBehavior [ RunTime:0.000021s ]
INFO: [ app_init ] --END-- [ RunTime:0.000563s ]
ERR: 无法加载模块:PhpMyAdmin-2.8

[ 2023-06-29T08:40:31+08:00 ] 156.96.155.229 /phpMyAdmin-2.8.2/
INFO: [ app_init ] --START--
INFO: Run Behavior\BuildLiteBehavior [ RunTime:0.000028s ]
INFO: [ app_init ] --END-- [ RunTime:0.000798s ]
ERR: 无法加载模块:PhpMyAdmin-2.8

[ 2023-06-29T08:40:32+08:00 ] 156.96.155.229 /sqlmanager/
INFO: [ app_init ] --START--
INFO: Run Behavior\BuildLiteBehavior [ RunTime:0.000021s ]
INFO: [ app_init ] --END-- [ RunTime:0.000529s ]
ERR: 无法加载模块:Sqlmanager

[ 2023-06-29T08:40:33+08:00 ] 156.96.155.229 /mysqlmanager/
INFO: [ app_init ] --START--
INFO: Run Behavior\BuildLiteBehavior [ RunTime:0.000030s ]
INFO: [ app_init ] --END-- [ RunTime:0.000673s ]
ERR: 无法加载模块:Mysqlmanager

[ 2023-06-29T08:40:34+08:00 ] 156.96.155.229 /p/m/a/
INFO: [ app_init ] --START--
INFO: Run Behavior\BuildLiteBehavior [ RunTime:0.000030s ]
INFO: [ app_init ] --END-- [ RunTime:0.000833s ]
ERR: 无法加载模块:P

[ 2023-06-29T08:40:35+08:00 ] 156.96.155.229 /PMA2005/
INFO: [ app_init ] --START--
INFO: Run Behavior\BuildLiteBehavior [ RunTime:0.000021s ]
INFO: [ app_init ] --END-- [ RunTime:0.000533s ]
ERR: 无法加载模块:PMA2005

[ 2023-06-29T08:40:36+08:00 ] 156.96.155.229 /pma2005/
INFO: [ app_init ] --START--
INFO: Run Behavior\BuildLiteBehavior [ RunTime:0.000021s ]
INFO: [ app_init ] --END-- [ RunTime:0.000661s ]
ERR: 无法加载模块:Pma2005

[ 2023-06-29T08:40:37+08:00 ] 156.96.155.229 /phpmanager/
INFO: [ app_init ] --START--
INFO: Run Behavior\BuildLiteBehavior [ RunTime:0.000017s ]
INFO: [ app_init ] --END-- [ RunTime:0.000415s ]
ERR: 无法加载模块:Phpmanager

[ 2023-06-29T08:40:38+08:00 ] 156.96.155.229 /php-myadmin/
INFO: [ app_init ] --START--
INFO: Run Behavior\BuildLiteBehavior [ RunTime:0.000021s ]
INFO: [ app_init ] --END-- [ RunTime:0.000634s ]
ERR: 无法加载模块:Php-myadmin

[ 2023-06-29T08:40:39+08:00 ] 156.96.155.229 /phpmy-admin/
INFO: [ app_init ] --START--
INFO: Run Behavior\BuildLiteBehavior [ RunTime:0.000022s ]
INFO: [ app_init ] --END-- [ RunTime:0.000533s ]
ERR: 无法加载模块:Phpmy-admin

[ 2023-06-29T08:40:40+08:00 ] 156.96.155.229 /webadmin/
INFO: [ app_init ] --START--
INFO: Run Behavior\BuildLiteBehavior [ RunTime:0.000021s ]
INFO: [ app_init ] --END-- [ RunTime:0.000592s ]
ERR: 无法加载模块:Webadmin

[ 2023-06-29T08:40:41+08:00 ] 156.96.155.229 /sqlweb/
INFO: [ app_init ] --START--
INFO: Run Behavior\BuildLiteBehavior [ RunTime:0.000023s ]
INFO: [ app_init ] --END-- [ RunTime:0.000586s ]
ERR: 无法加载模块:Sqlweb

[ 2023-06-29T08:40:42+08:00 ] 156.96.155.229 /websql/
INFO: [ app_init ] --START--
INFO: Run Behavior\BuildLiteBehavior [ RunTime:0.000021s ]
INFO: [ app_init ] --END-- [ RunTime:0.000508s ]
ERR: 无法加载模块:Websql

[ 2023-06-29T08:40:43+08:00 ] 156.96.155.229 /webdb/
INFO: [ app_init ] --START--
INFO: Run Behavior\BuildLiteBehavior [ RunTime:0.000021s ]
INFO: [ app_init ] --END-- [ RunTime:0.000539s ]
ERR: 无法加载模块:Webdb

[ 2023-06-29T08:40:44+08:00 ] 156.96.155.229 /mysqladmin/
INFO: [ app_init ] --START--
INFO: Run Behavior\BuildLiteBehavior [ RunTime:0.000048s ]
INFO: [ app_init ] --END-- [ RunTime:0.000554s ]
ERR: 无法加载模块:Mysqladmin

[ 2023-06-29T08:40:44+08:00 ] 156.96.155.229 /mysql-admin/
INFO: [ app_init ] --START--
INFO: Run Behavior\BuildLiteBehavior [ RunTime:0.000021s ]
INFO: [ app_init ] --END-- [ RunTime:0.000593s ]
ERR: 无法加载模块:Mysql-admin

[ 2023-06-29T08:52:29+08:00 ] 141.98.10.87 /boaform/admin/formLogin
INFO: [ app_init ] --START--
INFO: Run Behavior\BuildLiteBehavior [ RunTime:0.000016s ]
INFO: [ app_init ] --END-- [ RunTime:0.000411s ]
ERR: 无法加载模块:Boaform

[ 2023-06-29T08:56:12+08:00 ] 83.97.73.89 /index.php?s=/Index/\think\app/invokefunction&function=call_user_func_array&vars[0]=md5&vars[1][]=HelloThinkPHP21
INFO: [ app_init ] --START--
INFO: Run Behavior\BuildLiteBehavior [ RunTime:0.000033s ]
INFO: [ app_init ] --END-- [ RunTime:0.000847s ]
ERR: 无法加载模块:Index

[ 2023-06-29T09:13:23+08:00 ] 109.237.98.226 /.aws/credentials
INFO: [ app_init ] --START--
INFO: Run Behavior\BuildLiteBehavior [ RunTime:0.000014s ]
INFO: [ app_init ] --END-- [ RunTime:0.000343s ]
ERR: 无法加载模块:.aws

[ 2023-06-29T09:23:09+08:00 ] 182.42.60.18 /mgmt/tm/util/bash
INFO: [ app_init ] --START--
INFO: Run Behavior\BuildLiteBehavior [ RunTime:0.000020s ]
INFO: [ app_init ] --END-- [ RunTime:0.000591s ]
ERR: 无法加载模块:Mgmt

[ 2023-06-29T10:26:53+08:00 ] 3.142.248.178 /config
INFO: [ app_init ] --START--
INFO: Run Behavior\BuildLiteBehavior [ RunTime:0.000021s ]
INFO: [ app_init ] --END-- [ RunTime:0.000591s ]
ERR: 无法加载模块:Config

[ 2023-06-29T10:26:53+08:00 ] 3.142.248.178 /app
INFO: [ app_init ] --START--
INFO: Run Behavior\BuildLiteBehavior [ RunTime:0.000020s ]
INFO: [ app_init ] --END-- [ RunTime:0.000545s ]
ERR: 无法加载模块:App

[ 2023-06-29T10:26:54+08:00 ] 3.142.248.178 /application
INFO: [ app_init ] --START--
INFO: Run Behavior\BuildLiteBehavior [ RunTime:0.000023s ]
INFO: [ app_init ] --END-- [ RunTime:0.000649s ]
ERR: 无法加载模块:Application

[ 2023-06-29T10:26:55+08:00 ] 3.142.248.178 /backup
INFO: [ app_init ] --START--
INFO: Run Behavior\BuildLiteBehavior [ RunTime:0.000022s ]
INFO: [ app_init ] --END-- [ RunTime:0.000649s ]
ERR: 无法加载模块:Backup

[ 2023-06-29T10:44:54+08:00 ] 83.97.73.89 /console/
INFO: [ app_init ] --START--
INFO: Run Behavior\BuildLiteBehavior [ RunTime:0.000023s ]
INFO: [ app_init ] --END-- [ RunTime:0.000696s ]
ERR: 无法加载模块:Console

[ 2023-06-29T10:53:30+08:00 ] 141.105.66.148 /dNz0
INFO: [ app_init ] --START--
INFO: Run Behavior\BuildLiteBehavior [ RunTime:0.000022s ]
INFO: [ app_init ] --END-- [ RunTime:0.000520s ]
ERR: 无法加载模块:DNz0

[ 2023-06-29T10:53:31+08:00 ] 141.105.66.148 /sdk
INFO: [ app_init ] --START--
INFO: Run Behavior\BuildLiteBehavior [ RunTime:0.000032s ]
INFO: [ app_init ] --END-- [ RunTime:0.000916s ]
ERR: 无法加载模块:Sdk

[ 2023-06-29T10:53:32+08:00 ] 141.105.66.148 /CSS/Miniweb.css
INFO: [ app_init ] --START--
INFO: Run Behavior\BuildLiteBehavior [ RunTime:0.000026s ]
INFO: [ app_init ] --END-- [ RunTime:0.000758s ]
ERR: 无法加载模块:CSS

[ 2023-06-29T10:53:33+08:00 ] 141.105.66.148 /Portal0000.htm
INFO: [ app_init ] --START--
INFO: Run Behavior\BuildLiteBehavior [ RunTime:0.000020s ]
INFO: [ app_init ] --END-- [ RunTime:0.000614s ]
ERR: 无法加载模块:Portal0000

[ 2023-06-29T10:53:34+08:00 ] 141.105.66.148 /index.pl
INFO: [ app_init ] --START--
INFO: Run Behavior\BuildLiteBehavior [ RunTime:0.000032s ]
INFO: [ app_init ] --END-- [ RunTime:0.000841s ]
ERR: 无法加载模块:Index

[ 2023-06-29T10:53:34+08:00 ] 141.105.66.148 /__Additional
INFO: [ app_init ] --START--
INFO: Run Behavior\BuildLiteBehavior [ RunTime:0.000021s ]
INFO: [ app_init ] --END-- [ RunTime:0.000521s ]
ERR: 无法加载模块:__Additional

[ 2023-06-29T10:53:34+08:00 ] 141.105.66.148 /start.asp
INFO: [ app_init ] --START--
INFO: Run Behavior\BuildLiteBehavior [ RunTime:0.000020s ]
INFO: [ app_init ] --END-- [ RunTime:0.000570s ]
ERR: 无法加载模块:Start

[ 2023-06-29T10:53:35+08:00 ] 141.105.66.148 /inicio.aspx
INFO: [ app_init ] --START--
INFO: Run Behavior\BuildLiteBehavior [ RunTime:0.000022s ]
INFO: [ app_init ] --END-- [ RunTime:0.000646s ]
ERR: 无法加载模块:Inicio

[ 2023-06-29T10:53:35+08:00 ] 141.105.66.148 /scripts/WPnBr.dll
INFO: [ app_init ] --START--
INFO: Run Behavior\BuildLiteBehavior [ RunTime:0.000023s ]
INFO: [ app_init ] --END-- [ RunTime:0.000555s ]
ERR: 无法加载模块:Scripts

[ 2023-06-29T10:53:36+08:00 ] 141.105.66.148 /Portal/Portal.mwsl
INFO: [ app_init ] --START--
INFO: Run Behavior\BuildLiteBehavior [ RunTime:0.000020s ]
INFO: [ app_init ] --END-- [ RunTime:0.000593s ]
ERR: 无法加载模块:Portal

[ 2023-06-29T10:53:36+08:00 ] 141.105.66.148 /nmaplowercheck1688007236
INFO: [ app_init ] --START--
INFO: Run Behavior\BuildLiteBehavior [ RunTime:0.000021s ]
INFO: [ app_init ] --END-- [ RunTime:0.000561s ]
ERR: 无法加载模块:Nmaplowercheck1688007236

[ 2023-06-29T10:53:36+08:00 ] 141.105.66.148 /docs/cplugError.html/
INFO: [ app_init ] --START--
INFO: Run Behavior\BuildLiteBehavior [ RunTime:0.000028s ]
INFO: [ app_init ] --END-- [ RunTime:0.000659s ]
ERR: 无法加载模块:Docs

[ 2023-06-29T10:53:36+08:00 ] 141.105.66.148 /pools/default/buckets
INFO: [ app_init ] --START--
INFO: Run Behavior\BuildLiteBehavior [ RunTime:0.000022s ]
INFO: [ app_init ] --END-- [ RunTime:0.000524s ]
ERR: 无法加载模块:Pools

[ 2023-06-29T10:53:36+08:00 ] 141.105.66.148 /HNAP1
INFO: [ app_init ] --START--
INFO: Run Behavior\BuildLiteBehavior [ RunTime:0.000020s ]
INFO: [ app_init ] --END-- [ RunTime:0.000543s ]
ERR: 无法加载模块:HNAP1

[ 2023-06-29T10:53:37+08:00 ] 141.105.66.148 /pools
INFO: [ app_init ] --START--
INFO: Run Behavior\BuildLiteBehavior [ RunTime:0.000023s ]
INFO: [ app_init ] --END-- [ RunTime:0.000563s ]
ERR: 无法加载模块:Pools

[ 2023-06-29T11:02:00+08:00 ] 180.163.29.219 /layui/layui.all.js
INFO: [ app_init ] --START--
INFO: Run Behavior\BuildLiteBehavior [ RunTime:0.000021s ]
INFO: [ app_init ] --END-- [ RunTime:0.000585s ]
ERR: 无法加载模块:Layui

[ 2023-06-29T11:02:01+08:00 ] 180.163.29.219 /js/jquery-3.1.0.js
INFO: [ app_init ] --START--
INFO: Run Behavior\BuildLiteBehavior [ RunTime:0.000020s ]
INFO: [ app_init ] --END-- [ RunTime:0.000562s ]
ERR: 无法加载模块:Js

[ 2023-06-29T11:02:01+08:00 ] 180.163.29.219 /js/layer.js
INFO: [ app_init ] --START--
INFO: Run Behavior\BuildLiteBehavior [ RunTime:0.000021s ]
INFO: [ app_init ] --END-- [ RunTime:0.000581s ]
ERR: 无法加载模块:Js

[ 2023-06-29T11:02:01+08:00 ] 180.163.29.219 /js/clipboard.min.js
INFO: [ app_init ] --START--
INFO: Run Behavior\BuildLiteBehavior [ RunTime:0.000022s ]
INFO: [ app_init ] --END-- [ RunTime:0.000586s ]
ERR: 无法加载模块:Js

[ 2023-06-29T11:32:09+08:00 ] 83.97.73.89 /_ignition/execute-solution
INFO: [ app_init ] --START--
INFO: Run Behavior\BuildLiteBehavior [ RunTime:0.000016s ]
INFO: [ app_init ] --END-- [ RunTime:0.000417s ]
ERR: 无法加载模块:_ignition

[ 2023-06-29T13:03:06+08:00 ] 54.36.148.69 /robots.txt
INFO: [ app_init ] --START--
INFO: Run Behavior\BuildLiteBehavior [ RunTime:0.000019s ]
INFO: [ app_init ] --END-- [ RunTime:0.000515s ]
ERR: 无法加载模块:Robots

[ 2023-06-29T13:39:01+08:00 ] 83.97.73.89 /actuator/gateway/routes
INFO: [ app_init ] --START--
INFO: Run Behavior\BuildLiteBehavior [ RunTime:0.000015s ]
INFO: [ app_init ] --END-- [ RunTime:0.000418s ]
ERR: 无法加载模块:Actuator

[ 2023-06-29T13:57:23+08:00 ] 54.36.148.246 /robots.txt
INFO: [ app_init ] --START--
INFO: Run Behavior\BuildLiteBehavior [ RunTime:0.000021s ]
INFO: [ app_init ] --END-- [ RunTime:0.000582s ]
ERR: 无法加载模块:Robots

[ 2023-06-29T14:08:36+08:00 ] 83.97.73.89 /geoserver
INFO: [ app_init ] --START--
INFO: Run Behavior\BuildLiteBehavior [ RunTime:0.000022s ]
INFO: [ app_init ] --END-- [ RunTime:0.000544s ]
ERR: 无法加载模块:Geoserver

[ 2023-06-29T15:13:43+08:00 ] 182.118.235.36 /apple-touch-icon-120x120-precomposed.png
INFO: [ app_init ] --START--
INFO: Run Behavior\BuildLiteBehavior [ RunTime:0.000020s ]
INFO: [ app_init ] --END-- [ RunTime:0.000668s ]
ERR: 无法加载模块:Apple-touch-icon-120x120-precomposed

[ 2023-06-29T15:13:43+08:00 ] 182.118.235.36 /apple-touch-icon-120x120.png
INFO: [ app_init ] --START--
INFO: Run Behavior\BuildLiteBehavior [ RunTime:0.000020s ]
INFO: [ app_init ] --END-- [ RunTime:0.000669s ]
ERR: 无法加载模块:Apple-touch-icon-120x120

[ 2023-06-29T15:13:43+08:00 ] 182.118.235.36 /apple-touch-icon-precomposed.png
INFO: [ app_init ] --START--
INFO: Run Behavior\BuildLiteBehavior [ RunTime:0.000050s ]
INFO: [ app_init ] --END-- [ RunTime:0.000581s ]
ERR: 无法加载模块:Apple-touch-icon-precomposed

[ 2023-06-29T15:13:44+08:00 ] 182.118.235.36 /apple-touch-icon.png
INFO: [ app_init ] --START--
INFO: Run Behavior\BuildLiteBehavior [ RunTime:0.000022s ]
INFO: [ app_init ] --END-- [ RunTime:0.000984s ]
ERR: 无法加载模块:Apple-touch-icon

[ 2023-06-29T16:51:52+08:00 ] 141.98.10.87 /boaform/admin/formLogin
INFO: [ app_init ] --START--
INFO: Run Behavior\BuildLiteBehavior [ RunTime:0.000021s ]
INFO: [ app_init ] --END-- [ RunTime:0.000524s ]
ERR: 无法加载模块:Boaform

[ 2023-06-29T16:59:30+08:00 ] 45.95.169.113 /boaform/admin/formLogin
INFO: [ app_init ] --START--
INFO: Run Behavior\BuildLiteBehavior [ RunTime:0.000021s ]
INFO: [ app_init ] --END-- [ RunTime:0.000564s ]
ERR: 无法加载模块:Boaform

[ 2023-06-29T17:07:06+08:00 ] 170.64.183.214 /client/get_targets
INFO: [ app_init ] --START--
INFO: Run Behavior\BuildLiteBehavior [ RunTime:0.000026s ]
INFO: [ app_init ] --END-- [ RunTime:0.000805s ]
ERR: 无法加载模块:Client

[ 2023-06-29T17:07:06+08:00 ] 170.64.183.214 /upl.php
INFO: [ app_init ] --START--
INFO: Run Behavior\BuildLiteBehavior [ RunTime:0.000019s ]
INFO: [ app_init ] --END-- [ RunTime:0.000653s ]
ERR: 无法加载模块:Upl

[ 2023-06-29T17:07:07+08:00 ] 170.64.183.214 /geoip/
INFO: [ app_init ] --START--
INFO: Run Behavior\BuildLiteBehavior [ RunTime:0.000030s ]
INFO: [ app_init ] --END-- [ RunTime:0.000730s ]
ERR: 无法加载模块:Geoip

[ 2023-06-29T17:07:08+08:00 ] 170.64.183.214 /1.php
INFO: [ app_init ] --START--
INFO: Run Behavior\BuildLiteBehavior [ RunTime:0.000021s ]
INFO: [ app_init ] --END-- [ RunTime:0.000527s ]
ERR: 无法加载模块:1

[ 2023-06-29T17:07:08+08:00 ] 170.64.183.214 /bundle.js
INFO: [ app_init ] --START--
INFO: Run Behavior\BuildLiteBehavior [ RunTime:0.000023s ]
INFO: [ app_init ] --END-- [ RunTime:0.000517s ]
ERR: 无法加载模块:Bundle

[ 2023-06-29T17:07:08+08:00 ] 170.64.183.214 /files/
INFO: [ app_init ] --START--
INFO: Run Behavior\BuildLiteBehavior [ RunTime:0.000022s ]
INFO: [ app_init ] --END-- [ RunTime:0.000580s ]
ERR: 无法加载模块:Files

[ 2023-06-29T18:59:24+08:00 ] 103.106.191.66 /HNAP1/
INFO: [ app_init ] --START--
INFO: Run Behavior\BuildLiteBehavior [ RunTime:0.000021s ]
INFO: [ app_init ] --END-- [ RunTime:0.000563s ]
ERR: 无法加载模块:HNAP1

[ 2023-06-29T19:12:39+08:00 ] 103.187.191.174 /nmaplowercheck1688037185
INFO: [ app_init ] --START--
INFO: Run Behavior\BuildLiteBehavior [ RunTime:0.000021s ]
INFO: [ app_init ] --END-- [ RunTime:0.000556s ]
ERR: 无法加载模块:Nmaplowercheck1688037185

[ 2023-06-29T19:12:39+08:00 ] 103.187.191.177 /sdk
INFO: [ app_init ] --START--
INFO: Run Behavior\BuildLiteBehavior [ RunTime:0.000028s ]
INFO: [ app_init ] --END-- [ RunTime:0.000734s ]
ERR: 无法加载模块:Sdk

[ 2023-06-29T19:12:39+08:00 ] 103.187.191.133 /evox/about
INFO: [ app_init ] --START--
INFO: Run Behavior\BuildLiteBehavior [ RunTime:0.000021s ]
INFO: [ app_init ] --END-- [ RunTime:0.000610s ]
ERR: 无法加载模块:Evox

[ 2023-06-29T20:08:50+08:00 ] 91.121.59.189 /core/.env
INFO: [ app_init ] --START--
INFO: Run Behavior\BuildLiteBehavior [ RunTime:0.000031s ]
INFO: [ app_init ] --END-- [ RunTime:0.000881s ]
ERR: 无法加载模块:Core

[ 2023-06-29T20:08:51+08:00 ] 91.121.59.189 /core/.env
INFO: [ app_init ] --START--
INFO: Run Behavior\BuildLiteBehavior [ RunTime:0.000021s ]
INFO: [ app_init ] --END-- [ RunTime:0.000504s ]
ERR: 无法加载模块:Core

[ 2023-06-29T20:08:52+08:00 ] 91.121.59.189 /core/.env
INFO: [ app_init ] --START--
INFO: Run Behavior\BuildLiteBehavior [ RunTime:0.000028s ]
INFO: [ app_init ] --END-- [ RunTime:0.000676s ]
ERR: 无法加载模块:Core

[ 2023-06-29T20:40:43+08:00 ] 198.98.57.169 /boaform/admin/formLogin
INFO: [ app_init ] --START--
INFO: Run Behavior\BuildLiteBehavior [ RunTime:0.000021s ]
INFO: [ app_init ] --END-- [ RunTime:0.000548s ]
ERR: 无法加载模块:Boaform

[ 2023-06-29T21:06:54+08:00 ] 179.43.177.244 /boaform/admin/formLogin
INFO: [ app_init ] --START--
INFO: Run Behavior\BuildLiteBehavior [ RunTime:0.000019s ]
INFO: [ app_init ] --END-- [ RunTime:0.000504s ]
ERR: 无法加载模块:Boaform

[ 2023-06-29T21:21:24+08:00 ] 64.62.197.129 /geoserver/web/
INFO: [ app_init ] --START--
INFO: Run Behavior\BuildLiteBehavior [ RunTime:0.000023s ]
INFO: [ app_init ] --END-- [ RunTime:0.000601s ]
ERR: 无法加载模块:Geoserver

[ 2023-06-29T22:04:23+08:00 ] 180.163.29.103 /layui/layui.all.js
INFO: [ app_init ] --START--
INFO: Run Behavior\BuildLiteBehavior [ RunTime:0.000020s ]
INFO: [ app_init ] --END-- [ RunTime:0.000641s ]
ERR: 无法加载模块:Layui

[ 2023-06-29T22:04:24+08:00 ] 180.163.29.103 /js/jquery-3.1.0.js
INFO: [ app_init ] --START--
INFO: Run Behavior\BuildLiteBehavior [ RunTime:0.000022s ]
INFO: [ app_init ] --END-- [ RunTime:0.000609s ]
ERR: 无法加载模块:Js

[ 2023-06-29T22:04:25+08:00 ] 180.163.29.103 /js/layer.js
INFO: [ app_init ] --START--
INFO: Run Behavior\BuildLiteBehavior [ RunTime:0.000021s ]
INFO: [ app_init ] --END-- [ RunTime:0.000538s ]
ERR: 无法加载模块:Js

[ 2023-06-29T22:04:25+08:00 ] 180.163.29.103 /js/clipboard.min.js
INFO: [ app_init ] --START--
INFO: Run Behavior\BuildLiteBehavior [ RunTime:0.000019s ]
INFO: [ app_init ] --END-- [ RunTime:0.000539s ]
ERR: 无法加载模块:Js

[ 2023-06-29T22:55:10+08:00 ] 81.15.108.79 /HNAP1/
INFO: [ app_init ] --START--
INFO: Run Behavior\BuildLiteBehavior [ RunTime:0.000022s ]
INFO: [ app_init ] --END-- [ RunTime:0.000442s ]
ERR: 无法加载模块:HNAP1

[ 2023-06-29T22:55:12+08:00 ] 81.15.108.79 /hudson/script
INFO: [ app_init ] --START--
INFO: Run Behavior\BuildLiteBehavior [ RunTime:0.000028s ]
INFO: [ app_init ] --END-- [ RunTime:0.000807s ]
ERR: 无法加载模块:Hudson

[ 2023-06-29T22:55:13+08:00 ] 81.15.108.79 /script
INFO: [ app_init ] --START--
INFO: Run Behavior\BuildLiteBehavior [ RunTime:0.000030s ]
INFO: [ app_init ] --END-- [ RunTime:0.000822s ]
ERR: 无法加载模块:Script

[ 2023-06-29T22:55:15+08:00 ] 81.15.108.79 /sqlite/main.php
INFO: [ app_init ] --START--
INFO: Run Behavior\BuildLiteBehavior [ RunTime:0.000023s ]
INFO: [ app_init ] --END-- [ RunTime:0.000726s ]
ERR: 无法加载模块:Sqlite

[ 2023-06-29T22:55:15+08:00 ] 81.15.108.79 /sqlitemanager/main.php
INFO: [ app_init ] --START--
INFO: Run Behavior\BuildLiteBehavior [ RunTime:0.000020s ]
INFO: [ app_init ] --END-- [ RunTime:0.000519s ]
ERR: 无法加载模块:Sqlitemanager

[ 2023-06-29T22:55:16+08:00 ] 81.15.108.79 /SQLiteManager/main.php
INFO: [ app_init ] --START--
INFO: Run Behavior\BuildLiteBehavior [ RunTime:0.000021s ]
INFO: [ app_init ] --END-- [ RunTime:0.000603s ]
ERR: 无法加载模块:SQLiteManager

[ 2023-06-29T22:55:17+08:00 ] 81.15.108.79 /SQLite/main.php
INFO: [ app_init ] --START--
INFO: Run Behavior\BuildLiteBehavior [ RunTime:0.000020s ]
INFO: [ app_init ] --END-- [ RunTime:0.000523s ]
ERR: 无法加载模块:SQLite

[ 2023-06-29T22:55:18+08:00 ] 81.15.108.79 /SQlite/main.php
INFO: [ app_init ] --START--
INFO: Run Behavior\BuildLiteBehavior [ RunTime:0.000021s ]
INFO: [ app_init ] --END-- [ RunTime:0.000588s ]
ERR: 无法加载模块:SQlite

[ 2023-06-29T22:55:19+08:00 ] 81.15.108.79 /main.php
INFO: [ app_init ] --START--
INFO: Run Behavior\BuildLiteBehavior [ RunTime:0.000022s ]
INFO: [ app_init ] --END-- [ RunTime:0.000563s ]
ERR: 无法加载模块:Main

[ 2023-06-29T22:55:20+08:00 ] 81.15.108.79 /test/sqlite/SQLiteManager-1.2.0/SQLiteManager-1.2.0/main.php
INFO: [ app_init ] --START--
INFO: Run Behavior\BuildLiteBehavior [ RunTime:0.000016s ]
INFO: [ app_init ] --END-- [ RunTime:0.000397s ]
ERR: 无法加载模块:Test

[ 2023-06-29T22:55:21+08:00 ] 81.15.108.79 /SQLiteManager-1.2.4/main.php
INFO: [ app_init ] --START--
INFO: Run Behavior\BuildLiteBehavior [ RunTime:0.000031s ]
INFO: [ app_init ] --END-- [ RunTime:0.000849s ]
ERR: 无法加载模块:SQLiteManager-1.2.4

[ 2023-06-29T22:55:23+08:00 ] 81.15.108.79 /agSearch/SQlite/main.php
INFO: [ app_init ] --START--
INFO: Run Behavior\BuildLiteBehavior [ RunTime:0.000027s ]
INFO: [ app_init ] --END-- [ RunTime:0.000731s ]
ERR: 无法加载模块:AgSearch

[ 2023-06-29T22:55:30+08:00 ] 81.15.108.79 /phpmyadmin/
INFO: [ app_init ] --START--
INFO: Run Behavior\BuildLiteBehavior [ RunTime:0.000022s ]
INFO: [ app_init ] --END-- [ RunTime:0.000742s ]
ERR: 无法加载模块:Phpmyadmin

[ 2023-06-29T22:55:32+08:00 ] 81.15.108.79 /phpMyAdmin/
INFO: [ app_init ] --START--
INFO: Run Behavior\BuildLiteBehavior [ RunTime:0.000020s ]
INFO: [ app_init ] --END-- [ RunTime:0.000544s ]
ERR: 无法加载模块:PhpMyAdmin

[ 2023-06-29T22:55:33+08:00 ] 81.15.108.79 /PMA/
INFO: [ app_init ] --START--
INFO: Run Behavior\BuildLiteBehavior [ RunTime:0.000021s ]
INFO: [ app_init ] --END-- [ RunTime:0.000516s ]
ERR: 无法加载模块:PMA

[ 2023-06-29T22:55:36+08:00 ] 81.15.108.79 /pma/
INFO: [ app_init ] --START--
INFO: Run Behavior\BuildLiteBehavior [ RunTime:0.000026s ]
INFO: [ app_init ] --END-- [ RunTime:0.000601s ]
ERR: 无法加载模块:Pma

[ 2023-06-29T22:55:54+08:00 ] 81.15.108.79 /dbadmin/
INFO: [ app_init ] --START--
INFO: Run Behavior\BuildLiteBehavior [ RunTime:0.000028s ]
INFO: [ app_init ] --END-- [ RunTime:0.000724s ]
ERR: 无法加载模块:Dbadmin

[ 2023-06-29T22:55:55+08:00 ] 81.15.108.79 /mysql/
INFO: [ app_init ] --START--
INFO: Run Behavior\BuildLiteBehavior [ RunTime:0.000021s ]
INFO: [ app_init ] --END-- [ RunTime:0.000524s ]
ERR: 无法加载模块:Mysql

[ 2023-06-29T22:55:55+08:00 ] 81.15.108.79 /myadmin/
INFO: [ app_init ] --START--
INFO: Run Behavior\BuildLiteBehavior [ RunTime:0.000022s ]
INFO: [ app_init ] --END-- [ RunTime:0.000510s ]
ERR: 无法加载模块:Myadmin

[ 2023-06-29T22:55:57+08:00 ] 81.15.108.79 /openserver/phpmyadmin/
INFO: [ app_init ] --START--
INFO: Run Behavior\BuildLiteBehavior [ RunTime:0.000027s ]
INFO: [ app_init ] --END-- [ RunTime:0.000891s ]
ERR: 无法加载模块:Openserver

[ 2023-06-29T22:55:58+08:00 ] 81.15.108.79 /phpmyadmin2/
INFO: [ app_init ] --START--
INFO: Run Behavior\BuildLiteBehavior [ RunTime:0.000025s ]
INFO: [ app_init ] --END-- [ RunTime:0.000686s ]
ERR: 无法加载模块:Phpmyadmin2

[ 2023-06-29T22:56:00+08:00 ] 81.15.108.79 /phpMyAdmin2/
INFO: [ app_init ] --START--
INFO: Run Behavior\BuildLiteBehavior [ RunTime:0.000021s ]
INFO: [ app_init ] --END-- [ RunTime:0.000550s ]
ERR: 无法加载模块:PhpMyAdmin2

[ 2023-06-29T22:56:02+08:00 ] 81.15.108.79 /phpMyAdmin-2/
INFO: [ app_init ] --START--
INFO: Run Behavior\BuildLiteBehavior [ RunTime:0.000021s ]
INFO: [ app_init ] --END-- [ RunTime:0.000638s ]
ERR: 无法加载模块:PhpMyAdmin-2

[ 2023-06-29T22:56:03+08:00 ] 81.15.108.79 /php-my-admin/
INFO: [ app_init ] --START--
INFO: Run Behavior\BuildLiteBehavior [ RunTime:0.000020s ]
INFO: [ app_init ] --END-- [ RunTime:0.000623s ]
ERR: 无法加载模块:Php-my-admin

[ 2023-06-29T22:56:04+08:00 ] 81.15.108.79 /phpMyAdmin-2.2.3/
INFO: [ app_init ] --START--
INFO: Run Behavior\BuildLiteBehavior [ RunTime:0.000030s ]
INFO: [ app_init ] --END-- [ RunTime:0.000815s ]
ERR: 无法加载模块:PhpMyAdmin-2.2

[ 2023-06-29T22:56:08+08:00 ] 81.15.108.79 /phpMyAdmin-2.2.6/
INFO: [ app_init ] --START--
INFO: Run Behavior\BuildLiteBehavior [ RunTime:0.000020s ]
INFO: [ app_init ] --END-- [ RunTime:0.000517s ]
ERR: 无法加载模块:PhpMyAdmin-2.2

[ 2023-06-29T22:56:09+08:00 ] 81.15.108.79 /phpMyAdmin-2.5.1/
INFO: [ app_init ] --START--
INFO: Run Behavior\BuildLiteBehavior [ RunTime:0.000030s ]
INFO: [ app_init ] --END-- [ RunTime:0.000789s ]
ERR: 无法加载模块:PhpMyAdmin-2.5

[ 2023-06-29T22:56:10+08:00 ] 81.15.108.79 /phpMyAdmin-2.5.4/
INFO: [ app_init ] --START--
INFO: Run Behavior\BuildLiteBehavior [ RunTime:0.000084s ]
INFO: [ app_init ] --END-- [ RunTime:0.001378s ]
ERR: 无法加载模块:PhpMyAdmin-2.5

[ 2023-06-29T22:56:11+08:00 ] 81.15.108.79 /phpMyAdmin-2.5.5-rc1/
INFO: [ app_init ] --START--
INFO: Run Behavior\BuildLiteBehavior [ RunTime:0.000071s ]
INFO: [ app_init ] --END-- [ RunTime:0.000793s ]
ERR: 无法加载模块:PhpMyAdmin-2.5

[ 2023-06-29T22:56:13+08:00 ] 81.15.108.79 /phpMyAdmin-2.5.5-rc2/
INFO: [ app_init ] --START--
INFO: Run Behavior\BuildLiteBehavior [ RunTime:0.000031s ]
INFO: [ app_init ] --END-- [ RunTime:0.000882s ]
ERR: 无法加载模块:PhpMyAdmin-2.5

[ 2023-06-29T22:56:23+08:00 ] 81.15.108.79 /phpMyAdmin-2.5.5/
INFO: [ app_init ] --START--
INFO: Run Behavior\BuildLiteBehavior [ RunTime:0.000020s ]
INFO: [ app_init ] --END-- [ RunTime:0.000517s ]
ERR: 无法加载模块:PhpMyAdmin-2.5

[ 2023-06-29T22:56:25+08:00 ] 81.15.108.79 /phpMyAdmin-2.5.5-pl1/
INFO: [ app_init ] --START--
INFO: Run Behavior\BuildLiteBehavior [ RunTime:0.000021s ]
INFO: [ app_init ] --END-- [ RunTime:0.000525s ]
ERR: 无法加载模块:PhpMyAdmin-2.5

[ 2023-06-29T22:56:32+08:00 ] 81.15.108.79 /phpMyAdmin-2.5.6-rc1/
INFO: [ app_init ] --START--
INFO: Run Behavior\BuildLiteBehavior [ RunTime:0.000027s ]
INFO: [ app_init ] --END-- [ RunTime:0.000731s ]
ERR: 无法加载模块:PhpMyAdmin-2.5

[ 2023-06-29T22:56:37+08:00 ] 81.15.108.79 /phpMyAdmin-2.5.6-rc2/
INFO: [ app_init ] --START--
INFO: Run Behavior\BuildLiteBehavior [ RunTime:0.000019s ]
INFO: [ app_init ] --END-- [ RunTime:0.000527s ]
ERR: 无法加载模块:PhpMyAdmin-2.5

[ 2023-06-29T22:56:38+08:00 ] 81.15.108.79 /phpMyAdmin-2.5.6/
INFO: [ app_init ] --START--
INFO: Run Behavior\BuildLiteBehavior [ RunTime:0.000021s ]
INFO: [ app_init ] --END-- [ RunTime:0.000518s ]
ERR: 无法加载模块:PhpMyAdmin-2.5

[ 2023-06-29T22:56:39+08:00 ] 81.15.108.79 /phpMyAdmin-2.5.7/
INFO: [ app_init ] --START--
INFO: Run Behavior\BuildLiteBehavior [ RunTime:0.000021s ]
INFO: [ app_init ] --END-- [ RunTime:0.000564s ]
ERR: 无法加载模块:PhpMyAdmin-2.5

[ 2023-06-29T22:56:41+08:00 ] 81.15.108.79 /phpMyAdmin-2.5.7-pl1/
INFO: [ app_init ] --START--
INFO: Run Behavior\BuildLiteBehavior [ RunTime:0.000021s ]
INFO: [ app_init ] --END-- [ RunTime:0.000549s ]
ERR: 无法加载模块:PhpMyAdmin-2.5

[ 2023-06-29T22:56:42+08:00 ] 81.15.108.79 /phpMyAdmin-2.6.0-alpha/
INFO: [ app_init ] --START--
INFO: Run Behavior\BuildLiteBehavior [ RunTime:0.000024s ]
INFO: [ app_init ] --END-- [ RunTime:0.000696s ]
ERR: 无法加载模块:PhpMyAdmin-2.6

[ 2023-06-29T22:56:44+08:00 ] 81.15.108.79 /phpMyAdmin-2.6.0-alpha2/
INFO: [ app_init ] --START--
INFO: Run Behavior\BuildLiteBehavior [ RunTime:0.000022s ]
INFO: [ app_init ] --END-- [ RunTime:0.000595s ]
ERR: 无法加载模块:PhpMyAdmin-2.6

[ 2023-06-29T22:56:45+08:00 ] 81.15.108.79 /phpMyAdmin-2.6.0-beta1/
INFO: [ app_init ] --START--
INFO: Run Behavior\BuildLiteBehavior [ RunTime:0.000027s ]
INFO: [ app_init ] --END-- [ RunTime:0.000734s ]
ERR: 无法加载模块:PhpMyAdmin-2.6

[ 2023-06-29T22:56:47+08:00 ] 81.15.108.79 /phpMyAdmin-2.6.0-beta2/
INFO: [ app_init ] --START--
INFO: Run Behavior\BuildLiteBehavior [ RunTime:0.000022s ]
INFO: [ app_init ] --END-- [ RunTime:0.000629s ]
ERR: 无法加载模块:PhpMyAdmin-2.6

[ 2023-06-29T22:56:52+08:00 ] 81.15.108.79 /phpMyAdmin-2.6.0-rc1/
INFO: [ app_init ] --START--
INFO: Run Behavior\BuildLiteBehavior [ RunTime:0.000021s ]
INFO: [ app_init ] --END-- [ RunTime:0.000556s ]
ERR: 无法加载模块:PhpMyAdmin-2.6

[ 2023-06-29T22:56:53+08:00 ] 81.15.108.79 /phpMyAdmin-2.6.0-rc2/
INFO: [ app_init ] --START--
INFO: Run Behavior\BuildLiteBehavior [ RunTime:0.000028s ]
INFO: [ app_init ] --END-- [ RunTime:0.000831s ]
ERR: 无法加载模块:PhpMyAdmin-2.6

[ 2023-06-29T22:56:57+08:00 ] 81.15.108.79 /phpMyAdmin-2.6.0-rc3/
INFO: [ app_init ] --START--
INFO: Run Behavior\BuildLiteBehavior [ RunTime:0.000028s ]
INFO: [ app_init ] --END-- [ RunTime:0.000803s ]
ERR: 无法加载模块:PhpMyAdmin-2.6

[ 2023-06-29T22:56:58+08:00 ] 81.15.108.79 /phpMyAdmin-2.6.0/
INFO: [ app_init ] --START--
INFO: Run Behavior\BuildLiteBehavior [ RunTime:0.000022s ]
INFO: [ app_init ] --END-- [ RunTime:0.000532s ]
ERR: 无法加载模块:PhpMyAdmin-2.6

[ 2023-06-29T22:57:00+08:00 ] 81.15.108.79 /phpMyAdmin-2.6.0-pl1/
INFO: [ app_init ] --START--
INFO: Run Behavior\BuildLiteBehavior [ RunTime:0.000021s ]
INFO: [ app_init ] --END-- [ RunTime:0.000598s ]
ERR: 无法加载模块:PhpMyAdmin-2.6

[ 2023-06-29T22:57:02+08:00 ] 81.15.108.79 /phpMyAdmin-2.6.0-pl2/
INFO: [ app_init ] --START--
INFO: Run Behavior\BuildLiteBehavior [ RunTime:0.000024s ]
INFO: [ app_init ] --END-- [ RunTime:0.000655s ]
ERR: 无法加载模块:PhpMyAdmin-2.6

[ 2023-06-29T22:57:05+08:00 ] 81.15.108.79 /phpMyAdmin-2.6.0-pl3/
INFO: [ app_init ] --START--
INFO: Run Behavior\BuildLiteBehavior [ RunTime:0.000023s ]
INFO: [ app_init ] --END-- [ RunTime:0.000547s ]
ERR: 无法加载模块:PhpMyAdmin-2.6

[ 2023-06-29T22:57:08+08:00 ] 81.15.108.79 /phpMyAdmin-2.6.1-rc1/
INFO: [ app_init ] --START--
INFO: Run Behavior\BuildLiteBehavior [ RunTime:0.000020s ]
INFO: [ app_init ] --END-- [ RunTime:0.000522s ]
ERR: 无法加载模块:PhpMyAdmin-2.6

[ 2023-06-29T22:57:23+08:00 ] 81.15.108.79 /phpMyAdmin-2.6.1-rc2/
INFO: [ app_init ] --START--
INFO: Run Behavior\BuildLiteBehavior [ RunTime:0.000030s ]
INFO: [ app_init ] --END-- [ RunTime:0.000812s ]
ERR: 无法加载模块:PhpMyAdmin-2.6

[ 2023-06-29T22:57:27+08:00 ] 81.15.108.79 /phpMyAdmin-2.6.1/
INFO: [ app_init ] --START--
INFO: Run Behavior\BuildLiteBehavior [ RunTime:0.000022s ]
INFO: [ app_init ] --END-- [ RunTime:0.000748s ]
ERR: 无法加载模块:PhpMyAdmin-2.6

[ 2023-06-29T22:57:28+08:00 ] 81.15.108.79 /phpMyAdmin-2.6.1-pl1/
INFO: [ app_init ] --START--
INFO: Run Behavior\BuildLiteBehavior [ RunTime:0.000021s ]
INFO: [ app_init ] --END-- [ RunTime:0.000577s ]
ERR: 无法加载模块:PhpMyAdmin-2.6

[ 2023-06-29T22:57:29+08:00 ] 81.15.108.79 /phpMyAdmin-2.6.1-pl2/
INFO: [ app_init ] --START--
INFO: Run Behavior\BuildLiteBehavior [ RunTime:0.000024s ]
INFO: [ app_init ] --END-- [ RunTime:0.000684s ]
ERR: 无法加载模块:PhpMyAdmin-2.6

[ 2023-06-29T22:57:31+08:00 ] 81.15.108.79 /phpMyAdmin-2.6.1-pl3/
INFO: [ app_init ] --START--
INFO: Run Behavior\BuildLiteBehavior [ RunTime:0.000023s ]
INFO: [ app_init ] --END-- [ RunTime:0.000656s ]
ERR: 无法加载模块:PhpMyAdmin-2.6

[ 2023-06-29T22:57:32+08:00 ] 81.15.108.79 /phpMyAdmin-2.6.2-rc1/
INFO: [ app_init ] --START--
INFO: Run Behavior\BuildLiteBehavior [ RunTime:0.000030s ]
INFO: [ app_init ] --END-- [ RunTime:0.000800s ]
ERR: 无法加载模块:PhpMyAdmin-2.6

[ 2023-06-29T22:57:35+08:00 ] 81.15.108.79 /phpMyAdmin-2.6.2-beta1/
INFO: [ app_init ] --START--
INFO: Run Behavior\BuildLiteBehavior [ RunTime:0.000021s ]
INFO: [ app_init ] --END-- [ RunTime:0.000543s ]
ERR: 无法加载模块:PhpMyAdmin-2.6

[ 2023-06-29T22:57:37+08:00 ] 81.15.108.79 /phpMyAdmin-2.6.2-rc1/
INFO: [ app_init ] --START--
INFO: Run Behavior\BuildLiteBehavior [ RunTime:0.000020s ]
INFO: [ app_init ] --END-- [ RunTime:0.000551s ]
ERR: 无法加载模块:PhpMyAdmin-2.6

[ 2023-06-29T22:57:59+08:00 ] 81.15.108.79 /phpMyAdmin-2.6.2/
INFO: [ app_init ] --START--
INFO: Run Behavior\BuildLiteBehavior [ RunTime:0.000017s ]
INFO: [ app_init ] --END-- [ RunTime:0.000446s ]
ERR: 无法加载模块:PhpMyAdmin-2.6

[ 2023-06-29T22:58:01+08:00 ] 81.15.108.79 /phpMyAdmin-2.6.2-pl1/
INFO: [ app_init ] --START--
INFO: Run Behavior\BuildLiteBehavior [ RunTime:0.000025s ]
INFO: [ app_init ] --END-- [ RunTime:0.000724s ]
ERR: 无法加载模块:PhpMyAdmin-2.6

[ 2023-06-29T22:58:02+08:00 ] 81.15.108.79 /phpMyAdmin-2.6.3/
INFO: [ app_init ] --START--
INFO: Run Behavior\BuildLiteBehavior [ RunTime:0.000020s ]
INFO: [ app_init ] --END-- [ RunTime:0.000551s ]
ERR: 无法加载模块:PhpMyAdmin-2.6

[ 2023-06-29T22:58:03+08:00 ] 81.15.108.79 /phpMyAdmin-2.6.3-rc1/
INFO: [ app_init ] --START--
INFO: Run Behavior\BuildLiteBehavior [ RunTime:0.000027s ]
INFO: [ app_init ] --END-- [ RunTime:0.000995s ]
ERR: 无法加载模块:PhpMyAdmin-2.6

[ 2023-06-29T22:58:04+08:00 ] 81.15.108.79 /phpMyAdmin-2.6.3/
INFO: [ app_init ] --START--
INFO: Run Behavior\BuildLiteBehavior [ RunTime:0.000028s ]
INFO: [ app_init ] --END-- [ RunTime:0.000940s ]
ERR: 无法加载模块:PhpMyAdmin-2.6

[ 2023-06-29T22:58:07+08:00 ] 81.15.108.79 /phpMyAdmin-2.6.3-pl1/
INFO: [ app_init ] --START--
INFO: Run Behavior\BuildLiteBehavior [ RunTime:0.000024s ]
INFO: [ app_init ] --END-- [ RunTime:0.000534s ]
ERR: 无法加载模块:PhpMyAdmin-2.6

[ 2023-06-29T22:58:08+08:00 ] 81.15.108.79 /phpMyAdmin-2.6.4-rc1/
INFO: [ app_init ] --START--
INFO: Run Behavior\BuildLiteBehavior [ RunTime:0.000021s ]
INFO: [ app_init ] --END-- [ RunTime:0.000525s ]
ERR: 无法加载模块:PhpMyAdmin-2.6

[ 2023-06-29T22:58:08+08:00 ] 81.15.108.79 /phpMyAdmin-2.6.4-pl1/
INFO: [ app_init ] --START--
INFO: Run Behavior\BuildLiteBehavior [ RunTime:0.000028s ]
INFO: [ app_init ] --END-- [ RunTime:0.000808s ]
ERR: 无法加载模块:PhpMyAdmin-2.6

[ 2023-06-29T22:58:09+08:00 ] 81.15.108.79 /phpMyAdmin-2.6.4-pl2/
INFO: [ app_init ] --START--
INFO: Run Behavior\BuildLiteBehavior [ RunTime:0.000021s ]
INFO: [ app_init ] --END-- [ RunTime:0.000555s ]
ERR: 无法加载模块:PhpMyAdmin-2.6

[ 2023-06-29T22:58:16+08:00 ] 81.15.108.79 /phpMyAdmin-2.6.4-pl3/
INFO: [ app_init ] --START--
INFO: Run Behavior\BuildLiteBehavior [ RunTime:0.000020s ]
INFO: [ app_init ] --END-- [ RunTime:0.000522s ]
ERR: 无法加载模块:PhpMyAdmin-2.6

[ 2023-06-29T22:58:25+08:00 ] 81.15.108.79 /phpMyAdmin-2.6.4-pl4/
INFO: [ app_init ] --START--
INFO: Run Behavior\BuildLiteBehavior [ RunTime:0.000022s ]
INFO: [ app_init ] --END-- [ RunTime:0.000655s ]
ERR: 无法加载模块:PhpMyAdmin-2.6

[ 2023-06-29T22:58:29+08:00 ] 81.15.108.79 /phpMyAdmin-2.6.4/
INFO: [ app_init ] --START--
INFO: Run Behavior\BuildLiteBehavior [ RunTime:0.000015s ]
INFO: [ app_init ] --END-- [ RunTime:0.000404s ]
ERR: 无法加载模块:PhpMyAdmin-2.6

[ 2023-06-29T22:58:29+08:00 ] 81.15.108.79 /phpMyAdmin-2.7.0-beta1/
INFO: [ app_init ] --START--
INFO: Run Behavior\BuildLiteBehavior [ RunTime:0.000020s ]
INFO: [ app_init ] --END-- [ RunTime:0.000529s ]
ERR: 无法加载模块:PhpMyAdmin-2.7

[ 2023-06-29T22:58:32+08:00 ] 81.15.108.79 /phpMyAdmin-2.7.0-rc1/
INFO: [ app_init ] --START--
INFO: Run Behavior\BuildLiteBehavior [ RunTime:0.000027s ]
INFO: [ app_init ] --END-- [ RunTime:0.000526s ]
ERR: 无法加载模块:PhpMyAdmin-2.7

[ 2023-06-29T22:58:33+08:00 ] 81.15.108.79 /phpMyAdmin-2.7.0-pl1/
INFO: [ app_init ] --START--
INFO: Run Behavior\BuildLiteBehavior [ RunTime:0.000020s ]
INFO: [ app_init ] --END-- [ RunTime:0.000700s ]
ERR: 无法加载模块:PhpMyAdmin-2.7

[ 2023-06-29T22:58:34+08:00 ] 81.15.108.79 /phpMyAdmin-2.7.0-pl2/
INFO: [ app_init ] --START--
INFO: Run Behavior\BuildLiteBehavior [ RunTime:0.000021s ]
INFO: [ app_init ] --END-- [ RunTime:0.000524s ]
ERR: 无法加载模块:PhpMyAdmin-2.7

[ 2023-06-29T22:58:36+08:00 ] 81.15.108.79 /phpMyAdmin-2.7.0/
INFO: [ app_init ] --START--
INFO: Run Behavior\BuildLiteBehavior [ RunTime:0.000028s ]
INFO: [ app_init ] --END-- [ RunTime:0.000635s ]
ERR: 无法加载模块:PhpMyAdmin-2.7

[ 2023-06-29T22:58:37+08:00 ] 81.15.108.79 /phpMyAdmin-2.8.0-beta1/
INFO: [ app_init ] --START--
INFO: Run Behavior\BuildLiteBehavior [ RunTime:0.000020s ]
INFO: [ app_init ] --END-- [ RunTime:0.000519s ]
ERR: 无法加载模块:PhpMyAdmin-2.8

[ 2023-06-29T22:58:40+08:00 ] 81.15.108.79 /phpMyAdmin-2.8.0-rc1/
INFO: [ app_init ] --START--
INFO: Run Behavior\BuildLiteBehavior [ RunTime:0.000021s ]
INFO: [ app_init ] --END-- [ RunTime:0.000548s ]
ERR: 无法加载模块:PhpMyAdmin-2.8

[ 2023-06-29T22:58:41+08:00 ] 81.15.108.79 /phpMyAdmin-2.8.0-rc2/
INFO: [ app_init ] --START--
INFO: Run Behavior\BuildLiteBehavior [ RunTime:0.000022s ]
INFO: [ app_init ] --END-- [ RunTime:0.000571s ]
ERR: 无法加载模块:PhpMyAdmin-2.8

[ 2023-06-29T22:58:42+08:00 ] 81.15.108.79 /phpMyAdmin-2.8.0/
INFO: [ app_init ] --START--
INFO: Run Behavior\BuildLiteBehavior [ RunTime:0.000024s ]
INFO: [ app_init ] --END-- [ RunTime:0.000618s ]
ERR: 无法加载模块:PhpMyAdmin-2.8

[ 2023-06-29T22:58:44+08:00 ] 81.15.108.79 /phpMyAdmin-2.8.0.1/
INFO: [ app_init ] --START--
INFO: Run Behavior\BuildLiteBehavior [ RunTime:0.000028s ]
INFO: [ app_init ] --END-- [ RunTime:0.000810s ]
ERR: 无法加载模块:PhpMyAdmin-2.8.0

[ 2023-06-29T22:58:46+08:00 ] 81.15.108.79 /phpMyAdmin-2.8.0.2/
INFO: [ app_init ] --START--
INFO: Run Behavior\BuildLiteBehavior [ RunTime:0.000020s ]
INFO: [ app_init ] --END-- [ RunTime:0.000545s ]
ERR: 无法加载模块:PhpMyAdmin-2.8.0

[ 2023-06-29T22:58:51+08:00 ] 81.15.108.79 /phpMyAdmin-2.8.0.3/
INFO: [ app_init ] --START--
INFO: Run Behavior\BuildLiteBehavior [ RunTime:0.000020s ]
INFO: [ app_init ] --END-- [ RunTime:0.000554s ]
ERR: 无法加载模块:PhpMyAdmin-2.8.0

[ 2023-06-29T22:58:53+08:00 ] 81.15.108.79 /phpMyAdmin-2.8.0.4/
INFO: [ app_init ] --START--
INFO: Run Behavior\BuildLiteBehavior [ RunTime:0.000021s ]
INFO: [ app_init ] --END-- [ RunTime:0.000602s ]
ERR: 无法加载模块:PhpMyAdmin-2.8.0

[ 2023-06-29T22:58:55+08:00 ] 81.15.108.79 /phpMyAdmin-2.8.1-rc1/
INFO: [ app_init ] --START--
INFO: Run Behavior\BuildLiteBehavior [ RunTime:0.000021s ]
INFO: [ app_init ] --END-- [ RunTime:0.000514s ]
ERR: 无法加载模块:PhpMyAdmin-2.8

[ 2023-06-29T22:58:58+08:00 ] 81.15.108.79 /phpMyAdmin-2.8.1/
INFO: [ app_init ] --START--
INFO: Run Behavior\BuildLiteBehavior [ RunTime:0.000027s ]
INFO: [ app_init ] --END-- [ RunTime:0.000758s ]
ERR: 无法加载模块:PhpMyAdmin-2.8

[ 2023-06-29T22:59:02+08:00 ] 81.15.108.79 /phpMyAdmin-2.8.2/
INFO: [ app_init ] --START--
INFO: Run Behavior\BuildLiteBehavior [ RunTime:0.000018s ]
INFO: [ app_init ] --END-- [ RunTime:0.000464s ]
ERR: 无法加载模块:PhpMyAdmin-2.8

[ 2023-06-29T22:59:04+08:00 ] 81.15.108.79 /sqlmanager/
INFO: [ app_init ] --START--
INFO: Run Behavior\BuildLiteBehavior [ RunTime:0.000030s ]
INFO: [ app_init ] --END-- [ RunTime:0.000833s ]
ERR: 无法加载模块:Sqlmanager

[ 2023-06-29T22:59:05+08:00 ] 81.15.108.79 /mysqlmanager/
INFO: [ app_init ] --START--
INFO: Run Behavior\BuildLiteBehavior [ RunTime:0.000023s ]
INFO: [ app_init ] --END-- [ RunTime:0.000591s ]
ERR: 无法加载模块:Mysqlmanager

[ 2023-06-29T22:59:09+08:00 ] 81.15.108.79 /p/m/a/
INFO: [ app_init ] --START--
INFO: Run Behavior\BuildLiteBehavior [ RunTime:0.000022s ]
INFO: [ app_init ] --END-- [ RunTime:0.000529s ]
ERR: 无法加载模块:P

[ 2023-06-29T22:59:10+08:00 ] 81.15.108.79 /PMA2005/
INFO: [ app_init ] --START--
INFO: Run Behavior\BuildLiteBehavior [ RunTime:0.000022s ]
INFO: [ app_init ] --END-- [ RunTime:0.000627s ]
ERR: 无法加载模块:PMA2005

[ 2023-06-29T22:59:10+08:00 ] 81.15.108.79 /pma2005/
INFO: [ app_init ] --START--
INFO: Run Behavior\BuildLiteBehavior [ RunTime:0.000032s ]
INFO: [ app_init ] --END-- [ RunTime:0.000785s ]
ERR: 无法加载模块:Pma2005

[ 2023-06-29T22:59:11+08:00 ] 81.15.108.79 /phpmanager/
INFO: [ app_init ] --START--
INFO: Run Behavior\BuildLiteBehavior [ RunTime:0.000021s ]
INFO: [ app_init ] --END-- [ RunTime:0.000571s ]
ERR: 无法加载模块:Phpmanager

[ 2023-06-29T22:59:12+08:00 ] 81.15.108.79 /php-myadmin/
INFO: [ app_init ] --START--
INFO: Run Behavior\BuildLiteBehavior [ RunTime:0.000029s ]
INFO: [ app_init ] --END-- [ RunTime:0.000753s ]
ERR: 无法加载模块:Php-myadmin

[ 2023-06-29T22:59:14+08:00 ] 81.15.108.79 /phpmy-admin/
INFO: [ app_init ] --START--
INFO: Run Behavior\BuildLiteBehavior [ RunTime:0.000020s ]
INFO: [ app_init ] --END-- [ RunTime:0.000547s ]
ERR: 无法加载模块:Phpmy-admin

[ 2023-06-29T22:59:15+08:00 ] 81.15.108.79 /webadmin/
INFO: [ app_init ] --START--
INFO: Run Behavior\BuildLiteBehavior [ RunTime:0.000022s ]
INFO: [ app_init ] --END-- [ RunTime:0.000743s ]
ERR: 无法加载模块:Webadmin

[ 2023-06-29T22:59:19+08:00 ] 81.15.108.79 /sqlweb/
INFO: [ app_init ] --START--
INFO: Run Behavior\BuildLiteBehavior [ RunTime:0.000026s ]
INFO: [ app_init ] --END-- [ RunTime:0.000878s ]
ERR: 无法加载模块:Sqlweb

[ 2023-06-29T22:59:20+08:00 ] 81.15.108.79 /websql/
INFO: [ app_init ] --START--
INFO: Run Behavior\BuildLiteBehavior [ RunTime:0.000021s ]
INFO: [ app_init ] --END-- [ RunTime:0.000576s ]
ERR: 无法加载模块:Websql

[ 2023-06-29T22:59:21+08:00 ] 81.15.108.79 /webdb/
INFO: [ app_init ] --START--
INFO: Run Behavior\BuildLiteBehavior [ RunTime:0.000025s ]
INFO: [ app_init ] --END-- [ RunTime:0.000652s ]
ERR: 无法加载模块:Webdb

[ 2023-06-29T22:59:22+08:00 ] 81.15.108.79 /mysqladmin/
INFO: [ app_init ] --START--
INFO: Run Behavior\BuildLiteBehavior [ RunTime:0.000020s ]
INFO: [ app_init ] --END-- [ RunTime:0.000512s ]
ERR: 无法加载模块:Mysqladmin

[ 2023-06-29T22:59:24+08:00 ] 81.15.108.79 /mysql-admin/
INFO: [ app_init ] --START--
INFO: Run Behavior\BuildLiteBehavior [ RunTime:0.000028s ]
INFO: [ app_init ] --END-- [ RunTime:0.000766s ]
ERR: 无法加载模块:Mysql-admin

[ 2023-06-29T23:18:40+08:00 ] 162.144.209.56 /wp-login.php
INFO: [ app_init ] --START--
INFO: Run Behavior\BuildLiteBehavior [ RunTime:0.000021s ]
INFO: [ app_init ] --END-- [ RunTime:0.000651s ]
ERR: 无法加载模块:Wp-login

