[ 2023-08-12T00:09:36+08:00 ] 198.199.118.122 /ReportServer
INFO: [ app_init ] --START--
INFO: Run Behavior\BuildLiteBehavior [ RunTime:0.000019s ]
INFO: [ app_init ] --END-- [ RunTime:0.000486s ]
ERR: 无法加载模块:ReportServer

[ 2023-08-12T01:21:30+08:00 ] 23.225.148.130 /?s=/Index/%5Cthink%5Capp/invokefunction&function=call_user_func_array&vars%5B0%5D=phpinfo&vars%5B1%5D%5B%5D=-1
INFO: [ app_init ] --START--
INFO: Run Behavior\BuildLiteBehavior [ RunTime:0.000049s ]
INFO: [ app_init ] --END-- [ RunTime:0.000553s ]
ERR: 无法加载模块:Index

[ 2023-08-12T01:21:31+08:00 ] 23.225.148.130 /?s=index/think%5Capp/invokefunction&function=call_user_func_array&vars%5B0%5D=assert&vars%5B1%5D%5B%5D=phpinfo()
INFO: [ app_init ] --START--
INFO: Run Behavior\BuildLiteBehavior [ RunTime:0.000019s ]
INFO: [ app_init ] --END-- [ RunTime:0.000481s ]
ERR: 无法加载模块:Index

[ 2023-08-12T01:21:32+08:00 ] 23.225.148.130 /?s=index/think%5Crequest/input?data%5B%5D=phpinfo()&filter=assert
INFO: [ app_init ] --START--
INFO: Run Behavior\BuildLiteBehavior [ RunTime:0.000020s ]
INFO: [ app_init ] --END-- [ RunTime:0.000569s ]
ERR: 无法加载模块:Index

[ 2023-08-12T01:21:32+08:00 ] 23.225.148.130 /?s=index/%5Cthink%5Cview%5Cdriver%5CPhp/display&content=%3C?php%20phpinfo();?%3E
INFO: [ app_init ] --START--
INFO: Run Behavior\BuildLiteBehavior [ RunTime:0.000020s ]
INFO: [ app_init ] --END-- [ RunTime:0.000494s ]
ERR: 无法加载模块:Index

[ 2023-08-12T01:21:33+08:00 ] 23.225.148.130 /?s=index/%5Cthink%5CContainer/invokefunction&function=call_user_func_array&vars%5B0%5D=assert&vars%5B1%5D%5B%5D=phpinfo()
INFO: [ app_init ] --START--
INFO: Run Behavior\BuildLiteBehavior [ RunTime:0.000020s ]
INFO: [ app_init ] --END-- [ RunTime:0.000509s ]
ERR: 无法加载模块:Index

[ 2023-08-12T01:21:33+08:00 ] 23.225.148.130 /?s=index/%5Cthink%5CContainer/invokefunction&function=call_user_func_array&vars%5B0%5D=phpinfo&vars%5B1%5D%5B%5D=-1
INFO: [ app_init ] --START--
INFO: Run Behavior\BuildLiteBehavior [ RunTime:0.000021s ]
INFO: [ app_init ] --END-- [ RunTime:0.000520s ]
ERR: 无法加载模块:Index

[ 2023-08-12T01:21:34+08:00 ] 23.225.148.130 /?s=index/%5Cthink%5CRequest/input&filter%5B%5D=phpinfo&data=-1
INFO: [ app_init ] --START--
INFO: Run Behavior\BuildLiteBehavior [ RunTime:0.000019s ]
INFO: [ app_init ] --END-- [ RunTime:0.000486s ]
ERR: 无法加载模块:Index

[ 2023-08-12T01:21:34+08:00 ] 23.225.148.130 /?s=index/%5Cthink%5Cmodule/action/param1/$%7B@phpinfo()%7D
INFO: [ app_init ] --START--
INFO: Run Behavior\BuildLiteBehavior [ RunTime:0.000019s ]
INFO: [ app_init ] --END-- [ RunTime:0.000518s ]
ERR: 无法加载模块:Index

[ 2023-08-12T01:21:35+08:00 ] 23.225.148.130 /?s=captcha&test=-1
INFO: [ app_init ] --START--
INFO: Run Behavior\BuildLiteBehavior [ RunTime:0.000020s ]
INFO: [ app_init ] --END-- [ RunTime:0.000573s ]
ERR: 无法加载模块:Captcha

[ 2023-08-12T01:21:35+08:00 ] 23.225.148.130 /?s=captcha&test=-1
INFO: [ app_init ] --START--
INFO: Run Behavior\BuildLiteBehavior [ RunTime:0.000020s ]
INFO: [ app_init ] --END-- [ RunTime:0.000831s ]
ERR: 无法加载模块:Captcha

[ 2023-08-12T01:21:36+08:00 ] 23.225.148.130 /?s=captcha&test=phpinfo()
INFO: [ app_init ] --START--
INFO: Run Behavior\BuildLiteBehavior [ RunTime:0.000020s ]
INFO: [ app_init ] --END-- [ RunTime:0.000487s ]
ERR: 无法加载模块:Captcha

[ 2023-08-12T01:21:36+08:00 ] 23.225.148.130 /?s=index/index/
INFO: [ app_init ] --START--
INFO: Run Behavior\BuildLiteBehavior [ RunTime:0.000019s ]
INFO: [ app_init ] --END-- [ RunTime:0.000713s ]
ERR: 无法加载模块:Index

[ 2023-08-12T01:21:37+08:00 ] 23.225.148.130 /?s=index/index/
INFO: [ app_init ] --START--
INFO: Run Behavior\BuildLiteBehavior [ RunTime:0.000019s ]
INFO: [ app_init ] --END-- [ RunTime:0.000490s ]
ERR: 无法加载模块:Index

[ 2023-08-12T02:42:29+08:00 ] 83.97.73.87 /actuator/gateway/routes
INFO: [ app_init ] --START--
INFO: Run Behavior\BuildLiteBehavior [ RunTime:0.000020s ]
INFO: [ app_init ] --END-- [ RunTime:0.000515s ]
ERR: 无法加载模块:Actuator

[ 2023-08-12T04:29:04+08:00 ] 107.170.230.25 /portal/redlion
INFO: [ app_init ] --START--
INFO: Run Behavior\BuildLiteBehavior [ RunTime:0.000030s ]
INFO: [ app_init ] --END-- [ RunTime:0.000710s ]
ERR: 无法加载模块:Portal

[ 2023-08-12T05:16:20+08:00 ] 68.178.149.21 /wp-login.php
INFO: [ app_init ] --START--
INFO: Run Behavior\BuildLiteBehavior [ RunTime:0.000018s ]
INFO: [ app_init ] --END-- [ RunTime:0.000602s ]
ERR: 无法加载模块:Wp-login

[ 2023-08-12T05:23:50+08:00 ] 153.122.173.68 /public/index.php?+config-create+/<?=phpinfo()?>+/tmp/atbbthti.php
INFO: [ app_init ] --START--
INFO: Run Behavior\BuildLiteBehavior [ RunTime:0.000020s ]
INFO: [ app_init ] --END-- [ RunTime:0.000497s ]
ERR: 无法加载模块:Public

[ 2023-08-12T05:23:51+08:00 ] 153.122.173.68 /public/index.php
INFO: [ app_init ] --START--
INFO: Run Behavior\BuildLiteBehavior [ RunTime:0.000018s ]
INFO: [ app_init ] --END-- [ RunTime:0.000509s ]
ERR: 无法加载模块:Public

[ 2023-08-12T05:25:03+08:00 ] 153.122.173.68 /ptuucgk.php
INFO: [ app_init ] --START--
INFO: Run Behavior\BuildLiteBehavior [ RunTime:0.000020s ]
INFO: [ app_init ] --END-- [ RunTime:0.000535s ]
ERR: 无法加载模块:Ptuucgk

[ 2023-08-12T05:25:04+08:00 ] 153.122.173.68 /ptuucgk.php
INFO: [ app_init ] --START--
INFO: Run Behavior\BuildLiteBehavior [ RunTime:0.000020s ]
INFO: [ app_init ] --END-- [ RunTime:0.000491s ]
ERR: 无法加载模块:Ptuucgk

[ 2023-08-12T05:25:23+08:00 ] 153.122.173.68 /846244179.php
INFO: [ app_init ] --START--
INFO: Run Behavior\BuildLiteBehavior [ RunTime:0.000044s ]
INFO: [ app_init ] --END-- [ RunTime:0.000556s ]
ERR: 无法加载模块:846244179

[ 2023-08-12T05:25:24+08:00 ] 153.122.173.68 /846244179.php
INFO: [ app_init ] --START--
INFO: Run Behavior\BuildLiteBehavior [ RunTime:0.000031s ]
INFO: [ app_init ] --END-- [ RunTime:0.000842s ]
ERR: 无法加载模块:846244179

[ 2023-08-12T05:25:41+08:00 ] 153.122.173.68 /index.php?s=/Index/%09hink%07pp/invokefunction&function=call_user_func_array&vars%5B0%5D=printf&vars%5B1%5D%5B%5D=a29hbHIgaXMg%25%25d2F0Y2hpbmcgeW91
INFO: [ app_init ] --START--
INFO: Run Behavior\BuildLiteBehavior [ RunTime:0.000021s ]
INFO: [ app_init ] --END-- [ RunTime:0.000589s ]
ERR: 无法加载模块:Index

[ 2023-08-12T05:25:42+08:00 ] 153.122.173.68 /?s=/Index/%09hink%07pp/invokefunction&function=call_user_func_array&vars%5B0%5D=printf&vars%5B1%5D%5B%5D=a29hbHIgaXMg%25%25d2F0Y2hpbmcgeW91
INFO: [ app_init ] --START--
INFO: Run Behavior\BuildLiteBehavior [ RunTime:0.000019s ]
INFO: [ app_init ] --END-- [ RunTime:0.000512s ]
ERR: 无法加载模块:Index

[ 2023-08-12T05:25:42+08:00 ] 153.122.173.68 /public/index.php?s=/Index/%09hink%07pp/invokefunction&function=call_user_func_array&vars%5B0%5D=printf&vars%5B1%5D%5B%5D=a29hbHIgaXMg%25%25d2F0Y2hpbmcgeW91
INFO: [ app_init ] --START--
INFO: Run Behavior\BuildLiteBehavior [ RunTime:0.000019s ]
INFO: [ app_init ] --END-- [ RunTime:0.000477s ]
ERR: 无法加载模块:Index

[ 2023-08-12T05:26:10+08:00 ] 153.122.173.68 /?s=index/%5Cthink%5Capp/invokefunction&function=call_user_func_array&vars%5B0%5D=MD5&vars%5B1%5D%5B%5D=839545918
INFO: [ app_init ] --START--
INFO: Run Behavior\BuildLiteBehavior [ RunTime:0.000019s ]
INFO: [ app_init ] --END-- [ RunTime:0.000605s ]
ERR: 无法加载模块:Index

[ 2023-08-12T05:26:13+08:00 ] 153.122.173.68 /index.php?s=captcha
INFO: [ app_init ] --START--
INFO: Run Behavior\BuildLiteBehavior [ RunTime:0.000019s ]
INFO: [ app_init ] --END-- [ RunTime:0.000481s ]
ERR: 无法加载模块:Captcha

[ 2023-08-12T05:39:50+08:00 ] 47.119.19.216 /BOEKJ/config.js
INFO: [ app_init ] --START--
INFO: Run Behavior\BuildLiteBehavior [ RunTime:0.000020s ]
INFO: [ app_init ] --END-- [ RunTime:0.000538s ]
ERR: 无法加载模块:BOEKJ

[ 2023-08-12T05:40:02+08:00 ] 47.119.19.216 /yoy/images/logo.png
INFO: [ app_init ] --START--
INFO: Run Behavior\BuildLiteBehavior [ RunTime:0.000020s ]
INFO: [ app_init ] --END-- [ RunTime:0.000621s ]
ERR: 无法加载模块:Yoy

[ 2023-08-12T08:31:23+08:00 ] 40.77.167.108 /robots.txt
INFO: [ app_init ] --START--
INFO: Run Behavior\BuildLiteBehavior [ RunTime:0.000122s ]
INFO: [ app_init ] --END-- [ RunTime:0.000672s ]
ERR: 无法加载模块:Robots

[ 2023-08-12T08:32:37+08:00 ] 23.236.147.154 /robots.txt
INFO: [ app_init ] --START--
INFO: Run Behavior\BuildLiteBehavior [ RunTime:0.000021s ]
INFO: [ app_init ] --END-- [ RunTime:0.000566s ]
ERR: 无法加载模块:Robots

[ 2023-08-12T08:32:38+08:00 ] 23.236.147.154 /sitemap.xml
INFO: [ app_init ] --START--
INFO: Run Behavior\BuildLiteBehavior [ RunTime:0.000019s ]
INFO: [ app_init ] --END-- [ RunTime:0.000503s ]
ERR: 无法加载模块:Sitemap

[ 2023-08-12T08:32:38+08:00 ] 23.236.147.154 /.well-known/security.txt
INFO: [ app_init ] --START--
INFO: Run Behavior\BuildLiteBehavior [ RunTime:0.000027s ]
INFO: [ app_init ] --END-- [ RunTime:0.000613s ]
ERR: 无法加载模块:.well-known

[ 2023-08-12T08:50:51+08:00 ] 34.141.162.181 /ISAPI/Security/userCheck
INFO: [ app_init ] --START--
INFO: Run Behavior\BuildLiteBehavior [ RunTime:0.000018s ]
INFO: [ app_init ] --END-- [ RunTime:0.000451s ]
ERR: 无法加载模块:ISAPI

[ 2023-08-12T10:31:29+08:00 ] 65.49.1.86 /geoserver/web/
INFO: [ app_init ] --START--
INFO: Run Behavior\BuildLiteBehavior [ RunTime:0.000022s ]
INFO: [ app_init ] --END-- [ RunTime:0.000605s ]
ERR: 无法加载模块:Geoserver

[ 2023-08-12T10:58:12+08:00 ] 180.163.30.27 /layui/layui.all.js
INFO: [ app_init ] --START--
INFO: Run Behavior\BuildLiteBehavior [ RunTime:0.000019s ]
INFO: [ app_init ] --END-- [ RunTime:0.000508s ]
ERR: 无法加载模块:Layui

[ 2023-08-12T10:58:13+08:00 ] 180.163.30.27 /js/jquery-3.1.0.js
INFO: [ app_init ] --START--
INFO: Run Behavior\BuildLiteBehavior [ RunTime:0.000021s ]
INFO: [ app_init ] --END-- [ RunTime:0.000548s ]
ERR: 无法加载模块:Js

[ 2023-08-12T10:58:14+08:00 ] 180.163.30.27 /js/layer.js
INFO: [ app_init ] --START--
INFO: Run Behavior\BuildLiteBehavior [ RunTime:0.000025s ]
INFO: [ app_init ] --END-- [ RunTime:0.000621s ]
ERR: 无法加载模块:Js

[ 2023-08-12T10:58:14+08:00 ] 180.163.30.27 /js/clipboard.min.js
INFO: [ app_init ] --START--
INFO: Run Behavior\BuildLiteBehavior [ RunTime:0.000020s ]
INFO: [ app_init ] --END-- [ RunTime:0.000498s ]
ERR: 无法加载模块:Js

[ 2023-08-12T11:00:08+08:00 ] 180.163.29.212 /layui/layui.all.js
INFO: [ app_init ] --START--
INFO: Run Behavior\BuildLiteBehavior [ RunTime:0.000019s ]
INFO: [ app_init ] --END-- [ RunTime:0.000497s ]
ERR: 无法加载模块:Layui

[ 2023-08-12T11:00:10+08:00 ] 180.163.29.212 /js/jquery-3.1.0.js
INFO: [ app_init ] --START--
INFO: Run Behavior\BuildLiteBehavior [ RunTime:0.000020s ]
INFO: [ app_init ] --END-- [ RunTime:0.000487s ]
ERR: 无法加载模块:Js

[ 2023-08-12T11:00:10+08:00 ] 180.163.29.212 /js/layer.js
INFO: [ app_init ] --START--
INFO: Run Behavior\BuildLiteBehavior [ RunTime:0.000019s ]
INFO: [ app_init ] --END-- [ RunTime:0.000518s ]
ERR: 无法加载模块:Js

[ 2023-08-12T11:00:11+08:00 ] 180.163.29.212 /js/clipboard.min.js
INFO: [ app_init ] --START--
INFO: Run Behavior\BuildLiteBehavior [ RunTime:0.000019s ]
INFO: [ app_init ] --END-- [ RunTime:0.000548s ]
ERR: 无法加载模块:Js

[ 2023-08-12T13:38:20+08:00 ] 146.70.184.190 /_profiler/phpinfo
INFO: [ app_init ] --START--
INFO: Run Behavior\BuildLiteBehavior [ RunTime:0.000021s ]
INFO: [ app_init ] --END-- [ RunTime:0.000717s ]
ERR: 无法加载模块:_profiler

[ 2023-08-12T13:38:21+08:00 ] 146.70.184.190 /info.php
INFO: [ app_init ] --START--
INFO: Run Behavior\BuildLiteBehavior [ RunTime:0.000020s ]
INFO: [ app_init ] --END-- [ RunTime:0.000530s ]
ERR: 无法加载模块:Info

[ 2023-08-12T13:38:22+08:00 ] 146.70.184.190 /app/.env
INFO: [ app_init ] --START--
INFO: Run Behavior\BuildLiteBehavior [ RunTime:0.000019s ]
INFO: [ app_init ] --END-- [ RunTime:0.000492s ]
ERR: 无法加载模块:App

[ 2023-08-12T13:38:22+08:00 ] 146.70.184.190 /laravel/.env
INFO: [ app_init ] --START--
INFO: Run Behavior\BuildLiteBehavior [ RunTime:0.000020s ]
INFO: [ app_init ] --END-- [ RunTime:0.000561s ]
ERR: 无法加载模块:Laravel

[ 2023-08-12T13:38:23+08:00 ] 146.70.184.190 /backend/.env
INFO: [ app_init ] --START--
INFO: Run Behavior\BuildLiteBehavior [ RunTime:0.000019s ]
INFO: [ app_init ] --END-- [ RunTime:0.000507s ]
ERR: 无法加载模块:Backend

[ 2023-08-12T13:38:24+08:00 ] 146.70.184.190 /prod/.env
INFO: [ app_init ] --START--
INFO: Run Behavior\BuildLiteBehavior [ RunTime:0.000019s ]
INFO: [ app_init ] --END-- [ RunTime:0.000537s ]
ERR: 无法加载模块:Prod

[ 2023-08-12T13:38:25+08:00 ] 146.70.184.190 /.aws/credentials
INFO: [ app_init ] --START--
INFO: Run Behavior\BuildLiteBehavior [ RunTime:0.000018s ]
INFO: [ app_init ] --END-- [ RunTime:0.000482s ]
ERR: 无法加载模块:.aws

[ 2023-08-12T13:38:26+08:00 ] 146.70.184.190 /app/config/parameters.yml
INFO: [ app_init ] --START--
INFO: Run Behavior\BuildLiteBehavior [ RunTime:0.000020s ]
INFO: [ app_init ] --END-- [ RunTime:0.000585s ]
ERR: 无法加载模块:App

[ 2023-08-12T13:38:27+08:00 ] 146.70.184.190 /config.js
INFO: [ app_init ] --START--
INFO: Run Behavior\BuildLiteBehavior [ RunTime:0.000019s ]
INFO: [ app_init ] --END-- [ RunTime:0.000566s ]
ERR: 无法加载模块:Config

[ 2023-08-12T13:38:27+08:00 ] 146.70.184.190 /wp-config.php
INFO: [ app_init ] --START--
INFO: Run Behavior\BuildLiteBehavior [ RunTime:0.000015s ]
INFO: [ app_init ] --END-- [ RunTime:0.000359s ]
ERR: 无法加载模块:Wp-config

[ 2023-08-12T13:38:28+08:00 ] 146.70.184.190 /settings.py
INFO: [ app_init ] --START--
INFO: Run Behavior\BuildLiteBehavior [ RunTime:0.000020s ]
INFO: [ app_init ] --END-- [ RunTime:0.000493s ]
ERR: 无法加载模块:Settings

[ 2023-08-12T13:38:29+08:00 ] 146.70.184.190 /database.yml
INFO: [ app_init ] --START--
INFO: Run Behavior\BuildLiteBehavior [ RunTime:0.000019s ]
INFO: [ app_init ] --END-- [ RunTime:0.000507s ]
ERR: 无法加载模块:Database

[ 2023-08-12T13:38:30+08:00 ] 146.70.184.190 /secrets.yml
INFO: [ app_init ] --START--
INFO: Run Behavior\BuildLiteBehavior [ RunTime:0.000019s ]
INFO: [ app_init ] --END-- [ RunTime:0.000512s ]
ERR: 无法加载模块:Secrets

[ 2023-08-12T13:38:30+08:00 ] 146.70.184.190 /.hg/dirstate
INFO: [ app_init ] --START--
INFO: Run Behavior\BuildLiteBehavior [ RunTime:0.000022s ]
INFO: [ app_init ] --END-- [ RunTime:0.000594s ]
ERR: 无法加载模块:.hg

[ 2023-08-12T13:38:31+08:00 ] 146.70.184.190 /error_log
INFO: [ app_init ] --START--
INFO: Run Behavior\BuildLiteBehavior [ RunTime:0.000019s ]
INFO: [ app_init ] --END-- [ RunTime:0.000485s ]
ERR: 无法加载模块:Error_log

[ 2023-08-12T13:38:31+08:00 ] 146.70.184.190 /access_log
INFO: [ app_init ] --START--
INFO: Run Behavior\BuildLiteBehavior [ RunTime:0.000019s ]
INFO: [ app_init ] --END-- [ RunTime:0.000486s ]
ERR: 无法加载模块:Access_log

[ 2023-08-12T13:38:32+08:00 ] 146.70.184.190 /debug.log
INFO: [ app_init ] --START--
INFO: Run Behavior\BuildLiteBehavior [ RunTime:0.000018s ]
INFO: [ app_init ] --END-- [ RunTime:0.000522s ]
ERR: 无法加载模块:Debug

[ 2023-08-12T15:03:28+08:00 ] 80.76.51.50 /boaform/admin/formLogin
INFO: [ app_init ] --START--
INFO: Run Behavior\BuildLiteBehavior [ RunTime:0.000016s ]
INFO: [ app_init ] --END-- [ RunTime:0.000406s ]
ERR: 无法加载模块:Boaform

[ 2023-08-12T15:28:27+08:00 ] 147.78.47.249 /_ignition/health-check/
INFO: [ app_init ] --START--
INFO: Run Behavior\BuildLiteBehavior [ RunTime:0.000019s ]
INFO: [ app_init ] --END-- [ RunTime:0.000513s ]
ERR: 无法加载模块:_ignition

[ 2023-08-12T15:28:29+08:00 ] 147.78.47.249 /public/_ignition/health-check/
INFO: [ app_init ] --START--
INFO: Run Behavior\BuildLiteBehavior [ RunTime:0.000024s ]
INFO: [ app_init ] --END-- [ RunTime:0.000554s ]
ERR: 无法加载模块:Public

[ 2023-08-12T15:28:32+08:00 ] 147.78.47.249 /wp-includes/wlwmanifest.xml
INFO: [ app_init ] --START--
INFO: Run Behavior\BuildLiteBehavior [ RunTime:0.000020s ]
INFO: [ app_init ] --END-- [ RunTime:0.000481s ]
ERR: 无法加载模块:Wp-includes

[ 2023-08-12T16:31:35+08:00 ] 52.167.144.54 /robots.txt
INFO: [ app_init ] --START--
INFO: Run Behavior\BuildLiteBehavior [ RunTime:0.000027s ]
INFO: [ app_init ] --END-- [ RunTime:0.000689s ]
ERR: 无法加载模块:Robots

[ 2023-08-12T16:31:42+08:00 ] 52.167.144.219 /sitemap.txt
INFO: [ app_init ] --START--
INFO: Run Behavior\BuildLiteBehavior [ RunTime:0.000019s ]
INFO: [ app_init ] --END-- [ RunTime:0.000508s ]
ERR: 无法加载模块:Sitemap

[ 2023-08-12T16:51:22+08:00 ] 40.77.167.224 /sitemap_index.xml
INFO: [ app_init ] --START--
INFO: Run Behavior\BuildLiteBehavior [ RunTime:0.000020s ]
INFO: [ app_init ] --END-- [ RunTime:0.000505s ]
ERR: 无法加载模块:Sitemap_index

[ 2023-08-12T17:29:25+08:00 ] 52.167.144.54 /robots.txt
INFO: [ app_init ] --START--
INFO: Run Behavior\BuildLiteBehavior [ RunTime:0.000020s ]
INFO: [ app_init ] --END-- [ RunTime:0.000514s ]
ERR: 无法加载模块:Robots

[ 2023-08-12T17:29:27+08:00 ] 52.167.144.161 /sitemap.txt
INFO: [ app_init ] --START--
INFO: Run Behavior\BuildLiteBehavior [ RunTime:0.000020s ]
INFO: [ app_init ] --END-- [ RunTime:0.000491s ]
ERR: 无法加载模块:Sitemap

[ 2023-08-12T17:50:50+08:00 ] 40.77.167.86 /sitemap_index.xml
INFO: [ app_init ] --START--
INFO: Run Behavior\BuildLiteBehavior [ RunTime:0.000020s ]
INFO: [ app_init ] --END-- [ RunTime:0.000481s ]
ERR: 无法加载模块:Sitemap_index

[ 2023-08-12T17:58:28+08:00 ] 103.15.216.31 /www.zip
INFO: [ app_init ] --START--
INFO: Run Behavior\BuildLiteBehavior [ RunTime:0.000019s ]
INFO: [ app_init ] --END-- [ RunTime:0.000485s ]
ERR: 无法加载模块:Www

[ 2023-08-12T21:28:09+08:00 ] 47.88.94.28 /static/admin/javascript/hetong.js
INFO: [ app_init ] --START--
INFO: Run Behavior\BuildLiteBehavior [ RunTime:0.000020s ]
INFO: [ app_init ] --END-- [ RunTime:0.000523s ]
ERR: 无法加载模块:Static

[ 2023-08-12T22:04:15+08:00 ] 47.119.19.216 /resources/images/bjpk10.png
INFO: [ app_init ] --START--
INFO: Run Behavior\BuildLiteBehavior [ RunTime:0.000027s ]
INFO: [ app_init ] --END-- [ RunTime:0.000716s ]
ERR: 无法加载模块:Resources

[ 2023-08-12T22:05:47+08:00 ] 47.119.19.216 /platform/passport/captcha.html
INFO: [ app_init ] --START--
INFO: Run Behavior\BuildLiteBehavior [ RunTime:0.000019s ]
INFO: [ app_init ] --END-- [ RunTime:0.000520s ]
ERR: 无法加载模块:Platform

[ 2023-08-12T22:05:48+08:00 ] 47.119.19.216 /h5/static/img/tb.png
INFO: [ app_init ] --START--
INFO: Run Behavior\BuildLiteBehavior [ RunTime:0.000020s ]
INFO: [ app_init ] --END-- [ RunTime:0.000490s ]
ERR: 无法加载模块:H5

[ 2023-08-12T22:22:19+08:00 ] 45.119.82.179 /wp-login.php
INFO: [ app_init ] --START--
INFO: Run Behavior\BuildLiteBehavior [ RunTime:0.000044s ]
INFO: [ app_init ] --END-- [ RunTime:0.000526s ]
ERR: 无法加载模块:Wp-login

