[ 2023-08-22T00:36:01+08:00 ] 180.163.28.109 /layui/layui.all.js
INFO: [ app_init ] --START--
INFO: Run Behavior\BuildLiteBehavior [ RunTime:0.000019s ]
INFO: [ app_init ] --END-- [ RunTime:0.000491s ]
ERR: 无法加载模块:Layui

[ 2023-08-22T00:36:02+08:00 ] 180.163.28.109 /js/jquery-3.1.0.js
INFO: [ app_init ] --START--
INFO: Run Behavior\BuildLiteBehavior [ RunTime:0.000015s ]
INFO: [ app_init ] --END-- [ RunTime:0.000406s ]
ERR: 无法加载模块:Js

[ 2023-08-22T00:36:02+08:00 ] 180.163.28.109 /js/layer.js
INFO: [ app_init ] --START--
INFO: Run Behavior\BuildLiteBehavior [ RunTime:0.000022s ]
INFO: [ app_init ] --END-- [ RunTime:0.000717s ]
ERR: 无法加载模块:Js

[ 2023-08-22T00:36:03+08:00 ] 180.163.28.109 /js/clipboard.min.js
INFO: [ app_init ] --START--
INFO: Run Behavior\BuildLiteBehavior [ RunTime:0.000020s ]
INFO: [ app_init ] --END-- [ RunTime:0.000507s ]
ERR: 无法加载模块:Js

[ 2023-08-22T01:55:59+08:00 ] 83.97.73.87 /actuator/gateway/routes
INFO: [ app_init ] --START--
INFO: Run Behavior\BuildLiteBehavior [ RunTime:0.000048s ]
INFO: [ app_init ] --END-- [ RunTime:0.000650s ]
ERR: 无法加载模块:Actuator

[ 2023-08-22T02:36:21+08:00 ] 156.96.155.229 /HNAP1/
INFO: [ app_init ] --START--
INFO: Run Behavior\BuildLiteBehavior [ RunTime:0.000022s ]
INFO: [ app_init ] --END-- [ RunTime:0.000692s ]
ERR: 无法加载模块:HNAP1

[ 2023-08-22T02:36:21+08:00 ] 156.96.155.229 /sqlite/main.php
INFO: [ app_init ] --START--
INFO: Run Behavior\BuildLiteBehavior [ RunTime:0.000026s ]
INFO: [ app_init ] --END-- [ RunTime:0.000823s ]
ERR: 无法加载模块:Sqlite

[ 2023-08-22T02:36:22+08:00 ] 156.96.155.229 /sqlitemanager/main.php
INFO: [ app_init ] --START--
INFO: Run Behavior\BuildLiteBehavior [ RunTime:0.000020s ]
INFO: [ app_init ] --END-- [ RunTime:0.000570s ]
ERR: 无法加载模块:Sqlitemanager

[ 2023-08-22T02:36:22+08:00 ] 156.96.155.229 /SQLiteManager/main.php
INFO: [ app_init ] --START--
INFO: Run Behavior\BuildLiteBehavior [ RunTime:0.000022s ]
INFO: [ app_init ] --END-- [ RunTime:0.000590s ]
ERR: 无法加载模块:SQLiteManager

[ 2023-08-22T02:36:23+08:00 ] 156.96.155.229 /SQLite/main.php
INFO: [ app_init ] --START--
INFO: Run Behavior\BuildLiteBehavior [ RunTime:0.000020s ]
INFO: [ app_init ] --END-- [ RunTime:0.000739s ]
ERR: 无法加载模块:SQLite

[ 2023-08-22T02:36:23+08:00 ] 156.96.155.229 /SQlite/main.php
INFO: [ app_init ] --START--
INFO: Run Behavior\BuildLiteBehavior [ RunTime:0.000021s ]
INFO: [ app_init ] --END-- [ RunTime:0.000552s ]
ERR: 无法加载模块:SQlite

[ 2023-08-22T02:36:24+08:00 ] 156.96.155.229 /main.php
INFO: [ app_init ] --START--
INFO: Run Behavior\BuildLiteBehavior [ RunTime:0.000020s ]
INFO: [ app_init ] --END-- [ RunTime:0.000563s ]
ERR: 无法加载模块:Main

[ 2023-08-22T02:36:24+08:00 ] 156.96.155.229 /test/sqlite/SQLiteManager-1.2.0/SQLiteManager-1.2.0/main.php
INFO: [ app_init ] --START--
INFO: Run Behavior\BuildLiteBehavior [ RunTime:0.000020s ]
INFO: [ app_init ] --END-- [ RunTime:0.000517s ]
ERR: 无法加载模块:Test

[ 2023-08-22T02:36:25+08:00 ] 156.96.155.229 /SQLiteManager-1.2.4/main.php
INFO: [ app_init ] --START--
INFO: Run Behavior\BuildLiteBehavior [ RunTime:0.000048s ]
INFO: [ app_init ] --END-- [ RunTime:0.000565s ]
ERR: 无法加载模块:SQLiteManager-1.2.4

[ 2023-08-22T02:36:25+08:00 ] 156.96.155.229 /agSearch/SQlite/main.php
INFO: [ app_init ] --START--
INFO: Run Behavior\BuildLiteBehavior [ RunTime:0.000019s ]
INFO: [ app_init ] --END-- [ RunTime:0.000523s ]
ERR: 无法加载模块:AgSearch

[ 2023-08-22T02:36:26+08:00 ] 156.96.155.229 /phpmyadmin/
INFO: [ app_init ] --START--
INFO: Run Behavior\BuildLiteBehavior [ RunTime:0.000019s ]
INFO: [ app_init ] --END-- [ RunTime:0.000489s ]
ERR: 无法加载模块:Phpmyadmin

[ 2023-08-22T02:36:26+08:00 ] 156.96.155.229 /phpMyAdmin/
INFO: [ app_init ] --START--
INFO: Run Behavior\BuildLiteBehavior [ RunTime:0.000020s ]
INFO: [ app_init ] --END-- [ RunTime:0.000518s ]
ERR: 无法加载模块:PhpMyAdmin

[ 2023-08-22T02:36:27+08:00 ] 156.96.155.229 /PMA/
INFO: [ app_init ] --START--
INFO: Run Behavior\BuildLiteBehavior [ RunTime:0.000020s ]
INFO: [ app_init ] --END-- [ RunTime:0.000526s ]
ERR: 无法加载模块:PMA

[ 2023-08-22T02:36:27+08:00 ] 156.96.155.229 /pma/
INFO: [ app_init ] --START--
INFO: Run Behavior\BuildLiteBehavior [ RunTime:0.000019s ]
INFO: [ app_init ] --END-- [ RunTime:0.000521s ]
ERR: 无法加载模块:Pma

[ 2023-08-22T02:36:29+08:00 ] 156.96.155.229 /dbadmin/
INFO: [ app_init ] --START--
INFO: Run Behavior\BuildLiteBehavior [ RunTime:0.000067s ]
INFO: [ app_init ] --END-- [ RunTime:0.000818s ]
ERR: 无法加载模块:Dbadmin

[ 2023-08-22T02:36:29+08:00 ] 156.96.155.229 /mysql/
INFO: [ app_init ] --START--
INFO: Run Behavior\BuildLiteBehavior [ RunTime:0.000020s ]
INFO: [ app_init ] --END-- [ RunTime:0.000538s ]
ERR: 无法加载模块:Mysql

[ 2023-08-22T02:36:30+08:00 ] 156.96.155.229 /myadmin/
INFO: [ app_init ] --START--
INFO: Run Behavior\BuildLiteBehavior [ RunTime:0.000023s ]
INFO: [ app_init ] --END-- [ RunTime:0.000629s ]
ERR: 无法加载模块:Myadmin

[ 2023-08-22T02:36:30+08:00 ] 156.96.155.229 /openserver/phpmyadmin/
INFO: [ app_init ] --START--
INFO: Run Behavior\BuildLiteBehavior [ RunTime:0.000027s ]
INFO: [ app_init ] --END-- [ RunTime:0.000756s ]
ERR: 无法加载模块:Openserver

[ 2023-08-22T02:36:31+08:00 ] 156.96.155.229 /phpmyadmin2/
INFO: [ app_init ] --START--
INFO: Run Behavior\BuildLiteBehavior [ RunTime:0.000021s ]
INFO: [ app_init ] --END-- [ RunTime:0.000675s ]
ERR: 无法加载模块:Phpmyadmin2

[ 2023-08-22T02:36:31+08:00 ] 156.96.155.229 /phpMyAdmin2/
INFO: [ app_init ] --START--
INFO: Run Behavior\BuildLiteBehavior [ RunTime:0.000019s ]
INFO: [ app_init ] --END-- [ RunTime:0.000500s ]
ERR: 无法加载模块:PhpMyAdmin2

[ 2023-08-22T02:36:32+08:00 ] 156.96.155.229 /phpMyAdmin-2/
INFO: [ app_init ] --START--
INFO: Run Behavior\BuildLiteBehavior [ RunTime:0.000021s ]
INFO: [ app_init ] --END-- [ RunTime:0.000629s ]
ERR: 无法加载模块:PhpMyAdmin-2

[ 2023-08-22T02:36:32+08:00 ] 156.96.155.229 /php-my-admin/
INFO: [ app_init ] --START--
INFO: Run Behavior\BuildLiteBehavior [ RunTime:0.000016s ]
INFO: [ app_init ] --END-- [ RunTime:0.000398s ]
ERR: 无法加载模块:Php-my-admin

[ 2023-08-22T02:36:33+08:00 ] 156.96.155.229 /phpMyAdmin-2.2.3/
INFO: [ app_init ] --START--
INFO: Run Behavior\BuildLiteBehavior [ RunTime:0.000020s ]
INFO: [ app_init ] --END-- [ RunTime:0.000496s ]
ERR: 无法加载模块:PhpMyAdmin-2.2

[ 2023-08-22T02:36:33+08:00 ] 156.96.155.229 /phpMyAdmin-2.5.4/
INFO: [ app_init ] --START--
INFO: Run Behavior\BuildLiteBehavior [ RunTime:0.000020s ]
INFO: [ app_init ] --END-- [ RunTime:0.000488s ]
ERR: 无法加载模块:PhpMyAdmin-2.5

[ 2023-08-22T02:36:34+08:00 ] 156.96.155.229 /phpMyAdmin-2.5.5-rc1/
INFO: [ app_init ] --START--
INFO: Run Behavior\BuildLiteBehavior [ RunTime:0.000020s ]
INFO: [ app_init ] --END-- [ RunTime:0.000512s ]
ERR: 无法加载模块:PhpMyAdmin-2.5

[ 2023-08-22T02:36:34+08:00 ] 156.96.155.229 /phpMyAdmin-2.5.5-rc2/
INFO: [ app_init ] --START--
INFO: Run Behavior\BuildLiteBehavior [ RunTime:0.000019s ]
INFO: [ app_init ] --END-- [ RunTime:0.000511s ]
ERR: 无法加载模块:PhpMyAdmin-2.5

[ 2023-08-22T02:36:35+08:00 ] 156.96.155.229 /phpMyAdmin-2.5.5/
INFO: [ app_init ] --START--
INFO: Run Behavior\BuildLiteBehavior [ RunTime:0.000050s ]
INFO: [ app_init ] --END-- [ RunTime:0.000631s ]
ERR: 无法加载模块:PhpMyAdmin-2.5

[ 2023-08-22T02:36:35+08:00 ] 156.96.155.229 /phpMyAdmin-2.5.6-rc1/
INFO: [ app_init ] --START--
INFO: Run Behavior\BuildLiteBehavior [ RunTime:0.000025s ]
INFO: [ app_init ] --END-- [ RunTime:0.000569s ]
ERR: 无法加载模块:PhpMyAdmin-2.5

[ 2023-08-22T02:36:36+08:00 ] 156.96.155.229 /phpMyAdmin-2.5.6-rc2/
INFO: [ app_init ] --START--
INFO: Run Behavior\BuildLiteBehavior [ RunTime:0.000020s ]
INFO: [ app_init ] --END-- [ RunTime:0.000509s ]
ERR: 无法加载模块:PhpMyAdmin-2.5

[ 2023-08-22T02:36:36+08:00 ] 156.96.155.229 /phpMyAdmin-2.5.7/
INFO: [ app_init ] --START--
INFO: Run Behavior\BuildLiteBehavior [ RunTime:0.000020s ]
INFO: [ app_init ] --END-- [ RunTime:0.000528s ]
ERR: 无法加载模块:PhpMyAdmin-2.5

[ 2023-08-22T02:36:37+08:00 ] 156.96.155.229 /phpMyAdmin-2.5.7-pl1/
INFO: [ app_init ] --START--
INFO: Run Behavior\BuildLiteBehavior [ RunTime:0.000020s ]
INFO: [ app_init ] --END-- [ RunTime:0.000620s ]
ERR: 无法加载模块:PhpMyAdmin-2.5

[ 2023-08-22T02:36:37+08:00 ] 156.96.155.229 /phpMyAdmin-2.6.0-alpha/
INFO: [ app_init ] --START--
INFO: Run Behavior\BuildLiteBehavior [ RunTime:0.000026s ]
INFO: [ app_init ] --END-- [ RunTime:0.000793s ]
ERR: 无法加载模块:PhpMyAdmin-2.6

[ 2023-08-22T02:36:38+08:00 ] 156.96.155.229 /phpMyAdmin-2.6.0-alpha2/
INFO: [ app_init ] --START--
INFO: Run Behavior\BuildLiteBehavior [ RunTime:0.000019s ]
INFO: [ app_init ] --END-- [ RunTime:0.000491s ]
ERR: 无法加载模块:PhpMyAdmin-2.6

[ 2023-08-22T02:36:38+08:00 ] 156.96.155.229 /phpMyAdmin-2.6.0-beta1/
INFO: [ app_init ] --START--
INFO: Run Behavior\BuildLiteBehavior [ RunTime:0.000023s ]
INFO: [ app_init ] --END-- [ RunTime:0.000509s ]
ERR: 无法加载模块:PhpMyAdmin-2.6

[ 2023-08-22T02:36:39+08:00 ] 156.96.155.229 /phpMyAdmin-2.6.0-beta2/
INFO: [ app_init ] --START--
INFO: Run Behavior\BuildLiteBehavior [ RunTime:0.000019s ]
INFO: [ app_init ] --END-- [ RunTime:0.000524s ]
ERR: 无法加载模块:PhpMyAdmin-2.6

[ 2023-08-22T02:36:39+08:00 ] 156.96.155.229 /phpMyAdmin-2.6.0-rc1/
INFO: [ app_init ] --START--
INFO: Run Behavior\BuildLiteBehavior [ RunTime:0.000019s ]
INFO: [ app_init ] --END-- [ RunTime:0.000546s ]
ERR: 无法加载模块:PhpMyAdmin-2.6

[ 2023-08-22T02:36:40+08:00 ] 156.96.155.229 /phpMyAdmin-2.6.0-rc2/
INFO: [ app_init ] --START--
INFO: Run Behavior\BuildLiteBehavior [ RunTime:0.000019s ]
INFO: [ app_init ] --END-- [ RunTime:0.000512s ]
ERR: 无法加载模块:PhpMyAdmin-2.6

[ 2023-08-22T02:36:40+08:00 ] 156.96.155.229 /phpMyAdmin-2.6.0-rc3/
INFO: [ app_init ] --START--
INFO: Run Behavior\BuildLiteBehavior [ RunTime:0.000028s ]
INFO: [ app_init ] --END-- [ RunTime:0.000816s ]
ERR: 无法加载模块:PhpMyAdmin-2.6

[ 2023-08-22T02:36:41+08:00 ] 156.96.155.229 /phpMyAdmin-2.6.0/
INFO: [ app_init ] --START--
INFO: Run Behavior\BuildLiteBehavior [ RunTime:0.000020s ]
INFO: [ app_init ] --END-- [ RunTime:0.000544s ]
ERR: 无法加载模块:PhpMyAdmin-2.6

[ 2023-08-22T02:36:41+08:00 ] 156.96.155.229 /phpMyAdmin-2.6.0-pl1/
INFO: [ app_init ] --START--
INFO: Run Behavior\BuildLiteBehavior [ RunTime:0.000020s ]
INFO: [ app_init ] --END-- [ RunTime:0.000546s ]
ERR: 无法加载模块:PhpMyAdmin-2.6

[ 2023-08-22T02:36:42+08:00 ] 156.96.155.229 /phpMyAdmin-2.6.0-pl2/
INFO: [ app_init ] --START--
INFO: Run Behavior\BuildLiteBehavior [ RunTime:0.000019s ]
INFO: [ app_init ] --END-- [ RunTime:0.000656s ]
ERR: 无法加载模块:PhpMyAdmin-2.6

[ 2023-08-22T02:36:42+08:00 ] 156.96.155.229 /phpMyAdmin-2.6.0-pl3/
INFO: [ app_init ] --START--
INFO: Run Behavior\BuildLiteBehavior [ RunTime:0.000045s ]
INFO: [ app_init ] --END-- [ RunTime:0.000541s ]
ERR: 无法加载模块:PhpMyAdmin-2.6

[ 2023-08-22T02:36:43+08:00 ] 156.96.155.229 /phpMyAdmin-2.6.1-rc1/
INFO: [ app_init ] --START--
INFO: Run Behavior\BuildLiteBehavior [ RunTime:0.000019s ]
INFO: [ app_init ] --END-- [ RunTime:0.000505s ]
ERR: 无法加载模块:PhpMyAdmin-2.6

[ 2023-08-22T02:36:43+08:00 ] 156.96.155.229 /phpMyAdmin-2.6.1-rc2/
INFO: [ app_init ] --START--
INFO: Run Behavior\BuildLiteBehavior [ RunTime:0.000015s ]
INFO: [ app_init ] --END-- [ RunTime:0.001188s ]
ERR: 无法加载模块:PhpMyAdmin-2.6

[ 2023-08-22T02:36:44+08:00 ] 156.96.155.229 /phpMyAdmin-2.6.1/
INFO: [ app_init ] --START--
INFO: Run Behavior\BuildLiteBehavior [ RunTime:0.000020s ]
INFO: [ app_init ] --END-- [ RunTime:0.000529s ]
ERR: 无法加载模块:PhpMyAdmin-2.6

[ 2023-08-22T02:36:45+08:00 ] 156.96.155.229 /phpMyAdmin-2.6.1-pl1/
INFO: [ app_init ] --START--
INFO: Run Behavior\BuildLiteBehavior [ RunTime:0.000019s ]
INFO: [ app_init ] --END-- [ RunTime:0.000518s ]
ERR: 无法加载模块:PhpMyAdmin-2.6

[ 2023-08-22T02:36:45+08:00 ] 156.96.155.229 /phpMyAdmin-2.6.1-pl2/
INFO: [ app_init ] --START--
INFO: Run Behavior\BuildLiteBehavior [ RunTime:0.000020s ]
INFO: [ app_init ] --END-- [ RunTime:0.000520s ]
ERR: 无法加载模块:PhpMyAdmin-2.6

[ 2023-08-22T02:36:46+08:00 ] 156.96.155.229 /phpMyAdmin-2.6.1-pl3/
INFO: [ app_init ] --START--
INFO: Run Behavior\BuildLiteBehavior [ RunTime:0.000018s ]
INFO: [ app_init ] --END-- [ RunTime:0.000550s ]
ERR: 无法加载模块:PhpMyAdmin-2.6

[ 2023-08-22T02:36:46+08:00 ] 156.96.155.229 /phpMyAdmin-2.6.2-rc1/
INFO: [ app_init ] --START--
INFO: Run Behavior\BuildLiteBehavior [ RunTime:0.000020s ]
INFO: [ app_init ] --END-- [ RunTime:0.000514s ]
ERR: 无法加载模块:PhpMyAdmin-2.6

[ 2023-08-22T02:36:47+08:00 ] 156.96.155.229 /phpMyAdmin-2.6.2-pl1/
INFO: [ app_init ] --START--
INFO: Run Behavior\BuildLiteBehavior [ RunTime:0.000019s ]
INFO: [ app_init ] --END-- [ RunTime:0.000504s ]
ERR: 无法加载模块:PhpMyAdmin-2.6

[ 2023-08-22T02:36:47+08:00 ] 156.96.155.229 /phpMyAdmin-2.6.3-rc1/
INFO: [ app_init ] --START--
INFO: Run Behavior\BuildLiteBehavior [ RunTime:0.000018s ]
INFO: [ app_init ] --END-- [ RunTime:0.000507s ]
ERR: 无法加载模块:PhpMyAdmin-2.6

[ 2023-08-22T02:36:48+08:00 ] 156.96.155.229 /phpMyAdmin-2.6.3/
INFO: [ app_init ] --START--
INFO: Run Behavior\BuildLiteBehavior [ RunTime:0.000025s ]
INFO: [ app_init ] --END-- [ RunTime:0.000739s ]
ERR: 无法加载模块:PhpMyAdmin-2.6

[ 2023-08-22T02:36:48+08:00 ] 156.96.155.229 /phpMyAdmin-2.6.3-pl1/
INFO: [ app_init ] --START--
INFO: Run Behavior\BuildLiteBehavior [ RunTime:0.000014s ]
INFO: [ app_init ] --END-- [ RunTime:0.000372s ]
ERR: 无法加载模块:PhpMyAdmin-2.6

[ 2023-08-22T02:36:49+08:00 ] 156.96.155.229 /phpMyAdmin-2.6.4-rc1/
INFO: [ app_init ] --START--
INFO: Run Behavior\BuildLiteBehavior [ RunTime:0.000020s ]
INFO: [ app_init ] --END-- [ RunTime:0.000506s ]
ERR: 无法加载模块:PhpMyAdmin-2.6

[ 2023-08-22T02:36:49+08:00 ] 156.96.155.229 /phpMyAdmin-2.6.4-pl1/
INFO: [ app_init ] --START--
INFO: Run Behavior\BuildLiteBehavior [ RunTime:0.000019s ]
INFO: [ app_init ] --END-- [ RunTime:0.000515s ]
ERR: 无法加载模块:PhpMyAdmin-2.6

[ 2023-08-22T02:36:50+08:00 ] 156.96.155.229 /phpMyAdmin-2.6.4-pl2/
INFO: [ app_init ] --START--
INFO: Run Behavior\BuildLiteBehavior [ RunTime:0.000020s ]
INFO: [ app_init ] --END-- [ RunTime:0.000543s ]
ERR: 无法加载模块:PhpMyAdmin-2.6

[ 2023-08-22T02:36:50+08:00 ] 156.96.155.229 /phpMyAdmin-2.6.4-pl3/
INFO: [ app_init ] --START--
INFO: Run Behavior\BuildLiteBehavior [ RunTime:0.000023s ]
INFO: [ app_init ] --END-- [ RunTime:0.000547s ]
ERR: 无法加载模块:PhpMyAdmin-2.6

[ 2023-08-22T02:36:51+08:00 ] 156.96.155.229 /phpMyAdmin-2.6.4-pl4/
INFO: [ app_init ] --START--
INFO: Run Behavior\BuildLiteBehavior [ RunTime:0.000020s ]
INFO: [ app_init ] --END-- [ RunTime:0.000511s ]
ERR: 无法加载模块:PhpMyAdmin-2.6

[ 2023-08-22T02:36:51+08:00 ] 156.96.155.229 /phpMyAdmin-2.6.4/
INFO: [ app_init ] --START--
INFO: Run Behavior\BuildLiteBehavior [ RunTime:0.000019s ]
INFO: [ app_init ] --END-- [ RunTime:0.000509s ]
ERR: 无法加载模块:PhpMyAdmin-2.6

[ 2023-08-22T02:36:52+08:00 ] 156.96.155.229 /phpMyAdmin-2.7.0-beta1/
INFO: [ app_init ] --START--
INFO: Run Behavior\BuildLiteBehavior [ RunTime:0.000019s ]
INFO: [ app_init ] --END-- [ RunTime:0.000507s ]
ERR: 无法加载模块:PhpMyAdmin-2.7

[ 2023-08-22T02:36:52+08:00 ] 156.96.155.229 /phpMyAdmin-2.7.0-rc1/
INFO: [ app_init ] --START--
INFO: Run Behavior\BuildLiteBehavior [ RunTime:0.000019s ]
INFO: [ app_init ] --END-- [ RunTime:0.000506s ]
ERR: 无法加载模块:PhpMyAdmin-2.7

[ 2023-08-22T02:36:53+08:00 ] 156.96.155.229 /phpMyAdmin-2.7.0-pl1/
INFO: [ app_init ] --START--
INFO: Run Behavior\BuildLiteBehavior [ RunTime:0.000026s ]
INFO: [ app_init ] --END-- [ RunTime:0.000769s ]
ERR: 无法加载模块:PhpMyAdmin-2.7

[ 2023-08-22T02:36:53+08:00 ] 156.96.155.229 /phpMyAdmin-2.7.0-pl2/
INFO: [ app_init ] --START--
INFO: Run Behavior\BuildLiteBehavior [ RunTime:0.000019s ]
INFO: [ app_init ] --END-- [ RunTime:0.000630s ]
ERR: 无法加载模块:PhpMyAdmin-2.7

[ 2023-08-22T02:36:54+08:00 ] 156.96.155.229 /phpMyAdmin-2.8.0-beta1/
INFO: [ app_init ] --START--
INFO: Run Behavior\BuildLiteBehavior [ RunTime:0.000021s ]
INFO: [ app_init ] --END-- [ RunTime:0.000532s ]
ERR: 无法加载模块:PhpMyAdmin-2.8

[ 2023-08-22T02:36:54+08:00 ] 156.96.155.229 /phpMyAdmin-2.8.0-rc1/
INFO: [ app_init ] --START--
INFO: Run Behavior\BuildLiteBehavior [ RunTime:0.000048s ]
INFO: [ app_init ] --END-- [ RunTime:0.001224s ]
ERR: 无法加载模块:PhpMyAdmin-2.8

[ 2023-08-22T02:36:55+08:00 ] 156.96.155.229 /phpMyAdmin-2.8.0-rc2/
INFO: [ app_init ] --START--
INFO: Run Behavior\BuildLiteBehavior [ RunTime:0.000020s ]
INFO: [ app_init ] --END-- [ RunTime:0.000497s ]
ERR: 无法加载模块:PhpMyAdmin-2.8

[ 2023-08-22T02:36:56+08:00 ] 156.96.155.229 /phpMyAdmin-2.8.0/
INFO: [ app_init ] --START--
INFO: Run Behavior\BuildLiteBehavior [ RunTime:0.000026s ]
INFO: [ app_init ] --END-- [ RunTime:0.000711s ]
ERR: 无法加载模块:PhpMyAdmin-2.8

[ 2023-08-22T02:36:56+08:00 ] 156.96.155.229 /phpMyAdmin-2.8.0.1/
INFO: [ app_init ] --START--
INFO: Run Behavior\BuildLiteBehavior [ RunTime:0.000019s ]
INFO: [ app_init ] --END-- [ RunTime:0.000507s ]
ERR: 无法加载模块:PhpMyAdmin-2.8.0

[ 2023-08-22T02:36:57+08:00 ] 156.96.155.229 /phpMyAdmin-2.8.0.2/
INFO: [ app_init ] --START--
INFO: Run Behavior\BuildLiteBehavior [ RunTime:0.000106s ]
INFO: [ app_init ] --END-- [ RunTime:0.000825s ]
ERR: 无法加载模块:PhpMyAdmin-2.8.0

[ 2023-08-22T02:36:57+08:00 ] 156.96.155.229 /phpMyAdmin-2.8.0.3/
INFO: [ app_init ] --START--
INFO: Run Behavior\BuildLiteBehavior [ RunTime:0.000019s ]
INFO: [ app_init ] --END-- [ RunTime:0.000492s ]
ERR: 无法加载模块:PhpMyAdmin-2.8.0

[ 2023-08-22T02:36:58+08:00 ] 156.96.155.229 /phpMyAdmin-2.8.0.4/
INFO: [ app_init ] --START--
INFO: Run Behavior\BuildLiteBehavior [ RunTime:0.000019s ]
INFO: [ app_init ] --END-- [ RunTime:0.000544s ]
ERR: 无法加载模块:PhpMyAdmin-2.8.0

[ 2023-08-22T02:36:58+08:00 ] 156.96.155.229 /phpMyAdmin-2.8.1-rc1/
INFO: [ app_init ] --START--
INFO: Run Behavior\BuildLiteBehavior [ RunTime:0.000019s ]
INFO: [ app_init ] --END-- [ RunTime:0.000486s ]
ERR: 无法加载模块:PhpMyAdmin-2.8

[ 2023-08-22T02:36:59+08:00 ] 156.96.155.229 /phpMyAdmin-2.8.1/
INFO: [ app_init ] --START--
INFO: Run Behavior\BuildLiteBehavior [ RunTime:0.000045s ]
INFO: [ app_init ] --END-- [ RunTime:0.000552s ]
ERR: 无法加载模块:PhpMyAdmin-2.8

[ 2023-08-22T02:36:59+08:00 ] 156.96.155.229 /phpMyAdmin-2.8.2/
INFO: [ app_init ] --START--
INFO: Run Behavior\BuildLiteBehavior [ RunTime:0.000020s ]
INFO: [ app_init ] --END-- [ RunTime:0.000543s ]
ERR: 无法加载模块:PhpMyAdmin-2.8

[ 2023-08-22T02:37:00+08:00 ] 156.96.155.229 /sqlmanager/
INFO: [ app_init ] --START--
INFO: Run Behavior\BuildLiteBehavior [ RunTime:0.000029s ]
INFO: [ app_init ] --END-- [ RunTime:0.000753s ]
ERR: 无法加载模块:Sqlmanager

[ 2023-08-22T02:37:00+08:00 ] 156.96.155.229 /mysqlmanager/
INFO: [ app_init ] --START--
INFO: Run Behavior\BuildLiteBehavior [ RunTime:0.000020s ]
INFO: [ app_init ] --END-- [ RunTime:0.000523s ]
ERR: 无法加载模块:Mysqlmanager

[ 2023-08-22T02:37:01+08:00 ] 156.96.155.229 /p/m/a/
INFO: [ app_init ] --START--
INFO: Run Behavior\BuildLiteBehavior [ RunTime:0.000021s ]
INFO: [ app_init ] --END-- [ RunTime:0.000496s ]
ERR: 无法加载模块:P

[ 2023-08-22T02:37:01+08:00 ] 156.96.155.229 /PMA2005/
INFO: [ app_init ] --START--
INFO: Run Behavior\BuildLiteBehavior [ RunTime:0.000014s ]
INFO: [ app_init ] --END-- [ RunTime:0.000355s ]
ERR: 无法加载模块:PMA2005

[ 2023-08-22T02:37:02+08:00 ] 156.96.155.229 /pma2005/
INFO: [ app_init ] --START--
INFO: Run Behavior\BuildLiteBehavior [ RunTime:0.000027s ]
INFO: [ app_init ] --END-- [ RunTime:0.000964s ]
ERR: 无法加载模块:Pma2005

[ 2023-08-22T02:37:02+08:00 ] 156.96.155.229 /phpmanager/
INFO: [ app_init ] --START--
INFO: Run Behavior\BuildLiteBehavior [ RunTime:0.000020s ]
INFO: [ app_init ] --END-- [ RunTime:0.000489s ]
ERR: 无法加载模块:Phpmanager

[ 2023-08-22T02:37:03+08:00 ] 156.96.155.229 /php-myadmin/
INFO: [ app_init ] --START--
INFO: Run Behavior\BuildLiteBehavior [ RunTime:0.000030s ]
INFO: [ app_init ] --END-- [ RunTime:0.000516s ]
ERR: 无法加载模块:Php-myadmin

[ 2023-08-22T02:37:03+08:00 ] 156.96.155.229 /phpmy-admin/
INFO: [ app_init ] --START--
INFO: Run Behavior\BuildLiteBehavior [ RunTime:0.000010s ]
INFO: [ app_init ] --END-- [ RunTime:0.000251s ]
ERR: 无法加载模块:Phpmy-admin

[ 2023-08-22T02:37:04+08:00 ] 156.96.155.229 /webadmin/
INFO: [ app_init ] --START--
INFO: Run Behavior\BuildLiteBehavior [ RunTime:0.000012s ]
INFO: [ app_init ] --END-- [ RunTime:0.000318s ]
ERR: 无法加载模块:Webadmin

[ 2023-08-22T02:37:04+08:00 ] 156.96.155.229 /sqlweb/
INFO: [ app_init ] --START--
INFO: Run Behavior\BuildLiteBehavior [ RunTime:0.000039s ]
INFO: [ app_init ] --END-- [ RunTime:0.000735s ]
ERR: 无法加载模块:Sqlweb

[ 2023-08-22T02:37:05+08:00 ] 156.96.155.229 /websql/
INFO: [ app_init ] --START--
INFO: Run Behavior\BuildLiteBehavior [ RunTime:0.000020s ]
INFO: [ app_init ] --END-- [ RunTime:0.000529s ]
ERR: 无法加载模块:Websql

[ 2023-08-22T02:37:06+08:00 ] 156.96.155.229 /webdb/
INFO: [ app_init ] --START--
INFO: Run Behavior\BuildLiteBehavior [ RunTime:0.000019s ]
INFO: [ app_init ] --END-- [ RunTime:0.000610s ]
ERR: 无法加载模块:Webdb

[ 2023-08-22T02:37:06+08:00 ] 156.96.155.229 /mysqladmin/
INFO: [ app_init ] --START--
INFO: Run Behavior\BuildLiteBehavior [ RunTime:0.000016s ]
INFO: [ app_init ] --END-- [ RunTime:0.000406s ]
ERR: 无法加载模块:Mysqladmin

[ 2023-08-22T02:38:39+08:00 ] 54.36.148.73 /robots.txt
INFO: [ app_init ] --START--
INFO: Run Behavior\BuildLiteBehavior [ RunTime:0.000025s ]
INFO: [ app_init ] --END-- [ RunTime:0.000698s ]
ERR: 无法加载模块:Robots

[ 2023-08-22T02:44:29+08:00 ] 111.225.222.34 /manager/html
INFO: [ app_init ] --START--
INFO: Run Behavior\BuildLiteBehavior [ RunTime:0.000020s ]
INFO: [ app_init ] --END-- [ RunTime:0.000495s ]
ERR: 无法加载模块:Manager

[ 2023-08-22T03:10:42+08:00 ] 106.75.85.188 /js/layer.js
INFO: [ app_init ] --START--
INFO: Run Behavior\BuildLiteBehavior [ RunTime:0.000019s ]
INFO: [ app_init ] --END-- [ RunTime:0.000483s ]
ERR: 无法加载模块:Js

[ 2023-08-22T03:10:42+08:00 ] 106.75.85.188 /robots.txt
INFO: [ app_init ] --START--
INFO: Run Behavior\BuildLiteBehavior [ RunTime:0.000020s ]
INFO: [ app_init ] --END-- [ RunTime:0.000516s ]
ERR: 无法加载模块:Robots

[ 2023-08-22T03:10:42+08:00 ] 106.75.85.188 /sitemap.xml
INFO: [ app_init ] --START--
INFO: Run Behavior\BuildLiteBehavior [ RunTime:0.000020s ]
INFO: [ app_init ] --END-- [ RunTime:0.000525s ]
ERR: 无法加载模块:Sitemap

[ 2023-08-22T03:10:44+08:00 ] 106.75.85.188 /axis2-admin/
INFO: [ app_init ] --START--
INFO: Run Behavior\BuildLiteBehavior [ RunTime:0.000020s ]
INFO: [ app_init ] --END-- [ RunTime:0.000521s ]
ERR: 无法加载模块:Axis2-admin

[ 2023-08-22T03:10:44+08:00 ] 106.75.85.188 /axis2/
INFO: [ app_init ] --START--
INFO: Run Behavior\BuildLiteBehavior [ RunTime:0.000020s ]
INFO: [ app_init ] --END-- [ RunTime:0.000495s ]
ERR: 无法加载模块:Axis2

[ 2023-08-22T03:10:44+08:00 ] 106.75.85.188 /axis2/axis2-admin/
INFO: [ app_init ] --START--
INFO: Run Behavior\BuildLiteBehavior [ RunTime:0.000020s ]
INFO: [ app_init ] --END-- [ RunTime:0.000504s ]
ERR: 无法加载模块:Axis2

[ 2023-08-22T03:10:44+08:00 ] 106.75.85.188 /pma/index.php
INFO: [ app_init ] --START--
INFO: Run Behavior\BuildLiteBehavior [ RunTime:0.000027s ]
INFO: [ app_init ] --END-- [ RunTime:0.000789s ]
ERR: 无法加载模块:Pma

[ 2023-08-22T03:10:44+08:00 ] 106.75.85.188 /phpmyadmin/index.php
INFO: [ app_init ] --START--
INFO: Run Behavior\BuildLiteBehavior [ RunTime:0.000020s ]
INFO: [ app_init ] --END-- [ RunTime:0.000577s ]
ERR: 无法加载模块:Phpmyadmin

[ 2023-08-22T03:10:44+08:00 ] 106.75.85.188 /PhpMyAdmin/index.php
INFO: [ app_init ] --START--
INFO: Run Behavior\BuildLiteBehavior [ RunTime:0.000019s ]
INFO: [ app_init ] --END-- [ RunTime:0.000530s ]
ERR: 无法加载模块:PhpMyAdmin

[ 2023-08-22T03:10:45+08:00 ] 106.75.85.188 /index_sso.php
INFO: [ app_init ] --START--
INFO: Run Behavior\BuildLiteBehavior [ RunTime:0.000020s ]
INFO: [ app_init ] --END-- [ RunTime:0.000512s ]
ERR: 无法加载模块:Index_sso

[ 2023-08-22T03:50:19+08:00 ] 179.43.191.194 /boaform/admin/formLogin
INFO: [ app_init ] --START--
INFO: Run Behavior\BuildLiteBehavior [ RunTime:0.000021s ]
INFO: [ app_init ] --END-- [ RunTime:0.000516s ]
ERR: 无法加载模块:Boaform

[ 2023-08-22T05:05:14+08:00 ] 171.105.164.137 /js/getUsername.js
INFO: [ app_init ] --START--
INFO: Run Behavior\BuildLiteBehavior [ RunTime:0.000021s ]
INFO: [ app_init ] --END-- [ RunTime:0.000517s ]
ERR: 无法加载模块:Js

[ 2023-08-22T05:05:14+08:00 ] 171.105.164.137 /images/banner_qf_m_01.jpg
INFO: [ app_init ] --START--
INFO: Run Behavior\BuildLiteBehavior [ RunTime:0.000020s ]
INFO: [ app_init ] --END-- [ RunTime:0.000484s ]
ERR: 无法加载模块:Images

[ 2023-08-22T05:05:14+08:00 ] 171.105.164.137 /images/logo_01.png
INFO: [ app_init ] --START--
INFO: Run Behavior\BuildLiteBehavior [ RunTime:0.000018s ]
INFO: [ app_init ] --END-- [ RunTime:0.000506s ]
ERR: 无法加载模块:Images

[ 2023-08-22T05:05:14+08:00 ] 171.105.164.137 /js/floatAD.js
INFO: [ app_init ] --START--
INFO: Run Behavior\BuildLiteBehavior [ RunTime:0.000020s ]
INFO: [ app_init ] --END-- [ RunTime:0.000515s ]
ERR: 无法加载模块:Js

[ 2023-08-22T05:05:14+08:00 ] 171.105.164.137 /js/jquery-3.4.1.min.js
INFO: [ app_init ] --START--
INFO: Run Behavior\BuildLiteBehavior [ RunTime:0.000019s ]
INFO: [ app_init ] --END-- [ RunTime:0.000507s ]
ERR: 无法加载模块:Js

[ 2023-08-22T05:05:14+08:00 ] 171.105.164.137 /images/sjx_01.png
INFO: [ app_init ] --START--
INFO: Run Behavior\BuildLiteBehavior [ RunTime:0.000019s ]
INFO: [ app_init ] --END-- [ RunTime:0.000526s ]
ERR: 无法加载模块:Images

[ 2023-08-22T05:05:14+08:00 ] 171.105.164.137 /images/icon_01.png
INFO: [ app_init ] --START--
INFO: Run Behavior\BuildLiteBehavior [ RunTime:0.000020s ]
INFO: [ app_init ] --END-- [ RunTime:0.000547s ]
ERR: 无法加载模块:Images

[ 2023-08-22T05:05:14+08:00 ] 171.105.164.137 /js/getUsername.js
INFO: [ app_init ] --START--
INFO: Run Behavior\BuildLiteBehavior [ RunTime:0.000020s ]
INFO: [ app_init ] --END-- [ RunTime:0.000535s ]
ERR: 无法加载模块:Js

[ 2023-08-22T05:05:14+08:00 ] 171.105.164.137 /images/tips_icon_01.png
INFO: [ app_init ] --START--
INFO: Run Behavior\BuildLiteBehavior [ RunTime:0.000020s ]
INFO: [ app_init ] --END-- [ RunTime:0.000584s ]
ERR: 无法加载模块:Images

[ 2023-08-22T05:05:14+08:00 ] 171.105.164.137 /js/floatAD.js
INFO: [ app_init ] --START--
INFO: Run Behavior\BuildLiteBehavior [ RunTime:0.000018s ]
INFO: [ app_init ] --END-- [ RunTime:0.000480s ]
ERR: 无法加载模块:Js

[ 2023-08-22T05:05:14+08:00 ] 171.105.164.137 /images/banner_qf_01.jpg
INFO: [ app_init ] --START--
INFO: Run Behavior\BuildLiteBehavior [ RunTime:0.000019s ]
INFO: [ app_init ] --END-- [ RunTime:0.000490s ]
ERR: 无法加载模块:Images

[ 2023-08-22T05:05:14+08:00 ] 171.105.164.137 /images/con_bottom_01.png
INFO: [ app_init ] --START--
INFO: Run Behavior\BuildLiteBehavior [ RunTime:0.000029s ]
INFO: [ app_init ] --END-- [ RunTime:0.000677s ]
ERR: 无法加载模块:Images

[ 2023-08-22T05:05:37+08:00 ] 40.77.167.187 /robots.txt
INFO: [ app_init ] --START--
INFO: Run Behavior\BuildLiteBehavior [ RunTime:0.000020s ]
INFO: [ app_init ] --END-- [ RunTime:0.000545s ]
ERR: 无法加载模块:Robots

[ 2023-08-22T05:32:43+08:00 ] 107.170.246.45 /actuator/health
INFO: [ app_init ] --START--
INFO: Run Behavior\BuildLiteBehavior [ RunTime:0.000019s ]
INFO: [ app_init ] --END-- [ RunTime:0.000501s ]
ERR: 无法加载模块:Actuator

[ 2023-08-22T07:14:18+08:00 ] 128.14.232.148 /robots.txt
INFO: [ app_init ] --START--
INFO: Run Behavior\BuildLiteBehavior [ RunTime:0.000021s ]
INFO: [ app_init ] --END-- [ RunTime:0.000499s ]
ERR: 无法加载模块:Robots

[ 2023-08-22T07:14:21+08:00 ] 128.14.232.148 /sitemap.xml
INFO: [ app_init ] --START--
INFO: Run Behavior\BuildLiteBehavior [ RunTime:0.000020s ]
INFO: [ app_init ] --END-- [ RunTime:0.000577s ]
ERR: 无法加载模块:Sitemap

[ 2023-08-22T07:14:22+08:00 ] 128.14.232.148 /layui/layui.all.js
INFO: [ app_init ] --START--
INFO: Run Behavior\BuildLiteBehavior [ RunTime:0.000020s ]
INFO: [ app_init ] --END-- [ RunTime:0.000505s ]
ERR: 无法加载模块:Layui

[ 2023-08-22T07:14:22+08:00 ] 128.14.232.148 /js/layer.js
INFO: [ app_init ] --START--
INFO: Run Behavior\BuildLiteBehavior [ RunTime:0.000019s ]
INFO: [ app_init ] --END-- [ RunTime:0.000511s ]
ERR: 无法加载模块:Js

[ 2023-08-22T07:14:22+08:00 ] 128.14.232.148 /js/clipboard.min.js
INFO: [ app_init ] --START--
INFO: Run Behavior\BuildLiteBehavior [ RunTime:0.000022s ]
INFO: [ app_init ] --END-- [ RunTime:0.000623s ]
ERR: 无法加载模块:Js

[ 2023-08-22T07:14:22+08:00 ] 128.14.232.148 /js/jquery-3.1.0.js
INFO: [ app_init ] --START--
INFO: Run Behavior\BuildLiteBehavior [ RunTime:0.000020s ]
INFO: [ app_init ] --END-- [ RunTime:0.000508s ]
ERR: 无法加载模块:Js

[ 2023-08-22T09:20:54+08:00 ] 51.222.253.19 /robots.txt
INFO: [ app_init ] --START--
INFO: Run Behavior\BuildLiteBehavior [ RunTime:0.000028s ]
INFO: [ app_init ] --END-- [ RunTime:0.000704s ]
ERR: 无法加载模块:Robots

[ 2023-08-22T14:47:15+08:00 ] 18.132.43.6 /manage/account/login
INFO: [ app_init ] --START--
INFO: Run Behavior\BuildLiteBehavior [ RunTime:0.000020s ]
INFO: [ app_init ] --END-- [ RunTime:0.000493s ]
ERR: 无法加载模块:Manage

[ 2023-08-22T15:05:10+08:00 ] 18.132.43.6 /+CSCOE+/logon.html
INFO: [ app_init ] --START--
INFO: Run Behavior\BuildLiteBehavior [ RunTime:0.000027s ]
INFO: [ app_init ] --END-- [ RunTime:0.000751s ]
ERR: 无法加载模块: CSCOE 

[ 2023-08-22T15:34:55+08:00 ] 112.60.24.77 /%7C
INFO: [ app_init ] --START--
INFO: Run Behavior\BuildLiteBehavior [ RunTime:0.000052s ]
INFO: [ app_init ] --END-- [ RunTime:0.000808s ]
ERR: 无法加载模块:|

[ 2023-08-22T15:46:11+08:00 ] 128.199.142.223 /client/get_targets
INFO: [ app_init ] --START--
INFO: Run Behavior\BuildLiteBehavior [ RunTime:0.000019s ]
INFO: [ app_init ] --END-- [ RunTime:0.000508s ]
ERR: 无法加载模块:Client

[ 2023-08-22T15:46:11+08:00 ] 128.199.142.223 /upl.php
INFO: [ app_init ] --START--
INFO: Run Behavior\BuildLiteBehavior [ RunTime:0.000019s ]
INFO: [ app_init ] --END-- [ RunTime:0.000623s ]
ERR: 无法加载模块:Upl

[ 2023-08-22T15:46:12+08:00 ] 128.199.142.223 /geoip/
INFO: [ app_init ] --START--
INFO: Run Behavior\BuildLiteBehavior [ RunTime:0.000021s ]
INFO: [ app_init ] --END-- [ RunTime:0.000636s ]
ERR: 无法加载模块:Geoip

[ 2023-08-22T15:46:12+08:00 ] 128.199.142.223 /1.php
INFO: [ app_init ] --START--
INFO: Run Behavior\BuildLiteBehavior [ RunTime:0.000028s ]
INFO: [ app_init ] --END-- [ RunTime:0.000738s ]
ERR: 无法加载模块:1

[ 2023-08-22T15:46:12+08:00 ] 128.199.142.223 /bundle.js
INFO: [ app_init ] --START--
INFO: Run Behavior\BuildLiteBehavior [ RunTime:0.000020s ]
INFO: [ app_init ] --END-- [ RunTime:0.000679s ]
ERR: 无法加载模块:Bundle

[ 2023-08-22T15:46:12+08:00 ] 128.199.142.223 /files/
INFO: [ app_init ] --START--
INFO: Run Behavior\BuildLiteBehavior [ RunTime:0.000035s ]
INFO: [ app_init ] --END-- [ RunTime:0.000730s ]
ERR: 无法加载模块:Files

[ 2023-08-22T15:46:12+08:00 ] 128.199.142.223 /systembc/password.php
INFO: [ app_init ] --START--
INFO: Run Behavior\BuildLiteBehavior [ RunTime:0.000021s ]
INFO: [ app_init ] --END-- [ RunTime:0.000555s ]
ERR: 无法加载模块:Systembc

[ 2023-08-22T15:46:12+08:00 ] 128.199.142.223 /password.php
INFO: [ app_init ] --START--
INFO: Run Behavior\BuildLiteBehavior [ RunTime:0.000021s ]
INFO: [ app_init ] --END-- [ RunTime:0.000558s ]
ERR: 无法加载模块:Password

[ 2023-08-22T15:46:12+08:00 ] 128.199.142.223 /info.php
INFO: [ app_init ] --START--
INFO: Run Behavior\BuildLiteBehavior [ RunTime:0.000031s ]
INFO: [ app_init ] --END-- [ RunTime:0.000565s ]
ERR: 无法加载模块:Info

[ 2023-08-22T15:55:56+08:00 ] 179.43.191.194 /boaform/admin/formLogin
INFO: [ app_init ] --START--
INFO: Run Behavior\BuildLiteBehavior [ RunTime:0.000020s ]
INFO: [ app_init ] --END-- [ RunTime:0.000495s ]
ERR: 无法加载模块:Boaform

[ 2023-08-22T18:20:50+08:00 ] 65.49.20.69 /geoserver/web/
INFO: [ app_init ] --START--
INFO: Run Behavior\BuildLiteBehavior [ RunTime:0.000020s ]
INFO: [ app_init ] --END-- [ RunTime:0.000536s ]
ERR: 无法加载模块:Geoserver

[ 2023-08-22T19:32:44+08:00 ] 147.78.103.218 /wp-includes/wlwmanifest.xml
INFO: [ app_init ] --START--
INFO: Run Behavior\BuildLiteBehavior [ RunTime:0.000025s ]
INFO: [ app_init ] --END-- [ RunTime:0.000604s ]
ERR: 无法加载模块:Wp-includes

[ 2023-08-22T19:32:44+08:00 ] 147.78.103.218 /xmlrpc.php?rsd
INFO: [ app_init ] --START--
INFO: Run Behavior\BuildLiteBehavior [ RunTime:0.000036s ]
INFO: [ app_init ] --END-- [ RunTime:0.000922s ]
ERR: 无法加载模块:Xmlrpc

[ 2023-08-22T19:32:45+08:00 ] 147.78.103.218 /blog/wp-includes/wlwmanifest.xml
INFO: [ app_init ] --START--
INFO: Run Behavior\BuildLiteBehavior [ RunTime:0.000043s ]
INFO: [ app_init ] --END-- [ RunTime:0.000618s ]
ERR: 无法加载模块:Blog

[ 2023-08-22T19:32:46+08:00 ] 147.78.103.218 /web/wp-includes/wlwmanifest.xml
INFO: [ app_init ] --START--
INFO: Run Behavior\BuildLiteBehavior [ RunTime:0.000020s ]
INFO: [ app_init ] --END-- [ RunTime:0.000525s ]
ERR: 无法加载模块:Web

[ 2023-08-22T19:32:46+08:00 ] 147.78.103.218 /wordpress/wp-includes/wlwmanifest.xml
INFO: [ app_init ] --START--
INFO: Run Behavior\BuildLiteBehavior [ RunTime:0.000019s ]
INFO: [ app_init ] --END-- [ RunTime:0.000491s ]
ERR: 无法加载模块:Wordpress

[ 2023-08-22T19:32:47+08:00 ] 147.78.103.218 /website/wp-includes/wlwmanifest.xml
INFO: [ app_init ] --START--
INFO: Run Behavior\BuildLiteBehavior [ RunTime:0.000020s ]
INFO: [ app_init ] --END-- [ RunTime:0.000526s ]
ERR: 无法加载模块:Website

[ 2023-08-22T19:32:47+08:00 ] 147.78.103.218 /wp/wp-includes/wlwmanifest.xml
INFO: [ app_init ] --START--
INFO: Run Behavior\BuildLiteBehavior [ RunTime:0.000021s ]
INFO: [ app_init ] --END-- [ RunTime:0.000530s ]
ERR: 无法加载模块:Wp

[ 2023-08-22T19:32:47+08:00 ] 147.78.103.218 /news/wp-includes/wlwmanifest.xml
INFO: [ app_init ] --START--
INFO: Run Behavior\BuildLiteBehavior [ RunTime:0.000021s ]
INFO: [ app_init ] --END-- [ RunTime:0.000528s ]
ERR: 无法加载模块:News

[ 2023-08-22T19:32:49+08:00 ] 147.78.103.218 /2018/wp-includes/wlwmanifest.xml
INFO: [ app_init ] --START--
INFO: Run Behavior\BuildLiteBehavior [ RunTime:0.000019s ]
INFO: [ app_init ] --END-- [ RunTime:0.000494s ]
ERR: 无法加载模块:2018

[ 2023-08-22T19:32:50+08:00 ] 147.78.103.218 /2019/wp-includes/wlwmanifest.xml
INFO: [ app_init ] --START--
INFO: Run Behavior\BuildLiteBehavior [ RunTime:0.000022s ]
INFO: [ app_init ] --END-- [ RunTime:0.000531s ]
ERR: 无法加载模块:2019

[ 2023-08-22T19:32:50+08:00 ] 147.78.103.218 /shop/wp-includes/wlwmanifest.xml
INFO: [ app_init ] --START--
INFO: Run Behavior\BuildLiteBehavior [ RunTime:0.000020s ]
INFO: [ app_init ] --END-- [ RunTime:0.000524s ]
ERR: 无法加载模块:Shop

[ 2023-08-22T19:32:51+08:00 ] 147.78.103.218 /wp1/wp-includes/wlwmanifest.xml
INFO: [ app_init ] --START--
INFO: Run Behavior\BuildLiteBehavior [ RunTime:0.000021s ]
INFO: [ app_init ] --END-- [ RunTime:0.000508s ]
ERR: 无法加载模块:Wp1

[ 2023-08-22T19:32:51+08:00 ] 147.78.103.218 /test/wp-includes/wlwmanifest.xml
INFO: [ app_init ] --START--
INFO: Run Behavior\BuildLiteBehavior [ RunTime:0.000198s ]
INFO: [ app_init ] --END-- [ RunTime:0.000675s ]
ERR: 无法加载模块:Test

[ 2023-08-22T19:32:52+08:00 ] 147.78.103.218 /media/wp-includes/wlwmanifest.xml
INFO: [ app_init ] --START--
INFO: Run Behavior\BuildLiteBehavior [ RunTime:0.000027s ]
INFO: [ app_init ] --END-- [ RunTime:0.000768s ]
ERR: 无法加载模块:Media

[ 2023-08-22T19:32:52+08:00 ] 147.78.103.218 /wp2/wp-includes/wlwmanifest.xml
INFO: [ app_init ] --START--
INFO: Run Behavior\BuildLiteBehavior [ RunTime:0.000028s ]
INFO: [ app_init ] --END-- [ RunTime:0.000898s ]
ERR: 无法加载模块:Wp2

[ 2023-08-22T19:32:52+08:00 ] 147.78.103.218 /site/wp-includes/wlwmanifest.xml
INFO: [ app_init ] --START--
INFO: Run Behavior\BuildLiteBehavior [ RunTime:0.000019s ]
INFO: [ app_init ] --END-- [ RunTime:0.000549s ]
ERR: 无法加载模块:Site

[ 2023-08-22T19:32:53+08:00 ] 147.78.103.218 /cms/wp-includes/wlwmanifest.xml
INFO: [ app_init ] --START--
INFO: Run Behavior\BuildLiteBehavior [ RunTime:0.000021s ]
INFO: [ app_init ] --END-- [ RunTime:0.000499s ]
ERR: 无法加载模块:Cms

[ 2023-08-22T19:32:53+08:00 ] 147.78.103.218 /sito/wp-includes/wlwmanifest.xml
INFO: [ app_init ] --START--
INFO: Run Behavior\BuildLiteBehavior [ RunTime:0.000019s ]
INFO: [ app_init ] --END-- [ RunTime:0.000545s ]
ERR: 无法加载模块:Sito

[ 2023-08-22T20:21:50+08:00 ] 147.78.103.218 /wp-includes/wlwmanifest.xml
INFO: [ app_init ] --START--
INFO: Run Behavior\BuildLiteBehavior [ RunTime:0.000019s ]
INFO: [ app_init ] --END-- [ RunTime:0.000495s ]
ERR: 无法加载模块:Wp-includes

[ 2023-08-22T20:21:50+08:00 ] 147.78.103.218 /xmlrpc.php?rsd
INFO: [ app_init ] --START--
INFO: Run Behavior\BuildLiteBehavior [ RunTime:0.000020s ]
INFO: [ app_init ] --END-- [ RunTime:0.000527s ]
ERR: 无法加载模块:Xmlrpc

[ 2023-08-22T20:21:51+08:00 ] 147.78.103.218 /blog/wp-includes/wlwmanifest.xml
INFO: [ app_init ] --START--
INFO: Run Behavior\BuildLiteBehavior [ RunTime:0.000020s ]
INFO: [ app_init ] --END-- [ RunTime:0.000521s ]
ERR: 无法加载模块:Blog

[ 2023-08-22T20:21:51+08:00 ] 147.78.103.218 /web/wp-includes/wlwmanifest.xml
INFO: [ app_init ] --START--
INFO: Run Behavior\BuildLiteBehavior [ RunTime:0.000027s ]
INFO: [ app_init ] --END-- [ RunTime:0.000709s ]
ERR: 无法加载模块:Web

[ 2023-08-22T20:21:52+08:00 ] 147.78.103.218 /wordpress/wp-includes/wlwmanifest.xml
INFO: [ app_init ] --START--
INFO: Run Behavior\BuildLiteBehavior [ RunTime:0.000028s ]
INFO: [ app_init ] --END-- [ RunTime:0.000761s ]
ERR: 无法加载模块:Wordpress

[ 2023-08-22T20:21:52+08:00 ] 147.78.103.218 /website/wp-includes/wlwmanifest.xml
INFO: [ app_init ] --START--
INFO: Run Behavior\BuildLiteBehavior [ RunTime:0.000021s ]
INFO: [ app_init ] --END-- [ RunTime:0.000530s ]
ERR: 无法加载模块:Website

[ 2023-08-22T20:21:53+08:00 ] 147.78.103.218 /wp/wp-includes/wlwmanifest.xml
INFO: [ app_init ] --START--
INFO: Run Behavior\BuildLiteBehavior [ RunTime:0.000021s ]
INFO: [ app_init ] --END-- [ RunTime:0.000544s ]
ERR: 无法加载模块:Wp

[ 2023-08-22T20:21:53+08:00 ] 147.78.103.218 /news/wp-includes/wlwmanifest.xml
INFO: [ app_init ] --START--
INFO: Run Behavior\BuildLiteBehavior [ RunTime:0.000021s ]
INFO: [ app_init ] --END-- [ RunTime:0.000499s ]
ERR: 无法加载模块:News

[ 2023-08-22T20:21:53+08:00 ] 147.78.103.218 /wp1/wp-includes/wlwmanifest.xml
INFO: [ app_init ] --START--
INFO: Run Behavior\BuildLiteBehavior [ RunTime:0.000019s ]
INFO: [ app_init ] --END-- [ RunTime:0.000489s ]
ERR: 无法加载模块:Wp1

[ 2023-08-22T20:21:54+08:00 ] 147.78.103.218 /test/wp-includes/wlwmanifest.xml
INFO: [ app_init ] --START--
INFO: Run Behavior\BuildLiteBehavior [ RunTime:0.000019s ]
INFO: [ app_init ] --END-- [ RunTime:0.000492s ]
ERR: 无法加载模块:Test

[ 2023-08-22T20:21:54+08:00 ] 147.78.103.218 /wp2/wp-includes/wlwmanifest.xml
INFO: [ app_init ] --START--
INFO: Run Behavior\BuildLiteBehavior [ RunTime:0.000027s ]
INFO: [ app_init ] --END-- [ RunTime:0.000774s ]
ERR: 无法加载模块:Wp2

[ 2023-08-22T20:21:55+08:00 ] 147.78.103.218 /site/wp-includes/wlwmanifest.xml
INFO: [ app_init ] --START--
INFO: Run Behavior\BuildLiteBehavior [ RunTime:0.000062s ]
INFO: [ app_init ] --END-- [ RunTime:0.000782s ]
ERR: 无法加载模块:Site

[ 2023-08-22T20:21:55+08:00 ] 147.78.103.218 /cms/wp-includes/wlwmanifest.xml
INFO: [ app_init ] --START--
INFO: Run Behavior\BuildLiteBehavior [ RunTime:0.000020s ]
INFO: [ app_init ] --END-- [ RunTime:0.000516s ]
ERR: 无法加载模块:Cms

[ 2023-08-22T20:21:56+08:00 ] 147.78.103.218 /sito/wp-includes/wlwmanifest.xml
INFO: [ app_init ] --START--
INFO: Run Behavior\BuildLiteBehavior [ RunTime:0.000018s ]
INFO: [ app_init ] --END-- [ RunTime:0.000480s ]
ERR: 无法加载模块:Sito

[ 2023-08-22T21:16:28+08:00 ] 8.142.165.189 /dist/images/mask/guide/cn/step1.jpg
INFO: [ app_init ] --START--
INFO: Run Behavior\BuildLiteBehavior [ RunTime:0.000019s ]
INFO: [ app_init ] --END-- [ RunTime:0.000968s ]
ERR: 无法加载模块:Dist

[ 2023-08-22T23:16:13+08:00 ] 180.163.29.103 /layui/layui.all.js
INFO: [ app_init ] --START--
INFO: Run Behavior\BuildLiteBehavior [ RunTime:0.000025s ]
INFO: [ app_init ] --END-- [ RunTime:0.000688s ]
ERR: 无法加载模块:Layui

[ 2023-08-22T23:16:13+08:00 ] 180.163.29.103 /js/jquery-3.1.0.js
INFO: [ app_init ] --START--
INFO: Run Behavior\BuildLiteBehavior [ RunTime:0.000025s ]
INFO: [ app_init ] --END-- [ RunTime:0.000697s ]
ERR: 无法加载模块:Js

[ 2023-08-22T23:16:15+08:00 ] 180.163.29.103 /js/layer.js
INFO: [ app_init ] --START--
INFO: Run Behavior\BuildLiteBehavior [ RunTime:0.000019s ]
INFO: [ app_init ] --END-- [ RunTime:0.000566s ]
ERR: 无法加载模块:Js

[ 2023-08-22T23:16:16+08:00 ] 180.163.29.103 /js/clipboard.min.js
INFO: [ app_init ] --START--
INFO: Run Behavior\BuildLiteBehavior [ RunTime:0.000019s ]
INFO: [ app_init ] --END-- [ RunTime:0.000506s ]
ERR: 无法加载模块:Js

