[ 2023-07-17T00:32:39+08:00 ] 213.109.202.66 /vendor/phpunit/phpunit/src/Util/PHP/eval-stdin.php
INFO: [ app_init ] --START--
INFO: Run Behavior\BuildLiteBehavior [ RunTime:0.000021s ]
INFO: [ app_init ] --END-- [ RunTime:0.000737s ]
ERR: 无法加载模块:Vendor

[ 2023-07-17T00:44:18+08:00 ] 146.190.20.100 /client/get_targets
INFO: [ app_init ] --START--
INFO: Run Behavior\BuildLiteBehavior [ RunTime:0.000021s ]
INFO: [ app_init ] --END-- [ RunTime:0.000571s ]
ERR: 无法加载模块:Client

[ 2023-07-17T00:44:19+08:00 ] 146.190.20.100 /upl.php
INFO: [ app_init ] --START--
INFO: Run Behavior\BuildLiteBehavior [ RunTime:0.000023s ]
INFO: [ app_init ] --END-- [ RunTime:0.000604s ]
ERR: 无法加载模块:Upl

[ 2023-07-17T00:44:20+08:00 ] 146.190.20.100 /files/
INFO: [ app_init ] --START--
INFO: Run Behavior\BuildLiteBehavior [ RunTime:0.000031s ]
INFO: [ app_init ] --END-- [ RunTime:0.000575s ]
ERR: 无法加载模块:Files

[ 2023-07-17T00:46:28+08:00 ] 66.249.65.9 /robots.txt
INFO: [ app_init ] --START--
INFO: Run Behavior\BuildLiteBehavior [ RunTime:0.000021s ]
INFO: [ app_init ] --END-- [ RunTime:0.000546s ]
ERR: 无法加载模块:Robots

[ 2023-07-17T00:47:15+08:00 ] 213.109.202.66 /vendor/phpunit/phpunit/src/Util/PHP/eval-stdin.php
INFO: [ app_init ] --START--
INFO: Run Behavior\BuildLiteBehavior [ RunTime:0.000020s ]
INFO: [ app_init ] --END-- [ RunTime:0.000581s ]
ERR: 无法加载模块:Vendor

[ 2023-07-17T01:16:16+08:00 ] 213.109.202.66 /solr/admin/info/system?wt=json
INFO: [ app_init ] --START--
INFO: Run Behavior\BuildLiteBehavior [ RunTime:0.000021s ]
INFO: [ app_init ] --END-- [ RunTime:0.000526s ]
ERR: 无法加载模块:Solr

[ 2023-07-17T01:50:39+08:00 ] 213.109.202.66 /index.php?s=/Index/\think\app/invokefunction&function=call_user_func_array&vars[0]=md5&vars[1][]=HelloThinkPHP21
INFO: [ app_init ] --START--
INFO: Run Behavior\BuildLiteBehavior [ RunTime:0.000033s ]
INFO: [ app_init ] --END-- [ RunTime:0.000912s ]
ERR: 无法加载模块:Index

[ 2023-07-17T02:32:59+08:00 ] 180.163.29.79 /layui/layui.all.js
INFO: [ app_init ] --START--
INFO: Run Behavior\BuildLiteBehavior [ RunTime:0.000031s ]
INFO: [ app_init ] --END-- [ RunTime:0.000883s ]
ERR: 无法加载模块:Layui

[ 2023-07-17T02:32:59+08:00 ] 180.163.29.79 /js/jquery-3.1.0.js
INFO: [ app_init ] --START--
INFO: Run Behavior\BuildLiteBehavior [ RunTime:0.000024s ]
INFO: [ app_init ] --END-- [ RunTime:0.000721s ]
ERR: 无法加载模块:Js

[ 2023-07-17T02:32:59+08:00 ] 180.163.29.79 /js/layer.js
INFO: [ app_init ] --START--
INFO: Run Behavior\BuildLiteBehavior [ RunTime:0.000022s ]
INFO: [ app_init ] --END-- [ RunTime:0.000600s ]
ERR: 无法加载模块:Js

[ 2023-07-17T02:33:00+08:00 ] 180.163.29.79 /js/clipboard.min.js
INFO: [ app_init ] --START--
INFO: Run Behavior\BuildLiteBehavior [ RunTime:0.000022s ]
INFO: [ app_init ] --END-- [ RunTime:0.000579s ]
ERR: 无法加载模块:Js

[ 2023-07-17T04:06:44+08:00 ] 213.109.202.66 /console/
INFO: [ app_init ] --START--
INFO: Run Behavior\BuildLiteBehavior [ RunTime:0.000050s ]
INFO: [ app_init ] --END-- [ RunTime:0.000562s ]
ERR: 无法加载模块:Console

[ 2023-07-17T04:34:26+08:00 ] 109.237.98.226 /.aws/credentials
INFO: [ app_init ] --START--
INFO: Run Behavior\BuildLiteBehavior [ RunTime:0.000021s ]
INFO: [ app_init ] --END-- [ RunTime:0.000564s ]
ERR: 无法加载模块:.aws

[ 2023-07-17T04:39:44+08:00 ] 213.109.202.66 /_ignition/execute-solution
INFO: [ app_init ] --START--
INFO: Run Behavior\BuildLiteBehavior [ RunTime:0.000021s ]
INFO: [ app_init ] --END-- [ RunTime:0.000628s ]
ERR: 无法加载模块:_ignition

[ 2023-07-17T05:22:46+08:00 ] 193.32.162.189 /SDK/webLanguage
INFO: [ app_init ] --START--
INFO: Run Behavior\BuildLiteBehavior [ RunTime:0.000020s ]
INFO: [ app_init ] --END-- [ RunTime:0.000521s ]
ERR: 无法加载模块:SDK

[ 2023-07-17T05:35:36+08:00 ] 66.249.73.99 /robots.txt
INFO: [ app_init ] --START--
INFO: Run Behavior\BuildLiteBehavior [ RunTime:0.000022s ]
INFO: [ app_init ] --END-- [ RunTime:0.000574s ]
ERR: 无法加载模块:Robots

[ 2023-07-17T06:44:28+08:00 ] 192.241.209.7 /druid/index.html
INFO: [ app_init ] --START--
INFO: Run Behavior\BuildLiteBehavior [ RunTime:0.000027s ]
INFO: [ app_init ] --END-- [ RunTime:0.000831s ]
ERR: 无法加载模块:Druid

[ 2023-07-17T07:20:39+08:00 ] 213.109.202.66 /actuator/gateway/routes
INFO: [ app_init ] --START--
INFO: Run Behavior\BuildLiteBehavior [ RunTime:0.000019s ]
INFO: [ app_init ] --END-- [ RunTime:0.000561s ]
ERR: 无法加载模块:Actuator

[ 2023-07-17T07:50:40+08:00 ] 109.237.96.179 /ALFA_DATA/alfacgiapi/bash.alfa
INFO: [ app_init ] --START--
INFO: Run Behavior\BuildLiteBehavior [ RunTime:0.000021s ]
INFO: [ app_init ] --END-- [ RunTime:0.000543s ]
ERR: 无法加载模块:ALFA_DATA

[ 2023-07-17T07:50:41+08:00 ] 109.237.96.179 /ALFA_DATA/alfacgiapi/py.alfa
INFO: [ app_init ] --START--
INFO: Run Behavior\BuildLiteBehavior [ RunTime:0.000021s ]
INFO: [ app_init ] --END-- [ RunTime:0.000705s ]
ERR: 无法加载模块:ALFA_DATA

[ 2023-07-17T07:50:42+08:00 ] 109.237.96.179 /alfacgiapi/perl.alfa
INFO: [ app_init ] --START--
INFO: Run Behavior\BuildLiteBehavior [ RunTime:0.000019s ]
INFO: [ app_init ] --END-- [ RunTime:0.000513s ]
ERR: 无法加载模块:Alfacgiapi

[ 2023-07-17T07:50:43+08:00 ] 109.237.96.179 /alfacgiapi/bash.alfa
INFO: [ app_init ] --START--
INFO: Run Behavior\BuildLiteBehavior [ RunTime:0.000028s ]
INFO: [ app_init ] --END-- [ RunTime:0.000646s ]
ERR: 无法加载模块:Alfacgiapi

[ 2023-07-17T07:50:44+08:00 ] 109.237.96.179 /alfacgiapi/py.alfa
INFO: [ app_init ] --START--
INFO: Run Behavior\BuildLiteBehavior [ RunTime:0.000020s ]
INFO: [ app_init ] --END-- [ RunTime:0.000507s ]
ERR: 无法加载模块:Alfacgiapi

[ 2023-07-17T07:50:45+08:00 ] 109.237.96.179 /css/ALFA_DATA/alfacgiapi/perl.alfa
INFO: [ app_init ] --START--
INFO: Run Behavior\BuildLiteBehavior [ RunTime:0.000027s ]
INFO: [ app_init ] --END-- [ RunTime:0.000969s ]
ERR: 无法加载模块:Css

[ 2023-07-17T07:50:55+08:00 ] 109.237.96.179 /css/ALFA_DATA/alfacgiapi/bash.alfa
INFO: [ app_init ] --START--
INFO: Run Behavior\BuildLiteBehavior [ RunTime:0.000022s ]
INFO: [ app_init ] --END-- [ RunTime:0.000686s ]
ERR: 无法加载模块:Css

[ 2023-07-17T07:51:16+08:00 ] 109.237.96.179 /files/ALFA_DATA/alfacgiapi/perl.alfa
INFO: [ app_init ] --START--
INFO: Run Behavior\BuildLiteBehavior [ RunTime:0.000035s ]
INFO: [ app_init ] --END-- [ RunTime:0.000843s ]
ERR: 无法加载模块:Files

[ 2023-07-17T07:51:21+08:00 ] 109.237.96.179 /files/ALFA_DATA/alfacgiapi/bash.alfa
INFO: [ app_init ] --START--
INFO: Run Behavior\BuildLiteBehavior [ RunTime:0.000020s ]
INFO: [ app_init ] --END-- [ RunTime:0.000517s ]
ERR: 无法加载模块:Files

[ 2023-07-17T07:51:24+08:00 ] 109.237.96.179 /files/ALFA_DATA/alfacgiapi/py.alfa
INFO: [ app_init ] --START--
INFO: Run Behavior\BuildLiteBehavior [ RunTime:0.000021s ]
INFO: [ app_init ] --END-- [ RunTime:0.000794s ]
ERR: 无法加载模块:Files

[ 2023-07-17T07:51:25+08:00 ] 109.237.96.179 /images/ALFA_DATA/alfacgiapi/perl.alfa
INFO: [ app_init ] --START--
INFO: Run Behavior\BuildLiteBehavior [ RunTime:0.000022s ]
INFO: [ app_init ] --END-- [ RunTime:0.000571s ]
ERR: 无法加载模块:Images

[ 2023-07-17T07:51:26+08:00 ] 109.237.96.179 /images/ALFA_DATA/alfacgiapi/bash.alfa
INFO: [ app_init ] --START--
INFO: Run Behavior\BuildLiteBehavior [ RunTime:0.000022s ]
INFO: [ app_init ] --END-- [ RunTime:0.000540s ]
ERR: 无法加载模块:Images

[ 2023-07-17T07:51:27+08:00 ] 109.237.96.179 /images/ALFA_DATA/alfacgiapi/py.alfa
INFO: [ app_init ] --START--
INFO: Run Behavior\BuildLiteBehavior [ RunTime:0.000021s ]
INFO: [ app_init ] --END-- [ RunTime:0.000576s ]
ERR: 无法加载模块:Images

[ 2023-07-17T07:56:19+08:00 ] 213.109.202.66 /geoserver
INFO: [ app_init ] --START--
INFO: Run Behavior\BuildLiteBehavior [ RunTime:0.000030s ]
INFO: [ app_init ] --END-- [ RunTime:0.000864s ]
ERR: 无法加载模块:Geoserver

[ 2023-07-17T09:41:06+08:00 ] 109.237.96.179 /ALFA_DATA/alfacgiapi/perl.alfa
INFO: [ app_init ] --START--
INFO: Run Behavior\BuildLiteBehavior [ RunTime:0.000020s ]
INFO: [ app_init ] --END-- [ RunTime:0.000513s ]
ERR: 无法加载模块:ALFA_DATA

[ 2023-07-17T09:41:07+08:00 ] 109.237.96.179 /ALFA_DATA/alfacgiapi/bash.alfa
INFO: [ app_init ] --START--
INFO: Run Behavior\BuildLiteBehavior [ RunTime:0.000031s ]
INFO: [ app_init ] --END-- [ RunTime:0.000905s ]
ERR: 无法加载模块:ALFA_DATA

[ 2023-07-17T09:41:10+08:00 ] 109.237.96.179 /ALFA_DATA/alfacgiapi/py.alfa
INFO: [ app_init ] --START--
INFO: Run Behavior\BuildLiteBehavior [ RunTime:0.000022s ]
INFO: [ app_init ] --END-- [ RunTime:0.000686s ]
ERR: 无法加载模块:ALFA_DATA

[ 2023-07-17T09:41:12+08:00 ] 109.237.96.179 /alfacgiapi/perl.alfa
INFO: [ app_init ] --START--
INFO: Run Behavior\BuildLiteBehavior [ RunTime:0.000025s ]
INFO: [ app_init ] --END-- [ RunTime:0.000729s ]
ERR: 无法加载模块:Alfacgiapi

[ 2023-07-17T09:41:13+08:00 ] 109.237.96.179 /alfacgiapi/bash.alfa
INFO: [ app_init ] --START--
INFO: Run Behavior\BuildLiteBehavior [ RunTime:0.000022s ]
INFO: [ app_init ] --END-- [ RunTime:0.000795s ]
ERR: 无法加载模块:Alfacgiapi

[ 2023-07-17T09:41:16+08:00 ] 109.237.96.179 /alfacgiapi/py.alfa
INFO: [ app_init ] --START--
INFO: Run Behavior\BuildLiteBehavior [ RunTime:0.000047s ]
INFO: [ app_init ] --END-- [ RunTime:0.000701s ]
ERR: 无法加载模块:Alfacgiapi

[ 2023-07-17T09:41:18+08:00 ] 109.237.96.179 /css/ALFA_DATA/alfacgiapi/perl.alfa
INFO: [ app_init ] --START--
INFO: Run Behavior\BuildLiteBehavior [ RunTime:0.000021s ]
INFO: [ app_init ] --END-- [ RunTime:0.000657s ]
ERR: 无法加载模块:Css

[ 2023-07-17T09:41:19+08:00 ] 109.237.96.179 /css/ALFA_DATA/alfacgiapi/bash.alfa
INFO: [ app_init ] --START--
INFO: Run Behavior\BuildLiteBehavior [ RunTime:0.000024s ]
INFO: [ app_init ] --END-- [ RunTime:0.000681s ]
ERR: 无法加载模块:Css

[ 2023-07-17T09:42:19+08:00 ] 109.237.96.179 /images/ALFA_DATA/alfacgiapi/perl.alfa
INFO: [ app_init ] --START--
INFO: Run Behavior\BuildLiteBehavior [ RunTime:0.000023s ]
INFO: [ app_init ] --END-- [ RunTime:0.000762s ]
ERR: 无法加载模块:Images

[ 2023-07-17T09:42:29+08:00 ] 109.237.96.179 /images/ALFA_DATA/alfacgiapi/bash.alfa
INFO: [ app_init ] --START--
INFO: Run Behavior\BuildLiteBehavior [ RunTime:0.000027s ]
INFO: [ app_init ] --END-- [ RunTime:0.000812s ]
ERR: 无法加载模块:Images

[ 2023-07-17T09:42:30+08:00 ] 109.237.96.179 /images/ALFA_DATA/alfacgiapi/py.alfa
INFO: [ app_init ] --START--
INFO: Run Behavior\BuildLiteBehavior [ RunTime:0.000023s ]
INFO: [ app_init ] --END-- [ RunTime:0.000629s ]
ERR: 无法加载模块:Images

[ 2023-07-17T09:51:48+08:00 ] 111.193.6.91 /apple-touch-icon-120x120-precomposed.png
INFO: [ app_init ] --START--
INFO: Run Behavior\BuildLiteBehavior [ RunTime:0.000022s ]
INFO: [ app_init ] --END-- [ RunTime:0.000625s ]
ERR: 无法加载模块:Apple-touch-icon-120x120-precomposed

[ 2023-07-17T09:51:48+08:00 ] 111.193.6.91 /apple-touch-icon-120x120.png
INFO: [ app_init ] --START--
INFO: Run Behavior\BuildLiteBehavior [ RunTime:0.000022s ]
INFO: [ app_init ] --END-- [ RunTime:0.000713s ]
ERR: 无法加载模块:Apple-touch-icon-120x120

[ 2023-07-17T09:51:49+08:00 ] 111.193.6.91 /apple-touch-icon-precomposed.png
INFO: [ app_init ] --START--
INFO: Run Behavior\BuildLiteBehavior [ RunTime:0.000032s ]
INFO: [ app_init ] --END-- [ RunTime:0.000895s ]
ERR: 无法加载模块:Apple-touch-icon-precomposed

[ 2023-07-17T09:51:49+08:00 ] 111.193.6.91 /apple-touch-icon.png
INFO: [ app_init ] --START--
INFO: Run Behavior\BuildLiteBehavior [ RunTime:0.000022s ]
INFO: [ app_init ] --END-- [ RunTime:0.000595s ]
ERR: 无法加载模块:Apple-touch-icon

[ 2023-07-17T10:14:30+08:00 ] 178.18.252.234 /001565000000.cfg
INFO: [ app_init ] --START--
INFO: Run Behavior\BuildLiteBehavior [ RunTime:0.000021s ]
INFO: [ app_init ] --END-- [ RunTime:0.000611s ]
ERR: 无法加载模块:001565000000

[ 2023-07-17T10:21:07+08:00 ] 198.98.57.169 /boaform/admin/formLogin
INFO: [ app_init ] --START--
INFO: Run Behavior\BuildLiteBehavior [ RunTime:0.000022s ]
INFO: [ app_init ] --END-- [ RunTime:0.000581s ]
ERR: 无法加载模块:Boaform

[ 2023-07-17T11:19:24+08:00 ] 206.238.221.233 /user/admin.php?m=user&a=login&iframe=&sid=
INFO: [ app_init ] --START--
INFO: Run Behavior\BuildLiteBehavior [ RunTime:0.000021s ]
INFO: [ app_init ] --END-- [ RunTime:0.000581s ]
ERR: 无法加载模块:User

[ 2023-07-17T11:19:24+08:00 ] 206.238.221.233 /users/admin.php?m=user&a=login&iframe=&sid=
INFO: [ app_init ] --START--
INFO: Run Behavior\BuildLiteBehavior [ RunTime:0.000019s ]
INFO: [ app_init ] --END-- [ RunTime:0.000559s ]
ERR: 无法加载模块:Users

[ 2023-07-17T11:19:24+08:00 ] 206.238.221.233 /center/admin.php?m=user&a=login&iframe=&sid=
INFO: [ app_init ] --START--
INFO: Run Behavior\BuildLiteBehavior [ RunTime:0.000029s ]
INFO: [ app_init ] --END-- [ RunTime:0.000937s ]
ERR: 无法加载模块:Center

[ 2023-07-17T11:19:24+08:00 ] 206.238.221.233 /upload/uc_server/admin.php?m=user&a=login&iframe=&sid=
INFO: [ app_init ] --START--
INFO: Run Behavior\BuildLiteBehavior [ RunTime:0.000024s ]
INFO: [ app_init ] --END-- [ RunTime:0.000704s ]
ERR: 无法加载模块:Upload

[ 2023-07-17T11:19:24+08:00 ] 206.238.221.233 /ucenter/admin.php?m=user&a=login&iframe=&sid=
INFO: [ app_init ] --START--
INFO: Run Behavior\BuildLiteBehavior [ RunTime:0.000020s ]
INFO: [ app_init ] --END-- [ RunTime:0.000640s ]
ERR: 无法加载模块:Ucenter

[ 2023-07-17T11:19:24+08:00 ] 206.238.221.233 /forum/uc_server/admin.php?m=user&a=login&iframe=&sid=
INFO: [ app_init ] --START--
INFO: Run Behavior\BuildLiteBehavior [ RunTime:0.000025s ]
INFO: [ app_init ] --END-- [ RunTime:0.052814s ]
ERR: 无法加载模块:Forum

[ 2023-07-17T11:19:24+08:00 ] 206.238.221.233 /club/uc_server/admin.php?m=user&a=login&iframe=&sid=
INFO: [ app_init ] --START--
INFO: Run Behavior\BuildLiteBehavior [ RunTime:0.000025s ]
INFO: [ app_init ] --END-- [ RunTime:0.000945s ]
ERR: 无法加载模块:Club

[ 2023-07-17T11:19:24+08:00 ] 206.238.221.233 /uc/admin.php?m=user&a=login&iframe=&sid=
INFO: [ app_init ] --START--
INFO: Run Behavior\BuildLiteBehavior [ RunTime:0.000026s ]
INFO: [ app_init ] --END-- [ RunTime:0.026892s ]
ERR: 无法加载模块:Uc

[ 2023-07-17T11:19:24+08:00 ] 206.238.221.233 /ucs/admin.php?m=user&a=login&iframe=&sid=
INFO: [ app_init ] --START--
INFO: Run Behavior\BuildLiteBehavior [ RunTime:0.000022s ]
INFO: [ app_init ] --END-- [ RunTime:0.000788s ]
ERR: 无法加载模块:Ucs

[ 2023-07-17T11:19:24+08:00 ] 206.238.221.233 /bbs/uc_server/admin.php?m=user&a=login&iframe=&sid=
INFO: [ app_init ] --START--
INFO: Run Behavior\BuildLiteBehavior [ RunTime:0.000017s ]
INFO: [ app_init ] --END-- [ RunTime:0.000454s ]
ERR: 无法加载模块:Bbs

[ 2023-07-17T11:19:24+08:00 ] 206.238.221.233 /u/admin.php?m=user&a=login&iframe=&sid=
INFO: [ app_init ] --START--
INFO: Run Behavior\BuildLiteBehavior [ RunTime:0.000014s ]
INFO: [ app_init ] --END-- [ RunTime:0.000482s ]
ERR: 无法加载模块:U

[ 2023-07-17T11:19:24+08:00 ] 206.238.221.233 /uc_server/admin.php?m=user&a=login&iframe=&sid=
INFO: [ app_init ] --START--
INFO: Run Behavior\BuildLiteBehavior [ RunTime:0.000016s ]
INFO: [ app_init ] --END-- [ RunTime:0.000386s ]
ERR: 无法加载模块:Uc_server

[ 2023-07-17T11:19:24+08:00 ] 206.238.221.233 /uccenter/admin.php?m=user&a=login&iframe=&sid=
INFO: [ app_init ] --START--
INFO: Run Behavior\BuildLiteBehavior [ RunTime:0.000016s ]
INFO: [ app_init ] --END-- [ RunTime:0.000447s ]
ERR: 无法加载模块:Uccenter

[ 2023-07-17T11:19:24+08:00 ] 206.238.221.233 /ucserver/admin.php?m=user&a=login&iframe=&sid=
INFO: [ app_init ] --START--
INFO: Run Behavior\BuildLiteBehavior [ RunTime:0.000037s ]
INFO: [ app_init ] --END-- [ RunTime:0.000427s ]
ERR: 无法加载模块:Ucserver

[ 2023-07-17T12:25:21+08:00 ] 120.92.72.108 /js/jquery-3.1.0.js
INFO: [ app_init ] --START--
INFO: Run Behavior\BuildLiteBehavior [ RunTime:0.000022s ]
INFO: [ app_init ] --END-- [ RunTime:0.000555s ]
ERR: 无法加载模块:Js

[ 2023-07-17T12:25:22+08:00 ] 120.92.72.149 /layui/layui.all.js
INFO: [ app_init ] --START--
INFO: Run Behavior\BuildLiteBehavior [ RunTime:0.000030s ]
INFO: [ app_init ] --END-- [ RunTime:0.001073s ]
ERR: 无法加载模块:Layui

[ 2023-07-17T12:34:01+08:00 ] 216.218.206.69 /geoserver/web/
INFO: [ app_init ] --START--
INFO: Run Behavior\BuildLiteBehavior [ RunTime:0.000026s ]
INFO: [ app_init ] --END-- [ RunTime:0.000586s ]
ERR: 无法加载模块:Geoserver

[ 2023-07-17T12:57:56+08:00 ] 161.97.147.32 /wp-content/plugins/ht-mega-for-elementor/assets/css/htbbootstrap.css
INFO: [ app_init ] --START--
INFO: Run Behavior\BuildLiteBehavior [ RunTime:0.000021s ]
INFO: [ app_init ] --END-- [ RunTime:0.000581s ]
ERR: 无法加载模块:Wp-content

[ 2023-07-17T14:56:40+08:00 ] 51.222.253.5 /robots.txt
INFO: [ app_init ] --START--
INFO: Run Behavior\BuildLiteBehavior [ RunTime:0.000039s ]
INFO: [ app_init ] --END-- [ RunTime:0.000889s ]
ERR: 无法加载模块:Robots

[ 2023-07-17T17:31:00+08:00 ] 103.130.219.197 /wp-login.php
INFO: [ app_init ] --START--
INFO: Run Behavior\BuildLiteBehavior [ RunTime:0.000026s ]
INFO: [ app_init ] --END-- [ RunTime:0.000661s ]
ERR: 无法加载模块:Wp-login

[ 2023-07-17T17:55:03+08:00 ] 109.237.97.180 /.aws/credentials
INFO: [ app_init ] --START--
INFO: Run Behavior\BuildLiteBehavior [ RunTime:0.000035s ]
INFO: [ app_init ] --END-- [ RunTime:0.001055s ]
ERR: 无法加载模块:.aws

[ 2023-07-17T18:03:25+08:00 ] 124.71.105.212 /+
INFO: [ app_init ] --START--
INFO: Run Behavior\BuildLiteBehavior [ RunTime:0.000020s ]
INFO: [ app_init ] --END-- [ RunTime:0.000551s ]
ERR: 无法加载模块: 

[ 2023-07-17T18:28:30+08:00 ] 54.36.148.60 /robots.txt
INFO: [ app_init ] --START--
INFO: Run Behavior\BuildLiteBehavior [ RunTime:0.000082s ]
INFO: [ app_init ] --END-- [ RunTime:0.000586s ]
ERR: 无法加载模块:Robots

[ 2023-07-17T20:23:17+08:00 ] 82.80.249.156 /css/layui.css
INFO: [ app_init ] --START--
INFO: Run Behavior\BuildLiteBehavior [ RunTime:0.000024s ]
INFO: [ app_init ] --END-- [ RunTime:0.000633s ]
ERR: 无法加载模块:Css

[ 2023-07-17T20:23:27+08:00 ] 82.80.249.156 /css/layui.css
INFO: [ app_init ] --START--
INFO: Run Behavior\BuildLiteBehavior [ RunTime:0.000029s ]
INFO: [ app_init ] --END-- [ RunTime:0.000816s ]
ERR: 无法加载模块:Css

[ 2023-07-17T20:23:45+08:00 ] 82.80.230.228 /images/tu.jpg
INFO: [ app_init ] --START--
INFO: Run Behavior\BuildLiteBehavior [ RunTime:0.000019s ]
INFO: [ app_init ] --END-- [ RunTime:0.000508s ]
ERR: 无法加载模块:Images

[ 2023-07-17T20:44:48+08:00 ] 23.150.248.152 /boaform/admin/formLogin
INFO: [ app_init ] --START--
INFO: Run Behavior\BuildLiteBehavior [ RunTime:0.000019s ]
INFO: [ app_init ] --END-- [ RunTime:0.000526s ]
ERR: 无法加载模块:Boaform

[ 2023-07-17T20:56:06+08:00 ] 61.185.111.2 /apple-touch-icon-120x120-precomposed.png
INFO: [ app_init ] --START--
INFO: Run Behavior\BuildLiteBehavior [ RunTime:0.000027s ]
INFO: [ app_init ] --END-- [ RunTime:0.000575s ]
ERR: 无法加载模块:Apple-touch-icon-120x120-precomposed

[ 2023-07-17T20:56:06+08:00 ] 61.185.111.2 /apple-touch-icon-120x120.png
INFO: [ app_init ] --START--
INFO: Run Behavior\BuildLiteBehavior [ RunTime:0.000022s ]
INFO: [ app_init ] --END-- [ RunTime:0.000572s ]
ERR: 无法加载模块:Apple-touch-icon-120x120

[ 2023-07-17T20:56:06+08:00 ] 61.185.111.2 /apple-touch-icon-precomposed.png
INFO: [ app_init ] --START--
INFO: Run Behavior\BuildLiteBehavior [ RunTime:0.000020s ]
INFO: [ app_init ] --END-- [ RunTime:0.000518s ]
ERR: 无法加载模块:Apple-touch-icon-precomposed

[ 2023-07-17T20:56:07+08:00 ] 61.185.111.2 /apple-touch-icon.png
INFO: [ app_init ] --START--
INFO: Run Behavior\BuildLiteBehavior [ RunTime:0.000021s ]
INFO: [ app_init ] --END-- [ RunTime:0.000549s ]
ERR: 无法加载模块:Apple-touch-icon

[ 2023-07-17T21:32:34+08:00 ] 143.137.191.205 /blog/wp-login.php
INFO: [ app_init ] --START--
INFO: Run Behavior\BuildLiteBehavior [ RunTime:0.000029s ]
INFO: [ app_init ] --END-- [ RunTime:0.000706s ]
ERR: 无法加载模块:Blog

[ 2023-07-17T21:57:47+08:00 ] 72.13.46.5 /robots.txt
INFO: [ app_init ] --START--
INFO: Run Behavior\BuildLiteBehavior [ RunTime:0.000022s ]
INFO: [ app_init ] --END-- [ RunTime:0.000524s ]
ERR: 无法加载模块:Robots

[ 2023-07-17T22:08:20+08:00 ] 23.150.248.152 /boaform/admin/formLogin
INFO: [ app_init ] --START--
INFO: Run Behavior\BuildLiteBehavior [ RunTime:0.000020s ]
INFO: [ app_init ] --END-- [ RunTime:0.000506s ]
ERR: 无法加载模块:Boaform

[ 2023-07-17T22:34:40+08:00 ] 66.249.73.100 /robots.txt
INFO: [ app_init ] --START--
INFO: Run Behavior\BuildLiteBehavior [ RunTime:0.000020s ]
INFO: [ app_init ] --END-- [ RunTime:0.000591s ]
ERR: 无法加载模块:Robots

[ 2023-07-17T23:36:26+08:00 ] 91.121.179.87 /blog/wp-login.php
INFO: [ app_init ] --START--
INFO: Run Behavior\BuildLiteBehavior [ RunTime:0.000019s ]
INFO: [ app_init ] --END-- [ RunTime:0.000513s ]
ERR: 无法加载模块:Blog

