[ 2023-10-18T00:40:17+08:00 ] 79.110.48.90 /boaform/admin/formLogin
INFO: [ app_init ] --START--
INFO: Run Behavior\BuildLiteBehavior [ RunTime:0.000020s ]
INFO: [ app_init ] --END-- [ RunTime:0.000560s ]
ERR: 无法加载模块:Boaform

[ 2023-10-18T02:09:40+08:00 ] 123.254.109.234 /robots.txt
INFO: [ app_init ] --START--
INFO: Run Behavior\BuildLiteBehavior [ RunTime:0.000019s ]
INFO: [ app_init ] --END-- [ RunTime:0.000580s ]
ERR: 无法加载模块:Robots

[ 2023-10-18T02:09:45+08:00 ] 123.254.109.234 /sitemap.xml
INFO: [ app_init ] --START--
INFO: Run Behavior\BuildLiteBehavior [ RunTime:0.000023s ]
INFO: [ app_init ] --END-- [ RunTime:0.000878s ]
ERR: 无法加载模块:Sitemap

[ 2023-10-18T02:38:13+08:00 ] 69.194.182.221 /api/.env
INFO: [ app_init ] --START--
INFO: Run Behavior\BuildLiteBehavior [ RunTime:0.000020s ]
INFO: [ app_init ] --END-- [ RunTime:0.000576s ]
ERR: 无法加载模块:Api

[ 2023-10-18T02:38:13+08:00 ] 69.194.182.221 /api
INFO: [ app_init ] --START--
INFO: Run Behavior\BuildLiteBehavior [ RunTime:0.000019s ]
INFO: [ app_init ] --END-- [ RunTime:0.000520s ]
ERR: 无法加载模块:Api

[ 2023-10-18T03:38:09+08:00 ] 185.180.140.6 /showLogin.cc
INFO: [ app_init ] --START--
INFO: Run Behavior\BuildLiteBehavior [ RunTime:0.000020s ]
INFO: [ app_init ] --END-- [ RunTime:0.000508s ]
ERR: 无法加载模块:ShowLogin

[ 2023-10-18T03:41:08+08:00 ] 198.199.111.51 /portal/redlion
INFO: [ app_init ] --START--
INFO: Run Behavior\BuildLiteBehavior [ RunTime:0.000029s ]
INFO: [ app_init ] --END-- [ RunTime:0.000692s ]
ERR: 无法加载模块:Portal

[ 2023-10-18T05:48:32+08:00 ] 45.95.147.204 /boaform/admin/formLogin
INFO: [ app_init ] --START--
INFO: Run Behavior\BuildLiteBehavior [ RunTime:0.000026s ]
INFO: [ app_init ] --END-- [ RunTime:0.000767s ]
ERR: 无法加载模块:Boaform

[ 2023-10-18T05:51:18+08:00 ] 79.110.48.90 /boaform/admin/formLogin
INFO: [ app_init ] --START--
INFO: Run Behavior\BuildLiteBehavior [ RunTime:0.000020s ]
INFO: [ app_init ] --END-- [ RunTime:0.000559s ]
ERR: 无法加载模块:Boaform

[ 2023-10-18T07:41:42+08:00 ] 101.42.21.20 /ahua.php
INFO: [ app_init ] --START--
INFO: Run Behavior\BuildLiteBehavior [ RunTime:0.000020s ]
INFO: [ app_init ] --END-- [ RunTime:0.000569s ]
ERR: 无法加载模块:Ahua

[ 2023-10-18T07:58:28+08:00 ] 109.237.98.226 /.aws/credentials
INFO: [ app_init ] --START--
INFO: Run Behavior\BuildLiteBehavior [ RunTime:0.000021s ]
INFO: [ app_init ] --END-- [ RunTime:0.000651s ]
ERR: 无法加载模块:.aws

[ 2023-10-18T08:27:08+08:00 ] 47.101.177.113 /ahua.php
INFO: [ app_init ] --START--
INFO: Run Behavior\BuildLiteBehavior [ RunTime:0.000028s ]
INFO: [ app_init ] --END-- [ RunTime:0.000815s ]
ERR: 无法加载模块:Ahua

[ 2023-10-18T08:47:07+08:00 ] 101.43.158.148 /phpmyadmin/index.php
INFO: [ app_init ] --START--
INFO: Run Behavior\BuildLiteBehavior [ RunTime:0.000020s ]
INFO: [ app_init ] --END-- [ RunTime:0.000511s ]
ERR: 无法加载模块:Phpmyadmin

[ 2023-10-18T08:56:51+08:00 ] 180.149.125.171 /stalker_portal/server/tools/auth_simple.php
INFO: [ app_init ] --START--
INFO: Run Behavior\BuildLiteBehavior [ RunTime:0.000021s ]
INFO: [ app_init ] --END-- [ RunTime:0.000977s ]
ERR: 无法加载模块:Stalker_portal

[ 2023-10-18T09:07:53+08:00 ] 37.19.197.202 /wp-content/
INFO: [ app_init ] --START--
INFO: Run Behavior\BuildLiteBehavior [ RunTime:0.000019s ]
INFO: [ app_init ] --END-- [ RunTime:0.000536s ]
ERR: 无法加载模块:Wp-content

[ 2023-10-18T11:13:08+08:00 ] 124.220.101.167 /ahua.php
INFO: [ app_init ] --START--
INFO: Run Behavior\BuildLiteBehavior [ RunTime:0.000021s ]
INFO: [ app_init ] --END-- [ RunTime:0.000595s ]
ERR: 无法加载模块:Ahua

[ 2023-10-18T11:44:03+08:00 ] 172.104.131.24 /webui/logoutconfirm.html?menu=1
INFO: [ app_init ] --START--
INFO: Run Behavior\BuildLiteBehavior [ RunTime:0.000019s ]
INFO: [ app_init ] --END-- [ RunTime:0.000521s ]
ERR: 无法加载模块:Webui

[ 2023-10-18T12:00:55+08:00 ] 156.96.155.229 /HNAP1/
INFO: [ app_init ] --START--
INFO: Run Behavior\BuildLiteBehavior [ RunTime:0.000021s ]
INFO: [ app_init ] --END-- [ RunTime:0.000621s ]
ERR: 无法加载模块:HNAP1

[ 2023-10-18T12:00:55+08:00 ] 156.96.155.229 /hudson/script
INFO: [ app_init ] --START--
INFO: Run Behavior\BuildLiteBehavior [ RunTime:0.000024s ]
INFO: [ app_init ] --END-- [ RunTime:0.000562s ]
ERR: 无法加载模块:Hudson

[ 2023-10-18T12:00:56+08:00 ] 156.96.155.229 /script
INFO: [ app_init ] --START--
INFO: Run Behavior\BuildLiteBehavior [ RunTime:0.000021s ]
INFO: [ app_init ] --END-- [ RunTime:0.000562s ]
ERR: 无法加载模块:Script

[ 2023-10-18T12:00:57+08:00 ] 156.96.155.229 /sqlite/main.php
INFO: [ app_init ] --START--
INFO: Run Behavior\BuildLiteBehavior [ RunTime:0.000021s ]
INFO: [ app_init ] --END-- [ RunTime:0.000517s ]
ERR: 无法加载模块:Sqlite

[ 2023-10-18T12:00:57+08:00 ] 156.96.155.229 /sqlitemanager/main.php
INFO: [ app_init ] --START--
INFO: Run Behavior\BuildLiteBehavior [ RunTime:0.000019s ]
INFO: [ app_init ] --END-- [ RunTime:0.000521s ]
ERR: 无法加载模块:Sqlitemanager

[ 2023-10-18T12:00:58+08:00 ] 156.96.155.229 /SQLiteManager/main.php
INFO: [ app_init ] --START--
INFO: Run Behavior\BuildLiteBehavior [ RunTime:0.000021s ]
INFO: [ app_init ] --END-- [ RunTime:0.000510s ]
ERR: 无法加载模块:SQLiteManager

[ 2023-10-18T12:00:59+08:00 ] 156.96.155.229 /SQLite/main.php
INFO: [ app_init ] --START--
INFO: Run Behavior\BuildLiteBehavior [ RunTime:0.000027s ]
INFO: [ app_init ] --END-- [ RunTime:0.000552s ]
ERR: 无法加载模块:SQLite

[ 2023-10-18T12:00:59+08:00 ] 156.96.155.229 /SQlite/main.php
INFO: [ app_init ] --START--
INFO: Run Behavior\BuildLiteBehavior [ RunTime:0.000019s ]
INFO: [ app_init ] --END-- [ RunTime:0.000529s ]
ERR: 无法加载模块:SQlite

[ 2023-10-18T12:01:00+08:00 ] 156.96.155.229 /main.php
INFO: [ app_init ] --START--
INFO: Run Behavior\BuildLiteBehavior [ RunTime:0.000029s ]
INFO: [ app_init ] --END-- [ RunTime:0.000606s ]
ERR: 无法加载模块:Main

[ 2023-10-18T12:01:00+08:00 ] 156.96.155.229 /test/sqlite/SQLiteManager-1.2.0/SQLiteManager-1.2.0/main.php
INFO: [ app_init ] --START--
INFO: Run Behavior\BuildLiteBehavior [ RunTime:0.000019s ]
INFO: [ app_init ] --END-- [ RunTime:0.000517s ]
ERR: 无法加载模块:Test

[ 2023-10-18T12:01:01+08:00 ] 156.96.155.229 /SQLiteManager-1.2.4/main.php
INFO: [ app_init ] --START--
INFO: Run Behavior\BuildLiteBehavior [ RunTime:0.000030s ]
INFO: [ app_init ] --END-- [ RunTime:0.000674s ]
ERR: 无法加载模块:SQLiteManager-1.2.4

[ 2023-10-18T12:01:01+08:00 ] 156.96.155.229 /agSearch/SQlite/main.php
INFO: [ app_init ] --START--
INFO: Run Behavior\BuildLiteBehavior [ RunTime:0.000017s ]
INFO: [ app_init ] --END-- [ RunTime:0.000446s ]
ERR: 无法加载模块:AgSearch

[ 2023-10-18T12:01:02+08:00 ] 156.96.155.229 /phpmyadmin/
INFO: [ app_init ] --START--
INFO: Run Behavior\BuildLiteBehavior [ RunTime:0.000015s ]
INFO: [ app_init ] --END-- [ RunTime:0.000532s ]
ERR: 无法加载模块:Phpmyadmin

[ 2023-10-18T12:01:03+08:00 ] 156.96.155.229 /phpMyAdmin/
INFO: [ app_init ] --START--
INFO: Run Behavior\BuildLiteBehavior [ RunTime:0.000023s ]
INFO: [ app_init ] --END-- [ RunTime:0.000617s ]
ERR: 无法加载模块:PhpMyAdmin

[ 2023-10-18T12:01:03+08:00 ] 156.96.155.229 /PMA/
INFO: [ app_init ] --START--
INFO: Run Behavior\BuildLiteBehavior [ RunTime:0.000020s ]
INFO: [ app_init ] --END-- [ RunTime:0.000591s ]
ERR: 无法加载模块:PMA

[ 2023-10-18T12:01:04+08:00 ] 156.96.155.229 /pma/
INFO: [ app_init ] --START--
INFO: Run Behavior\BuildLiteBehavior [ RunTime:0.000021s ]
INFO: [ app_init ] --END-- [ RunTime:0.000555s ]
ERR: 无法加载模块:Pma

[ 2023-10-18T12:01:05+08:00 ] 156.96.155.229 /dbadmin/
INFO: [ app_init ] --START--
INFO: Run Behavior\BuildLiteBehavior [ RunTime:0.000022s ]
INFO: [ app_init ] --END-- [ RunTime:0.000542s ]
ERR: 无法加载模块:Dbadmin

[ 2023-10-18T12:01:06+08:00 ] 156.96.155.229 /mysql/
INFO: [ app_init ] --START--
INFO: Run Behavior\BuildLiteBehavior [ RunTime:0.000022s ]
INFO: [ app_init ] --END-- [ RunTime:0.000568s ]
ERR: 无法加载模块:Mysql

[ 2023-10-18T12:01:06+08:00 ] 156.96.155.229 /myadmin/
INFO: [ app_init ] --START--
INFO: Run Behavior\BuildLiteBehavior [ RunTime:0.000024s ]
INFO: [ app_init ] --END-- [ RunTime:0.000501s ]
ERR: 无法加载模块:Myadmin

[ 2023-10-18T12:01:07+08:00 ] 156.96.155.229 /openserver/phpmyadmin/
INFO: [ app_init ] --START--
INFO: Run Behavior\BuildLiteBehavior [ RunTime:0.000022s ]
INFO: [ app_init ] --END-- [ RunTime:0.000742s ]
ERR: 无法加载模块:Openserver

[ 2023-10-18T12:01:08+08:00 ] 156.96.155.229 /phpmyadmin2/
INFO: [ app_init ] --START--
INFO: Run Behavior\BuildLiteBehavior [ RunTime:0.000024s ]
INFO: [ app_init ] --END-- [ RunTime:0.000690s ]
ERR: 无法加载模块:Phpmyadmin2

[ 2023-10-18T12:01:08+08:00 ] 156.96.155.229 /phpMyAdmin2/
INFO: [ app_init ] --START--
INFO: Run Behavior\BuildLiteBehavior [ RunTime:0.000021s ]
INFO: [ app_init ] --END-- [ RunTime:0.000543s ]
ERR: 无法加载模块:PhpMyAdmin2

[ 2023-10-18T12:01:09+08:00 ] 156.96.155.229 /phpMyAdmin-2/
INFO: [ app_init ] --START--
INFO: Run Behavior\BuildLiteBehavior [ RunTime:0.000021s ]
INFO: [ app_init ] --END-- [ RunTime:0.000725s ]
ERR: 无法加载模块:PhpMyAdmin-2

[ 2023-10-18T12:01:09+08:00 ] 156.96.155.229 /php-my-admin/
INFO: [ app_init ] --START--
INFO: Run Behavior\BuildLiteBehavior [ RunTime:0.000020s ]
INFO: [ app_init ] --END-- [ RunTime:0.000543s ]
ERR: 无法加载模块:Php-my-admin

[ 2023-10-18T12:01:10+08:00 ] 156.96.155.229 /phpMyAdmin-2.2.3/
INFO: [ app_init ] --START--
INFO: Run Behavior\BuildLiteBehavior [ RunTime:0.000024s ]
INFO: [ app_init ] --END-- [ RunTime:0.000713s ]
ERR: 无法加载模块:PhpMyAdmin-2.2

[ 2023-10-18T12:01:10+08:00 ] 156.96.155.229 /phpMyAdmin-2.2.6/
INFO: [ app_init ] --START--
INFO: Run Behavior\BuildLiteBehavior [ RunTime:0.000043s ]
INFO: [ app_init ] --END-- [ RunTime:0.000440s ]
ERR: 无法加载模块:PhpMyAdmin-2.2

[ 2023-10-18T12:01:11+08:00 ] 156.96.155.229 /phpMyAdmin-2.5.1/
INFO: [ app_init ] --START--
INFO: Run Behavior\BuildLiteBehavior [ RunTime:0.000021s ]
INFO: [ app_init ] --END-- [ RunTime:0.000566s ]
ERR: 无法加载模块:PhpMyAdmin-2.5

[ 2023-10-18T12:01:11+08:00 ] 156.96.155.229 /phpMyAdmin-2.5.4/
INFO: [ app_init ] --START--
INFO: Run Behavior\BuildLiteBehavior [ RunTime:0.000021s ]
INFO: [ app_init ] --END-- [ RunTime:0.000510s ]
ERR: 无法加载模块:PhpMyAdmin-2.5

[ 2023-10-18T12:01:12+08:00 ] 156.96.155.229 /phpMyAdmin-2.5.5-rc1/
INFO: [ app_init ] --START--
INFO: Run Behavior\BuildLiteBehavior [ RunTime:0.000019s ]
INFO: [ app_init ] --END-- [ RunTime:0.000514s ]
ERR: 无法加载模块:PhpMyAdmin-2.5

[ 2023-10-18T12:01:12+08:00 ] 156.96.155.229 /phpMyAdmin-2.5.5-rc2/
INFO: [ app_init ] --START--
INFO: Run Behavior\BuildLiteBehavior [ RunTime:0.000020s ]
INFO: [ app_init ] --END-- [ RunTime:0.000540s ]
ERR: 无法加载模块:PhpMyAdmin-2.5

[ 2023-10-18T12:01:13+08:00 ] 156.96.155.229 /phpMyAdmin-2.5.5/
INFO: [ app_init ] --START--
INFO: Run Behavior\BuildLiteBehavior [ RunTime:0.000027s ]
INFO: [ app_init ] --END-- [ RunTime:0.000850s ]
ERR: 无法加载模块:PhpMyAdmin-2.5

[ 2023-10-18T12:01:14+08:00 ] 156.96.155.229 /phpMyAdmin-2.5.5-pl1/
INFO: [ app_init ] --START--
INFO: Run Behavior\BuildLiteBehavior [ RunTime:0.000011s ]
INFO: [ app_init ] --END-- [ RunTime:0.000666s ]
ERR: 无法加载模块:PhpMyAdmin-2.5

[ 2023-10-18T12:01:14+08:00 ] 156.96.155.229 /phpMyAdmin-2.5.6-rc1/
INFO: [ app_init ] --START--
INFO: Run Behavior\BuildLiteBehavior [ RunTime:0.000025s ]
INFO: [ app_init ] --END-- [ RunTime:0.000716s ]
ERR: 无法加载模块:PhpMyAdmin-2.5

[ 2023-10-18T12:01:15+08:00 ] 156.96.155.229 /phpMyAdmin-2.5.6-rc2/
INFO: [ app_init ] --START--
INFO: Run Behavior\BuildLiteBehavior [ RunTime:0.000027s ]
INFO: [ app_init ] --END-- [ RunTime:0.000846s ]
ERR: 无法加载模块:PhpMyAdmin-2.5

[ 2023-10-18T12:01:15+08:00 ] 156.96.155.229 /phpMyAdmin-2.5.6/
INFO: [ app_init ] --START--
INFO: Run Behavior\BuildLiteBehavior [ RunTime:0.000022s ]
INFO: [ app_init ] --END-- [ RunTime:0.000546s ]
ERR: 无法加载模块:PhpMyAdmin-2.5

[ 2023-10-18T12:01:16+08:00 ] 156.96.155.229 /phpMyAdmin-2.5.7/
INFO: [ app_init ] --START--
INFO: Run Behavior\BuildLiteBehavior [ RunTime:0.000039s ]
INFO: [ app_init ] --END-- [ RunTime:0.000698s ]
ERR: 无法加载模块:PhpMyAdmin-2.5

[ 2023-10-18T12:01:16+08:00 ] 156.96.155.229 /phpMyAdmin-2.5.7-pl1/
INFO: [ app_init ] --START--
INFO: Run Behavior\BuildLiteBehavior [ RunTime:0.000014s ]
INFO: [ app_init ] --END-- [ RunTime:0.000373s ]
ERR: 无法加载模块:PhpMyAdmin-2.5

[ 2023-10-18T12:01:17+08:00 ] 156.96.155.229 /phpMyAdmin-2.6.0-alpha/
INFO: [ app_init ] --START--
INFO: Run Behavior\BuildLiteBehavior [ RunTime:0.000019s ]
INFO: [ app_init ] --END-- [ RunTime:0.000488s ]
ERR: 无法加载模块:PhpMyAdmin-2.6

[ 2023-10-18T12:01:17+08:00 ] 156.96.155.229 /phpMyAdmin-2.6.0-alpha2/
INFO: [ app_init ] --START--
INFO: Run Behavior\BuildLiteBehavior [ RunTime:0.000090s ]
INFO: [ app_init ] --END-- [ RunTime:0.000885s ]
ERR: 无法加载模块:PhpMyAdmin-2.6

[ 2023-10-18T12:01:18+08:00 ] 156.96.155.229 /phpMyAdmin-2.6.0-beta1/
INFO: [ app_init ] --START--
INFO: Run Behavior\BuildLiteBehavior [ RunTime:0.000024s ]
INFO: [ app_init ] --END-- [ RunTime:0.000537s ]
ERR: 无法加载模块:PhpMyAdmin-2.6

[ 2023-10-18T12:01:19+08:00 ] 156.96.155.229 /phpMyAdmin-2.6.0-beta2/
INFO: [ app_init ] --START--
INFO: Run Behavior\BuildLiteBehavior [ RunTime:0.000021s ]
INFO: [ app_init ] --END-- [ RunTime:0.000552s ]
ERR: 无法加载模块:PhpMyAdmin-2.6

[ 2023-10-18T12:01:19+08:00 ] 156.96.155.229 /phpMyAdmin-2.6.0-rc1/
INFO: [ app_init ] --START--
INFO: Run Behavior\BuildLiteBehavior [ RunTime:0.000024s ]
INFO: [ app_init ] --END-- [ RunTime:0.000513s ]
ERR: 无法加载模块:PhpMyAdmin-2.6

[ 2023-10-18T12:01:20+08:00 ] 156.96.155.229 /phpMyAdmin-2.6.0-rc2/
INFO: [ app_init ] --START--
INFO: Run Behavior\BuildLiteBehavior [ RunTime:0.000063s ]
INFO: [ app_init ] --END-- [ RunTime:0.000880s ]
ERR: 无法加载模块:PhpMyAdmin-2.6

[ 2023-10-18T12:01:20+08:00 ] 156.96.155.229 /phpMyAdmin-2.6.0-rc3/
INFO: [ app_init ] --START--
INFO: Run Behavior\BuildLiteBehavior [ RunTime:0.000021s ]
INFO: [ app_init ] --END-- [ RunTime:0.000529s ]
ERR: 无法加载模块:PhpMyAdmin-2.6

[ 2023-10-18T12:01:21+08:00 ] 156.96.155.229 /phpMyAdmin-2.6.0/
INFO: [ app_init ] --START--
INFO: Run Behavior\BuildLiteBehavior [ RunTime:0.000027s ]
INFO: [ app_init ] --END-- [ RunTime:0.000751s ]
ERR: 无法加载模块:PhpMyAdmin-2.6

[ 2023-10-18T12:01:21+08:00 ] 156.96.155.229 /phpMyAdmin-2.6.0-pl1/
INFO: [ app_init ] --START--
INFO: Run Behavior\BuildLiteBehavior [ RunTime:0.000021s ]
INFO: [ app_init ] --END-- [ RunTime:0.000594s ]
ERR: 无法加载模块:PhpMyAdmin-2.6

[ 2023-10-18T12:01:22+08:00 ] 156.96.155.229 /phpMyAdmin-2.6.0-pl2/
INFO: [ app_init ] --START--
INFO: Run Behavior\BuildLiteBehavior [ RunTime:0.000016s ]
INFO: [ app_init ] --END-- [ RunTime:0.000437s ]
ERR: 无法加载模块:PhpMyAdmin-2.6

[ 2023-10-18T12:01:22+08:00 ] 156.96.155.229 /phpMyAdmin-2.6.0-pl3/
INFO: [ app_init ] --START--
INFO: Run Behavior\BuildLiteBehavior [ RunTime:0.000021s ]
INFO: [ app_init ] --END-- [ RunTime:0.000532s ]
ERR: 无法加载模块:PhpMyAdmin-2.6

[ 2023-10-18T12:01:23+08:00 ] 156.96.155.229 /phpMyAdmin-2.6.1-rc1/
INFO: [ app_init ] --START--
INFO: Run Behavior\BuildLiteBehavior [ RunTime:0.000021s ]
INFO: [ app_init ] --END-- [ RunTime:0.000519s ]
ERR: 无法加载模块:PhpMyAdmin-2.6

[ 2023-10-18T12:01:24+08:00 ] 156.96.155.229 /phpMyAdmin-2.6.1-rc2/
INFO: [ app_init ] --START--
INFO: Run Behavior\BuildLiteBehavior [ RunTime:0.000041s ]
INFO: [ app_init ] --END-- [ RunTime:0.000795s ]
ERR: 无法加载模块:PhpMyAdmin-2.6

[ 2023-10-18T12:01:24+08:00 ] 156.96.155.229 /phpMyAdmin-2.6.1/
INFO: [ app_init ] --START--
INFO: Run Behavior\BuildLiteBehavior [ RunTime:0.000028s ]
INFO: [ app_init ] --END-- [ RunTime:0.000761s ]
ERR: 无法加载模块:PhpMyAdmin-2.6

[ 2023-10-18T12:01:25+08:00 ] 156.96.155.229 /phpMyAdmin-2.6.1-pl1/
INFO: [ app_init ] --START--
INFO: Run Behavior\BuildLiteBehavior [ RunTime:0.000029s ]
INFO: [ app_init ] --END-- [ RunTime:0.000909s ]
ERR: 无法加载模块:PhpMyAdmin-2.6

[ 2023-10-18T12:01:25+08:00 ] 156.96.155.229 /phpMyAdmin-2.6.1-pl2/
INFO: [ app_init ] --START--
INFO: Run Behavior\BuildLiteBehavior [ RunTime:0.000021s ]
INFO: [ app_init ] --END-- [ RunTime:0.000718s ]
ERR: 无法加载模块:PhpMyAdmin-2.6

[ 2023-10-18T12:01:26+08:00 ] 156.96.155.229 /phpMyAdmin-2.6.1-pl3/
INFO: [ app_init ] --START--
INFO: Run Behavior\BuildLiteBehavior [ RunTime:0.000021s ]
INFO: [ app_init ] --END-- [ RunTime:0.000717s ]
ERR: 无法加载模块:PhpMyAdmin-2.6

[ 2023-10-18T12:01:26+08:00 ] 156.96.155.229 /phpMyAdmin-2.6.2-rc1/
INFO: [ app_init ] --START--
INFO: Run Behavior\BuildLiteBehavior [ RunTime:0.000021s ]
INFO: [ app_init ] --END-- [ RunTime:0.000587s ]
ERR: 无法加载模块:PhpMyAdmin-2.6

[ 2023-10-18T12:01:27+08:00 ] 156.96.155.229 /phpMyAdmin-2.6.2-beta1/
INFO: [ app_init ] --START--
INFO: Run Behavior\BuildLiteBehavior [ RunTime:0.000029s ]
INFO: [ app_init ] --END-- [ RunTime:0.000724s ]
ERR: 无法加载模块:PhpMyAdmin-2.6

[ 2023-10-18T12:01:28+08:00 ] 156.96.155.229 /phpMyAdmin-2.6.2-rc1/
INFO: [ app_init ] --START--
INFO: Run Behavior\BuildLiteBehavior [ RunTime:0.000021s ]
INFO: [ app_init ] --END-- [ RunTime:0.000582s ]
ERR: 无法加载模块:PhpMyAdmin-2.6

[ 2023-10-18T12:01:28+08:00 ] 156.96.155.229 /phpMyAdmin-2.6.2/
INFO: [ app_init ] --START--
INFO: Run Behavior\BuildLiteBehavior [ RunTime:0.000021s ]
INFO: [ app_init ] --END-- [ RunTime:0.000535s ]
ERR: 无法加载模块:PhpMyAdmin-2.6

[ 2023-10-18T12:01:29+08:00 ] 156.96.155.229 /phpMyAdmin-2.6.2-pl1/
INFO: [ app_init ] --START--
INFO: Run Behavior\BuildLiteBehavior [ RunTime:0.000021s ]
INFO: [ app_init ] --END-- [ RunTime:0.000568s ]
ERR: 无法加载模块:PhpMyAdmin-2.6

[ 2023-10-18T12:01:29+08:00 ] 156.96.155.229 /phpMyAdmin-2.6.3/
INFO: [ app_init ] --START--
INFO: Run Behavior\BuildLiteBehavior [ RunTime:0.000021s ]
INFO: [ app_init ] --END-- [ RunTime:0.000577s ]
ERR: 无法加载模块:PhpMyAdmin-2.6

[ 2023-10-18T12:01:30+08:00 ] 156.96.155.229 /phpMyAdmin-2.6.3-rc1/
INFO: [ app_init ] --START--
INFO: Run Behavior\BuildLiteBehavior [ RunTime:0.000020s ]
INFO: [ app_init ] --END-- [ RunTime:0.000521s ]
ERR: 无法加载模块:PhpMyAdmin-2.6

[ 2023-10-18T12:01:30+08:00 ] 156.96.155.229 /phpMyAdmin-2.6.3/
INFO: [ app_init ] --START--
INFO: Run Behavior\BuildLiteBehavior [ RunTime:0.000021s ]
INFO: [ app_init ] --END-- [ RunTime:0.000599s ]
ERR: 无法加载模块:PhpMyAdmin-2.6

[ 2023-10-18T12:01:31+08:00 ] 156.96.155.229 /phpMyAdmin-2.6.3-pl1/
INFO: [ app_init ] --START--
INFO: Run Behavior\BuildLiteBehavior [ RunTime:0.000027s ]
INFO: [ app_init ] --END-- [ RunTime:0.000855s ]
ERR: 无法加载模块:PhpMyAdmin-2.6

[ 2023-10-18T12:01:31+08:00 ] 156.96.155.229 /phpMyAdmin-2.6.4-rc1/
INFO: [ app_init ] --START--
INFO: Run Behavior\BuildLiteBehavior [ RunTime:0.000021s ]
INFO: [ app_init ] --END-- [ RunTime:0.000580s ]
ERR: 无法加载模块:PhpMyAdmin-2.6

[ 2023-10-18T12:01:32+08:00 ] 156.96.155.229 /phpMyAdmin-2.6.4-pl1/
INFO: [ app_init ] --START--
INFO: Run Behavior\BuildLiteBehavior [ RunTime:0.000021s ]
INFO: [ app_init ] --END-- [ RunTime:0.000671s ]
ERR: 无法加载模块:PhpMyAdmin-2.6

[ 2023-10-18T12:01:33+08:00 ] 156.96.155.229 /phpMyAdmin-2.6.4-pl2/
INFO: [ app_init ] --START--
INFO: Run Behavior\BuildLiteBehavior [ RunTime:0.000011s ]
INFO: [ app_init ] --END-- [ RunTime:0.000306s ]
ERR: 无法加载模块:PhpMyAdmin-2.6

[ 2023-10-18T12:01:33+08:00 ] 156.96.155.229 /phpMyAdmin-2.6.4-pl3/
INFO: [ app_init ] --START--
INFO: Run Behavior\BuildLiteBehavior [ RunTime:0.000022s ]
INFO: [ app_init ] --END-- [ RunTime:0.000558s ]
ERR: 无法加载模块:PhpMyAdmin-2.6

[ 2023-10-18T12:01:34+08:00 ] 156.96.155.229 /phpMyAdmin-2.6.4-pl4/
INFO: [ app_init ] --START--
INFO: Run Behavior\BuildLiteBehavior [ RunTime:0.000020s ]
INFO: [ app_init ] --END-- [ RunTime:0.000540s ]
ERR: 无法加载模块:PhpMyAdmin-2.6

[ 2023-10-18T12:01:34+08:00 ] 156.96.155.229 /phpMyAdmin-2.6.4/
INFO: [ app_init ] --START--
INFO: Run Behavior\BuildLiteBehavior [ RunTime:0.000028s ]
INFO: [ app_init ] --END-- [ RunTime:0.000771s ]
ERR: 无法加载模块:PhpMyAdmin-2.6

[ 2023-10-18T12:01:35+08:00 ] 156.96.155.229 /phpMyAdmin-2.7.0-beta1/
INFO: [ app_init ] --START--
INFO: Run Behavior\BuildLiteBehavior [ RunTime:0.000025s ]
INFO: [ app_init ] --END-- [ RunTime:0.001108s ]
ERR: 无法加载模块:PhpMyAdmin-2.7

[ 2023-10-18T12:01:35+08:00 ] 156.96.155.229 /phpMyAdmin-2.7.0-rc1/
INFO: [ app_init ] --START--
INFO: Run Behavior\BuildLiteBehavior [ RunTime:0.000013s ]
INFO: [ app_init ] --END-- [ RunTime:0.000370s ]
ERR: 无法加载模块:PhpMyAdmin-2.7

[ 2023-10-18T12:01:36+08:00 ] 156.96.155.229 /phpMyAdmin-2.7.0-pl1/
INFO: [ app_init ] --START--
INFO: Run Behavior\BuildLiteBehavior [ RunTime:0.000028s ]
INFO: [ app_init ] --END-- [ RunTime:0.000635s ]
ERR: 无法加载模块:PhpMyAdmin-2.7

[ 2023-10-18T12:01:36+08:00 ] 156.96.155.229 /phpMyAdmin-2.7.0-pl2/
INFO: [ app_init ] --START--
INFO: Run Behavior\BuildLiteBehavior [ RunTime:0.000022s ]
INFO: [ app_init ] --END-- [ RunTime:0.000527s ]
ERR: 无法加载模块:PhpMyAdmin-2.7

[ 2023-10-18T12:01:37+08:00 ] 156.96.155.229 /phpMyAdmin-2.7.0/
INFO: [ app_init ] --START--
INFO: Run Behavior\BuildLiteBehavior [ RunTime:0.000013s ]
INFO: [ app_init ] --END-- [ RunTime:0.000351s ]
ERR: 无法加载模块:PhpMyAdmin-2.7

[ 2023-10-18T12:01:38+08:00 ] 156.96.155.229 /phpMyAdmin-2.8.0-beta1/
INFO: [ app_init ] --START--
INFO: Run Behavior\BuildLiteBehavior [ RunTime:0.000021s ]
INFO: [ app_init ] --END-- [ RunTime:0.000615s ]
ERR: 无法加载模块:PhpMyAdmin-2.8

[ 2023-10-18T12:01:38+08:00 ] 156.96.155.229 /phpMyAdmin-2.8.0-rc1/
INFO: [ app_init ] --START--
INFO: Run Behavior\BuildLiteBehavior [ RunTime:0.000020s ]
INFO: [ app_init ] --END-- [ RunTime:0.000507s ]
ERR: 无法加载模块:PhpMyAdmin-2.8

[ 2023-10-18T12:01:39+08:00 ] 156.96.155.229 /phpMyAdmin-2.8.0-rc2/
INFO: [ app_init ] --START--
INFO: Run Behavior\BuildLiteBehavior [ RunTime:0.000037s ]
INFO: [ app_init ] --END-- [ RunTime:0.000737s ]
ERR: 无法加载模块:PhpMyAdmin-2.8

[ 2023-10-18T12:01:39+08:00 ] 156.96.155.229 /phpMyAdmin-2.8.0/
INFO: [ app_init ] --START--
INFO: Run Behavior\BuildLiteBehavior [ RunTime:0.000021s ]
INFO: [ app_init ] --END-- [ RunTime:0.000659s ]
ERR: 无法加载模块:PhpMyAdmin-2.8

[ 2023-10-18T12:01:40+08:00 ] 156.96.155.229 /phpMyAdmin-2.8.0.1/
INFO: [ app_init ] --START--
INFO: Run Behavior\BuildLiteBehavior [ RunTime:0.000021s ]
INFO: [ app_init ] --END-- [ RunTime:0.000544s ]
ERR: 无法加载模块:PhpMyAdmin-2.8.0

[ 2023-10-18T12:01:40+08:00 ] 156.96.155.229 /phpMyAdmin-2.8.0.2/
INFO: [ app_init ] --START--
INFO: Run Behavior\BuildLiteBehavior [ RunTime:0.000021s ]
INFO: [ app_init ] --END-- [ RunTime:0.000575s ]
ERR: 无法加载模块:PhpMyAdmin-2.8.0

[ 2023-10-18T12:01:41+08:00 ] 156.96.155.229 /phpMyAdmin-2.8.0.3/
INFO: [ app_init ] --START--
INFO: Run Behavior\BuildLiteBehavior [ RunTime:0.000019s ]
INFO: [ app_init ] --END-- [ RunTime:0.000522s ]
ERR: 无法加载模块:PhpMyAdmin-2.8.0

[ 2023-10-18T12:01:41+08:00 ] 156.96.155.229 /phpMyAdmin-2.8.0.4/
INFO: [ app_init ] --START--
INFO: Run Behavior\BuildLiteBehavior [ RunTime:0.000030s ]
INFO: [ app_init ] --END-- [ RunTime:0.000582s ]
ERR: 无法加载模块:PhpMyAdmin-2.8.0

[ 2023-10-18T12:01:42+08:00 ] 156.96.155.229 /phpMyAdmin-2.8.1-rc1/
INFO: [ app_init ] --START--
INFO: Run Behavior\BuildLiteBehavior [ RunTime:0.000020s ]
INFO: [ app_init ] --END-- [ RunTime:0.000343s ]
ERR: 无法加载模块:PhpMyAdmin-2.8

[ 2023-10-18T12:01:43+08:00 ] 156.96.155.229 /phpMyAdmin-2.8.1/
INFO: [ app_init ] --START--
INFO: Run Behavior\BuildLiteBehavior [ RunTime:0.000026s ]
INFO: [ app_init ] --END-- [ RunTime:0.000459s ]
ERR: 无法加载模块:PhpMyAdmin-2.8

[ 2023-10-18T12:01:43+08:00 ] 156.96.155.229 /phpMyAdmin-2.8.2/
INFO: [ app_init ] --START--
INFO: Run Behavior\BuildLiteBehavior [ RunTime:0.000021s ]
INFO: [ app_init ] --END-- [ RunTime:0.000539s ]
ERR: 无法加载模块:PhpMyAdmin-2.8

[ 2023-10-18T12:01:44+08:00 ] 156.96.155.229 /sqlmanager/
INFO: [ app_init ] --START--
INFO: Run Behavior\BuildLiteBehavior [ RunTime:0.000023s ]
INFO: [ app_init ] --END-- [ RunTime:0.000693s ]
ERR: 无法加载模块:Sqlmanager

[ 2023-10-18T12:01:44+08:00 ] 156.96.155.229 /mysqlmanager/
INFO: [ app_init ] --START--
INFO: Run Behavior\BuildLiteBehavior [ RunTime:0.000041s ]
INFO: [ app_init ] --END-- [ RunTime:0.000763s ]
ERR: 无法加载模块:Mysqlmanager

[ 2023-10-18T12:01:45+08:00 ] 156.96.155.229 /p/m/a/
INFO: [ app_init ] --START--
INFO: Run Behavior\BuildLiteBehavior [ RunTime:0.000021s ]
INFO: [ app_init ] --END-- [ RunTime:0.000524s ]
ERR: 无法加载模块:P

[ 2023-10-18T12:01:45+08:00 ] 156.96.155.229 /PMA2005/
INFO: [ app_init ] --START--
INFO: Run Behavior\BuildLiteBehavior [ RunTime:0.000020s ]
INFO: [ app_init ] --END-- [ RunTime:0.000542s ]
ERR: 无法加载模块:PMA2005

[ 2023-10-18T12:01:46+08:00 ] 156.96.155.229 /pma2005/
INFO: [ app_init ] --START--
INFO: Run Behavior\BuildLiteBehavior [ RunTime:0.000030s ]
INFO: [ app_init ] --END-- [ RunTime:0.000755s ]
ERR: 无法加载模块:Pma2005

[ 2023-10-18T12:01:49+08:00 ] 156.96.155.229 /phpmanager/
INFO: [ app_init ] --START--
INFO: Run Behavior\BuildLiteBehavior [ RunTime:0.000023s ]
INFO: [ app_init ] --END-- [ RunTime:0.000657s ]
ERR: 无法加载模块:Phpmanager

[ 2023-10-18T12:01:50+08:00 ] 156.96.155.229 /php-myadmin/
INFO: [ app_init ] --START--
INFO: Run Behavior\BuildLiteBehavior [ RunTime:0.000021s ]
INFO: [ app_init ] --END-- [ RunTime:0.000548s ]
ERR: 无法加载模块:Php-myadmin

[ 2023-10-18T12:01:51+08:00 ] 156.96.155.229 /phpmy-admin/
INFO: [ app_init ] --START--
INFO: Run Behavior\BuildLiteBehavior [ RunTime:0.000018s ]
INFO: [ app_init ] --END-- [ RunTime:0.000505s ]
ERR: 无法加载模块:Phpmy-admin

[ 2023-10-18T12:01:51+08:00 ] 156.96.155.229 /webadmin/
INFO: [ app_init ] --START--
INFO: Run Behavior\BuildLiteBehavior [ RunTime:0.000020s ]
INFO: [ app_init ] --END-- [ RunTime:0.000694s ]
ERR: 无法加载模块:Webadmin

[ 2023-10-18T12:01:52+08:00 ] 156.96.155.229 /sqlweb/
INFO: [ app_init ] --START--
INFO: Run Behavior\BuildLiteBehavior [ RunTime:0.000022s ]
INFO: [ app_init ] --END-- [ RunTime:0.000564s ]
ERR: 无法加载模块:Sqlweb

[ 2023-10-18T12:01:52+08:00 ] 156.96.155.229 /websql/
INFO: [ app_init ] --START--
INFO: Run Behavior\BuildLiteBehavior [ RunTime:0.000021s ]
INFO: [ app_init ] --END-- [ RunTime:0.000584s ]
ERR: 无法加载模块:Websql

[ 2023-10-18T12:01:53+08:00 ] 156.96.155.229 /webdb/
INFO: [ app_init ] --START--
INFO: Run Behavior\BuildLiteBehavior [ RunTime:0.000020s ]
INFO: [ app_init ] --END-- [ RunTime:0.000514s ]
ERR: 无法加载模块:Webdb

[ 2023-10-18T12:01:53+08:00 ] 156.96.155.229 /mysqladmin/
INFO: [ app_init ] --START--
INFO: Run Behavior\BuildLiteBehavior [ RunTime:0.000015s ]
INFO: [ app_init ] --END-- [ RunTime:0.000357s ]
ERR: 无法加载模块:Mysqladmin

[ 2023-10-18T12:01:54+08:00 ] 156.96.155.229 /mysql-admin/
INFO: [ app_init ] --START--
INFO: Run Behavior\BuildLiteBehavior [ RunTime:0.000021s ]
INFO: [ app_init ] --END-- [ RunTime:0.000530s ]
ERR: 无法加载模块:Mysql-admin

[ 2023-10-18T12:33:06+08:00 ] 51.222.253.12 /robots.txt
INFO: [ app_init ] --START--
INFO: Run Behavior\BuildLiteBehavior [ RunTime:0.000021s ]
INFO: [ app_init ] --END-- [ RunTime:0.000545s ]
ERR: 无法加载模块:Robots

[ 2023-10-18T16:53:08+08:00 ] 35.177.152.14 /api/v1/charts
INFO: [ app_init ] --START--
INFO: Run Behavior\BuildLiteBehavior [ RunTime:0.000022s ]
INFO: [ app_init ] --END-- [ RunTime:0.000557s ]
ERR: 无法加载模块:Api

[ 2023-10-18T16:59:07+08:00 ] 35.177.152.14 /+CSCOE+/logon.html
INFO: [ app_init ] --START--
INFO: Run Behavior\BuildLiteBehavior [ RunTime:0.000038s ]
INFO: [ app_init ] --END-- [ RunTime:0.000585s ]
ERR: 无法加载模块: CSCOE 

[ 2023-10-18T17:02:11+08:00 ] 35.177.152.14 /doc/page/login.asp
INFO: [ app_init ] --START--
INFO: Run Behavior\BuildLiteBehavior [ RunTime:0.000021s ]
INFO: [ app_init ] --END-- [ RunTime:0.000539s ]
ERR: 无法加载模块:Doc

[ 2023-10-18T17:05:13+08:00 ] 35.177.152.14 /users/sign_in
INFO: [ app_init ] --START--
INFO: Run Behavior\BuildLiteBehavior [ RunTime:0.000021s ]
INFO: [ app_init ] --END-- [ RunTime:0.000581s ]
ERR: 无法加载模块:Users

[ 2023-10-18T17:08:17+08:00 ] 35.177.152.14 /webconsole/webpages/login.jsp
INFO: [ app_init ] --START--
INFO: Run Behavior\BuildLiteBehavior [ RunTime:0.000022s ]
INFO: [ app_init ] --END-- [ RunTime:0.000502s ]
ERR: 无法加载模块:Webconsole

[ 2023-10-18T17:11:17+08:00 ] 35.177.152.14 /login/?next=/
INFO: [ app_init ] --START--
INFO: Run Behavior\BuildLiteBehavior [ RunTime:0.000062s ]
INFO: [ app_init ] --END-- [ RunTime:0.000757s ]
ERR: 无法加载模块:Login

[ 2023-10-18T17:17:11+08:00 ] 35.177.152.14 /global-protect/login.esp
INFO: [ app_init ] --START--
INFO: Run Behavior\BuildLiteBehavior [ RunTime:0.000029s ]
INFO: [ app_init ] --END-- [ RunTime:0.001082s ]
ERR: 无法加载模块:Global-protect

[ 2023-10-18T17:20:12+08:00 ] 35.177.152.14 /doc/script/lib/seajs/config/sea-config.js
INFO: [ app_init ] --START--
INFO: Run Behavior\BuildLiteBehavior [ RunTime:0.000021s ]
INFO: [ app_init ] --END-- [ RunTime:0.000571s ]
ERR: 无法加载模块:Doc

[ 2023-10-18T17:23:04+08:00 ] 35.177.152.14 /manage/account/login
INFO: [ app_init ] --START--
INFO: Run Behavior\BuildLiteBehavior [ RunTime:0.000026s ]
INFO: [ app_init ] --END-- [ RunTime:0.000605s ]
ERR: 无法加载模块:Manage

[ 2023-10-18T17:26:09+08:00 ] 35.177.152.14 /login.rsp
INFO: [ app_init ] --START--
INFO: Run Behavior\BuildLiteBehavior [ RunTime:0.000026s ]
INFO: [ app_init ] --END-- [ RunTime:0.000732s ]
ERR: 无法加载模块:Login

[ 2023-10-18T17:29:07+08:00 ] 35.177.152.14 /Login.html
INFO: [ app_init ] --START--
INFO: Run Behavior\BuildLiteBehavior [ RunTime:0.000028s ]
INFO: [ app_init ] --END-- [ RunTime:0.000686s ]
ERR: 无法加载模块:Login

[ 2023-10-18T17:32:10+08:00 ] 35.177.152.14 /login.html
INFO: [ app_init ] --START--
INFO: Run Behavior\BuildLiteBehavior [ RunTime:0.000010s ]
INFO: [ app_init ] --END-- [ RunTime:0.000273s ]
ERR: 无法加载模块:Login

[ 2023-10-18T17:35:08+08:00 ] 35.177.152.14 /npclient.html
INFO: [ app_init ] --START--
INFO: Run Behavior\BuildLiteBehavior [ RunTime:0.000035s ]
INFO: [ app_init ] --END-- [ RunTime:0.000895s ]
ERR: 无法加载模块:Npclient

[ 2023-10-18T17:38:08+08:00 ] 35.177.152.14 /NPClient.html
INFO: [ app_init ] --START--
INFO: Run Behavior\BuildLiteBehavior [ RunTime:0.000015s ]
INFO: [ app_init ] --END-- [ RunTime:0.000389s ]
ERR: 无法加载模块:NPClient

[ 2023-10-18T17:39:43+08:00 ] 157.230.159.194 /webui/logoutconfirm.html?logon_hash=1
INFO: [ app_init ] --START--
INFO: Run Behavior\BuildLiteBehavior [ RunTime:0.000021s ]
INFO: [ app_init ] --END-- [ RunTime:0.000556s ]
ERR: 无法加载模块:Webui

[ 2023-10-18T17:41:05+08:00 ] 35.177.152.14 /apps
INFO: [ app_init ] --START--
INFO: Run Behavior\BuildLiteBehavior [ RunTime:0.000026s ]
INFO: [ app_init ] --END-- [ RunTime:0.000758s ]
ERR: 无法加载模块:Apps

[ 2023-10-18T17:47:19+08:00 ] 35.177.152.14 /index.asp
INFO: [ app_init ] --START--
INFO: Run Behavior\BuildLiteBehavior [ RunTime:0.000028s ]
INFO: [ app_init ] --END-- [ RunTime:0.000813s ]
ERR: 无法加载模块:Index

[ 2023-10-18T17:50:22+08:00 ] 35.177.152.14 /video.html
INFO: [ app_init ] --START--
INFO: Run Behavior\BuildLiteBehavior [ RunTime:0.000025s ]
INFO: [ app_init ] --END-- [ RunTime:0.000581s ]
ERR: 无法加载模块:Video

[ 2023-10-18T17:53:23+08:00 ] 35.177.152.14 /2.0/gui/
INFO: [ app_init ] --START--
INFO: Run Behavior\BuildLiteBehavior [ RunTime:0.000040s ]
INFO: [ app_init ] --END-- [ RunTime:0.000779s ]
ERR: 无法加载模块:2.0

[ 2023-10-18T17:56:24+08:00 ] 35.177.152.14 /mm/
INFO: [ app_init ] --START--
INFO: Run Behavior\BuildLiteBehavior [ RunTime:0.000023s ]
INFO: [ app_init ] --END-- [ RunTime:0.000709s ]
ERR: 无法加载模块:Mm

[ 2023-10-18T17:59:26+08:00 ] 35.177.152.14 /ui
INFO: [ app_init ] --START--
INFO: Run Behavior\BuildLiteBehavior [ RunTime:0.000023s ]
INFO: [ app_init ] --END-- [ RunTime:0.000575s ]
ERR: 无法加载模块:Ui

[ 2023-10-18T18:02:28+08:00 ] 35.177.152.14 /portal
INFO: [ app_init ] --START--
INFO: Run Behavior\BuildLiteBehavior [ RunTime:0.000020s ]
INFO: [ app_init ] --END-- [ RunTime:0.000593s ]
ERR: 无法加载模块:Portal

[ 2023-10-18T18:05:33+08:00 ] 35.177.152.14 /node
INFO: [ app_init ] --START--
INFO: Run Behavior\BuildLiteBehavior [ RunTime:0.000026s ]
INFO: [ app_init ] --END-- [ RunTime:0.000744s ]
ERR: 无法加载模块:Node

[ 2023-10-18T18:08:06+08:00 ] 35.177.152.14 /login.cs
INFO: [ app_init ] --START--
INFO: Run Behavior\BuildLiteBehavior [ RunTime:0.000021s ]
INFO: [ app_init ] --END-- [ RunTime:0.000552s ]
ERR: 无法加载模块:Login

[ 2023-10-18T18:10:36+08:00 ] 35.177.152.14 /login
INFO: [ app_init ] --START--
INFO: Run Behavior\BuildLiteBehavior [ RunTime:0.000027s ]
INFO: [ app_init ] --END-- [ RunTime:0.000741s ]
ERR: 无法加载模块:Login

[ 2023-10-18T18:12:59+08:00 ] 35.177.152.14 /WebViewer.html
INFO: [ app_init ] --START--
INFO: Run Behavior\BuildLiteBehavior [ RunTime:0.000020s ]
INFO: [ app_init ] --END-- [ RunTime:0.000508s ]
ERR: 无法加载模块:WebViewer

[ 2023-10-18T18:15:30+08:00 ] 35.177.152.14 /vpn/index.html
INFO: [ app_init ] --START--
INFO: Run Behavior\BuildLiteBehavior [ RunTime:0.000020s ]
INFO: [ app_init ] --END-- [ RunTime:0.000615s ]
ERR: 无法加载模块:Vpn

[ 2023-10-18T18:18:01+08:00 ] 35.177.152.14 /web/index.html
INFO: [ app_init ] --START--
INFO: Run Behavior\BuildLiteBehavior [ RunTime:0.000022s ]
INFO: [ app_init ] --END-- [ RunTime:0.000636s ]
ERR: 无法加载模块:Web

[ 2023-10-18T18:20:32+08:00 ] 35.177.152.14 /webui
INFO: [ app_init ] --START--
INFO: Run Behavior\BuildLiteBehavior [ RunTime:0.000022s ]
INFO: [ app_init ] --END-- [ RunTime:0.000583s ]
ERR: 无法加载模块:Webui

[ 2023-10-18T18:23:02+08:00 ] 35.177.152.14 /NPClient.html
INFO: [ app_init ] --START--
INFO: Run Behavior\BuildLiteBehavior [ RunTime:0.000027s ]
INFO: [ app_init ] --END-- [ RunTime:0.000730s ]
ERR: 无法加载模块:NPClient

[ 2023-10-18T18:31:00+08:00 ] 5.255.231.120 /robots.txt
INFO: [ app_init ] --START--
INFO: Run Behavior\BuildLiteBehavior [ RunTime:0.000021s ]
INFO: [ app_init ] --END-- [ RunTime:0.000742s ]
ERR: 无法加载模块:Robots

[ 2023-10-18T20:23:34+08:00 ] 83.97.73.87 /actuator/gateway/routes
INFO: [ app_init ] --START--
INFO: Run Behavior\BuildLiteBehavior [ RunTime:0.000020s ]
INFO: [ app_init ] --END-- [ RunTime:0.000509s ]
ERR: 无法加载模块:Actuator

[ 2023-10-18T21:21:17+08:00 ] 101.43.128.214 /phpmyadmin/index.php
INFO: [ app_init ] --START--
INFO: Run Behavior\BuildLiteBehavior [ RunTime:0.000020s ]
INFO: [ app_init ] --END-- [ RunTime:0.000487s ]
ERR: 无法加载模块:Phpmyadmin

[ 2023-10-18T21:28:48+08:00 ] 216.218.206.69 /geoserver/web/
INFO: [ app_init ] --START--
INFO: Run Behavior\BuildLiteBehavior [ RunTime:0.000020s ]
INFO: [ app_init ] --END-- [ RunTime:0.000535s ]
ERR: 无法加载模块:Geoserver

[ 2023-10-18T23:59:12+08:00 ] 54.36.148.209 /robots.txt
INFO: [ app_init ] --START--
INFO: Run Behavior\BuildLiteBehavior [ RunTime:0.000013s ]
INFO: [ app_init ] --END-- [ RunTime:0.000380s ]
ERR: 无法加载模块:Robots

