[ 2023-10-01T00:28:43+08:00 ] 193.35.18.31 /boaform/admin/formLogin
INFO: [ app_init ] --START--
INFO: Run Behavior\BuildLiteBehavior [ RunTime:0.000018s ]
INFO: [ app_init ] --END-- [ RunTime:0.000482s ]
ERR: 无法加载模块:Boaform

[ 2023-10-01T02:33:28+08:00 ] 223.111.175.4 /js/layer.js
INFO: [ app_init ] --START--
INFO: Run Behavior\BuildLiteBehavior [ RunTime:0.000010s ]
INFO: [ app_init ] --END-- [ RunTime:0.000307s ]
ERR: 无法加载模块:Js

[ 2023-10-01T02:33:29+08:00 ] 223.111.175.4 /robots.txt
INFO: [ app_init ] --START--
INFO: Run Behavior\BuildLiteBehavior [ RunTime:0.000025s ]
INFO: [ app_init ] --END-- [ RunTime:0.000662s ]
ERR: 无法加载模块:Robots

[ 2023-10-01T02:33:29+08:00 ] 223.111.175.4 /sitemap.xml
INFO: [ app_init ] --START--
INFO: Run Behavior\BuildLiteBehavior [ RunTime:0.000025s ]
INFO: [ app_init ] --END-- [ RunTime:0.000662s ]
ERR: 无法加载模块:Sitemap

[ 2023-10-01T02:33:48+08:00 ] 223.111.175.4 /axis2-admin/
INFO: [ app_init ] --START--
INFO: Run Behavior\BuildLiteBehavior [ RunTime:0.000019s ]
INFO: [ app_init ] --END-- [ RunTime:0.000542s ]
ERR: 无法加载模块:Axis2-admin

[ 2023-10-01T02:33:49+08:00 ] 223.111.175.4 /axis2/
INFO: [ app_init ] --START--
INFO: Run Behavior\BuildLiteBehavior [ RunTime:0.000019s ]
INFO: [ app_init ] --END-- [ RunTime:0.000489s ]
ERR: 无法加载模块:Axis2

[ 2023-10-01T02:33:50+08:00 ] 223.111.175.4 /axis2/axis2-admin/
INFO: [ app_init ] --START--
INFO: Run Behavior\BuildLiteBehavior [ RunTime:0.000020s ]
INFO: [ app_init ] --END-- [ RunTime:0.000534s ]
ERR: 无法加载模块:Axis2

[ 2023-10-01T02:33:54+08:00 ] 223.111.175.4 /pma/index.php
INFO: [ app_init ] --START--
INFO: Run Behavior\BuildLiteBehavior [ RunTime:0.000019s ]
INFO: [ app_init ] --END-- [ RunTime:0.000542s ]
ERR: 无法加载模块:Pma

[ 2023-10-01T02:33:57+08:00 ] 223.111.175.4 /phpmyadmin/index.php
INFO: [ app_init ] --START--
INFO: Run Behavior\BuildLiteBehavior [ RunTime:0.000026s ]
INFO: [ app_init ] --END-- [ RunTime:0.000738s ]
ERR: 无法加载模块:Phpmyadmin

[ 2023-10-01T02:34:00+08:00 ] 223.111.175.4 /PhpMyAdmin/index.php
INFO: [ app_init ] --START--
INFO: Run Behavior\BuildLiteBehavior [ RunTime:0.000019s ]
INFO: [ app_init ] --END-- [ RunTime:0.000485s ]
ERR: 无法加载模块:PhpMyAdmin

[ 2023-10-01T02:34:01+08:00 ] 223.111.175.4 /index_sso.php
INFO: [ app_init ] --START--
INFO: Run Behavior\BuildLiteBehavior [ RunTime:0.000026s ]
INFO: [ app_init ] --END-- [ RunTime:0.000814s ]
ERR: 无法加载模块:Index_sso

[ 2023-10-01T03:07:41+08:00 ] 95.214.55.115 /boaform/admin/formLogin
INFO: [ app_init ] --START--
INFO: Run Behavior\BuildLiteBehavior [ RunTime:0.000021s ]
INFO: [ app_init ] --END-- [ RunTime:0.000545s ]
ERR: 无法加载模块:Boaform

[ 2023-10-01T04:28:42+08:00 ] 192.241.222.40 /ReportServer
INFO: [ app_init ] --START--
INFO: Run Behavior\BuildLiteBehavior [ RunTime:0.000020s ]
INFO: [ app_init ] --END-- [ RunTime:0.000590s ]
ERR: 无法加载模块:ReportServer

[ 2023-10-01T08:19:51+08:00 ] 185.180.143.48 /showLogin.cc
INFO: [ app_init ] --START--
INFO: Run Behavior\BuildLiteBehavior [ RunTime:0.000020s ]
INFO: [ app_init ] --END-- [ RunTime:0.000593s ]
ERR: 无法加载模块:ShowLogin

[ 2023-10-01T08:43:56+08:00 ] 193.35.18.31 /boaform/admin/formLogin
INFO: [ app_init ] --START--
INFO: Run Behavior\BuildLiteBehavior [ RunTime:0.000019s ]
INFO: [ app_init ] --END-- [ RunTime:0.000521s ]
ERR: 无法加载模块:Boaform

[ 2023-10-01T09:00:56+08:00 ] 34.242.99.142 /icons/apache_pb.gif
INFO: [ app_init ] --START--
INFO: Run Behavior\BuildLiteBehavior [ RunTime:0.000020s ]
INFO: [ app_init ] --END-- [ RunTime:0.000540s ]
ERR: 无法加载模块:Icons

[ 2023-10-01T12:13:44+08:00 ] 83.97.73.87 /actuator/gateway/routes
INFO: [ app_init ] --START--
INFO: Run Behavior\BuildLiteBehavior [ RunTime:0.000027s ]
INFO: [ app_init ] --END-- [ RunTime:0.000861s ]
ERR: 无法加载模块:Actuator

[ 2023-10-01T13:15:16+08:00 ] 95.214.55.115 /boaform/admin/formLogin
INFO: [ app_init ] --START--
INFO: Run Behavior\BuildLiteBehavior [ RunTime:0.000025s ]
INFO: [ app_init ] --END-- [ RunTime:0.000648s ]
ERR: 无法加载模块:Boaform

[ 2023-10-01T13:50:37+08:00 ] 193.35.18.31 /boaform/admin/formLogin
INFO: [ app_init ] --START--
INFO: Run Behavior\BuildLiteBehavior [ RunTime:0.000027s ]
INFO: [ app_init ] --END-- [ RunTime:0.000571s ]
ERR: 无法加载模块:Boaform

[ 2023-10-01T14:29:16+08:00 ] 192.241.203.28 /hudson
INFO: [ app_init ] --START--
INFO: Run Behavior\BuildLiteBehavior [ RunTime:0.000017s ]
INFO: [ app_init ] --END-- [ RunTime:0.000511s ]
ERR: 无法加载模块:Hudson

[ 2023-10-01T16:01:54+08:00 ] 109.237.98.226 /.aws/credentials
INFO: [ app_init ] --START--
INFO: Run Behavior\BuildLiteBehavior [ RunTime:0.000020s ]
INFO: [ app_init ] --END-- [ RunTime:0.000522s ]
ERR: 无法加载模块:.aws

[ 2023-10-01T16:53:01+08:00 ] 52.167.144.231 /sitemap_index.xml
INFO: [ app_init ] --START--
INFO: Run Behavior\BuildLiteBehavior [ RunTime:0.000020s ]
INFO: [ app_init ] --END-- [ RunTime:0.000505s ]
ERR: 无法加载模块:Sitemap_index

[ 2023-10-01T17:07:52+08:00 ] 40.77.167.59 /sitemap.xml.gz
INFO: [ app_init ] --START--
INFO: Run Behavior\BuildLiteBehavior [ RunTime:0.000020s ]
INFO: [ app_init ] --END-- [ RunTime:0.000537s ]
ERR: 无法加载模块:Sitemap.xml

[ 2023-10-01T17:45:49+08:00 ] 52.167.144.57 /robots.txt
INFO: [ app_init ] --START--
INFO: Run Behavior\BuildLiteBehavior [ RunTime:0.000019s ]
INFO: [ app_init ] --END-- [ RunTime:0.000512s ]
ERR: 无法加载模块:Robots

[ 2023-10-01T17:46:05+08:00 ] 40.77.167.79 /sitemap_index.xml
INFO: [ app_init ] --START--
INFO: Run Behavior\BuildLiteBehavior [ RunTime:0.000027s ]
INFO: [ app_init ] --END-- [ RunTime:0.000773s ]
ERR: 无法加载模块:Sitemap_index

[ 2023-10-01T17:58:32+08:00 ] 52.167.144.57 /robots.txt
INFO: [ app_init ] --START--
INFO: Run Behavior\BuildLiteBehavior [ RunTime:0.000020s ]
INFO: [ app_init ] --END-- [ RunTime:0.000545s ]
ERR: 无法加载模块:Robots

[ 2023-10-01T17:58:37+08:00 ] 52.167.144.204 /sitemap.xml.gz
INFO: [ app_init ] --START--
INFO: Run Behavior\BuildLiteBehavior [ RunTime:0.000026s ]
INFO: [ app_init ] --END-- [ RunTime:0.000743s ]
ERR: 无法加载模块:Sitemap.xml

[ 2023-10-01T18:15:33+08:00 ] 104.234.204.134 /.aws/credentials
INFO: [ app_init ] --START--
INFO: Run Behavior\BuildLiteBehavior [ RunTime:0.000020s ]
INFO: [ app_init ] --END-- [ RunTime:0.000510s ]
ERR: 无法加载模块:.aws

[ 2023-10-01T18:48:38+08:00 ] 172.176.216.225 /wp-content/
INFO: [ app_init ] --START--
INFO: Run Behavior\BuildLiteBehavior [ RunTime:0.000020s ]
INFO: [ app_init ] --END-- [ RunTime:0.000522s ]
ERR: 无法加载模块:Wp-content

[ 2023-10-01T19:21:03+08:00 ] 64.227.150.86 /aaa9
INFO: [ app_init ] --START--
INFO: Run Behavior\BuildLiteBehavior [ RunTime:0.000020s ]
INFO: [ app_init ] --END-- [ RunTime:0.000548s ]
ERR: 无法加载模块:Aaa9

[ 2023-10-01T19:21:11+08:00 ] 64.227.150.86 /aab8
INFO: [ app_init ] --START--
INFO: Run Behavior\BuildLiteBehavior [ RunTime:0.000018s ]
INFO: [ app_init ] --END-- [ RunTime:0.000506s ]
ERR: 无法加载模块:Aab8

[ 2023-10-01T19:36:27+08:00 ] 192.241.226.52 /portal/redlion
INFO: [ app_init ] --START--
INFO: Run Behavior\BuildLiteBehavior [ RunTime:0.000020s ]
INFO: [ app_init ] --END-- [ RunTime:0.000564s ]
ERR: 无法加载模块:Portal

[ 2023-10-01T20:57:38+08:00 ] 216.218.206.69 /geoserver/web/
INFO: [ app_init ] --START--
INFO: Run Behavior\BuildLiteBehavior [ RunTime:0.000020s ]
INFO: [ app_init ] --END-- [ RunTime:0.000509s ]
ERR: 无法加载模块:Geoserver

[ 2023-10-01T21:28:30+08:00 ] 194.169.175.23 /wp-content/plugins/WordPressCore/include.php
INFO: [ app_init ] --START--
INFO: Run Behavior\BuildLiteBehavior [ RunTime:0.000027s ]
INFO: [ app_init ] --END-- [ RunTime:0.000845s ]
ERR: 无法加载模块:Wp-content

[ 2023-10-01T21:28:32+08:00 ] 194.169.175.23 /wp-content/plugins/core-plugin/include.php
INFO: [ app_init ] --START--
INFO: Run Behavior\BuildLiteBehavior [ RunTime:0.000021s ]
INFO: [ app_init ] --END-- [ RunTime:0.000605s ]
ERR: 无法加载模块:Wp-content

[ 2023-10-01T21:28:34+08:00 ] 194.169.175.23 /wp-includes/widgets/include.php
INFO: [ app_init ] --START--
INFO: Run Behavior\BuildLiteBehavior [ RunTime:0.000022s ]
INFO: [ app_init ] --END-- [ RunTime:0.000796s ]
ERR: 无法加载模块:Wp-includes

[ 2023-10-01T21:28:36+08:00 ] 194.169.175.23 /wp-includes/images/include.php
INFO: [ app_init ] --START--
INFO: Run Behavior\BuildLiteBehavior [ RunTime:0.000019s ]
INFO: [ app_init ] --END-- [ RunTime:0.000487s ]
ERR: 无法加载模块:Wp-includes

[ 2023-10-01T21:28:38+08:00 ] 194.169.175.23 /wp-content/admin.php
INFO: [ app_init ] --START--
INFO: Run Behavior\BuildLiteBehavior [ RunTime:0.000015s ]
INFO: [ app_init ] --END-- [ RunTime:0.000404s ]
ERR: 无法加载模块:Wp-content

[ 2023-10-01T21:28:39+08:00 ] 194.169.175.23 /wp-content/plugins/about.php
INFO: [ app_init ] --START--
INFO: Run Behavior\BuildLiteBehavior [ RunTime:0.000021s ]
INFO: [ app_init ] --END-- [ RunTime:0.000547s ]
ERR: 无法加载模块:Wp-content

[ 2023-10-01T21:28:40+08:00 ] 194.169.175.23 /geju.php
INFO: [ app_init ] --START--
INFO: Run Behavior\BuildLiteBehavior [ RunTime:0.000019s ]
INFO: [ app_init ] --END-- [ RunTime:0.000507s ]
ERR: 无法加载模块:Geju

[ 2023-10-01T21:28:43+08:00 ] 194.169.175.23 /ayk.php
INFO: [ app_init ] --START--
INFO: Run Behavior\BuildLiteBehavior [ RunTime:0.000021s ]
INFO: [ app_init ] --END-- [ RunTime:0.000551s ]
ERR: 无法加载模块:Ayk

[ 2023-10-01T21:28:43+08:00 ] 194.169.175.23 /wp.php
INFO: [ app_init ] --START--
INFO: Run Behavior\BuildLiteBehavior [ RunTime:0.000019s ]
INFO: [ app_init ] --END-- [ RunTime:0.000501s ]
ERR: 无法加载模块:Wp

[ 2023-10-01T22:06:46+08:00 ] 45.79.167.216 /HNAP1/
INFO: [ app_init ] --START--
INFO: Run Behavior\BuildLiteBehavior [ RunTime:0.000019s ]
INFO: [ app_init ] --END-- [ RunTime:0.000528s ]
ERR: 无法加载模块:HNAP1

[ 2023-10-01T23:17:09+08:00 ] 198.199.119.15 /manager/text/list
INFO: [ app_init ] --START--
INFO: Run Behavior\BuildLiteBehavior [ RunTime:0.000025s ]
INFO: [ app_init ] --END-- [ RunTime:0.000795s ]
ERR: 无法加载模块:Manager

