[ 2023-11-16T00:07:10+08:00 ] 121.229.3.105 /phpmyadmin/index.php
INFO: [ app_init ] --START--
INFO: Run Behavior\BuildLiteBehavior [ RunTime:0.000028s ]
INFO: [ app_init ] --END-- [ RunTime:0.000781s ]
ERR: 无法加载模块:Phpmyadmin

[ 2023-11-16T00:07:10+08:00 ] 121.229.3.105 /phpmyadmin4.8.5/index.php
INFO: [ app_init ] --START--
INFO: Run Behavior\BuildLiteBehavior [ RunTime:0.000019s ]
INFO: [ app_init ] --END-- [ RunTime:0.000479s ]
ERR: 无法加载模块:Phpmyadmin4.8.5

[ 2023-11-16T00:18:37+08:00 ] 173.236.152.119 /wp-login.php
INFO: [ app_init ] --START--
INFO: Run Behavior\BuildLiteBehavior [ RunTime:0.000015s ]
INFO: [ app_init ] --END-- [ RunTime:0.000397s ]
ERR: 无法加载模块:Wp-login

[ 2023-11-16T00:22:24+08:00 ] 118.25.18.229 /phpmyadmin/index.php
INFO: [ app_init ] --START--
INFO: Run Behavior\BuildLiteBehavior [ RunTime:0.000026s ]
INFO: [ app_init ] --END-- [ RunTime:0.000728s ]
ERR: 无法加载模块:Phpmyadmin

[ 2023-11-16T00:22:24+08:00 ] 118.25.18.229 /pmd/index.php
INFO: [ app_init ] --START--
INFO: Run Behavior\BuildLiteBehavior [ RunTime:0.000021s ]
INFO: [ app_init ] --END-- [ RunTime:0.000668s ]
ERR: 无法加载模块:Pmd

[ 2023-11-16T00:22:24+08:00 ] 118.25.18.229 /phpmyadmin4.8.5/index.php
INFO: [ app_init ] --START--
INFO: Run Behavior\BuildLiteBehavior [ RunTime:0.000021s ]
INFO: [ app_init ] --END-- [ RunTime:0.000580s ]
ERR: 无法加载模块:Phpmyadmin4.8.5

[ 2023-11-16T00:29:52+08:00 ] 106.75.74.57 /js/layer.js
INFO: [ app_init ] --START--
INFO: Run Behavior\BuildLiteBehavior [ RunTime:0.000020s ]
INFO: [ app_init ] --END-- [ RunTime:0.000497s ]
ERR: 无法加载模块:Js

[ 2023-11-16T00:29:52+08:00 ] 106.75.74.57 /robots.txt
INFO: [ app_init ] --START--
INFO: Run Behavior\BuildLiteBehavior [ RunTime:0.000020s ]
INFO: [ app_init ] --END-- [ RunTime:0.000521s ]
ERR: 无法加载模块:Robots

[ 2023-11-16T00:29:52+08:00 ] 106.75.74.57 /sitemap.xml
INFO: [ app_init ] --START--
INFO: Run Behavior\BuildLiteBehavior [ RunTime:0.000026s ]
INFO: [ app_init ] --END-- [ RunTime:0.000551s ]
ERR: 无法加载模块:Sitemap

[ 2023-11-16T00:29:52+08:00 ] 106.75.74.57 /axis2-admin/
INFO: [ app_init ] --START--
INFO: Run Behavior\BuildLiteBehavior [ RunTime:0.000020s ]
INFO: [ app_init ] --END-- [ RunTime:0.000643s ]
ERR: 无法加载模块:Axis2-admin

[ 2023-11-16T00:29:52+08:00 ] 106.75.74.57 /axis2/
INFO: [ app_init ] --START--
INFO: Run Behavior\BuildLiteBehavior [ RunTime:0.000020s ]
INFO: [ app_init ] --END-- [ RunTime:0.000527s ]
ERR: 无法加载模块:Axis2

[ 2023-11-16T00:29:52+08:00 ] 106.75.74.57 /axis2/axis2-admin/
INFO: [ app_init ] --START--
INFO: Run Behavior\BuildLiteBehavior [ RunTime:0.000027s ]
INFO: [ app_init ] --END-- [ RunTime:0.000848s ]
ERR: 无法加载模块:Axis2

[ 2023-11-16T00:29:54+08:00 ] 106.75.74.57 /phpmyadmin/index.php
INFO: [ app_init ] --START--
INFO: Run Behavior\BuildLiteBehavior [ RunTime:0.000020s ]
INFO: [ app_init ] --END-- [ RunTime:0.000518s ]
ERR: 无法加载模块:Phpmyadmin

[ 2023-11-16T00:29:54+08:00 ] 106.75.74.57 /index_sso.php
INFO: [ app_init ] --START--
INFO: Run Behavior\BuildLiteBehavior [ RunTime:0.000053s ]
INFO: [ app_init ] --END-- [ RunTime:0.000674s ]
ERR: 无法加载模块:Index_sso

[ 2023-11-16T01:25:34+08:00 ] 43.143.205.189 /phpmyadmin/index.php
INFO: [ app_init ] --START--
INFO: Run Behavior\BuildLiteBehavior [ RunTime:0.000020s ]
INFO: [ app_init ] --END-- [ RunTime:0.000525s ]
ERR: 无法加载模块:Phpmyadmin

[ 2023-11-16T01:25:34+08:00 ] 43.143.205.189 /pmd/index.php
INFO: [ app_init ] --START--
INFO: Run Behavior\BuildLiteBehavior [ RunTime:0.000024s ]
INFO: [ app_init ] --END-- [ RunTime:0.000535s ]
ERR: 无法加载模块:Pmd

[ 2023-11-16T01:25:34+08:00 ] 43.143.205.189 /phpmyadmin4.8.5/index.php
INFO: [ app_init ] --START--
INFO: Run Behavior\BuildLiteBehavior [ RunTime:0.000020s ]
INFO: [ app_init ] --END-- [ RunTime:0.000496s ]
ERR: 无法加载模块:Phpmyadmin4.8.5

[ 2023-11-16T02:40:48+08:00 ] 34.245.37.214 /robots.txt
INFO: [ app_init ] --START--
INFO: Run Behavior\BuildLiteBehavior [ RunTime:0.000021s ]
INFO: [ app_init ] --END-- [ RunTime:0.000573s ]
ERR: 无法加载模块:Robots

[ 2023-11-16T02:41:59+08:00 ] 89.190.156.174 /cgi/conf.bin
INFO: [ app_init ] --START--
INFO: Run Behavior\BuildLiteBehavior [ RunTime:0.000020s ]
INFO: [ app_init ] --END-- [ RunTime:0.000620s ]
ERR: 无法加载模块:Cgi

[ 2023-11-16T02:44:46+08:00 ] 83.97.73.87 /actuator/gateway/routes
INFO: [ app_init ] --START--
INFO: Run Behavior\BuildLiteBehavior [ RunTime:0.000020s ]
INFO: [ app_init ] --END-- [ RunTime:0.000564s ]
ERR: 无法加载模块:Actuator

[ 2023-11-16T03:50:29+08:00 ] 167.99.175.228 /archon
INFO: [ app_init ] --START--
INFO: Run Behavior\BuildLiteBehavior [ RunTime:0.000021s ]
INFO: [ app_init ] --END-- [ RunTime:0.000605s ]
ERR: 无法加载模块:Archon

[ 2023-11-16T03:50:29+08:00 ] 167.99.175.228 /archno
INFO: [ app_init ] --START--
INFO: Run Behavior\BuildLiteBehavior [ RunTime:0.000019s ]
INFO: [ app_init ] --END-- [ RunTime:0.000493s ]
ERR: 无法加载模块:Archno

[ 2023-11-16T03:50:30+08:00 ] 167.99.175.228 /carrier
INFO: [ app_init ] --START--
INFO: Run Behavior\BuildLiteBehavior [ RunTime:0.000016s ]
INFO: [ app_init ] --END-- [ RunTime:0.000368s ]
ERR: 无法加载模块:Carrier

[ 2023-11-16T03:50:30+08:00 ] 167.99.175.228 /carrire
INFO: [ app_init ] --START--
INFO: Run Behavior\BuildLiteBehavior [ RunTime:0.000039s ]
INFO: [ app_init ] --END-- [ RunTime:0.000699s ]
ERR: 无法加载模块:Carrire

[ 2023-11-16T03:50:31+08:00 ] 167.99.175.228 /colossus
INFO: [ app_init ] --START--
INFO: Run Behavior\BuildLiteBehavior [ RunTime:0.000031s ]
INFO: [ app_init ] --END-- [ RunTime:0.000741s ]
ERR: 无法加载模块:Colossus

[ 2023-11-16T03:50:31+08:00 ] 167.99.175.228 /colosssu
INFO: [ app_init ] --START--
INFO: Run Behavior\BuildLiteBehavior [ RunTime:0.000026s ]
INFO: [ app_init ] --END-- [ RunTime:0.000676s ]
ERR: 无法加载模块:Colosssu

[ 2023-11-16T03:50:31+08:00 ] 167.99.175.228 /darktemplar
INFO: [ app_init ] --START--
INFO: Run Behavior\BuildLiteBehavior [ RunTime:0.000020s ]
INFO: [ app_init ] --END-- [ RunTime:0.000498s ]
ERR: 无法加载模块:Darktemplar

[ 2023-11-16T03:50:32+08:00 ] 167.99.175.228 /darktemplra
INFO: [ app_init ] --START--
INFO: Run Behavior\BuildLiteBehavior [ RunTime:0.000016s ]
INFO: [ app_init ] --END-- [ RunTime:0.000586s ]
ERR: 无法加载模块:Darktemplra

[ 2023-11-16T03:50:32+08:00 ] 167.99.175.228 /hightemplar
INFO: [ app_init ] --START--
INFO: Run Behavior\BuildLiteBehavior [ RunTime:0.000021s ]
INFO: [ app_init ] --END-- [ RunTime:0.000698s ]
ERR: 无法加载模块:Hightemplar

[ 2023-11-16T03:50:33+08:00 ] 167.99.175.228 /hightemplra
INFO: [ app_init ] --START--
INFO: Run Behavior\BuildLiteBehavior [ RunTime:0.000028s ]
INFO: [ app_init ] --END-- [ RunTime:0.000800s ]
ERR: 无法加载模块:Hightemplra

[ 2023-11-16T03:50:33+08:00 ] 167.99.175.228 /immortal
INFO: [ app_init ] --START--
INFO: Run Behavior\BuildLiteBehavior [ RunTime:0.000026s ]
INFO: [ app_init ] --END-- [ RunTime:0.000813s ]
ERR: 无法加载模块:Immortal

[ 2023-11-16T03:50:33+08:00 ] 167.99.175.228 /immortla
INFO: [ app_init ] --START--
INFO: Run Behavior\BuildLiteBehavior [ RunTime:0.000058s ]
INFO: [ app_init ] --END-- [ RunTime:0.000765s ]
ERR: 无法加载模块:Immortla

[ 2023-11-16T03:50:34+08:00 ] 167.99.175.228 /mothership
INFO: [ app_init ] --START--
INFO: Run Behavior\BuildLiteBehavior [ RunTime:0.000019s ]
INFO: [ app_init ] --END-- [ RunTime:0.000502s ]
ERR: 无法加载模块:Mothership

[ 2023-11-16T03:50:34+08:00 ] 167.99.175.228 /mothershpi
INFO: [ app_init ] --START--
INFO: Run Behavior\BuildLiteBehavior [ RunTime:0.000020s ]
INFO: [ app_init ] --END-- [ RunTime:0.000599s ]
ERR: 无法加载模块:Mothershpi

[ 2023-11-16T03:50:35+08:00 ] 167.99.175.228 /observer
INFO: [ app_init ] --START--
INFO: Run Behavior\BuildLiteBehavior [ RunTime:0.000029s ]
INFO: [ app_init ] --END-- [ RunTime:0.000666s ]
ERR: 无法加载模块:Observer

[ 2023-11-16T03:50:35+08:00 ] 167.99.175.228 /observre
INFO: [ app_init ] --START--
INFO: Run Behavior\BuildLiteBehavior [ RunTime:0.000020s ]
INFO: [ app_init ] --END-- [ RunTime:0.000587s ]
ERR: 无法加载模块:Observre

[ 2023-11-16T03:50:35+08:00 ] 167.99.175.228 /phoenix
INFO: [ app_init ] --START--
INFO: Run Behavior\BuildLiteBehavior [ RunTime:0.000028s ]
INFO: [ app_init ] --END-- [ RunTime:0.000820s ]
ERR: 无法加载模块:Phoenix

[ 2023-11-16T03:50:36+08:00 ] 167.99.175.228 /phoenxi
INFO: [ app_init ] --START--
INFO: Run Behavior\BuildLiteBehavior [ RunTime:0.000026s ]
INFO: [ app_init ] --END-- [ RunTime:0.000590s ]
ERR: 无法加载模块:Phoenxi

[ 2023-11-16T03:50:36+08:00 ] 167.99.175.228 /probe
INFO: [ app_init ] --START--
INFO: Run Behavior\BuildLiteBehavior [ RunTime:0.000028s ]
INFO: [ app_init ] --END-- [ RunTime:0.000687s ]
ERR: 无法加载模块:Probe

[ 2023-11-16T03:50:37+08:00 ] 167.99.175.228 /proeb
INFO: [ app_init ] --START--
INFO: Run Behavior\BuildLiteBehavior [ RunTime:0.000026s ]
INFO: [ app_init ] --END-- [ RunTime:0.000741s ]
ERR: 无法加载模块:Proeb

[ 2023-11-16T03:50:37+08:00 ] 167.99.175.228 /sentry
INFO: [ app_init ] --START--
INFO: Run Behavior\BuildLiteBehavior [ RunTime:0.000022s ]
INFO: [ app_init ] --END-- [ RunTime:0.000696s ]
ERR: 无法加载模块:Sentry

[ 2023-11-16T03:50:37+08:00 ] 167.99.175.228 /sentyr
INFO: [ app_init ] --START--
INFO: Run Behavior\BuildLiteBehavior [ RunTime:0.000020s ]
INFO: [ app_init ] --END-- [ RunTime:0.000639s ]
ERR: 无法加载模块:Sentyr

[ 2023-11-16T03:50:38+08:00 ] 167.99.175.228 /stalker
INFO: [ app_init ] --START--
INFO: Run Behavior\BuildLiteBehavior [ RunTime:0.000023s ]
INFO: [ app_init ] --END-- [ RunTime:0.000535s ]
ERR: 无法加载模块:Stalker

[ 2023-11-16T03:50:38+08:00 ] 167.99.175.228 /stalkre
INFO: [ app_init ] --START--
INFO: Run Behavior\BuildLiteBehavior [ RunTime:0.000021s ]
INFO: [ app_init ] --END-- [ RunTime:0.000588s ]
ERR: 无法加载模块:Stalkre

[ 2023-11-16T03:50:39+08:00 ] 167.99.175.228 /voidray
INFO: [ app_init ] --START--
INFO: Run Behavior\BuildLiteBehavior [ RunTime:0.000025s ]
INFO: [ app_init ] --END-- [ RunTime:0.000685s ]
ERR: 无法加载模块:Voidray

[ 2023-11-16T03:50:39+08:00 ] 167.99.175.228 /voidrya
INFO: [ app_init ] --START--
INFO: Run Behavior\BuildLiteBehavior [ RunTime:0.000028s ]
INFO: [ app_init ] --END-- [ RunTime:0.000709s ]
ERR: 无法加载模块:Voidrya

[ 2023-11-16T03:50:39+08:00 ] 167.99.175.228 /warpprism
INFO: [ app_init ] --START--
INFO: Run Behavior\BuildLiteBehavior [ RunTime:0.000020s ]
INFO: [ app_init ] --END-- [ RunTime:0.000554s ]
ERR: 无法加载模块:Warpprism

[ 2023-11-16T03:50:40+08:00 ] 167.99.175.228 /warpprims
INFO: [ app_init ] --START--
INFO: Run Behavior\BuildLiteBehavior [ RunTime:0.000029s ]
INFO: [ app_init ] --END-- [ RunTime:0.000730s ]
ERR: 无法加载模块:Warpprims

[ 2023-11-16T03:50:40+08:00 ] 167.99.175.228 /zealot
INFO: [ app_init ] --START--
INFO: Run Behavior\BuildLiteBehavior [ RunTime:0.000020s ]
INFO: [ app_init ] --END-- [ RunTime:0.000507s ]
ERR: 无法加载模块:Zealot

[ 2023-11-16T03:50:41+08:00 ] 167.99.175.228 /zealto
INFO: [ app_init ] --START--
INFO: Run Behavior\BuildLiteBehavior [ RunTime:0.000025s ]
INFO: [ app_init ] --END-- [ RunTime:0.000836s ]
ERR: 无法加载模块:Zealto

[ 2023-11-16T03:50:41+08:00 ] 167.99.175.228 /oracle
INFO: [ app_init ] --START--
INFO: Run Behavior\BuildLiteBehavior [ RunTime:0.000027s ]
INFO: [ app_init ] --END-- [ RunTime:0.000756s ]
ERR: 无法加载模块:Oracle

[ 2023-11-16T03:50:41+08:00 ] 167.99.175.228 /oracel
INFO: [ app_init ] --START--
INFO: Run Behavior\BuildLiteBehavior [ RunTime:0.000029s ]
INFO: [ app_init ] --END-- [ RunTime:0.000807s ]
ERR: 无法加载模块:Oracel

[ 2023-11-16T03:50:42+08:00 ] 167.99.175.228 /tempest
INFO: [ app_init ] --START--
INFO: Run Behavior\BuildLiteBehavior [ RunTime:0.000020s ]
INFO: [ app_init ] --END-- [ RunTime:0.000489s ]
ERR: 无法加载模块:Tempest

[ 2023-11-16T03:50:42+08:00 ] 167.99.175.228 /tempets
INFO: [ app_init ] --START--
INFO: Run Behavior\BuildLiteBehavior [ RunTime:0.000036s ]
INFO: [ app_init ] --END-- [ RunTime:0.001115s ]
ERR: 无法加载模块:Tempets

[ 2023-11-16T03:50:43+08:00 ] 167.99.175.228 /mothershipcore
INFO: [ app_init ] --START--
INFO: Run Behavior\BuildLiteBehavior [ RunTime:0.000021s ]
INFO: [ app_init ] --END-- [ RunTime:0.000634s ]
ERR: 无法加载模块:Mothershipcore

[ 2023-11-16T03:50:43+08:00 ] 167.99.175.228 /mothershipcoer
INFO: [ app_init ] --START--
INFO: Run Behavior\BuildLiteBehavior [ RunTime:0.000026s ]
INFO: [ app_init ] --END-- [ RunTime:0.000665s ]
ERR: 无法加载模块:Mothershipcoer

[ 2023-11-16T03:50:43+08:00 ] 167.99.175.228 /adept
INFO: [ app_init ] --START--
INFO: Run Behavior\BuildLiteBehavior [ RunTime:0.000135s ]
INFO: [ app_init ] --END-- [ RunTime:0.000808s ]
ERR: 无法加载模块:Adept

[ 2023-11-16T03:50:44+08:00 ] 167.99.175.228 /adetp
INFO: [ app_init ] --START--
INFO: Run Behavior\BuildLiteBehavior [ RunTime:0.000021s ]
INFO: [ app_init ] --END-- [ RunTime:0.000530s ]
ERR: 无法加载模块:Adetp

[ 2023-11-16T03:50:44+08:00 ] 167.99.175.228 /disruptor
INFO: [ app_init ] --START--
INFO: Run Behavior\BuildLiteBehavior [ RunTime:0.000019s ]
INFO: [ app_init ] --END-- [ RunTime:0.000502s ]
ERR: 无法加载模块:Disruptor

[ 2023-11-16T03:50:45+08:00 ] 167.99.175.228 /disruptro
INFO: [ app_init ] --START--
INFO: Run Behavior\BuildLiteBehavior [ RunTime:0.000028s ]
INFO: [ app_init ] --END-- [ RunTime:0.000797s ]
ERR: 无法加载模块:Disruptro

[ 2023-11-16T03:50:45+08:00 ] 167.99.175.228 /banshee
INFO: [ app_init ] --START--
INFO: Run Behavior\BuildLiteBehavior [ RunTime:0.000020s ]
INFO: [ app_init ] --END-- [ RunTime:0.000550s ]
ERR: 无法加载模块:Banshee

[ 2023-11-16T03:50:45+08:00 ] 167.99.175.228 /battlecruiser
INFO: [ app_init ] --START--
INFO: Run Behavior\BuildLiteBehavior [ RunTime:0.000022s ]
INFO: [ app_init ] --END-- [ RunTime:0.000655s ]
ERR: 无法加载模块:Battlecruiser

[ 2023-11-16T03:50:46+08:00 ] 167.99.175.228 /battlecruisre
INFO: [ app_init ] --START--
INFO: Run Behavior\BuildLiteBehavior [ RunTime:0.000041s ]
INFO: [ app_init ] --END-- [ RunTime:0.000538s ]
ERR: 无法加载模块:Battlecruisre

[ 2023-11-16T03:50:46+08:00 ] 167.99.175.228 /ghost
INFO: [ app_init ] --START--
INFO: Run Behavior\BuildLiteBehavior [ RunTime:0.000020s ]
INFO: [ app_init ] --END-- [ RunTime:0.000542s ]
ERR: 无法加载模块:Ghost

[ 2023-11-16T03:50:47+08:00 ] 167.99.175.228 /ghots
INFO: [ app_init ] --START--
INFO: Run Behavior\BuildLiteBehavior [ RunTime:0.000020s ]
INFO: [ app_init ] --END-- [ RunTime:0.000566s ]
ERR: 无法加载模块:Ghots

[ 2023-11-16T03:50:47+08:00 ] 167.99.175.228 /hellion
INFO: [ app_init ] --START--
INFO: Run Behavior\BuildLiteBehavior [ RunTime:0.000027s ]
INFO: [ app_init ] --END-- [ RunTime:0.000703s ]
ERR: 无法加载模块:Hellion

[ 2023-11-16T03:50:47+08:00 ] 167.99.175.228 /hellino
INFO: [ app_init ] --START--
INFO: Run Behavior\BuildLiteBehavior [ RunTime:0.000021s ]
INFO: [ app_init ] --END-- [ RunTime:0.000626s ]
ERR: 无法加载模块:Hellino

[ 2023-11-16T03:50:48+08:00 ] 167.99.175.228 /marauder
INFO: [ app_init ] --START--
INFO: Run Behavior\BuildLiteBehavior [ RunTime:0.000021s ]
INFO: [ app_init ] --END-- [ RunTime:0.000502s ]
ERR: 无法加载模块:Marauder

[ 2023-11-16T03:50:48+08:00 ] 167.99.175.228 /maraudre
INFO: [ app_init ] --START--
INFO: Run Behavior\BuildLiteBehavior [ RunTime:0.000033s ]
INFO: [ app_init ] --END-- [ RunTime:0.000632s ]
ERR: 无法加载模块:Maraudre

[ 2023-11-16T03:50:49+08:00 ] 167.99.175.228 /marine
INFO: [ app_init ] --START--
INFO: Run Behavior\BuildLiteBehavior [ RunTime:0.000021s ]
INFO: [ app_init ] --END-- [ RunTime:0.000639s ]
ERR: 无法加载模块:Marine

[ 2023-11-16T05:04:04+08:00 ] 45.95.146.97 /boaform/admin/formLogin
INFO: [ app_init ] --START--
INFO: Run Behavior\BuildLiteBehavior [ RunTime:0.000026s ]
INFO: [ app_init ] --END-- [ RunTime:0.000621s ]
ERR: 无法加载模块:Boaform

[ 2023-11-16T07:22:50+08:00 ] 69.162.243.124 /app/.env
INFO: [ app_init ] --START--
INFO: Run Behavior\BuildLiteBehavior [ RunTime:0.000025s ]
INFO: [ app_init ] --END-- [ RunTime:0.000686s ]
ERR: 无法加载模块:App

[ 2023-11-16T07:22:50+08:00 ] 69.162.243.124 /app
INFO: [ app_init ] --START--
INFO: Run Behavior\BuildLiteBehavior [ RunTime:0.000022s ]
INFO: [ app_init ] --END-- [ RunTime:0.000613s ]
ERR: 无法加载模块:App

[ 2023-11-16T07:29:58+08:00 ] 52.47.208.154 /clipboard.min.js
INFO: [ app_init ] --START--
INFO: Run Behavior\BuildLiteBehavior [ RunTime:0.000020s ]
INFO: [ app_init ] --END-- [ RunTime:0.000551s ]
ERR: 无法加载模块:Clipboard.min

[ 2023-11-16T07:29:58+08:00 ] 52.47.208.154 /jquery-3.1.0.js
INFO: [ app_init ] --START--
INFO: Run Behavior\BuildLiteBehavior [ RunTime:0.000026s ]
INFO: [ app_init ] --END-- [ RunTime:0.000735s ]
ERR: 无法加载模块:Jquery-3.1.0

[ 2023-11-16T07:29:58+08:00 ] 52.47.208.154 /layui.all.js
INFO: [ app_init ] --START--
INFO: Run Behavior\BuildLiteBehavior [ RunTime:0.000023s ]
INFO: [ app_init ] --END-- [ RunTime:0.000698s ]
ERR: 无法加载模块:Layui.all

[ 2023-11-16T07:29:58+08:00 ] 52.47.208.154 /layer.js
INFO: [ app_init ] --START--
INFO: Run Behavior\BuildLiteBehavior [ RunTime:0.000030s ]
INFO: [ app_init ] --END-- [ RunTime:0.000711s ]
ERR: 无法加载模块:Layer

[ 2023-11-16T07:30:33+08:00 ] 52.47.208.154 /layer.js
INFO: [ app_init ] --START--
INFO: Run Behavior\BuildLiteBehavior [ RunTime:0.000042s ]
INFO: [ app_init ] --END-- [ RunTime:0.000579s ]
ERR: 无法加载模块:Layer

[ 2023-11-16T07:30:34+08:00 ] 52.47.208.154 /clipboard.min.js
INFO: [ app_init ] --START--
INFO: Run Behavior\BuildLiteBehavior [ RunTime:0.000026s ]
INFO: [ app_init ] --END-- [ RunTime:0.000708s ]
ERR: 无法加载模块:Clipboard.min

[ 2023-11-16T07:30:35+08:00 ] 52.47.208.154 /layui.all.js
INFO: [ app_init ] --START--
INFO: Run Behavior\BuildLiteBehavior [ RunTime:0.000017s ]
INFO: [ app_init ] --END-- [ RunTime:0.000409s ]
ERR: 无法加载模块:Layui.all

[ 2023-11-16T07:30:35+08:00 ] 52.47.208.154 /jquery-3.1.0.js
INFO: [ app_init ] --START--
INFO: Run Behavior\BuildLiteBehavior [ RunTime:0.000020s ]
INFO: [ app_init ] --END-- [ RunTime:0.000518s ]
ERR: 无法加载模块:Jquery-3.1.0

[ 2023-11-16T09:39:18+08:00 ] 41.251.249.88 /backend/.env
INFO: [ app_init ] --START--
INFO: Run Behavior\BuildLiteBehavior [ RunTime:0.000019s ]
INFO: [ app_init ] --END-- [ RunTime:0.000573s ]
ERR: 无法加载模块:Backend

[ 2023-11-16T09:39:19+08:00 ] 41.251.249.88 /backend
INFO: [ app_init ] --START--
INFO: Run Behavior\BuildLiteBehavior [ RunTime:0.000027s ]
INFO: [ app_init ] --END-- [ RunTime:0.000712s ]
ERR: 无法加载模块:Backend

[ 2023-11-16T11:04:18+08:00 ] 198.199.108.13 /portal/redlion
INFO: [ app_init ] --START--
INFO: Run Behavior\BuildLiteBehavior [ RunTime:0.000020s ]
INFO: [ app_init ] --END-- [ RunTime:0.000583s ]
ERR: 无法加载模块:Portal

[ 2023-11-16T13:17:57+08:00 ] 2.56.247.173 /whyareugay
INFO: [ app_init ] --START--
INFO: Run Behavior\BuildLiteBehavior [ RunTime:0.000029s ]
INFO: [ app_init ] --END-- [ RunTime:0.000845s ]
ERR: 无法加载模块:Whyareugay

[ 2023-11-16T16:26:56+08:00 ] 65.49.1.41 /geoserver/web/
INFO: [ app_init ] --START--
INFO: Run Behavior\BuildLiteBehavior [ RunTime:0.000020s ]
INFO: [ app_init ] --END-- [ RunTime:0.000549s ]
ERR: 无法加载模块:Geoserver

[ 2023-11-16T16:54:43+08:00 ] 157.245.69.32 /Temporary_Listen_Addresses
INFO: [ app_init ] --START--
INFO: Run Behavior\BuildLiteBehavior [ RunTime:0.000021s ]
INFO: [ app_init ] --END-- [ RunTime:0.000567s ]
ERR: 无法加载模块:Temporary_Listen_Addresses

[ 2023-11-16T16:54:44+08:00 ] 157.245.69.32 /Pages/log/
INFO: [ app_init ] --START--
INFO: Run Behavior\BuildLiteBehavior [ RunTime:0.000024s ]
INFO: [ app_init ] --END-- [ RunTime:0.001107s ]
ERR: 无法加载模块:Pages

[ 2023-11-16T17:33:52+08:00 ] 192.71.12.140 /robots.txt
INFO: [ app_init ] --START--
INFO: Run Behavior\BuildLiteBehavior [ RunTime:0.000020s ]
INFO: [ app_init ] --END-- [ RunTime:0.000564s ]
ERR: 无法加载模块:Robots

[ 2023-11-16T17:33:52+08:00 ] 192.71.2.171 /humans.txt
INFO: [ app_init ] --START--
INFO: Run Behavior\BuildLiteBehavior [ RunTime:0.000026s ]
INFO: [ app_init ] --END-- [ RunTime:0.000737s ]
ERR: 无法加载模块:Humans

[ 2023-11-16T17:33:53+08:00 ] 192.71.225.127 /ads.txt
INFO: [ app_init ] --START--
INFO: Run Behavior\BuildLiteBehavior [ RunTime:0.000024s ]
INFO: [ app_init ] --END-- [ RunTime:0.000739s ]
ERR: 无法加载模块:Ads

[ 2023-11-16T17:37:56+08:00 ] 154.91.138.26 /images/static/loginlogo.png
INFO: [ app_init ] --START--
INFO: Run Behavior\BuildLiteBehavior [ RunTime:0.000019s ]
INFO: [ app_init ] --END-- [ RunTime:0.000526s ]
ERR: 无法加载模块:Images

[ 2023-11-16T19:18:55+08:00 ] 206.189.204.202 /wp-content/plugins/insert-php/readme.txt
INFO: [ app_init ] --START--
INFO: Run Behavior\BuildLiteBehavior [ RunTime:0.000025s ]
INFO: [ app_init ] --END-- [ RunTime:0.000854s ]
ERR: 无法加载模块:Wp-content

[ 2023-11-16T19:50:39+08:00 ] 206.189.204.202 /linuxki/experimental/vis/kivis.php?type=kitrace&pid=0;echo%20START;cat%20/etc/passwd;echo%20END;
INFO: [ app_init ] --START--
INFO: Run Behavior\BuildLiteBehavior [ RunTime:0.000026s ]
INFO: [ app_init ] --END-- [ RunTime:0.000729s ]
ERR: 无法加载模块:Linuxki

[ 2023-11-16T19:53:37+08:00 ] 206.189.204.202 /catalog-portal/ui/oauth/verify?error&deviceUdid=%24%7b%22%66%72%65%65%6d%61%72%6b%65%72%2e%74%65%6d%70%6c%61%74%65%2e%75%74%69%6c%69%74%79%2e%45%78%65%63%75%74%65%22%3f%6e%65%77%28%29%28%22%63%61%74%20%2f%65%74%63%2f%68%6f%73%74%73%22%29%7d
INFO: [ app_init ] --START--
INFO: Run Behavior\BuildLiteBehavior [ RunTime:0.000034s ]
INFO: [ app_init ] --END-- [ RunTime:0.000817s ]
ERR: 无法加载模块:Catalog-portal

[ 2023-11-16T19:59:08+08:00 ] 206.189.204.202 /remote/fgt_lang?lang=/../../../..//////////dev/cmdb/sslvpn_websession
INFO: [ app_init ] --START--
INFO: Run Behavior\BuildLiteBehavior [ RunTime:0.000028s ]
INFO: [ app_init ] --END-- [ RunTime:0.000715s ]
ERR: 无法加载模块:Remote

[ 2023-11-16T19:59:17+08:00 ] 206.189.204.202 /login
INFO: [ app_init ] --START--
INFO: Run Behavior\BuildLiteBehavior [ RunTime:0.000020s ]
INFO: [ app_init ] --END-- [ RunTime:0.000640s ]
ERR: 无法加载模块:Login

[ 2023-11-16T20:02:28+08:00 ] 206.189.204.202 /scripts/setup.php
INFO: [ app_init ] --START--
INFO: Run Behavior\BuildLiteBehavior [ RunTime:0.000035s ]
INFO: [ app_init ] --END-- [ RunTime:0.000843s ]
ERR: 无法加载模块:Scripts

[ 2023-11-16T20:04:46+08:00 ] 206.189.204.202 /%24%7B%28%23_memberAccess%5B%22allowStaticMethodAccess%22%5D%3Dtrue%2C%23a%3D@java.lang.Runtime@getRuntime%28%29.exec%28%27cat%20/etc/passwd%27%29.getInputStream%28%29%2C%23b%3Dnew%20java.io.InputStreamReader%28%23a%29%2C%23c%3Dnew%20%20java.io.BufferedReader%28%23b%29%2C%23d%3Dnew%20char%5B51020%5D%2C%23c.read%28%23d%29%2C%23sbtest%3D@org.apache.struts2.ServletActionContext@getResponse%28%29.getWriter%28%29%2C%23sbtest.println%28%23d%29%2C%23sbtest.close%28%29%29%7D/actionChain1.action
INFO: [ app_init ] --START--
INFO: Run Behavior\BuildLiteBehavior [ RunTime:0.000030s ]
INFO: [ app_init ] --END-- [ RunTime:0.000788s ]
ERR: 无法加载模块:${(

[ 2023-11-16T20:12:26+08:00 ] 206.189.204.202 /ajax/render/widget_tabbedcontainer_tab_panel
INFO: [ app_init ] --START--
INFO: Run Behavior\BuildLiteBehavior [ RunTime:0.000030s ]
INFO: [ app_init ] --END-- [ RunTime:0.000788s ]
ERR: 无法加载模块:Ajax

[ 2023-11-16T20:13:34+08:00 ] 206.189.204.202 /.%0d./.%0d./.%0d./.%0d./bin/sh
INFO: [ app_init ] --START--
INFO: Run Behavior\BuildLiteBehavior [ RunTime:0.000080s ]
INFO: [ app_init ] --END-- [ RunTime:0.000576s ]
ERR: 无法加载模块:.

[ 2023-11-16T20:15:34+08:00 ] 206.189.204.202 /mgmt/tm/util/bash
INFO: [ app_init ] --START--
INFO: Run Behavior\BuildLiteBehavior [ RunTime:0.000026s ]
INFO: [ app_init ] --END-- [ RunTime:0.000854s ]
ERR: 无法加载模块:Mgmt

[ 2023-11-16T21:10:41+08:00 ] 46.232.120.229 /?s=/manage
INFO: [ app_init ] --START--
INFO: Run Behavior\BuildLiteBehavior [ RunTime:0.000020s ]
INFO: [ app_init ] --END-- [ RunTime:0.000545s ]
ERR: 无法加载模块:Manage

[ 2023-11-16T21:10:42+08:00 ] 46.232.120.229 /?s=/api
INFO: [ app_init ] --START--
INFO: Run Behavior\BuildLiteBehavior [ RunTime:0.000027s ]
INFO: [ app_init ] --END-- [ RunTime:0.000757s ]
ERR: 无法加载模块:Api

[ 2023-11-16T21:10:43+08:00 ] 46.232.120.229 /?s=/manage
INFO: [ app_init ] --START--
INFO: Run Behavior\BuildLiteBehavior [ RunTime:0.000020s ]
INFO: [ app_init ] --END-- [ RunTime:0.000724s ]
ERR: 无法加载模块:Manage

[ 2023-11-16T21:10:44+08:00 ] 46.232.120.229 /?s=/api
INFO: [ app_init ] --START--
INFO: Run Behavior\BuildLiteBehavior [ RunTime:0.000021s ]
INFO: [ app_init ] --END-- [ RunTime:0.000608s ]
ERR: 无法加载模块:Api

[ 2023-11-16T21:10:47+08:00 ] 46.232.120.229 /?s=/manage
INFO: [ app_init ] --START--
INFO: Run Behavior\BuildLiteBehavior [ RunTime:0.000019s ]
INFO: [ app_init ] --END-- [ RunTime:0.000510s ]
ERR: 无法加载模块:Manage

[ 2023-11-16T21:10:48+08:00 ] 46.232.120.229 /?s=/api
INFO: [ app_init ] --START--
INFO: Run Behavior\BuildLiteBehavior [ RunTime:0.000019s ]
INFO: [ app_init ] --END-- [ RunTime:0.000519s ]
ERR: 无法加载模块:Api

[ 2023-11-16T21:10:48+08:00 ] 46.232.120.229 /?s=captcha&test=-1
INFO: [ app_init ] --START--
INFO: Run Behavior\BuildLiteBehavior [ RunTime:0.000020s ]
INFO: [ app_init ] --END-- [ RunTime:0.000640s ]
ERR: 无法加载模块:Captcha

[ 2023-11-16T21:10:49+08:00 ] 46.232.120.229 /?s=captcha&test=-1
INFO: [ app_init ] --START--
INFO: Run Behavior\BuildLiteBehavior [ RunTime:0.000022s ]
INFO: [ app_init ] --END-- [ RunTime:0.000550s ]
ERR: 无法加载模块:Captcha

[ 2023-11-16T21:10:49+08:00 ] 46.232.120.229 /?s=captcha&test=-1
INFO: [ app_init ] --START--
INFO: Run Behavior\BuildLiteBehavior [ RunTime:0.000020s ]
INFO: [ app_init ] --END-- [ RunTime:0.000676s ]
ERR: 无法加载模块:Captcha

[ 2023-11-16T21:10:49+08:00 ] 46.232.120.229 /?s=/manage
INFO: [ app_init ] --START--
INFO: Run Behavior\BuildLiteBehavior [ RunTime:0.000020s ]
INFO: [ app_init ] --END-- [ RunTime:0.000557s ]
ERR: 无法加载模块:Manage

[ 2023-11-16T21:10:50+08:00 ] 46.232.120.229 /?s=/api
INFO: [ app_init ] --START--
INFO: Run Behavior\BuildLiteBehavior [ RunTime:0.000021s ]
INFO: [ app_init ] --END-- [ RunTime:0.000511s ]
ERR: 无法加载模块:Api

[ 2023-11-16T21:10:50+08:00 ] 46.232.120.229 /?s=index/\think\Lang/load&file=/etc/passwd
INFO: [ app_init ] --START--
INFO: Run Behavior\BuildLiteBehavior [ RunTime:0.000020s ]
INFO: [ app_init ] --END-- [ RunTime:0.000531s ]
ERR: 无法加载模块:Index

[ 2023-11-16T21:10:51+08:00 ] 46.232.120.229 /?s=index/\think\Lang/load&file=C:\WINDOWS\win.ini
INFO: [ app_init ] --START--
INFO: Run Behavior\BuildLiteBehavior [ RunTime:0.000022s ]
INFO: [ app_init ] --END-- [ RunTime:0.000573s ]
ERR: 无法加载模块:Index

[ 2023-11-16T21:10:51+08:00 ] 46.232.120.229 /?s=index/\think\Config/load&file=/etc/passwd
INFO: [ app_init ] --START--
INFO: Run Behavior\BuildLiteBehavior [ RunTime:0.000087s ]
INFO: [ app_init ] --END-- [ RunTime:0.000834s ]
ERR: 无法加载模块:Index

[ 2023-11-16T21:10:51+08:00 ] 46.232.120.229 /?s=index/\think\Config/load&file=C:\WINDOWS\win.ini
INFO: [ app_init ] --START--
INFO: Run Behavior\BuildLiteBehavior [ RunTime:0.000021s ]
INFO: [ app_init ] --END-- [ RunTime:0.000577s ]
ERR: 无法加载模块:Index

[ 2023-11-16T21:10:51+08:00 ] 46.232.120.229 /index.php?s=my-show-id-%5Cx5C..%5Cx5CTpl%5Cx5C8edy%5Cx5CHome%5Cx5Cmy_1%7B~var_dump(md5(2333))%7D%5D
INFO: [ app_init ] --START--
INFO: Run Behavior\BuildLiteBehavior [ RunTime:0.000015s ]
INFO: [ app_init ] --END-- [ RunTime:0.000525s ]
ERR: 无法加载模块:My-show-id-\x5C..\x5CTpl\x5C8edy\x5CHome\x5Cmy_1{~var_dump(md5(2333))}]

[ 2023-11-16T21:10:51+08:00 ] 46.232.120.229 /index.php?s=my-show-id-\x5C..\x5CRuntime\x5CLogs\x5C23_11_16.log'
INFO: [ app_init ] --START--
INFO: Run Behavior\BuildLiteBehavior [ RunTime:0.000021s ]
INFO: [ app_init ] --END-- [ RunTime:0.000551s ]
ERR: 无法加载模块:My-show-id-\x5C..\x5CRuntime\x5CLogs\x5C23_11_16

[ 2023-11-16T21:10:52+08:00 ] 46.232.120.229 /public/index.php?c=var_dump&f=md5(2333)&_method=filter
INFO: [ app_init ] --START--
INFO: Run Behavior\BuildLiteBehavior [ RunTime:0.000021s ]
INFO: [ app_init ] --END-- [ RunTime:0.000700s ]
ERR: 无法加载模块:Public

[ 2023-11-16T21:10:52+08:00 ] 46.232.120.229 /index.php?s=captcha
INFO: [ app_init ] --START--
INFO: Run Behavior\BuildLiteBehavior [ RunTime:0.000045s ]
INFO: [ app_init ] --END-- [ RunTime:0.000760s ]
ERR: 无法加载模块:Captcha

[ 2023-11-16T21:10:52+08:00 ] 46.232.120.229 /index.php/index
INFO: [ app_init ] --START--
INFO: Run Behavior\BuildLiteBehavior [ RunTime:0.000021s ]
INFO: [ app_init ] --END-- [ RunTime:0.000547s ]
ERR: 无法加载模块:Index

[ 2023-11-16T21:10:52+08:00 ] 46.232.120.229 /index.php?s=index/index/index
INFO: [ app_init ] --START--
INFO: Run Behavior\BuildLiteBehavior [ RunTime:0.000025s ]
INFO: [ app_init ] --END-- [ RunTime:0.000716s ]
ERR: 无法加载模块:Index

[ 2023-11-16T21:10:53+08:00 ] 46.232.120.229 /?s=/manage
INFO: [ app_init ] --START--
INFO: Run Behavior\BuildLiteBehavior [ RunTime:0.000020s ]
INFO: [ app_init ] --END-- [ RunTime:0.000618s ]
ERR: 无法加载模块:Manage

[ 2023-11-16T21:10:53+08:00 ] 46.232.120.229 /?s=/api
INFO: [ app_init ] --START--
INFO: Run Behavior\BuildLiteBehavior [ RunTime:0.000018s ]
INFO: [ app_init ] --END-- [ RunTime:0.000540s ]
ERR: 无法加载模块:Api

[ 2023-11-16T21:10:54+08:00 ] 46.232.120.229 /runtime/log/202311/16.log
INFO: [ app_init ] --START--
INFO: Run Behavior\BuildLiteBehavior [ RunTime:0.000020s ]
INFO: [ app_init ] --END-- [ RunTime:0.000537s ]
ERR: 无法加载模块:Runtime

[ 2023-11-16T21:10:54+08:00 ] 46.232.120.229 /runtime/log/202311/16_cli.log
INFO: [ app_init ] --START--
INFO: Run Behavior\BuildLiteBehavior [ RunTime:0.000030s ]
INFO: [ app_init ] --END-- [ RunTime:0.000922s ]
ERR: 无法加载模块:Runtime

[ 2023-11-16T21:10:55+08:00 ] 46.232.120.229 /runtime/log/202311/16_error.log
INFO: [ app_init ] --START--
INFO: Run Behavior\BuildLiteBehavior [ RunTime:0.000020s ]
INFO: [ app_init ] --END-- [ RunTime:0.000492s ]
ERR: 无法加载模块:Runtime

[ 2023-11-16T21:10:55+08:00 ] 46.232.120.229 /runtime/log/202311/16_sql.log
INFO: [ app_init ] --START--
INFO: Run Behavior\BuildLiteBehavior [ RunTime:0.000021s ]
INFO: [ app_init ] --END-- [ RunTime:0.000598s ]
ERR: 无法加载模块:Runtime

[ 2023-11-16T21:10:55+08:00 ] 46.232.120.229 /?s=/manage
INFO: [ app_init ] --START--
INFO: Run Behavior\BuildLiteBehavior [ RunTime:0.000021s ]
INFO: [ app_init ] --END-- [ RunTime:0.000604s ]
ERR: 无法加载模块:Manage

[ 2023-11-16T21:10:56+08:00 ] 46.232.120.229 /?s=/api
INFO: [ app_init ] --START--
INFO: Run Behavior\BuildLiteBehavior [ RunTime:0.000019s ]
INFO: [ app_init ] --END-- [ RunTime:0.000623s ]
ERR: 无法加载模块:Api

[ 2023-11-16T21:10:56+08:00 ] 46.232.120.229 /Runtime/Logs/23_11_16.log
INFO: [ app_init ] --START--
INFO: Run Behavior\BuildLiteBehavior [ RunTime:0.000021s ]
INFO: [ app_init ] --END-- [ RunTime:0.000626s ]
ERR: 无法加载模块:Runtime

[ 2023-11-16T21:10:57+08:00 ] 46.232.120.229 /Runtime/Logs/1700140307-23_11_16.log
INFO: [ app_init ] --START--
INFO: Run Behavior\BuildLiteBehavior [ RunTime:0.000020s ]
INFO: [ app_init ] --END-- [ RunTime:0.000555s ]
ERR: 无法加载模块:Runtime

[ 2023-11-16T21:10:57+08:00 ] 46.232.120.229 /Runtime/Logs/Home/23_11_16.log
INFO: [ app_init ] --START--
INFO: Run Behavior\BuildLiteBehavior [ RunTime:0.000022s ]
INFO: [ app_init ] --END-- [ RunTime:0.000585s ]
ERR: 无法加载模块:Runtime

[ 2023-11-16T21:10:57+08:00 ] 46.232.120.229 /Runtime/Logs/Home/1700140307-23_11_16.log
INFO: [ app_init ] --START--
INFO: Run Behavior\BuildLiteBehavior [ RunTime:0.000021s ]
INFO: [ app_init ] --END-- [ RunTime:0.000556s ]
ERR: 无法加载模块:Runtime

[ 2023-11-16T21:10:58+08:00 ] 46.232.120.229 /Runtime/Logs/Common/23_11_16.log
INFO: [ app_init ] --START--
INFO: Run Behavior\BuildLiteBehavior [ RunTime:0.000020s ]
INFO: [ app_init ] --END-- [ RunTime:0.000548s ]
ERR: 无法加载模块:Runtime

[ 2023-11-16T21:10:58+08:00 ] 46.232.120.229 /Runtime/Logs/Common/1700140307-23_11_16.log
INFO: [ app_init ] --START--
INFO: Run Behavior\BuildLiteBehavior [ RunTime:0.000020s ]
INFO: [ app_init ] --END-- [ RunTime:0.000550s ]
ERR: 无法加载模块:Runtime

[ 2023-11-16T21:10:58+08:00 ] 46.232.120.229 /App/Runtime/Logs/23_11_16.log
INFO: [ app_init ] --START--
INFO: Run Behavior\BuildLiteBehavior [ RunTime:0.000027s ]
INFO: [ app_init ] --END-- [ RunTime:0.000716s ]
ERR: 无法加载模块:App

[ 2023-11-16T21:10:58+08:00 ] 46.232.120.229 /App/Runtime/Logs/1700140307-23_11_16.log
INFO: [ app_init ] --START--
INFO: Run Behavior\BuildLiteBehavior [ RunTime:0.000020s ]
INFO: [ app_init ] --END-- [ RunTime:0.000505s ]
ERR: 无法加载模块:App

[ 2023-11-16T21:10:58+08:00 ] 46.232.120.229 /App/Runtime/Logs/Home/23_11_16.log
INFO: [ app_init ] --START--
INFO: Run Behavior\BuildLiteBehavior [ RunTime:0.000028s ]
INFO: [ app_init ] --END-- [ RunTime:0.000786s ]
ERR: 无法加载模块:App

[ 2023-11-16T21:10:59+08:00 ] 46.232.120.229 /App/Runtime/Logs/Home/1700140307-23_11_16.log
INFO: [ app_init ] --START--
INFO: Run Behavior\BuildLiteBehavior [ RunTime:0.000022s ]
INFO: [ app_init ] --END-- [ RunTime:0.000653s ]
ERR: 无法加载模块:App

[ 2023-11-16T21:10:59+08:00 ] 46.232.120.229 /Application/Runtime/Logs/23_11_16.log
INFO: [ app_init ] --START--
INFO: Run Behavior\BuildLiteBehavior [ RunTime:0.000023s ]
INFO: [ app_init ] --END-- [ RunTime:0.000514s ]
ERR: 无法加载模块:Application

[ 2023-11-16T21:10:59+08:00 ] 46.232.120.229 /Application/Runtime/Logs/1700140307-23_11_16.log
INFO: [ app_init ] --START--
INFO: Run Behavior\BuildLiteBehavior [ RunTime:0.000019s ]
INFO: [ app_init ] --END-- [ RunTime:0.000660s ]
ERR: 无法加载模块:Application

[ 2023-11-16T21:11:03+08:00 ] 46.232.120.229 /runtime/log/202311/16.log
INFO: [ app_init ] --START--
INFO: Run Behavior\BuildLiteBehavior [ RunTime:0.000020s ]
INFO: [ app_init ] --END-- [ RunTime:0.000546s ]
ERR: 无法加载模块:Runtime

[ 2023-11-16T21:11:04+08:00 ] 46.232.120.229 /runtime/log/Home/202311/16.log
INFO: [ app_init ] --START--
INFO: Run Behavior\BuildLiteBehavior [ RunTime:0.000031s ]
INFO: [ app_init ] --END-- [ RunTime:0.000551s ]
ERR: 无法加载模块:Runtime

[ 2023-11-16T21:11:04+08:00 ] 46.232.120.229 /runtime/log/Common/202311/16.log
INFO: [ app_init ] --START--
INFO: Run Behavior\BuildLiteBehavior [ RunTime:0.000022s ]
INFO: [ app_init ] --END-- [ RunTime:0.000552s ]
ERR: 无法加载模块:Runtime

[ 2023-11-16T21:11:04+08:00 ] 46.232.120.229 /runtime/log/Admin/202311/16.log
INFO: [ app_init ] --START--
INFO: Run Behavior\BuildLiteBehavior [ RunTime:0.000030s ]
INFO: [ app_init ] --END-- [ RunTime:0.000840s ]
ERR: 无法加载模块:Runtime

[ 2023-11-16T21:11:04+08:00 ] 46.232.120.229 /ppjt7R5.php
INFO: [ app_init ] --START--
INFO: Run Behavior\BuildLiteBehavior [ RunTime:0.000020s ]
INFO: [ app_init ] --END-- [ RunTime:0.000566s ]
ERR: 无法加载模块:Ppjt7R5

[ 2023-11-16T23:09:59+08:00 ] 206.189.204.202 /card_scan.php?No=30&ReaderNo=%60cat%20/etc/passwd%20%3E%20OLuOubmEhf.txt%60
INFO: [ app_init ] --START--
INFO: Run Behavior\BuildLiteBehavior [ RunTime:0.000020s ]
INFO: [ app_init ] --END-- [ RunTime:0.000651s ]
ERR: 无法加载模块:Card_scan

[ 2023-11-16T23:10:02+08:00 ] 206.189.204.202 /OLuOubmEhf.txt
INFO: [ app_init ] --START--
INFO: Run Behavior\BuildLiteBehavior [ RunTime:0.000020s ]
INFO: [ app_init ] --END-- [ RunTime:0.000538s ]
ERR: 无法加载模块:OLuOubmEhf

[ 2023-11-16T23:30:12+08:00 ] 206.189.148.192 /marien
INFO: [ app_init ] --START--
INFO: Run Behavior\BuildLiteBehavior [ RunTime:0.000023s ]
INFO: [ app_init ] --END-- [ RunTime:0.000517s ]
ERR: 无法加载模块:Marien

[ 2023-11-16T23:30:12+08:00 ] 206.189.148.192 /medivac
INFO: [ app_init ] --START--
INFO: Run Behavior\BuildLiteBehavior [ RunTime:0.000021s ]
INFO: [ app_init ] --END-- [ RunTime:0.000511s ]
ERR: 无法加载模块:Medivac

[ 2023-11-16T23:30:12+08:00 ] 206.189.148.192 /medivca
INFO: [ app_init ] --START--
INFO: Run Behavior\BuildLiteBehavior [ RunTime:0.000049s ]
INFO: [ app_init ] --END-- [ RunTime:0.000585s ]
ERR: 无法加载模块:Medivca

[ 2023-11-16T23:30:12+08:00 ] 206.189.148.192 /mule
INFO: [ app_init ] --START--
INFO: Run Behavior\BuildLiteBehavior [ RunTime:0.000021s ]
INFO: [ app_init ] --END-- [ RunTime:0.000503s ]
ERR: 无法加载模块:Mule

[ 2023-11-16T23:30:13+08:00 ] 206.189.148.192 /muel
INFO: [ app_init ] --START--
INFO: Run Behavior\BuildLiteBehavior [ RunTime:0.000038s ]
INFO: [ app_init ] --END-- [ RunTime:0.000596s ]
ERR: 无法加载模块:Muel

[ 2023-11-16T23:30:13+08:00 ] 206.189.148.192 /raven
INFO: [ app_init ] --START--
INFO: Run Behavior\BuildLiteBehavior [ RunTime:0.000021s ]
INFO: [ app_init ] --END-- [ RunTime:0.000801s ]
ERR: 无法加载模块:Raven

[ 2023-11-16T23:30:13+08:00 ] 206.189.148.192 /ravne
INFO: [ app_init ] --START--
INFO: Run Behavior\BuildLiteBehavior [ RunTime:0.000022s ]
INFO: [ app_init ] --END-- [ RunTime:0.000567s ]
ERR: 无法加载模块:Ravne

[ 2023-11-16T23:30:13+08:00 ] 206.189.148.192 /reaper
INFO: [ app_init ] --START--
INFO: Run Behavior\BuildLiteBehavior [ RunTime:0.000021s ]
INFO: [ app_init ] --END-- [ RunTime:0.000560s ]
ERR: 无法加载模块:Reaper

[ 2023-11-16T23:30:13+08:00 ] 206.189.148.192 /reapre
INFO: [ app_init ] --START--
INFO: Run Behavior\BuildLiteBehavior [ RunTime:0.000028s ]
INFO: [ app_init ] --END-- [ RunTime:0.000757s ]
ERR: 无法加载模块:Reapre

[ 2023-11-16T23:30:13+08:00 ] 206.189.148.192 /scv
INFO: [ app_init ] --START--
INFO: Run Behavior\BuildLiteBehavior [ RunTime:0.000022s ]
INFO: [ app_init ] --END-- [ RunTime:0.000590s ]
ERR: 无法加载模块:Scv

[ 2023-11-16T23:30:13+08:00 ] 206.189.148.192 /svc
INFO: [ app_init ] --START--
INFO: Run Behavior\BuildLiteBehavior [ RunTime:0.000020s ]
INFO: [ app_init ] --END-- [ RunTime:0.000530s ]
ERR: 无法加载模块:Svc

[ 2023-11-16T23:30:13+08:00 ] 206.189.148.192 /siegetank
INFO: [ app_init ] --START--
INFO: Run Behavior\BuildLiteBehavior [ RunTime:0.000019s ]
INFO: [ app_init ] --END-- [ RunTime:0.000514s ]
ERR: 无法加载模块:Siegetank

[ 2023-11-16T23:30:13+08:00 ] 206.189.148.192 /siegetakn
INFO: [ app_init ] --START--
INFO: Run Behavior\BuildLiteBehavior [ RunTime:0.000028s ]
INFO: [ app_init ] --END-- [ RunTime:0.000708s ]
ERR: 无法加载模块:Siegetakn

[ 2023-11-16T23:30:13+08:00 ] 206.189.148.192 /thor
INFO: [ app_init ] --START--
INFO: Run Behavior\BuildLiteBehavior [ RunTime:0.000033s ]
INFO: [ app_init ] --END-- [ RunTime:0.000768s ]
ERR: 无法加载模块:Thor

[ 2023-11-16T23:30:14+08:00 ] 206.189.148.192 /thro
INFO: [ app_init ] --START--
INFO: Run Behavior\BuildLiteBehavior [ RunTime:0.000021s ]
INFO: [ app_init ] --END-- [ RunTime:0.000522s ]
ERR: 无法加载模块:Thro

[ 2023-11-16T23:30:14+08:00 ] 206.189.148.192 /viking
INFO: [ app_init ] --START--
INFO: Run Behavior\BuildLiteBehavior [ RunTime:0.000020s ]
INFO: [ app_init ] --END-- [ RunTime:0.000558s ]
ERR: 无法加载模块:Viking

[ 2023-11-16T23:30:14+08:00 ] 206.189.148.192 /vikign
INFO: [ app_init ] --START--
INFO: Run Behavior\BuildLiteBehavior [ RunTime:0.000020s ]
INFO: [ app_init ] --END-- [ RunTime:0.000537s ]
ERR: 无法加载模块:Vikign

[ 2023-11-16T23:30:14+08:00 ] 206.189.148.192 /hellbat
INFO: [ app_init ] --START--
INFO: Run Behavior\BuildLiteBehavior [ RunTime:0.000021s ]
INFO: [ app_init ] --END-- [ RunTime:0.000546s ]
ERR: 无法加载模块:Hellbat

[ 2023-11-16T23:30:14+08:00 ] 206.189.148.192 /hellbta
INFO: [ app_init ] --START--
INFO: Run Behavior\BuildLiteBehavior [ RunTime:0.000026s ]
INFO: [ app_init ] --END-- [ RunTime:0.000739s ]
ERR: 无法加载模块:Hellbta

[ 2023-11-16T23:30:14+08:00 ] 206.189.148.192 /widowmine
INFO: [ app_init ] --START--
INFO: Run Behavior\BuildLiteBehavior [ RunTime:0.000030s ]
INFO: [ app_init ] --END-- [ RunTime:0.000757s ]
ERR: 无法加载模块:Widowmine

[ 2023-11-16T23:30:14+08:00 ] 206.189.148.192 /widowmien
INFO: [ app_init ] --START--
INFO: Run Behavior\BuildLiteBehavior [ RunTime:0.000020s ]
INFO: [ app_init ] --END-- [ RunTime:0.000543s ]
ERR: 无法加载模块:Widowmien

[ 2023-11-16T23:30:14+08:00 ] 206.189.148.192 /liberator
INFO: [ app_init ] --START--
INFO: Run Behavior\BuildLiteBehavior [ RunTime:0.000021s ]
INFO: [ app_init ] --END-- [ RunTime:0.000527s ]
ERR: 无法加载模块:Liberator

[ 2023-11-16T23:30:14+08:00 ] 206.189.148.192 /liberatro
INFO: [ app_init ] --START--
INFO: Run Behavior\BuildLiteBehavior [ RunTime:0.000022s ]
INFO: [ app_init ] --END-- [ RunTime:0.000532s ]
ERR: 无法加载模块:Liberatro

[ 2023-11-16T23:30:14+08:00 ] 206.189.148.192 /cyclone
INFO: [ app_init ] --START--
INFO: Run Behavior\BuildLiteBehavior [ RunTime:0.000020s ]
INFO: [ app_init ] --END-- [ RunTime:0.000516s ]
ERR: 无法加载模块:Cyclone

[ 2023-11-16T23:30:15+08:00 ] 206.189.148.192 /cycloen
INFO: [ app_init ] --START--
INFO: Run Behavior\BuildLiteBehavior [ RunTime:0.000050s ]
INFO: [ app_init ] --END-- [ RunTime:0.000557s ]
ERR: 无法加载模块:Cycloen

[ 2023-11-16T23:30:15+08:00 ] 206.189.148.192 /corruptor
INFO: [ app_init ] --START--
INFO: Run Behavior\BuildLiteBehavior [ RunTime:0.000019s ]
INFO: [ app_init ] --END-- [ RunTime:0.000529s ]
ERR: 无法加载模块:Corruptor

[ 2023-11-16T23:30:15+08:00 ] 206.189.148.192 /corruptro
INFO: [ app_init ] --START--
INFO: Run Behavior\BuildLiteBehavior [ RunTime:0.000020s ]
INFO: [ app_init ] --END-- [ RunTime:0.000551s ]
ERR: 无法加载模块:Corruptro

[ 2023-11-16T23:30:15+08:00 ] 206.189.148.192 /broodlord
INFO: [ app_init ] --START--
INFO: Run Behavior\BuildLiteBehavior [ RunTime:0.000019s ]
INFO: [ app_init ] --END-- [ RunTime:0.000527s ]
ERR: 无法加载模块:Broodlord

[ 2023-11-16T23:30:15+08:00 ] 206.189.148.192 /broodlodr
INFO: [ app_init ] --START--
INFO: Run Behavior\BuildLiteBehavior [ RunTime:0.000022s ]
INFO: [ app_init ] --END-- [ RunTime:0.000683s ]
ERR: 无法加载模块:Broodlodr

[ 2023-11-16T23:30:15+08:00 ] 206.189.148.192 /drone
INFO: [ app_init ] --START--
INFO: Run Behavior\BuildLiteBehavior [ RunTime:0.000020s ]
INFO: [ app_init ] --END-- [ RunTime:0.000666s ]
ERR: 无法加载模块:Drone

[ 2023-11-16T23:30:15+08:00 ] 206.189.148.192 /droen
INFO: [ app_init ] --START--
INFO: Run Behavior\BuildLiteBehavior [ RunTime:0.000026s ]
INFO: [ app_init ] --END-- [ RunTime:0.000522s ]
ERR: 无法加载模块:Droen

[ 2023-11-16T23:30:15+08:00 ] 206.189.148.192 /hydralisk
INFO: [ app_init ] --START--
INFO: Run Behavior\BuildLiteBehavior [ RunTime:0.000018s ]
INFO: [ app_init ] --END-- [ RunTime:0.000511s ]
ERR: 无法加载模块:Hydralisk

[ 2023-11-16T23:30:15+08:00 ] 206.189.148.192 /hydraliks
INFO: [ app_init ] --START--
INFO: Run Behavior\BuildLiteBehavior [ RunTime:0.000014s ]
INFO: [ app_init ] --END-- [ RunTime:0.000389s ]
ERR: 无法加载模块:Hydraliks

[ 2023-11-16T23:30:15+08:00 ] 206.189.148.192 /infestor
INFO: [ app_init ] --START--
INFO: Run Behavior\BuildLiteBehavior [ RunTime:0.000019s ]
INFO: [ app_init ] --END-- [ RunTime:0.000512s ]
ERR: 无法加载模块:Infestor

[ 2023-11-16T23:30:15+08:00 ] 206.189.148.192 /infestro
INFO: [ app_init ] --START--
INFO: Run Behavior\BuildLiteBehavior [ RunTime:0.000021s ]
INFO: [ app_init ] --END-- [ RunTime:0.000580s ]
ERR: 无法加载模块:Infestro

[ 2023-11-16T23:30:16+08:00 ] 206.189.148.192 /larva
INFO: [ app_init ] --START--
INFO: Run Behavior\BuildLiteBehavior [ RunTime:0.000019s ]
INFO: [ app_init ] --END-- [ RunTime:0.000499s ]
ERR: 无法加载模块:Larva

[ 2023-11-16T23:30:16+08:00 ] 206.189.148.192 /larav
INFO: [ app_init ] --START--
INFO: Run Behavior\BuildLiteBehavior [ RunTime:0.000019s ]
INFO: [ app_init ] --END-- [ RunTime:0.000539s ]
ERR: 无法加载模块:Larav

[ 2023-11-16T23:30:16+08:00 ] 206.189.148.192 /mutalisk
INFO: [ app_init ] --START--
INFO: Run Behavior\BuildLiteBehavior [ RunTime:0.000020s ]
INFO: [ app_init ] --END-- [ RunTime:0.000569s ]
ERR: 无法加载模块:Mutalisk

[ 2023-11-16T23:30:16+08:00 ] 206.189.148.192 /mutaliks
INFO: [ app_init ] --START--
INFO: Run Behavior\BuildLiteBehavior [ RunTime:0.000020s ]
INFO: [ app_init ] --END-- [ RunTime:0.000564s ]
ERR: 无法加载模块:Mutaliks

[ 2023-11-16T23:30:16+08:00 ] 206.189.148.192 /overlord
INFO: [ app_init ] --START--
INFO: Run Behavior\BuildLiteBehavior [ RunTime:0.000019s ]
INFO: [ app_init ] --END-- [ RunTime:0.000488s ]
ERR: 无法加载模块:Overlord

[ 2023-11-16T23:30:16+08:00 ] 206.189.148.192 /overlodr
INFO: [ app_init ] --START--
INFO: Run Behavior\BuildLiteBehavior [ RunTime:0.000019s ]
INFO: [ app_init ] --END-- [ RunTime:0.000592s ]
ERR: 无法加载模块:Overlodr

[ 2023-11-16T23:30:16+08:00 ] 206.189.148.192 /overseer
INFO: [ app_init ] --START--
INFO: Run Behavior\BuildLiteBehavior [ RunTime:0.000019s ]
INFO: [ app_init ] --END-- [ RunTime:0.000496s ]
ERR: 无法加载模块:Overseer

[ 2023-11-16T23:30:16+08:00 ] 206.189.148.192 /oversere
INFO: [ app_init ] --START--
INFO: Run Behavior\BuildLiteBehavior [ RunTime:0.000021s ]
INFO: [ app_init ] --END-- [ RunTime:0.000834s ]
ERR: 无法加载模块:Oversere

[ 2023-11-16T23:30:16+08:00 ] 206.189.148.192 /queen
INFO: [ app_init ] --START--
INFO: Run Behavior\BuildLiteBehavior [ RunTime:0.000020s ]
INFO: [ app_init ] --END-- [ RunTime:0.000624s ]
ERR: 无法加载模块:Queen

[ 2023-11-16T23:30:16+08:00 ] 206.189.148.192 /quene
INFO: [ app_init ] --START--
INFO: Run Behavior\BuildLiteBehavior [ RunTime:0.000020s ]
INFO: [ app_init ] --END-- [ RunTime:0.000569s ]
ERR: 无法加载模块:Quene

[ 2023-11-16T23:30:17+08:00 ] 206.189.148.192 /roach
INFO: [ app_init ] --START--
INFO: Run Behavior\BuildLiteBehavior [ RunTime:0.000020s ]
INFO: [ app_init ] --END-- [ RunTime:0.000495s ]
ERR: 无法加载模块:Roach

[ 2023-11-16T23:30:17+08:00 ] 206.189.148.192 /roahc
INFO: [ app_init ] --START--
INFO: Run Behavior\BuildLiteBehavior [ RunTime:0.000028s ]
INFO: [ app_init ] --END-- [ RunTime:0.000735s ]
ERR: 无法加载模块:Roahc

[ 2023-11-16T23:30:17+08:00 ] 206.189.148.192 /ultralisk
INFO: [ app_init ] --START--
INFO: Run Behavior\BuildLiteBehavior [ RunTime:0.000026s ]
INFO: [ app_init ] --END-- [ RunTime:0.000674s ]
ERR: 无法加载模块:Ultralisk

[ 2023-11-16T23:30:17+08:00 ] 206.189.148.192 /ultraliks
INFO: [ app_init ] --START--
INFO: Run Behavior\BuildLiteBehavior [ RunTime:0.000020s ]
INFO: [ app_init ] --END-- [ RunTime:0.000497s ]
ERR: 无法加载模块:Ultraliks

[ 2023-11-16T23:30:17+08:00 ] 206.189.148.192 /zergling
INFO: [ app_init ] --START--
INFO: Run Behavior\BuildLiteBehavior [ RunTime:0.000025s ]
INFO: [ app_init ] --END-- [ RunTime:0.000555s ]
ERR: 无法加载模块:Zergling

[ 2023-11-16T23:30:17+08:00 ] 206.189.148.192 /zerglign
INFO: [ app_init ] --START--
INFO: Run Behavior\BuildLiteBehavior [ RunTime:0.000020s ]
INFO: [ app_init ] --END-- [ RunTime:0.000525s ]
ERR: 无法加载模块:Zerglign

[ 2023-11-16T23:30:17+08:00 ] 206.189.148.192 /baneling
INFO: [ app_init ] --START--
INFO: Run Behavior\BuildLiteBehavior [ RunTime:0.000020s ]
INFO: [ app_init ] --END-- [ RunTime:0.000522s ]
ERR: 无法加载模块:Baneling

[ 2023-11-16T23:30:17+08:00 ] 206.189.148.192 /banelign
INFO: [ app_init ] --START--
INFO: Run Behavior\BuildLiteBehavior [ RunTime:0.000029s ]
INFO: [ app_init ] --END-- [ RunTime:0.000786s ]
ERR: 无法加载模块:Banelign

[ 2023-11-16T23:30:17+08:00 ] 206.189.148.192 /broodling
INFO: [ app_init ] --START--
INFO: Run Behavior\BuildLiteBehavior [ RunTime:0.000023s ]
INFO: [ app_init ] --END-- [ RunTime:0.000582s ]
ERR: 无法加载模块:Broodling

[ 2023-11-16T23:30:18+08:00 ] 206.189.148.192 /broodlign
INFO: [ app_init ] --START--
INFO: Run Behavior\BuildLiteBehavior [ RunTime:0.000023s ]
INFO: [ app_init ] --END-- [ RunTime:0.000539s ]
ERR: 无法加载模块:Broodlign

[ 2023-11-16T23:30:18+08:00 ] 206.189.148.192 /changeling
INFO: [ app_init ] --START--
INFO: Run Behavior\BuildLiteBehavior [ RunTime:0.000021s ]
INFO: [ app_init ] --END-- [ RunTime:0.000611s ]
ERR: 无法加载模块:Changeling

[ 2023-11-16T23:39:01+08:00 ] 206.189.204.202 /api/v2/cmdb/system/admin
INFO: [ app_init ] --START--
INFO: Run Behavior\BuildLiteBehavior [ RunTime:0.000028s ]
INFO: [ app_init ] --END-- [ RunTime:0.012265s ]
ERR: 无法加载模块:Api

[ 2023-11-16T23:39:04+08:00 ] 206.189.204.202 /api/v2/cmdb/system/admin/admin
INFO: [ app_init ] --START--
INFO: Run Behavior\BuildLiteBehavior [ RunTime:0.000064s ]
INFO: [ app_init ] --END-- [ RunTime:0.000800s ]
ERR: 无法加载模块:Api

[ 2023-11-16T23:42:25+08:00 ] 206.189.204.202 /autodiscover/autodiscover.json?@test.com/owa/?&Email=autodiscover/autodiscover.json%3F@test.com
INFO: [ app_init ] --START--
INFO: Run Behavior\BuildLiteBehavior [ RunTime:0.000021s ]
INFO: [ app_init ] --END-- [ RunTime:0.000555s ]
ERR: 无法加载模块:Autodiscover

[ 2023-11-16T23:42:27+08:00 ] 206.189.204.202 /autodiscover/autodiscover.json?@test.com/mapi/nspi/?&Email=autodiscover/autodiscover.json%3F@test.com
INFO: [ app_init ] --START--
INFO: Run Behavior\BuildLiteBehavior [ RunTime:0.000020s ]
INFO: [ app_init ] --END-- [ RunTime:0.000554s ]
ERR: 无法加载模块:Autodiscover

[ 2023-11-16T23:48:04+08:00 ] 206.189.204.202 /%24%7B%28%23a%3D%40org.apache.commons.io.IOUtils%40toString%28%40java.lang.Runtime%40getRuntime%28%29.exec%28%22whoami%22%29.getInputStream%28%29%2C%22utf-8%22%29%29.%28%40com.opensymphony.webwork.ServletActionContext%40getResponse%28%29.setHeader%28%22X-Cmd-Response%22%2C%23a%29%29%7D/
INFO: [ app_init ] --START--
INFO: Run Behavior\BuildLiteBehavior [ RunTime:0.000021s ]
INFO: [ app_init ] --END-- [ RunTime:0.000618s ]
ERR: 无法加载模块:${(

