[ 2024-01-12T01:20:14+08:00 ] 93.174.93.127 /wp-login.php
INFO: [ app_init ] --START--
INFO: Run Behavior\BuildLiteBehavior [ RunTime:0.000021s ]
INFO: [ app_init ] --END-- [ RunTime:0.000662s ]
ERR: 无法加载模块:Wp-login

[ 2024-01-12T01:20:15+08:00 ] 93.174.93.127 /wp-admin
INFO: [ app_init ] --START--
INFO: Run Behavior\BuildLiteBehavior [ RunTime:0.000026s ]
INFO: [ app_init ] --END-- [ RunTime:0.000775s ]
ERR: 无法加载模块:Wp-admin

[ 2024-01-12T01:20:16+08:00 ] 93.174.93.127 /license.txt
INFO: [ app_init ] --START--
INFO: Run Behavior\BuildLiteBehavior [ RunTime:0.000027s ]
INFO: [ app_init ] --END-- [ RunTime:0.000585s ]
ERR: 无法加载模块:License

[ 2024-01-12T01:20:18+08:00 ] 93.174.93.127 /readme.html
INFO: [ app_init ] --START--
INFO: Run Behavior\BuildLiteBehavior [ RunTime:0.000027s ]
INFO: [ app_init ] --END-- [ RunTime:0.000763s ]
ERR: 无法加载模块:Readme

[ 2024-01-12T02:16:44+08:00 ] 54.198.71.13 /99vt
INFO: [ app_init ] --START--
INFO: Run Behavior\BuildLiteBehavior [ RunTime:0.000027s ]
INFO: [ app_init ] --END-- [ RunTime:0.000761s ]
ERR: 无法加载模块:99vt

[ 2024-01-12T02:16:44+08:00 ] 54.198.71.13 /robots.txt
INFO: [ app_init ] --START--
INFO: Run Behavior\BuildLiteBehavior [ RunTime:0.000028s ]
INFO: [ app_init ] --END-- [ RunTime:0.000799s ]
ERR: 无法加载模块:Robots

[ 2024-01-12T02:16:44+08:00 ] 54.198.71.13 /gate.php
INFO: [ app_init ] --START--
INFO: Run Behavior\BuildLiteBehavior [ RunTime:0.000026s ]
INFO: [ app_init ] --END-- [ RunTime:0.000657s ]
ERR: 无法加载模块:Gate

[ 2024-01-12T02:16:44+08:00 ] 54.198.71.13 /robots.txt
INFO: [ app_init ] --START--
INFO: Run Behavior\BuildLiteBehavior [ RunTime:0.000021s ]
INFO: [ app_init ] --END-- [ RunTime:0.000672s ]
ERR: 无法加载模块:Robots

[ 2024-01-12T02:16:44+08:00 ] 54.198.71.13 /aaaaaaaaaaaaaaaaaaaaaaaaaqr
INFO: [ app_init ] --START--
INFO: Run Behavior\BuildLiteBehavior [ RunTime:0.000021s ]
INFO: [ app_init ] --END-- [ RunTime:0.000587s ]
ERR: 无法加载模块:Aaaaaaaaaaaaaaaaaaaaaaaaaqr

[ 2024-01-12T02:16:45+08:00 ] 54.198.71.13 /99vu
INFO: [ app_init ] --START--
INFO: Run Behavior\BuildLiteBehavior [ RunTime:0.000063s ]
INFO: [ app_init ] --END-- [ RunTime:0.000953s ]
ERR: 无法加载模块:99vu

[ 2024-01-12T03:48:43+08:00 ] 103.187.190.93 /nmaplowercheck1705002534
INFO: [ app_init ] --START--
INFO: Run Behavior\BuildLiteBehavior [ RunTime:0.000030s ]
INFO: [ app_init ] --END-- [ RunTime:0.000628s ]
ERR: 无法加载模块:Nmaplowercheck1705002534

[ 2024-01-12T03:48:43+08:00 ] 103.187.190.93 /sdk
INFO: [ app_init ] --START--
INFO: Run Behavior\BuildLiteBehavior [ RunTime:0.000031s ]
INFO: [ app_init ] --END-- [ RunTime:0.000601s ]
ERR: 无法加载模块:Sdk

[ 2024-01-12T03:48:43+08:00 ] 103.187.190.93 /evox/about
INFO: [ app_init ] --START--
INFO: Run Behavior\BuildLiteBehavior [ RunTime:0.000022s ]
INFO: [ app_init ] --END-- [ RunTime:0.000652s ]
ERR: 无法加载模块:Evox

[ 2024-01-12T03:48:43+08:00 ] 103.187.190.93 /HNAP1
INFO: [ app_init ] --START--
INFO: Run Behavior\BuildLiteBehavior [ RunTime:0.000028s ]
INFO: [ app_init ] --END-- [ RunTime:0.000676s ]
ERR: 无法加载模块:HNAP1

[ 2024-01-12T03:48:44+08:00 ] 103.187.190.68 /solr/admin/info/system
INFO: [ app_init ] --START--
INFO: Run Behavior\BuildLiteBehavior [ RunTime:0.000035s ]
INFO: [ app_init ] --END-- [ RunTime:0.000943s ]
ERR: 无法加载模块:Solr

[ 2024-01-12T03:48:44+08:00 ] 103.187.190.69 /query?q=SHOW+DIAGNOSTICS
INFO: [ app_init ] --START--
INFO: Run Behavior\BuildLiteBehavior [ RunTime:0.000030s ]
INFO: [ app_init ] --END-- [ RunTime:0.001032s ]
ERR: 无法加载模块:Query

[ 2024-01-12T03:48:44+08:00 ] 103.187.190.68 /solr/admin/cores?action=STATUS&wt=json
INFO: [ app_init ] --START--
INFO: Run Behavior\BuildLiteBehavior [ RunTime:0.000027s ]
INFO: [ app_init ] --END-- [ RunTime:0.000681s ]
ERR: 无法加载模块:Solr

[ 2024-01-12T03:49:17+08:00 ] 69.194.182.221 /app/.env
INFO: [ app_init ] --START--
INFO: Run Behavior\BuildLiteBehavior [ RunTime:0.000032s ]
INFO: [ app_init ] --END-- [ RunTime:0.000801s ]
ERR: 无法加载模块:App

[ 2024-01-12T03:49:18+08:00 ] 69.194.182.221 /app
INFO: [ app_init ] --START--
INFO: Run Behavior\BuildLiteBehavior [ RunTime:0.000023s ]
INFO: [ app_init ] --END-- [ RunTime:0.000793s ]
ERR: 无法加载模块:App

[ 2024-01-12T04:05:16+08:00 ] 101.36.108.134 /js/layer.js
INFO: [ app_init ] --START--
INFO: Run Behavior\BuildLiteBehavior [ RunTime:0.000031s ]
INFO: [ app_init ] --END-- [ RunTime:0.000831s ]
ERR: 无法加载模块:Js

[ 2024-01-12T04:05:16+08:00 ] 101.36.108.134 /robots.txt
INFO: [ app_init ] --START--
INFO: Run Behavior\BuildLiteBehavior [ RunTime:0.000030s ]
INFO: [ app_init ] --END-- [ RunTime:0.000785s ]
ERR: 无法加载模块:Robots

[ 2024-01-12T04:05:16+08:00 ] 101.36.108.134 /sitemap.xml
INFO: [ app_init ] --START--
INFO: Run Behavior\BuildLiteBehavior [ RunTime:0.000022s ]
INFO: [ app_init ] --END-- [ RunTime:0.000634s ]
ERR: 无法加载模块:Sitemap

[ 2024-01-12T04:05:16+08:00 ] 101.36.108.134 /axis2-admin/
INFO: [ app_init ] --START--
INFO: Run Behavior\BuildLiteBehavior [ RunTime:0.000022s ]
INFO: [ app_init ] --END-- [ RunTime:0.000644s ]
ERR: 无法加载模块:Axis2-admin

[ 2024-01-12T04:05:16+08:00 ] 101.36.108.134 /axis2/
INFO: [ app_init ] --START--
INFO: Run Behavior\BuildLiteBehavior [ RunTime:0.000020s ]
INFO: [ app_init ] --END-- [ RunTime:0.000545s ]
ERR: 无法加载模块:Axis2

[ 2024-01-12T04:05:16+08:00 ] 101.36.108.134 /axis2/axis2-admin/
INFO: [ app_init ] --START--
INFO: Run Behavior\BuildLiteBehavior [ RunTime:0.000029s ]
INFO: [ app_init ] --END-- [ RunTime:0.000856s ]
ERR: 无法加载模块:Axis2

[ 2024-01-12T04:05:16+08:00 ] 101.36.108.134 /phpmyadmin/index.php
INFO: [ app_init ] --START--
INFO: Run Behavior\BuildLiteBehavior [ RunTime:0.000043s ]
INFO: [ app_init ] --END-- [ RunTime:0.001129s ]
ERR: 无法加载模块:Phpmyadmin

[ 2024-01-12T04:05:16+08:00 ] 101.36.108.134 /index_sso.php
INFO: [ app_init ] --START--
INFO: Run Behavior\BuildLiteBehavior [ RunTime:0.000031s ]
INFO: [ app_init ] --END-- [ RunTime:0.000803s ]
ERR: 无法加载模块:Index_sso

[ 2024-01-12T04:27:24+08:00 ] 92.205.4.45 /wp-content/themes/buddyboss-theme/style.css
INFO: [ app_init ] --START--
INFO: Run Behavior\BuildLiteBehavior [ RunTime:0.000016s ]
INFO: [ app_init ] --END-- [ RunTime:0.000384s ]
ERR: 无法加载模块:Wp-content

[ 2024-01-12T05:25:44+08:00 ] 78.153.140.224 /.aws/credentials
INFO: [ app_init ] --START--
INFO: Run Behavior\BuildLiteBehavior [ RunTime:0.000022s ]
INFO: [ app_init ] --END-- [ RunTime:0.000589s ]
ERR: 无法加载模块:.aws

[ 2024-01-12T05:56:34+08:00 ] 45.13.119.147 /boaform/admin/formLogin
INFO: [ app_init ] --START--
INFO: Run Behavior\BuildLiteBehavior [ RunTime:0.000015s ]
INFO: [ app_init ] --END-- [ RunTime:0.000315s ]
ERR: 无法加载模块:Boaform

[ 2024-01-12T06:44:00+08:00 ] 170.253.15.174 /app/.env
INFO: [ app_init ] --START--
INFO: Run Behavior\BuildLiteBehavior [ RunTime:0.000020s ]
INFO: [ app_init ] --END-- [ RunTime:0.000529s ]
ERR: 无法加载模块:App

[ 2024-01-12T06:44:00+08:00 ] 170.253.15.174 /app
INFO: [ app_init ] --START--
INFO: Run Behavior\BuildLiteBehavior [ RunTime:0.000017s ]
INFO: [ app_init ] --END-- [ RunTime:0.000545s ]
ERR: 无法加载模块:App

[ 2024-01-12T07:28:43+08:00 ] 18.201.109.23 /robots.txt
INFO: [ app_init ] --START--
INFO: Run Behavior\BuildLiteBehavior [ RunTime:0.000033s ]
INFO: [ app_init ] --END-- [ RunTime:0.000995s ]
ERR: 无法加载模块:Robots

[ 2024-01-12T07:55:41+08:00 ] 114.119.148.88 /robots.txt
INFO: [ app_init ] --START--
INFO: Run Behavior\BuildLiteBehavior [ RunTime:0.000028s ]
INFO: [ app_init ] --END-- [ RunTime:0.000788s ]
ERR: 无法加载模块:Robots

[ 2024-01-12T08:17:00+08:00 ] 51.158.241.133 /layui/layui.all.js
INFO: [ app_init ] --START--
INFO: Run Behavior\BuildLiteBehavior [ RunTime:0.000018s ]
INFO: [ app_init ] --END-- [ RunTime:0.000445s ]
ERR: 无法加载模块:Layui

[ 2024-01-12T08:17:01+08:00 ] 51.158.241.133 /js/jquery-3.1.0.js
INFO: [ app_init ] --START--
INFO: Run Behavior\BuildLiteBehavior [ RunTime:0.000035s ]
INFO: [ app_init ] --END-- [ RunTime:0.000788s ]
ERR: 无法加载模块:Js

[ 2024-01-12T08:17:01+08:00 ] 51.158.241.133 /js/layer.js
INFO: [ app_init ] --START--
INFO: Run Behavior\BuildLiteBehavior [ RunTime:0.000011s ]
INFO: [ app_init ] --END-- [ RunTime:0.000288s ]
ERR: 无法加载模块:Js

[ 2024-01-12T08:17:02+08:00 ] 51.158.241.133 /js/clipboard.min.js
INFO: [ app_init ] --START--
INFO: Run Behavior\BuildLiteBehavior [ RunTime:0.000023s ]
INFO: [ app_init ] --END-- [ RunTime:0.000684s ]
ERR: 无法加载模块:Js

[ 2024-01-12T08:20:51+08:00 ] 110.249.201.201 /robots.txt
INFO: [ app_init ] --START--
INFO: Run Behavior\BuildLiteBehavior [ RunTime:0.000023s ]
INFO: [ app_init ] --END-- [ RunTime:0.000580s ]
ERR: 无法加载模块:Robots

[ 2024-01-12T09:47:25+08:00 ] 91.92.253.56 /boaform/admin/formLogin
INFO: [ app_init ] --START--
INFO: Run Behavior\BuildLiteBehavior [ RunTime:0.000057s ]
INFO: [ app_init ] --END-- [ RunTime:0.000730s ]
ERR: 无法加载模块:Boaform

[ 2024-01-12T12:44:40+08:00 ] 111.225.148.12 /robots.txt
INFO: [ app_init ] --START--
INFO: Run Behavior\BuildLiteBehavior [ RunTime:0.000024s ]
INFO: [ app_init ] --END-- [ RunTime:0.000638s ]
ERR: 无法加载模块:Robots

[ 2024-01-12T15:19:04+08:00 ] 110.249.202.144 /robots.txt
INFO: [ app_init ] --START--
INFO: Run Behavior\BuildLiteBehavior [ RunTime:0.000019s ]
INFO: [ app_init ] --END-- [ RunTime:0.000448s ]
ERR: 无法加载模块:Robots

[ 2024-01-12T15:38:14+08:00 ] 91.92.255.83 /boaform/admin/formLogin
INFO: [ app_init ] --START--
INFO: Run Behavior\BuildLiteBehavior [ RunTime:0.000014s ]
INFO: [ app_init ] --END-- [ RunTime:0.000357s ]
ERR: 无法加载模块:Boaform

[ 2024-01-12T18:16:58+08:00 ] 65.157.23.94 /laravel/.env
INFO: [ app_init ] --START--
INFO: Run Behavior\BuildLiteBehavior [ RunTime:0.000023s ]
INFO: [ app_init ] --END-- [ RunTime:0.000603s ]
ERR: 无法加载模块:Laravel

[ 2024-01-12T18:16:59+08:00 ] 65.157.23.94 /laravel
INFO: [ app_init ] --START--
INFO: Run Behavior\BuildLiteBehavior [ RunTime:0.000017s ]
INFO: [ app_init ] --END-- [ RunTime:0.000409s ]
ERR: 无法加载模块:Laravel

[ 2024-01-12T18:19:41+08:00 ] 111.225.148.160 /robots.txt
INFO: [ app_init ] --START--
INFO: Run Behavior\BuildLiteBehavior [ RunTime:0.000028s ]
INFO: [ app_init ] --END-- [ RunTime:0.000763s ]
ERR: 无法加载模块:Robots

[ 2024-01-12T18:36:00+08:00 ] 74.82.47.3 /geoserver/web/
INFO: [ app_init ] --START--
INFO: Run Behavior\BuildLiteBehavior [ RunTime:0.000015s ]
INFO: [ app_init ] --END-- [ RunTime:0.000364s ]
ERR: 无法加载模块:Geoserver

[ 2024-01-12T18:40:43+08:00 ] 83.97.73.245 /actuator/gateway/routes
INFO: [ app_init ] --START--
INFO: Run Behavior\BuildLiteBehavior [ RunTime:0.000027s ]
INFO: [ app_init ] --END-- [ RunTime:0.000647s ]
ERR: 无法加载模块:Actuator

[ 2024-01-12T19:14:32+08:00 ] 123.58.219.3 /imei/
INFO: [ app_init ] --START--
INFO: Run Behavior\BuildLiteBehavior [ RunTime:0.000021s ]
INFO: [ app_init ] --END-- [ RunTime:0.000589s ]
ERR: 无法加载模块:Imei

[ 2024-01-12T19:14:32+08:00 ] 123.58.219.3 /homes/
INFO: [ app_init ] --START--
INFO: Run Behavior\BuildLiteBehavior [ RunTime:0.000023s ]
INFO: [ app_init ] --END-- [ RunTime:0.000562s ]
ERR: 无法加载模块:Homes

[ 2024-01-12T19:14:32+08:00 ] 123.58.219.3 /mobile
INFO: [ app_init ] --START--
INFO: Run Behavior\BuildLiteBehavior [ RunTime:0.000021s ]
INFO: [ app_init ] --END-- [ RunTime:0.000580s ]
ERR: 无法加载模块:Mobile

[ 2024-01-12T19:14:32+08:00 ] 123.58.219.3 /config
INFO: [ app_init ] --START--
INFO: Run Behavior\BuildLiteBehavior [ RunTime:0.000021s ]
INFO: [ app_init ] --END-- [ RunTime:0.000547s ]
ERR: 无法加载模块:Config

[ 2024-01-12T19:14:32+08:00 ] 123.58.219.3 /im/h5/
INFO: [ app_init ] --START--
INFO: Run Behavior\BuildLiteBehavior [ RunTime:0.000021s ]
INFO: [ app_init ] --END-- [ RunTime:0.000921s ]
ERR: 无法加载模块:Im

[ 2024-01-12T19:14:32+08:00 ] 123.58.219.3 /init.js
INFO: [ app_init ] --START--
INFO: Run Behavior\BuildLiteBehavior [ RunTime:0.000022s ]
INFO: [ app_init ] --END-- [ RunTime:0.000920s ]
ERR: 无法加载模块:Init

[ 2024-01-12T19:14:32+08:00 ] 123.58.219.3 /pc.html
INFO: [ app_init ] --START--
INFO: Run Behavior\BuildLiteBehavior [ RunTime:0.000032s ]
INFO: [ app_init ] --END-- [ RunTime:0.000826s ]
ERR: 无法加载模块:Pc

[ 2024-01-12T19:14:32+08:00 ] 123.58.219.3 /api/apps
INFO: [ app_init ] --START--
INFO: Run Behavior\BuildLiteBehavior [ RunTime:0.000026s ]
INFO: [ app_init ] --END-- [ RunTime:0.000754s ]
ERR: 无法加载模块:Api

[ 2024-01-12T19:14:32+08:00 ] 123.58.219.3 /mobile/
INFO: [ app_init ] --START--
INFO: Run Behavior\BuildLiteBehavior [ RunTime:0.000020s ]
INFO: [ app_init ] --END-- [ RunTime:0.000582s ]
ERR: 无法加载模块:Mobile

[ 2024-01-12T19:14:33+08:00 ] 123.58.219.3 /js/xz.js
INFO: [ app_init ] --START--
INFO: Run Behavior\BuildLiteBehavior [ RunTime:0.000020s ]
INFO: [ app_init ] --END-- [ RunTime:0.000559s ]
ERR: 无法加载模块:Js

[ 2024-01-12T19:14:33+08:00 ] 123.58.219.3 /platform
INFO: [ app_init ] --START--
INFO: Run Behavior\BuildLiteBehavior [ RunTime:0.000021s ]
INFO: [ app_init ] --END-- [ RunTime:0.000562s ]
ERR: 无法加载模块:Platform

[ 2024-01-12T19:14:33+08:00 ] 123.58.219.3 /lanren/css/global.css
INFO: [ app_init ] --START--
INFO: Run Behavior\BuildLiteBehavior [ RunTime:0.000021s ]
INFO: [ app_init ] --END-- [ RunTime:0.000600s ]
ERR: 无法加载模块:Lanren

[ 2024-01-12T19:14:33+08:00 ] 123.58.219.3 /css/skin/ymPrompt.css
INFO: [ app_init ] --START--
INFO: Run Behavior\BuildLiteBehavior [ RunTime:0.000026s ]
INFO: [ app_init ] --END-- [ RunTime:0.000781s ]
ERR: 无法加载模块:Css

[ 2024-01-12T19:14:33+08:00 ] 123.58.219.3 /config.js
INFO: [ app_init ] --START--
INFO: Run Behavior\BuildLiteBehavior [ RunTime:0.000018s ]
INFO: [ app_init ] --END-- [ RunTime:0.000396s ]
ERR: 无法加载模块:Config

[ 2024-01-12T19:14:33+08:00 ] 123.58.219.3 /site/info
INFO: [ app_init ] --START--
INFO: Run Behavior\BuildLiteBehavior [ RunTime:0.000021s ]
INFO: [ app_init ] --END-- [ RunTime:0.000543s ]
ERR: 无法加载模块:Site

[ 2024-01-12T19:14:33+08:00 ] 123.58.219.3 /css/m.css
INFO: [ app_init ] --START--
INFO: Run Behavior\BuildLiteBehavior [ RunTime:0.000027s ]
INFO: [ app_init ] --END-- [ RunTime:0.000815s ]
ERR: 无法加载模块:Css

[ 2024-01-12T19:14:33+08:00 ] 123.58.219.3 /js/app.js
INFO: [ app_init ] --START--
INFO: Run Behavior\BuildLiteBehavior [ RunTime:0.000029s ]
INFO: [ app_init ] --END-- [ RunTime:0.000773s ]
ERR: 无法加载模块:Js

[ 2024-01-12T19:14:33+08:00 ] 123.58.219.3 /style.css
INFO: [ app_init ] --START--
INFO: Run Behavior\BuildLiteBehavior [ RunTime:0.000031s ]
INFO: [ app_init ] --END-- [ RunTime:0.001113s ]
ERR: 无法加载模块:Style

[ 2024-01-12T19:14:33+08:00 ] 123.58.219.3 /user/Login
INFO: [ app_init ] --START--
INFO: Run Behavior\BuildLiteBehavior [ RunTime:0.000064s ]
INFO: [ app_init ] --END-- [ RunTime:0.000736s ]
ERR: 无法加载模块:User

[ 2024-01-12T19:14:33+08:00 ] 123.58.219.3 /js/home.js
INFO: [ app_init ] --START--
INFO: Run Behavior\BuildLiteBehavior [ RunTime:0.000021s ]
INFO: [ app_init ] --END-- [ RunTime:0.000555s ]
ERR: 无法加载模块:Js

[ 2024-01-12T19:14:33+08:00 ] 123.58.219.3 /api/linkPF
INFO: [ app_init ] --START--
INFO: Run Behavior\BuildLiteBehavior [ RunTime:0.000016s ]
INFO: [ app_init ] --END-- [ RunTime:0.000459s ]
ERR: 无法加载模块:Api

[ 2024-01-12T19:14:33+08:00 ] 123.58.219.3 /app/
INFO: [ app_init ] --START--
INFO: Run Behavior\BuildLiteBehavior [ RunTime:0.000021s ]
INFO: [ app_init ] --END-- [ RunTime:0.000772s ]
ERR: 无法加载模块:App

[ 2024-01-12T19:14:33+08:00 ] 123.58.219.3 /index/aurl
INFO: [ app_init ] --START--
INFO: Run Behavior\BuildLiteBehavior [ RunTime:0.000027s ]
INFO: [ app_init ] --END-- [ RunTime:0.000745s ]
ERR: 无法加载模块:Index

[ 2024-01-12T19:14:33+08:00 ] 123.58.219.3 /api/config
INFO: [ app_init ] --START--
INFO: Run Behavior\BuildLiteBehavior [ RunTime:0.000021s ]
INFO: [ app_init ] --END-- [ RunTime:0.000519s ]
ERR: 无法加载模块:Api

[ 2024-01-12T19:14:33+08:00 ] 123.58.219.3 /news/1.html
INFO: [ app_init ] --START--
INFO: Run Behavior\BuildLiteBehavior [ RunTime:0.000032s ]
INFO: [ app_init ] --END-- [ RunTime:0.000901s ]
ERR: 无法加载模块:News

[ 2024-01-12T19:14:34+08:00 ] 123.58.219.3 /myConfig.js
INFO: [ app_init ] --START--
INFO: Run Behavior\BuildLiteBehavior [ RunTime:0.000030s ]
INFO: [ app_init ] --END-- [ RunTime:0.000759s ]
ERR: 无法加载模块:MyConfig

[ 2024-01-12T19:14:34+08:00 ] 123.58.219.3 /js/base1.js
INFO: [ app_init ] --START--
INFO: Run Behavior\BuildLiteBehavior [ RunTime:0.000029s ]
INFO: [ app_init ] --END-- [ RunTime:0.000733s ]
ERR: 无法加载模块:Js

[ 2024-01-12T19:14:34+08:00 ] 123.58.219.3 /wap/forward
INFO: [ app_init ] --START--
INFO: Run Behavior\BuildLiteBehavior [ RunTime:0.000022s ]
INFO: [ app_init ] --END-- [ RunTime:0.000609s ]
ERR: 无法加载模块:Wap

[ 2024-01-12T19:14:34+08:00 ] 123.58.219.3 /proxy/games
INFO: [ app_init ] --START--
INFO: Run Behavior\BuildLiteBehavior [ RunTime:0.000016s ]
INFO: [ app_init ] --END-- [ RunTime:0.000394s ]
ERR: 无法加载模块:Proxy

[ 2024-01-12T19:14:34+08:00 ] 123.58.219.3 /js/a.script
INFO: [ app_init ] --START--
INFO: Run Behavior\BuildLiteBehavior [ RunTime:0.000017s ]
INFO: [ app_init ] --END-- [ RunTime:0.000501s ]
ERR: 无法加载模块:Js

[ 2024-01-12T19:14:34+08:00 ] 123.58.219.3 /js/post.js/
INFO: [ app_init ] --START--
INFO: Run Behavior\BuildLiteBehavior [ RunTime:0.000022s ]
INFO: [ app_init ] --END-- [ RunTime:0.000583s ]
ERR: 无法加载模块:Js

[ 2024-01-12T19:14:34+08:00 ] 123.58.219.3 /login.html
INFO: [ app_init ] --START--
INFO: Run Behavior\BuildLiteBehavior [ RunTime:0.000028s ]
INFO: [ app_init ] --END-- [ RunTime:0.000847s ]
ERR: 无法加载模块:Login

[ 2024-01-12T19:14:34+08:00 ] 123.58.219.3 /js/index.js
INFO: [ app_init ] --START--
INFO: Run Behavior\BuildLiteBehavior [ RunTime:0.000031s ]
INFO: [ app_init ] --END-- [ RunTime:0.000706s ]
ERR: 无法加载模块:Js

[ 2024-01-12T19:14:34+08:00 ] 123.58.219.3 /css/main.css
INFO: [ app_init ] --START--
INFO: Run Behavior\BuildLiteBehavior [ RunTime:0.000036s ]
INFO: [ app_init ] --END-- [ RunTime:0.000941s ]
ERR: 无法加载模块:Css

[ 2024-01-12T19:14:34+08:00 ] 123.58.219.3 /js/config.js
INFO: [ app_init ] --START--
INFO: Run Behavior\BuildLiteBehavior [ RunTime:0.000021s ]
INFO: [ app_init ] --END-- [ RunTime:0.000558s ]
ERR: 无法加载模块:Js

[ 2024-01-12T19:14:34+08:00 ] 123.58.219.3 /h5.2.taobao/
INFO: [ app_init ] --START--
INFO: Run Behavior\BuildLiteBehavior [ RunTime:0.000031s ]
INFO: [ app_init ] --END-- [ RunTime:0.000938s ]
ERR: 无法加载模块:H5.2

[ 2024-01-12T19:14:34+08:00 ] 123.58.219.3 /m/allticker/1
INFO: [ app_init ] --START--
INFO: Run Behavior\BuildLiteBehavior [ RunTime:0.000028s ]
INFO: [ app_init ] --END-- [ RunTime:0.000550s ]
ERR: 无法加载模块:M

[ 2024-01-12T19:14:34+08:00 ] 123.58.219.3 /fePublicInfo/
INFO: [ app_init ] --START--
INFO: Run Behavior\BuildLiteBehavior [ RunTime:0.000020s ]
INFO: [ app_init ] --END-- [ RunTime:0.000504s ]
ERR: 无法加载模块:FePublicInfo

[ 2024-01-12T19:14:34+08:00 ] 123.58.219.3 /nyyh/game.css
INFO: [ app_init ] --START--
INFO: Run Behavior\BuildLiteBehavior [ RunTime:0.000021s ]
INFO: [ app_init ] --END-- [ RunTime:0.000523s ]
ERR: 无法加载模块:Nyyh

[ 2024-01-12T19:14:34+08:00 ] 123.58.219.3 /nyyh/chkjs.js
INFO: [ app_init ] --START--
INFO: Run Behavior\BuildLiteBehavior [ RunTime:0.000021s ]
INFO: [ app_init ] --END-- [ RunTime:0.000574s ]
ERR: 无法加载模块:Nyyh

[ 2024-01-12T19:14:34+08:00 ] 123.58.219.3 /css/style.css
INFO: [ app_init ] --START--
INFO: Run Behavior\BuildLiteBehavior [ RunTime:0.000023s ]
INFO: [ app_init ] --END-- [ RunTime:0.000553s ]
ERR: 无法加载模块:Css

[ 2024-01-12T19:14:34+08:00 ] 123.58.219.3 /im/App/config
INFO: [ app_init ] --START--
INFO: Run Behavior\BuildLiteBehavior [ RunTime:0.000031s ]
INFO: [ app_init ] --END-- [ RunTime:0.000920s ]
ERR: 无法加载模块:Im

[ 2024-01-12T19:14:34+08:00 ] 123.58.219.3 /img/xxing.png
INFO: [ app_init ] --START--
INFO: Run Behavior\BuildLiteBehavior [ RunTime:0.000027s ]
INFO: [ app_init ] --END-- [ RunTime:0.000712s ]
ERR: 无法加载模块:Img

[ 2024-01-12T19:14:34+08:00 ] 123.58.219.3 /stock/mzhishu
INFO: [ app_init ] --START--
INFO: Run Behavior\BuildLiteBehavior [ RunTime:0.000021s ]
INFO: [ app_init ] --END-- [ RunTime:0.000593s ]
ERR: 无法加载模块:Stock

[ 2024-01-12T19:14:34+08:00 ] 123.58.219.3 /3/favicon.ico
INFO: [ app_init ] --START--
INFO: Run Behavior\BuildLiteBehavior [ RunTime:0.000018s ]
INFO: [ app_init ] --END-- [ RunTime:0.000414s ]
ERR: 无法加载模块:3

[ 2024-01-12T19:14:34+08:00 ] 123.58.219.3 /js/options.js
INFO: [ app_init ] --START--
INFO: Run Behavior\BuildLiteBehavior [ RunTime:0.000015s ]
INFO: [ app_init ] --END-- [ RunTime:0.000384s ]
ERR: 无法加载模块:Js

[ 2024-01-12T19:14:34+08:00 ] 123.58.219.3 /api/v1/config
INFO: [ app_init ] --START--
INFO: Run Behavior\BuildLiteBehavior [ RunTime:0.000017s ]
INFO: [ app_init ] --END-- [ RunTime:0.000398s ]
ERR: 无法加载模块:Api

[ 2024-01-12T19:14:34+08:00 ] 123.58.219.3 /thriveGame.css
INFO: [ app_init ] --START--
INFO: Run Behavior\BuildLiteBehavior [ RunTime:0.000021s ]
INFO: [ app_init ] --END-- [ RunTime:0.000538s ]
ERR: 无法加载模块:ThriveGame

[ 2024-01-12T19:14:35+08:00 ] 123.58.219.3 /index.php/sign
INFO: [ app_init ] --START--
INFO: Run Behavior\BuildLiteBehavior [ RunTime:0.000014s ]
INFO: [ app_init ] --END-- [ RunTime:0.000375s ]
ERR: 无法加载模块:Sign

[ 2024-01-12T19:14:35+08:00 ] 123.58.219.3 /kkrp/site/info
INFO: [ app_init ] --START--
INFO: Run Behavior\BuildLiteBehavior [ RunTime:0.000021s ]
INFO: [ app_init ] --END-- [ RunTime:0.000508s ]
ERR: 无法加载模块:Kkrp

[ 2024-01-12T19:14:35+08:00 ] 123.58.219.3 /img/zllqdk.png
INFO: [ app_init ] --START--
INFO: Run Behavior\BuildLiteBehavior [ RunTime:0.000020s ]
INFO: [ app_init ] --END-- [ RunTime:0.000548s ]
ERR: 无法加载模块:Img

[ 2024-01-12T19:14:35+08:00 ] 123.58.219.3 /app/js/base.js
INFO: [ app_init ] --START--
INFO: Run Behavior\BuildLiteBehavior [ RunTime:0.000029s ]
INFO: [ app_init ] --END-- [ RunTime:0.000740s ]
ERR: 无法加载模块:App

[ 2024-01-12T19:14:35+08:00 ] 123.58.219.3 /static/css.css
INFO: [ app_init ] --START--
INFO: Run Behavior\BuildLiteBehavior [ RunTime:0.000022s ]
INFO: [ app_init ] --END-- [ RunTime:0.000535s ]
ERR: 无法加载模块:Static

[ 2024-01-12T19:14:35+08:00 ] 123.58.219.3 /setting/global
INFO: [ app_init ] --START--
INFO: Run Behavior\BuildLiteBehavior [ RunTime:0.000022s ]
INFO: [ app_init ] --END-- [ RunTime:0.000561s ]
ERR: 无法加载模块:Setting

[ 2024-01-12T19:14:35+08:00 ] 123.58.219.3 /api/config-init
INFO: [ app_init ] --START--
INFO: Run Behavior\BuildLiteBehavior [ RunTime:0.000021s ]
INFO: [ app_init ] --END-- [ RunTime:0.000513s ]
ERR: 无法加载模块:Api

[ 2024-01-12T19:14:35+08:00 ] 123.58.219.3 /api/apps/config
INFO: [ app_init ] --START--
INFO: Run Behavior\BuildLiteBehavior [ RunTime:0.000027s ]
INFO: [ app_init ] --END-- [ RunTime:0.000674s ]
ERR: 无法加载模块:Api

[ 2024-01-12T19:14:35+08:00 ] 123.58.219.3 /api/config/info
INFO: [ app_init ] --START--
INFO: Run Behavior\BuildLiteBehavior [ RunTime:0.000027s ]
INFO: [ app_init ] --END-- [ RunTime:0.000804s ]
ERR: 无法加载模块:Api

[ 2024-01-12T19:14:35+08:00 ] 123.58.219.3 /css1/common.css
INFO: [ app_init ] --START--
INFO: Run Behavior\BuildLiteBehavior [ RunTime:0.000028s ]
INFO: [ app_init ] --END-- [ RunTime:0.000825s ]
ERR: 无法加载模块:Css1

[ 2024-01-12T19:14:35+08:00 ] 123.58.219.3 /bapi/st/news/cj
INFO: [ app_init ] --START--
INFO: Run Behavior\BuildLiteBehavior [ RunTime:0.000023s ]
INFO: [ app_init ] --END-- [ RunTime:0.000544s ]
ERR: 无法加载模块:Bapi

[ 2024-01-12T19:14:35+08:00 ] 123.58.219.3 /api/api/conf_js
INFO: [ app_init ] --START--
INFO: Run Behavior\BuildLiteBehavior [ RunTime:0.000020s ]
INFO: [ app_init ] --END-- [ RunTime:0.000504s ]
ERR: 无法加载模块:Api

[ 2024-01-12T19:14:35+08:00 ] 123.58.219.3 /files/pub_rem.js
INFO: [ app_init ] --START--
INFO: Run Behavior\BuildLiteBehavior [ RunTime:0.000020s ]
INFO: [ app_init ] --END-- [ RunTime:0.000532s ]
ERR: 无法加载模块:Files

[ 2024-01-12T19:14:35+08:00 ] 123.58.219.3 /verification.asp
INFO: [ app_init ] --START--
INFO: Run Behavior\BuildLiteBehavior [ RunTime:0.000022s ]
INFO: [ app_init ] --END-- [ RunTime:0.000526s ]
ERR: 无法加载模块:Verification

[ 2024-01-12T19:14:35+08:00 ] 123.58.219.3 /mobile/config.js
INFO: [ app_init ] --START--
INFO: Run Behavior\BuildLiteBehavior [ RunTime:0.000022s ]
INFO: [ app_init ] --END-- [ RunTime:0.000515s ]
ERR: 无法加载模块:Mobile

[ 2024-01-12T19:14:35+08:00 ] 123.58.219.3 /friendGroup/list
INFO: [ app_init ] --START--
INFO: Run Behavior\BuildLiteBehavior [ RunTime:0.000027s ]
INFO: [ app_init ] --END-- [ RunTime:0.000694s ]
ERR: 无法加载模块:FriendGroup

[ 2024-01-12T19:14:35+08:00 ] 123.58.219.3 /v6/getAppContent
INFO: [ app_init ] --START--
INFO: Run Behavior\BuildLiteBehavior [ RunTime:0.000032s ]
INFO: [ app_init ] --END-- [ RunTime:0.000822s ]
ERR: 无法加载模块:V6

[ 2024-01-12T19:14:35+08:00 ] 123.58.219.3 /appxz/index.html
INFO: [ app_init ] --START--
INFO: Run Behavior\BuildLiteBehavior [ RunTime:0.000022s ]
INFO: [ app_init ] --END-- [ RunTime:0.000667s ]
ERR: 无法加载模块:Appxz

[ 2024-01-12T19:14:35+08:00 ] 123.58.219.3 /index/newapi/api
INFO: [ app_init ] --START--
INFO: Run Behavior\BuildLiteBehavior [ RunTime:0.000020s ]
INFO: [ app_init ] --END-- [ RunTime:0.000499s ]
ERR: 无法加载模块:Index

[ 2024-01-12T19:14:35+08:00 ] 123.58.219.3 /dist/index.html
INFO: [ app_init ] --START--
INFO: Run Behavior\BuildLiteBehavior [ RunTime:0.000022s ]
INFO: [ app_init ] --END-- [ RunTime:0.000626s ]
ERR: 无法加载模块:Dist

[ 2024-01-12T19:14:35+08:00 ] 123.58.219.3 /Res/font/font.css
INFO: [ app_init ] --START--
INFO: Run Behavior\BuildLiteBehavior [ RunTime:0.000021s ]
INFO: [ app_init ] --END-- [ RunTime:0.000540s ]
ERR: 无法加载模块:Res

[ 2024-01-12T19:14:35+08:00 ] 123.58.219.3 /css/nsc/reset.css
INFO: [ app_init ] --START--
INFO: Run Behavior\BuildLiteBehavior [ RunTime:0.000038s ]
INFO: [ app_init ] --END-- [ RunTime:0.000599s ]
ERR: 无法加载模块:Css

[ 2024-01-12T19:14:36+08:00 ] 123.58.219.3 /skin/js/common.js
INFO: [ app_init ] --START--
INFO: Run Behavior\BuildLiteBehavior [ RunTime:0.000028s ]
INFO: [ app_init ] --END-- [ RunTime:0.000816s ]
ERR: 无法加载模块:Skin

[ 2024-01-12T19:14:36+08:00 ] 123.58.219.3 /Scripts/common.js
INFO: [ app_init ] --START--
INFO: Run Behavior\BuildLiteBehavior [ RunTime:0.000021s ]
INFO: [ app_init ] --END-- [ RunTime:0.000679s ]
ERR: 无法加载模块:Scripts

[ 2024-01-12T19:14:36+08:00 ] 123.58.219.3 /JS/loginstatus.js
INFO: [ app_init ] --START--
INFO: Run Behavior\BuildLiteBehavior [ RunTime:0.000022s ]
INFO: [ app_init ] --END-- [ RunTime:0.000538s ]
ERR: 无法加载模块:JS

[ 2024-01-12T19:14:36+08:00 ] 123.58.219.3 /biz/server/config
INFO: [ app_init ] --START--
INFO: Run Behavior\BuildLiteBehavior [ RunTime:0.000021s ]
INFO: [ app_init ] --END-- [ RunTime:0.000627s ]
ERR: 无法加载模块:Biz

[ 2024-01-12T19:14:36+08:00 ] 123.58.219.3 /statics/js/API.js
INFO: [ app_init ] --START--
INFO: Run Behavior\BuildLiteBehavior [ RunTime:0.000021s ]
INFO: [ app_init ] --END-- [ RunTime:0.000542s ]
ERR: 无法加载模块:Statics

[ 2024-01-12T19:14:36+08:00 ] 123.58.219.3 /mobile/lists.html
INFO: [ app_init ] --START--
INFO: Run Behavior\BuildLiteBehavior [ RunTime:0.000020s ]
INFO: [ app_init ] --END-- [ RunTime:0.000526s ]
ERR: 无法加载模块:Mobile

[ 2024-01-12T19:14:36+08:00 ] 123.58.219.3 /mytio/config/base
INFO: [ app_init ] --START--
INFO: Run Behavior\BuildLiteBehavior [ RunTime:0.000025s ]
INFO: [ app_init ] --END-- [ RunTime:0.000847s ]
ERR: 无法加载模块:Mytio

[ 2024-01-12T19:14:36+08:00 ] 123.58.219.3 /static/js/user.js
INFO: [ app_init ] --START--
INFO: Run Behavior\BuildLiteBehavior [ RunTime:0.000033s ]
INFO: [ app_init ] --END-- [ RunTime:0.000814s ]
ERR: 无法加载模块:Static

[ 2024-01-12T19:14:36+08:00 ] 123.58.219.3 /mobile/login.html
INFO: [ app_init ] --START--
INFO: Run Behavior\BuildLiteBehavior [ RunTime:0.000030s ]
INFO: [ app_init ] --END-- [ RunTime:0.000760s ]
ERR: 无法加载模块:Mobile

[ 2024-01-12T19:14:36+08:00 ] 123.58.219.3 /ph_acquireSession
INFO: [ app_init ] --START--
INFO: Run Behavior\BuildLiteBehavior [ RunTime:0.000031s ]
INFO: [ app_init ] --END-- [ RunTime:0.000834s ]
ERR: 无法加载模块:Ph_acquireSession

[ 2024-01-12T19:14:36+08:00 ] 123.58.219.3 /mobile/index/home
INFO: [ app_init ] --START--
INFO: Run Behavior\BuildLiteBehavior [ RunTime:0.000027s ]
INFO: [ app_init ] --END-- [ RunTime:0.000825s ]
ERR: 无法加载模块:Mobile

[ 2024-01-12T19:14:36+08:00 ] 123.58.219.3 /123/ok/index.html
INFO: [ app_init ] --START--
INFO: Run Behavior\BuildLiteBehavior [ RunTime:0.000028s ]
INFO: [ app_init ] --END-- [ RunTime:0.000900s ]
ERR: 无法加载模块:123

[ 2024-01-12T19:14:36+08:00 ] 123.58.219.3 /manager/js/left.js
INFO: [ app_init ] --START--
INFO: Run Behavior\BuildLiteBehavior [ RunTime:0.000027s ]
INFO: [ app_init ] --END-- [ RunTime:0.000765s ]
ERR: 无法加载模块:Manager

[ 2024-01-12T19:14:36+08:00 ] 123.58.219.3 /views/home/home.js
INFO: [ app_init ] --START--
INFO: Run Behavior\BuildLiteBehavior [ RunTime:0.000016s ]
INFO: [ app_init ] --END-- [ RunTime:0.000373s ]
ERR: 无法加载模块:Views

[ 2024-01-12T19:14:36+08:00 ] 123.58.219.3 /api/v1/member/kefu
INFO: [ app_init ] --START--
INFO: Run Behavior\BuildLiteBehavior [ RunTime:0.000035s ]
INFO: [ app_init ] --END-- [ RunTime:0.000769s ]
ERR: 无法加载模块:Api

[ 2024-01-12T19:14:36+08:00 ] 123.58.219.3 /public/img/cz1.png
INFO: [ app_init ] --START--
INFO: Run Behavior\BuildLiteBehavior [ RunTime:0.000022s ]
INFO: [ app_init ] --END-- [ RunTime:0.000639s ]
ERR: 无法加载模块:Public

[ 2024-01-12T19:14:36+08:00 ] 123.58.219.3 /api/uploads/apimap
INFO: [ app_init ] --START--
INFO: Run Behavior\BuildLiteBehavior [ RunTime:0.000025s ]
INFO: [ app_init ] --END-- [ RunTime:0.000700s ]
ERR: 无法加载模块:Api

[ 2024-01-12T19:14:37+08:00 ] 123.58.219.3 /api/getconfig.aspx
INFO: [ app_init ] --START--
INFO: Run Behavior\BuildLiteBehavior [ RunTime:0.000031s ]
INFO: [ app_init ] --END-- [ RunTime:0.000865s ]
ERR: 无法加载模块:Api

[ 2024-01-12T19:14:37+08:00 ] 123.58.219.3 /images/favicon.ico
INFO: [ app_init ] --START--
INFO: Run Behavior\BuildLiteBehavior [ RunTime:0.000019s ]
INFO: [ app_init ] --END-- [ RunTime:0.000405s ]
ERR: 无法加载模块:Images

[ 2024-01-12T19:14:37+08:00 ] 123.58.219.3 /static/css/css.css
INFO: [ app_init ] --START--
INFO: Run Behavior\BuildLiteBehavior [ RunTime:0.000022s ]
INFO: [ app_init ] --END-- [ RunTime:0.000595s ]
ERR: 无法加载模块:Static

[ 2024-01-12T19:14:37+08:00 ] 123.58.219.3 /static/f_title.png
INFO: [ app_init ] --START--
INFO: Run Behavior\BuildLiteBehavior [ RunTime:0.000021s ]
INFO: [ app_init ] --END-- [ RunTime:0.000526s ]
ERR: 无法加载模块:Static

[ 2024-01-12T19:14:37+08:00 ] 123.58.219.3 /api/mdm/getAppInfo
INFO: [ app_init ] --START--
INFO: Run Behavior\BuildLiteBehavior [ RunTime:0.000022s ]
INFO: [ app_init ] --END-- [ RunTime:0.000640s ]
ERR: 无法加载模块:Api

[ 2024-01-12T19:14:37+08:00 ] 123.58.219.3 /room/script/face.js
INFO: [ app_init ] --START--
INFO: Run Behavior\BuildLiteBehavior [ RunTime:0.000022s ]
INFO: [ app_init ] --END-- [ RunTime:0.000600s ]
ERR: 无法加载模块:Room

[ 2024-01-12T19:14:37+08:00 ] 123.58.219.3 /skin/main/onload.js
INFO: [ app_init ] --START--
INFO: Run Behavior\BuildLiteBehavior [ RunTime:0.000027s ]
INFO: [ app_init ] --END-- [ RunTime:0.000575s ]
ERR: 无法加载模块:Skin

[ 2024-01-12T19:14:37+08:00 ] 123.58.219.3 /api/site/getInfo.do
INFO: [ app_init ] --START--
INFO: Run Behavior\BuildLiteBehavior [ RunTime:0.000021s ]
INFO: [ app_init ] --END-- [ RunTime:0.000508s ]
ERR: 无法加载模块:Api

[ 2024-01-12T19:14:37+08:00 ] 123.58.219.3 /static/guide/ab.css
INFO: [ app_init ] --START--
INFO: Run Behavior\BuildLiteBehavior [ RunTime:0.000020s ]
INFO: [ app_init ] --END-- [ RunTime:0.000649s ]
ERR: 无法加载模块:Static

[ 2024-01-12T19:14:37+08:00 ] 123.58.219.3 /api/message/webInfo
INFO: [ app_init ] --START--
INFO: Run Behavior\BuildLiteBehavior [ RunTime:0.000022s ]
INFO: [ app_init ] --END-- [ RunTime:0.000552s ]
ERR: 无法加载模块:Api

[ 2024-01-12T19:14:38+08:00 ] 123.58.219.3 /api/index/webconfig
INFO: [ app_init ] --START--
INFO: Run Behavior\BuildLiteBehavior [ RunTime:0.000030s ]
INFO: [ app_init ] --END-- [ RunTime:0.000591s ]
ERR: 无法加载模块:Api

[ 2024-01-12T19:14:38+08:00 ] 123.58.219.3 /mobile/lottery/list
INFO: [ app_init ] --START--
INFO: Run Behavior\BuildLiteBehavior [ RunTime:0.000020s ]
INFO: [ app_init ] --END-- [ RunTime:0.000517s ]
ERR: 无法加载模块:Mobile

[ 2024-01-12T19:14:38+08:00 ] 123.58.219.3 /index/user/register
INFO: [ app_init ] --START--
INFO: Run Behavior\BuildLiteBehavior [ RunTime:0.000021s ]
INFO: [ app_init ] --END-- [ RunTime:0.000601s ]
ERR: 无法加载模块:Index

[ 2024-01-12T19:14:38+08:00 ] 123.58.219.3 /xy/image/jiantou.png
INFO: [ app_init ] --START--
INFO: Run Behavior\BuildLiteBehavior [ RunTime:0.000021s ]
INFO: [ app_init ] --END-- [ RunTime:0.000786s ]
ERR: 无法加载模块:Xy

[ 2024-01-12T19:14:38+08:00 ] 123.58.219.3 /api/index/grailindex
INFO: [ app_init ] --START--
INFO: Run Behavior\BuildLiteBehavior [ RunTime:0.000058s ]
INFO: [ app_init ] --END-- [ RunTime:0.000610s ]
ERR: 无法加载模块:Api

[ 2024-01-12T19:14:38+08:00 ] 123.58.219.3 /km.asmx/getPlatParam
INFO: [ app_init ] --START--
INFO: Run Behavior\BuildLiteBehavior [ RunTime:0.000020s ]
INFO: [ app_init ] --END-- [ RunTime:0.000507s ]
ERR: 无法加载模块:Km.asmx

[ 2024-01-12T19:14:38+08:00 ] 123.58.219.3 /index/login/reg.html
INFO: [ app_init ] --START--
INFO: Run Behavior\BuildLiteBehavior [ RunTime:0.000022s ]
INFO: [ app_init ] --END-- [ RunTime:0.000522s ]
ERR: 无法加载模块:Index

[ 2024-01-12T19:14:38+08:00 ] 123.58.219.3 /static/css/reset.css
INFO: [ app_init ] --START--
INFO: Run Behavior\BuildLiteBehavior [ RunTime:0.000026s ]
INFO: [ app_init ] --END-- [ RunTime:0.000859s ]
ERR: 无法加载模块:Static

[ 2024-01-12T19:14:38+08:00 ] 123.58.219.3 /other/getTopQuestion
INFO: [ app_init ] --START--
INFO: Run Behavior\BuildLiteBehavior [ RunTime:0.000080s ]
INFO: [ app_init ] --END-- [ RunTime:0.000579s ]
ERR: 无法加载模块:Other

[ 2024-01-12T19:14:38+08:00 ] 123.58.219.3 /dist/images/star.png
INFO: [ app_init ] --START--
INFO: Run Behavior\BuildLiteBehavior [ RunTime:0.000023s ]
INFO: [ app_init ] --END-- [ RunTime:0.000529s ]
ERR: 无法加载模块:Dist

[ 2024-01-12T19:14:38+08:00 ] 123.58.219.3 /index/login/register
INFO: [ app_init ] --START--
INFO: Run Behavior\BuildLiteBehavior [ RunTime:0.000021s ]
INFO: [ app_init ] --END-- [ RunTime:0.000565s ]
ERR: 无法加载模块:Index

[ 2024-01-12T19:14:38+08:00 ] 123.58.219.3 /static/diff_worker.js
INFO: [ app_init ] --START--
INFO: Run Behavior\BuildLiteBehavior [ RunTime:0.000026s ]
INFO: [ app_init ] --END-- [ RunTime:0.000672s ]
ERR: 无法加载模块:Static

[ 2024-01-12T19:14:38+08:00 ] 123.58.219.3 /data/json/config.json
INFO: [ app_init ] --START--
INFO: Run Behavior\BuildLiteBehavior [ RunTime:0.000027s ]
INFO: [ app_init ] --END-- [ RunTime:0.000559s ]
ERR: 无法加载模块:Data

[ 2024-01-12T19:14:38+08:00 ] 123.58.219.3 /static/css/mobile.css
INFO: [ app_init ] --START--
INFO: Run Behavior\BuildLiteBehavior [ RunTime:0.000034s ]
INFO: [ app_init ] --END-- [ RunTime:0.000888s ]
ERR: 无法加载模块:Static

[ 2024-01-12T19:14:38+08:00 ] 123.58.219.3 /api/user/ismustmobile
INFO: [ app_init ] --START--
INFO: Run Behavior\BuildLiteBehavior [ RunTime:0.000022s ]
INFO: [ app_init ] --END-- [ RunTime:0.000765s ]
ERR: 无法加载模块:Api

[ 2024-01-12T19:14:38+08:00 ] 123.58.219.3 /api/user/ismustmobile
INFO: [ app_init ] --START--
INFO: Run Behavior\BuildLiteBehavior [ RunTime:0.000026s ]
INFO: [ app_init ] --END-- [ RunTime:0.000619s ]
ERR: 无法加载模块:Api

[ 2024-01-12T19:14:39+08:00 ] 123.58.219.3 /api/user/ismustmobile
INFO: [ app_init ] --START--
INFO: Run Behavior\BuildLiteBehavior [ RunTime:0.000017s ]
INFO: [ app_init ] --END-- [ RunTime:0.000513s ]
ERR: 无法加载模块:Api

[ 2024-01-12T19:14:39+08:00 ] 123.58.219.3 /static/css/public.css
INFO: [ app_init ] --START--
INFO: Run Behavior\BuildLiteBehavior [ RunTime:0.000028s ]
INFO: [ app_init ] --END-- [ RunTime:0.000600s ]
ERR: 无法加载模块:Static

[ 2024-01-12T19:14:39+08:00 ] 123.58.219.3 /static/js/download.js
INFO: [ app_init ] --START--
INFO: Run Behavior\BuildLiteBehavior [ RunTime:0.000030s ]
INFO: [ app_init ] --END-- [ RunTime:0.001006s ]
ERR: 无法加载模块:Static

[ 2024-01-12T19:14:39+08:00 ] 123.58.219.3 /index/user/login.html
INFO: [ app_init ] --START--
INFO: Run Behavior\BuildLiteBehavior [ RunTime:0.000022s ]
INFO: [ app_init ] --END-- [ RunTime:0.000535s ]
ERR: 无法加载模块:Index

[ 2024-01-12T19:14:39+08:00 ] 123.58.219.3 /static/css/common.css
INFO: [ app_init ] --START--
INFO: Run Behavior\BuildLiteBehavior [ RunTime:0.000018s ]
INFO: [ app_init ] --END-- [ RunTime:0.000457s ]
ERR: 无法加载模块:Static

[ 2024-01-12T19:14:39+08:00 ] 123.58.219.3 /static_wb2/js/main.js
INFO: [ app_init ] --START--
INFO: Run Behavior\BuildLiteBehavior [ RunTime:0.000017s ]
INFO: [ app_init ] --END-- [ RunTime:0.000419s ]
ERR: 无法加载模块:Static_wb2

[ 2024-01-12T19:14:39+08:00 ] 123.58.219.3 /serveapi/tx/ddd/lll/a
INFO: [ app_init ] --START--
INFO: Run Behavior\BuildLiteBehavior [ RunTime:0.000031s ]
INFO: [ app_init ] --END-- [ RunTime:0.000806s ]
ERR: 无法加载模块:Serveapi

[ 2024-01-12T19:14:39+08:00 ] 123.58.219.3 /api2/share/usage.html
INFO: [ app_init ] --START--
INFO: Run Behavior\BuildLiteBehavior [ RunTime:0.000036s ]
INFO: [ app_init ] --END-- [ RunTime:0.001030s ]
ERR: 无法加载模块:Api2

[ 2024-01-12T19:14:39+08:00 ] 123.58.219.3 /api/sys/getBaseConfig
INFO: [ app_init ] --START--
INFO: Run Behavior\BuildLiteBehavior [ RunTime:0.000028s ]
INFO: [ app_init ] --END-- [ RunTime:0.000812s ]
ERR: 无法加载模块:Api

[ 2024-01-12T19:14:39+08:00 ] 123.58.219.3 /public/wap/js/basis.js
INFO: [ app_init ] --START--
INFO: Run Behavior\BuildLiteBehavior [ RunTime:0.000027s ]
INFO: [ app_init ] --END-- [ RunTime:0.000760s ]
ERR: 无法加载模块:Public

[ 2024-01-12T19:14:39+08:00 ] 123.58.219.3 /aktv/img/nyyh/chkjs.js
INFO: [ app_init ] --START--
INFO: Run Behavior\BuildLiteBehavior [ RunTime:0.000022s ]
INFO: [ app_init ] --END-- [ RunTime:0.000567s ]
ERR: 无法加载模块:Aktv

[ 2024-01-12T19:14:39+08:00 ] 123.58.219.3 /template/css/login.css
INFO: [ app_init ] --START--
INFO: Run Behavior\BuildLiteBehavior [ RunTime:0.000023s ]
INFO: [ app_init ] --END-- [ RunTime:0.000776s ]
ERR: 无法加载模块:Template

[ 2024-01-12T19:14:39+08:00 ] 123.58.219.3 /zz/address.php?gid=651
INFO: [ app_init ] --START--
INFO: Run Behavior\BuildLiteBehavior [ RunTime:0.000028s ]
INFO: [ app_init ] --END-- [ RunTime:0.000743s ]
ERR: 无法加载模块:Zz

[ 2024-01-12T19:14:39+08:00 ] 123.58.219.3 /assets/source/list.css
INFO: [ app_init ] --START--
INFO: Run Behavior\BuildLiteBehavior [ RunTime:0.000030s ]
INFO: [ app_init ] --END-- [ RunTime:0.000771s ]
ERR: 无法加载模块:Assets

[ 2024-01-12T19:14:39+08:00 ] 123.58.219.3 /index/index/getchatLog
INFO: [ app_init ] --START--
INFO: Run Behavior\BuildLiteBehavior [ RunTime:0.000020s ]
INFO: [ app_init ] --END-- [ RunTime:0.000517s ]
ERR: 无法加载模块:Index

[ 2024-01-12T19:14:39+08:00 ] 123.58.219.3 /customer/register.html
INFO: [ app_init ] --START--
INFO: Run Behavior\BuildLiteBehavior [ RunTime:0.000019s ]
INFO: [ app_init ] --END-- [ RunTime:0.000495s ]
ERR: 无法加载模块:Customer

[ 2024-01-12T19:14:39+08:00 ] 123.58.219.3 /api/config/banner/list
INFO: [ app_init ] --START--
INFO: Run Behavior\BuildLiteBehavior [ RunTime:0.000029s ]
INFO: [ app_init ] --END-- [ RunTime:0.000796s ]
ERR: 无法加载模块:Api

[ 2024-01-12T19:14:39+08:00 ] 123.58.219.3 /assets/res/mods/room.js
INFO: [ app_init ] --START--
INFO: Run Behavior\BuildLiteBehavior [ RunTime:0.000028s ]
INFO: [ app_init ] --END-- [ RunTime:0.000739s ]
ERR: 无法加载模块:Assets

[ 2024-01-12T19:14:39+08:00 ] 123.58.219.3 /static/home/js/rooms.js
INFO: [ app_init ] --START--
INFO: Run Behavior\BuildLiteBehavior [ RunTime:0.000021s ]
INFO: [ app_init ] --END-- [ RunTime:0.000556s ]
ERR: 无法加载模块:Static

[ 2024-01-12T19:14:39+08:00 ] 123.58.219.3 /static/wap/js/common.js
INFO: [ app_init ] --START--
INFO: Run Behavior\BuildLiteBehavior [ RunTime:0.000023s ]
INFO: [ app_init ] --END-- [ RunTime:0.000542s ]
ERR: 无法加载模块:Static

[ 2024-01-12T19:14:40+08:00 ] 123.58.219.3 /static/data/configjs.js
INFO: [ app_init ] --START--
INFO: Run Behavior\BuildLiteBehavior [ RunTime:0.000022s ]
INFO: [ app_init ] --END-- [ RunTime:0.000703s ]
ERR: 无法加载模块:Static

[ 2024-01-12T19:14:40+08:00 ] 123.58.219.3 /static/mobile/user.html
INFO: [ app_init ] --START--
INFO: Run Behavior\BuildLiteBehavior [ RunTime:0.000022s ]
INFO: [ app_init ] --END-- [ RunTime:0.000519s ]
ERR: 无法加载模块:Static

[ 2024-01-12T19:14:40+08:00 ] 123.58.219.3 /static/v2/css/index.css
INFO: [ app_init ] --START--
INFO: Run Behavior\BuildLiteBehavior [ RunTime:0.000027s ]
INFO: [ app_init ] --END-- [ RunTime:0.000609s ]
ERR: 无法加载模块:Static

[ 2024-01-12T19:14:40+08:00 ] 123.58.219.3 /static/data/gamedatas.js
INFO: [ app_init ] --START--
INFO: Run Behavior\BuildLiteBehavior [ RunTime:0.000020s ]
INFO: [ app_init ] --END-- [ RunTime:0.000539s ]
ERR: 无法加载模块:Static

[ 2024-01-12T19:14:40+08:00 ] 123.58.219.3 /index_files/bankCheck.js
INFO: [ app_init ] --START--
INFO: Run Behavior\BuildLiteBehavior [ RunTime:0.000023s ]
INFO: [ app_init ] --END-- [ RunTime:0.000585s ]
ERR: 无法加载模块:Index_files

[ 2024-01-12T19:14:40+08:00 ] 123.58.219.3 /resources/main/common.js
INFO: [ app_init ] --START--
INFO: Run Behavior\BuildLiteBehavior [ RunTime:0.000022s ]
INFO: [ app_init ] --END-- [ RunTime:0.000854s ]
ERR: 无法加载模块:Resources

[ 2024-01-12T19:14:40+08:00 ] 123.58.219.3 /static/wap/css/index.css
INFO: [ app_init ] --START--
INFO: Run Behavior\BuildLiteBehavior [ RunTime:0.000022s ]
INFO: [ app_init ] --END-- [ RunTime:0.000517s ]
ERR: 无法加载模块:Static

[ 2024-01-12T19:14:40+08:00 ] 123.58.219.3 /assets/app-manifest.json
INFO: [ app_init ] --START--
INFO: Run Behavior\BuildLiteBehavior [ RunTime:0.000021s ]
INFO: [ app_init ] --END-- [ RunTime:0.000536s ]
ERR: 无法加载模块:Assets

[ 2024-01-12T19:14:40+08:00 ] 123.58.219.3 /h5/static/tabbar/txl.png
INFO: [ app_init ] --START--
INFO: Run Behavior\BuildLiteBehavior [ RunTime:0.000028s ]
INFO: [ app_init ] --END-- [ RunTime:0.000618s ]
ERR: 无法加载模块:H5

[ 2024-01-12T19:14:40+08:00 ] 123.58.219.3 /phone/images/icon_01.png
INFO: [ app_init ] --START--
INFO: Run Behavior\BuildLiteBehavior [ RunTime:0.000038s ]
INFO: [ app_init ] --END-- [ RunTime:0.000421s ]
ERR: 无法加载模块:Phone

[ 2024-01-12T19:14:40+08:00 ] 123.58.219.3 /static/voice/default.wav
INFO: [ app_init ] --START--
INFO: Run Behavior\BuildLiteBehavior [ RunTime:0.000035s ]
INFO: [ app_init ] --END-- [ RunTime:0.000739s ]
ERR: 无法加载模块:Static

[ 2024-01-12T19:14:40+08:00 ] 123.58.219.3 /static/js/chat-config.js
INFO: [ app_init ] --START--
INFO: Run Behavior\BuildLiteBehavior [ RunTime:0.000022s ]
INFO: [ app_init ] --END-- [ RunTime:0.000524s ]
ERR: 无法加载模块:Static

[ 2024-01-12T19:14:40+08:00 ] 123.58.219.3 /s_api/basic/download/info
INFO: [ app_init ] --START--
INFO: Run Behavior\BuildLiteBehavior [ RunTime:0.000021s ]
INFO: [ app_init ] --END-- [ RunTime:0.000561s ]
ERR: 无法加载模块:S_api

[ 2024-01-12T19:14:40+08:00 ] 123.58.219.3 /Content/css/wzwstylel.css
INFO: [ app_init ] --START--
INFO: Run Behavior\BuildLiteBehavior [ RunTime:0.000029s ]
INFO: [ app_init ] --END-- [ RunTime:0.000980s ]
ERR: 无法加载模块:Content

[ 2024-01-12T19:14:40+08:00 ] 123.58.219.3 /mobile/film/css/index.css
INFO: [ app_init ] --START--
INFO: Run Behavior\BuildLiteBehavior [ RunTime:0.000020s ]
INFO: [ app_init ] --END-- [ RunTime:0.000511s ]
ERR: 无法加载模块:Mobile

[ 2024-01-12T19:14:40+08:00 ] 123.58.219.3 /saconfig/secure/yunwei.js
INFO: [ app_init ] --START--
INFO: Run Behavior\BuildLiteBehavior [ RunTime:0.000020s ]
INFO: [ app_init ] --END-- [ RunTime:0.000517s ]
ERR: 无法加载模块:Saconfig

[ 2024-01-12T19:14:40+08:00 ] 123.58.219.3 /static/image/logo.png?v=4
INFO: [ app_init ] --START--
INFO: Run Behavior\BuildLiteBehavior [ RunTime:0.000021s ]
INFO: [ app_init ] --END-- [ RunTime:0.000666s ]
ERR: 无法加载模块:Static

[ 2024-01-12T19:14:40+08:00 ] 123.58.219.3 /api/config/getwebsitename
INFO: [ app_init ] --START--
INFO: Run Behavior\BuildLiteBehavior [ RunTime:0.000034s ]
INFO: [ app_init ] --END-- [ RunTime:0.000581s ]
ERR: 无法加载模块:Api

[ 2024-01-12T19:14:40+08:00 ] 123.58.219.3 /static/wap/css/common.css
INFO: [ app_init ] --START--
INFO: Run Behavior\BuildLiteBehavior [ RunTime:0.000028s ]
INFO: [ app_init ] --END-- [ RunTime:0.000773s ]
ERR: 无法加载模块:Static

[ 2024-01-12T19:14:40+08:00 ] 123.58.219.3 /assets/AssetManifest.json
INFO: [ app_init ] --START--
INFO: Run Behavior\BuildLiteBehavior [ RunTime:0.000020s ]
INFO: [ app_init ] --END-- [ RunTime:0.000529s ]
ERR: 无法加载模块:Assets

[ 2024-01-12T19:14:40+08:00 ] 123.58.219.3 /Template/Mobile/js/main.js
INFO: [ app_init ] --START--
INFO: Run Behavior\BuildLiteBehavior [ RunTime:0.000021s ]
INFO: [ app_init ] --END-- [ RunTime:0.000547s ]
ERR: 无法加载模块:Template

[ 2024-01-12T19:14:40+08:00 ] 123.58.219.3 /template/920ka/css/lsy.css
INFO: [ app_init ] --START--
INFO: Run Behavior\BuildLiteBehavior [ RunTime:0.000020s ]
INFO: [ app_init ] --END-- [ RunTime:0.000483s ]
ERR: 无法加载模块:Template

[ 2024-01-12T19:14:41+08:00 ] 123.58.219.3 /api/currency/quotation_new
INFO: [ app_init ] --START--
INFO: Run Behavior\BuildLiteBehavior [ RunTime:0.000021s ]
INFO: [ app_init ] --END-- [ RunTime:0.000598s ]
ERR: 无法加载模块:Api

[ 2024-01-12T19:14:41+08:00 ] 123.58.219.3 /public/h5static/js/main.js
INFO: [ app_init ] --START--
INFO: Run Behavior\BuildLiteBehavior [ RunTime:0.000028s ]
INFO: [ app_init ] --END-- [ RunTime:0.000757s ]
ERR: 无法加载模块:Public

[ 2024-01-12T19:14:41+08:00 ] 123.58.219.3 /pages/console/js/common.js
INFO: [ app_init ] --START--
INFO: Run Behavior\BuildLiteBehavior [ RunTime:0.000025s ]
INFO: [ app_init ] --END-- [ RunTime:0.000725s ]
ERR: 无法加载模块:Pages

[ 2024-01-12T19:14:41+08:00 ] 123.58.219.3 /portal/index/protocol.html
INFO: [ app_init ] --START--
INFO: Run Behavior\BuildLiteBehavior [ RunTime:0.000022s ]
INFO: [ app_init ] --END-- [ RunTime:0.000598s ]
ERR: 无法加载模块:Portal

[ 2024-01-12T19:14:41+08:00 ] 123.58.219.3 /static/home/css/common.css
INFO: [ app_init ] --START--
INFO: Run Behavior\BuildLiteBehavior [ RunTime:0.000017s ]
INFO: [ app_init ] --END-- [ RunTime:0.000393s ]
ERR: 无法加载模块:Static

[ 2024-01-12T19:14:41+08:00 ] 123.58.219.3 /api/grame/getHomePtLottery
INFO: [ app_init ] --START--
INFO: Run Behavior\BuildLiteBehavior [ RunTime:0.000021s ]
INFO: [ app_init ] --END-- [ RunTime:0.000513s ]
ERR: 无法加载模块:Api

[ 2024-01-12T19:14:41+08:00 ] 123.58.219.3 /resource/home/js/common.js
INFO: [ app_init ] --START--
INFO: Run Behavior\BuildLiteBehavior [ RunTime:0.000022s ]
INFO: [ app_init ] --END-- [ RunTime:0.000564s ]
ERR: 无法加载模块:Resource

[ 2024-01-12T19:14:41+08:00 ] 123.58.219.3 /api/vue/transaction/config
INFO: [ app_init ] --START--
INFO: Run Behavior\BuildLiteBehavior [ RunTime:0.000028s ]
INFO: [ app_init ] --END-- [ RunTime:0.000752s ]
ERR: 无法加载模块:Api

[ 2024-01-12T19:14:41+08:00 ] 123.58.219.3 /static/wap/css/tipmask.css
INFO: [ app_init ] --START--
INFO: Run Behavior\BuildLiteBehavior [ RunTime:0.000021s ]
INFO: [ app_init ] --END-- [ RunTime:0.000497s ]
ERR: 无法加载模块:Static

[ 2024-01-12T19:14:41+08:00 ] 123.58.219.3 /static/home/2022/index1.js
INFO: [ app_init ] --START--
INFO: Run Behavior\BuildLiteBehavior [ RunTime:0.000017s ]
INFO: [ app_init ] --END-- [ RunTime:0.000368s ]
ERR: 无法加载模块:Static

[ 2024-01-12T19:14:41+08:00 ] 123.58.219.3 /resources/css/headernav.css
INFO: [ app_init ] --START--
INFO: Run Behavior\BuildLiteBehavior [ RunTime:0.000014s ]
INFO: [ app_init ] --END-- [ RunTime:0.000330s ]
ERR: 无法加载模块:Resources

[ 2024-01-12T19:14:41+08:00 ] 123.58.219.3 /Templates/user/js/global.js
INFO: [ app_init ] --START--
INFO: Run Behavior\BuildLiteBehavior [ RunTime:0.000038s ]
INFO: [ app_init ] --END-- [ RunTime:0.000817s ]
ERR: 无法加载模块:Templates

[ 2024-01-12T19:14:41+08:00 ] 123.58.219.3 /static/data/thirdgames.json
INFO: [ app_init ] --START--
INFO: Run Behavior\BuildLiteBehavior [ RunTime:0.000030s ]
INFO: [ app_init ] --END-- [ RunTime:0.000848s ]
ERR: 无法加载模块:Static

[ 2024-01-12T19:14:41+08:00 ] 123.58.219.3 /static/admincp/js/common.js
INFO: [ app_init ] --START--
INFO: Run Behavior\BuildLiteBehavior [ RunTime:0.000023s ]
INFO: [ app_init ] --END-- [ RunTime:0.000651s ]
ERR: 无法加载模块:Static

[ 2024-01-12T19:14:41+08:00 ] 123.58.219.3 /index.php/Wap/Api/getBanner
INFO: [ app_init ] --START--
INFO: Run Behavior\BuildLiteBehavior [ RunTime:0.000028s ]
INFO: [ app_init ] --END-- [ RunTime:0.000768s ]
ERR: 无法加载模块:Wap

[ 2024-01-12T19:14:41+08:00 ] 123.58.219.3 /market/market-ws/iframe.html
INFO: [ app_init ] --START--
INFO: Run Behavior\BuildLiteBehavior [ RunTime:0.000023s ]
INFO: [ app_init ] --END-- [ RunTime:0.000518s ]
ERR: 无法加载模块:Market

[ 2024-01-12T19:14:41+08:00 ] 123.58.219.3 /views/commData/commonSite.js
INFO: [ app_init ] --START--
INFO: Run Behavior\BuildLiteBehavior [ RunTime:0.000024s ]
INFO: [ app_init ] --END-- [ RunTime:0.000631s ]
ERR: 无法加载模块:Views

[ 2024-01-12T19:14:41+08:00 ] 123.58.219.3 /Content/m_1/js/m_1_Jquery.js
INFO: [ app_init ] --START--
INFO: Run Behavior\BuildLiteBehavior [ RunTime:0.000031s ]
INFO: [ app_init ] --END-- [ RunTime:0.000893s ]
ERR: 无法加载模块:Content

[ 2024-01-12T19:14:41+08:00 ] 123.58.219.3 /resource/home/css/person.css
INFO: [ app_init ] --START--
INFO: Run Behavior\BuildLiteBehavior [ RunTime:0.000023s ]
INFO: [ app_init ] --END-- [ RunTime:0.000528s ]
ERR: 无法加载模块:Resource

[ 2024-01-12T19:14:41+08:00 ] 123.58.219.3 /mobile/v3/appSuperDownload.do
INFO: [ app_init ] --START--
INFO: Run Behavior\BuildLiteBehavior [ RunTime:0.000018s ]
INFO: [ app_init ] --END-- [ RunTime:0.000561s ]
ERR: 无法加载模块:Mobile

[ 2024-01-12T19:14:41+08:00 ] 123.58.219.3 /common/member/js/user.util.js
INFO: [ app_init ] --START--
INFO: Run Behavior\BuildLiteBehavior [ RunTime:0.000029s ]
INFO: [ app_init ] --END-- [ RunTime:0.000787s ]
ERR: 无法加载模块:Common

[ 2024-01-12T19:14:41+08:00 ] 123.58.219.3 /melody/api/v1/pageconfig/list
INFO: [ app_init ] --START--
INFO: Run Behavior\BuildLiteBehavior [ RunTime:0.000015s ]
INFO: [ app_init ] --END-- [ RunTime:0.000350s ]
ERR: 无法加载模块:Melody

[ 2024-01-12T19:14:41+08:00 ] 123.58.219.3 /template/mb/lang/text-zh.json
INFO: [ app_init ] --START--
INFO: Run Behavior\BuildLiteBehavior [ RunTime:0.000044s ]
INFO: [ app_init ] --END-- [ RunTime:0.000939s ]
ERR: 无法加载模块:Template

[ 2024-01-12T19:14:42+08:00 ] 123.58.219.3 /getConfig/getArticle.do?code=1
INFO: [ app_init ] --START--
INFO: Run Behavior\BuildLiteBehavior [ RunTime:0.000020s ]
INFO: [ app_init ] --END-- [ RunTime:0.000600s ]
ERR: 无法加载模块:GetConfig

[ 2024-01-12T19:14:42+08:00 ] 123.58.219.3 /ws/index/getTheLotteryInitList
INFO: [ app_init ] --START--
INFO: Run Behavior\BuildLiteBehavior [ RunTime:0.000031s ]
INFO: [ app_init ] --END-- [ RunTime:0.000776s ]
ERR: 无法加载模块:Ws

[ 2024-01-12T19:14:42+08:00 ] 123.58.219.3 /api/config/proxy_servers?key=1
INFO: [ app_init ] --START--
INFO: Run Behavior\BuildLiteBehavior [ RunTime:0.000028s ]
INFO: [ app_init ] --END-- [ RunTime:0.000842s ]
ERR: 无法加载模块:Api

[ 2024-01-12T19:14:42+08:00 ] 123.58.219.3 /masterControl/getSystemSetting
INFO: [ app_init ] --START--
INFO: Run Behavior\BuildLiteBehavior [ RunTime:0.000020s ]
INFO: [ app_init ] --END-- [ RunTime:0.000530s ]
ERR: 无法加载模块:MasterControl

[ 2024-01-12T19:14:42+08:00 ] 123.58.219.3 /install.inc/vipsignInstall.css
INFO: [ app_init ] --START--
INFO: Run Behavior\BuildLiteBehavior [ RunTime:0.000031s ]
INFO: [ app_init ] --END-- [ RunTime:0.000708s ]
ERR: 无法加载模块:Install.inc

[ 2024-01-12T19:14:42+08:00 ] 123.58.219.3 /stage-api/common/configKey/all
INFO: [ app_init ] --START--
INFO: Run Behavior\BuildLiteBehavior [ RunTime:0.000025s ]
INFO: [ app_init ] --END-- [ RunTime:0.000774s ]
ERR: 无法加载模块:Stage-api

[ 2024-01-12T19:14:42+08:00 ] 123.58.219.3 /api/appVersion?mobile_system=2
INFO: [ app_init ] --START--
INFO: Run Behavior\BuildLiteBehavior [ RunTime:0.000021s ]
INFO: [ app_init ] --END-- [ RunTime:0.000574s ]
ERR: 无法加载模块:Api

[ 2024-01-12T19:14:42+08:00 ] 123.58.219.3 /serveapi/tx/open/session/fffff
INFO: [ app_init ] --START--
INFO: Run Behavior\BuildLiteBehavior [ RunTime:0.000022s ]
INFO: [ app_init ] --END-- [ RunTime:0.000551s ]
ERR: 无法加载模块:Serveapi

[ 2024-01-12T19:14:42+08:00 ] 123.58.219.3 /lottery/rotate/index.php?lid=1
INFO: [ app_init ] --START--
INFO: Run Behavior\BuildLiteBehavior [ RunTime:0.000023s ]
INFO: [ app_init ] --END-- [ RunTime:0.000625s ]
ERR: 无法加载模块:Lottery

[ 2024-01-12T19:14:42+08:00 ] 123.58.219.3 /getConfig/getArticle.do?code=19
INFO: [ app_init ] --START--
INFO: Run Behavior\BuildLiteBehavior [ RunTime:0.000027s ]
INFO: [ app_init ] --END-- [ RunTime:0.000704s ]
ERR: 无法加载模块:GetConfig

[ 2024-01-12T19:14:42+08:00 ] 123.58.219.3 /wap/static//images/index_tzjr.png
INFO: [ app_init ] --START--
INFO: Run Behavior\BuildLiteBehavior [ RunTime:0.000024s ]
INFO: [ app_init ] --END-- [ RunTime:0.000766s ]
ERR: 无法加载模块:Wap

[ 2024-01-12T19:14:42+08:00 ] 123.58.219.3 /server/business/api/customer/list
INFO: [ app_init ] --START--
INFO: Run Behavior\BuildLiteBehavior [ RunTime:0.000032s ]
INFO: [ app_init ] --END-- [ RunTime:0.000788s ]
ERR: 无法加载模块:Server

[ 2024-01-12T19:14:42+08:00 ] 123.58.219.3 /a/other/codepay/js/codepay_util.js
INFO: [ app_init ] --START--
INFO: Run Behavior\BuildLiteBehavior [ RunTime:0.000029s ]
INFO: [ app_init ] --END-- [ RunTime:0.000823s ]
ERR: 无法加载模块:A

[ 2024-01-12T19:14:42+08:00 ] 123.58.219.3 /api/public/?service=Home.getConfig
INFO: [ app_init ] --START--
INFO: Run Behavior\BuildLiteBehavior [ RunTime:0.000028s ]
INFO: [ app_init ] --END-- [ RunTime:0.000707s ]
ERR: 无法加载模块:Api

[ 2024-01-12T19:14:42+08:00 ] 123.58.219.3 /index/police/index.html?agent=1000
INFO: [ app_init ] --START--
INFO: Run Behavior\BuildLiteBehavior [ RunTime:0.000017s ]
INFO: [ app_init ] --END-- [ RunTime:0.000572s ]
ERR: 无法加载模块:Index

[ 2024-01-12T19:14:42+08:00 ] 123.58.219.3 /bet/lotteryinfo/allLotteryInfoList
INFO: [ app_init ] --START--
INFO: Run Behavior\BuildLiteBehavior [ RunTime:0.000030s ]
INFO: [ app_init ] --END-- [ RunTime:0.000630s ]
ERR: 无法加载模块:Bet

[ 2024-01-12T19:14:42+08:00 ] 123.58.219.3 /v1/management/tenant/getSpeedDomain
INFO: [ app_init ] --START--
INFO: Run Behavior\BuildLiteBehavior [ RunTime:0.000021s ]
INFO: [ app_init ] --END-- [ RunTime:0.000536s ]
ERR: 无法加载模块:V1

[ 2024-01-12T19:14:42+08:00 ] 123.58.219.3 /client/static/icon/hangqingicon.png
INFO: [ app_init ] --START--
INFO: Run Behavior\BuildLiteBehavior [ RunTime:0.000029s ]
INFO: [ app_init ] --END-- [ RunTime:0.000904s ]
ERR: 无法加载模块:Client

[ 2024-01-12T19:14:42+08:00 ] 123.58.219.3 /api/exclude/siteConfig/webSiteConfig
INFO: [ app_init ] --START--
INFO: Run Behavior\BuildLiteBehavior [ RunTime:0.000031s ]
INFO: [ app_init ] --END-- [ RunTime:0.000546s ]
ERR: 无法加载模块:Api

[ 2024-01-12T19:14:42+08:00 ] 123.58.219.3 /static/home/css/feiqi-ee5401a8e6.css
INFO: [ app_init ] --START--
INFO: Run Behavior\BuildLiteBehavior [ RunTime:0.000029s ]
INFO: [ app_init ] --END-- [ RunTime:0.000789s ]
ERR: 无法加载模块:Static

[ 2024-01-12T19:14:42+08:00 ] 123.58.219.3 /static/customer/js/xiaotian.cli.v2.js
INFO: [ app_init ] --START--
INFO: Run Behavior\BuildLiteBehavior [ RunTime:0.000022s ]
INFO: [ app_init ] --END-- [ RunTime:0.000553s ]
ERR: 无法加载模块:Static

[ 2024-01-12T19:14:42+08:00 ] 123.58.219.3 /source/20220119/static/wap/js/order.js
INFO: [ app_init ] --START--
INFO: Run Behavior\BuildLiteBehavior [ RunTime:0.000016s ]
INFO: [ app_init ] --END-- [ RunTime:0.000375s ]
ERR: 无法加载模块:Source

[ 2024-01-12T19:14:43+08:00 ] 123.58.219.3 /api/stock/getSingleStock.do?code=002405
INFO: [ app_init ] --START--
INFO: Run Behavior\BuildLiteBehavior [ RunTime:0.000031s ]
INFO: [ app_init ] --END-- [ RunTime:0.000619s ]
ERR: 无法加载模块:Api

[ 2024-01-12T19:14:43+08:00 ] 123.58.219.3 /ajax/allcoin_a/id/0?t=0.3782499195965951
INFO: [ app_init ] --START--
INFO: Run Behavior\BuildLiteBehavior [ RunTime:0.000021s ]
INFO: [ app_init ] --END-- [ RunTime:0.000576s ]
ERR: 无法加载模块:Ajax

[ 2024-01-12T19:14:43+08:00 ] 123.58.219.3 /index.php?m=api&c=app&a=getPlatformConfig
INFO: [ app_init ] --START--
INFO: Run Behavior\BuildLiteBehavior [ RunTime:0.000022s ]
INFO: [ app_init ] --END-- [ RunTime:0.000588s ]
ERR: 无法加载模块:Api

[ 2024-01-12T19:14:43+08:00 ] 123.58.219.3 /wap/api/exchangerateuserconfig!get.action
INFO: [ app_init ] --START--
INFO: Run Behavior\BuildLiteBehavior [ RunTime:0.000021s ]
INFO: [ app_init ] --END-- [ RunTime:0.000557s ]
ERR: 无法加载模块:Wap

[ 2024-01-12T19:14:43+08:00 ] 123.58.219.3 /common/template/lottery/lecai/css/style.css
INFO: [ app_init ] --START--
INFO: Run Behavior\BuildLiteBehavior [ RunTime:0.000035s ]
INFO: [ app_init ] --END-- [ RunTime:0.000908s ]
ERR: 无法加载模块:Common

[ 2024-01-12T19:14:43+08:00 ] 123.58.219.3 /api/system/systemConfigs/getCustomerServiceLink
INFO: [ app_init ] --START--
INFO: Run Behavior\BuildLiteBehavior [ RunTime:0.000023s ]
INFO: [ app_init ] --END-- [ RunTime:0.000612s ]
ERR: 无法加载模块:Api

[ 2024-01-12T19:14:43+08:00 ] 123.58.219.3 /source/20220119/static/wap/css/trade-history.css
INFO: [ app_init ] --START--
INFO: Run Behavior\BuildLiteBehavior [ RunTime:0.000023s ]
INFO: [ app_init ] --END-- [ RunTime:0.000611s ]
ERR: 无法加载模块:Source

[ 2024-01-12T19:14:43+08:00 ] 123.58.219.3 /infe/rest/fig/advertise/common.json?mobile_open=1
INFO: [ app_init ] --START--
INFO: Run Behavior\BuildLiteBehavior [ RunTime:0.000048s ]
INFO: [ app_init ] --END-- [ RunTime:0.001002s ]
ERR: 无法加载模块:Infe

[ 2024-01-12T19:14:43+08:00 ] 123.58.219.3 /client/api/findConfigByKey?configKey=level_config
INFO: [ app_init ] --START--
INFO: Run Behavior\BuildLiteBehavior [ RunTime:0.000029s ]
INFO: [ app_init ] --END-- [ RunTime:0.000736s ]
ERR: 无法加载模块:Client

[ 2024-01-12T19:14:43+08:00 ] 123.58.219.3 /chatlink.html
INFO: [ app_init ] --START--
INFO: Run Behavior\BuildLiteBehavior [ RunTime:0.000024s ]
INFO: [ app_init ] --END-- [ RunTime:0.000615s ]
ERR: 无法加载模块:Chatlink

[ 2024-01-12T19:14:43+08:00 ] 123.58.219.3 /chat.html
INFO: [ app_init ] --START--
INFO: Run Behavior\BuildLiteBehavior [ RunTime:0.000027s ]
INFO: [ app_init ] --END-- [ RunTime:0.000765s ]
ERR: 无法加载模块:Chat

[ 2024-01-12T19:14:44+08:00 ] 123.58.219.3 /site/api/v1/site/vipExclusiveDomain/getGuestDomain
INFO: [ app_init ] --START--
INFO: Run Behavior\BuildLiteBehavior [ RunTime:0.000021s ]
INFO: [ app_init ] --END-- [ RunTime:0.000597s ]
ERR: 无法加载模块:Site

[ 2024-01-12T19:14:44+08:00 ] 123.58.219.3 /ipl/app/flash/publicbmw/ball/FigLeaf.js?site=member
INFO: [ app_init ] --START--
INFO: Run Behavior\BuildLiteBehavior [ RunTime:0.000032s ]
INFO: [ app_init ] --END-- [ RunTime:0.000803s ]
ERR: 无法加载模块:Ipl

[ 2024-01-12T19:14:44+08:00 ] 123.58.219.3 /api/v/index/queryOfficePage?officeCode=customHomeLink
INFO: [ app_init ] --START--
INFO: Run Behavior\BuildLiteBehavior [ RunTime:0.000020s ]
INFO: [ app_init ] --END-- [ RunTime:0.000539s ]
ERR: 无法加载模块:Api

[ 2024-01-12T19:14:44+08:00 ] 123.58.219.3 /service?action=getBasicInfo&terminal_id=2&token=&debug=true
INFO: [ app_init ] --START--
INFO: Run Behavior\BuildLiteBehavior [ RunTime:0.000030s ]
INFO: [ app_init ] --END-- [ RunTime:0.000558s ]
ERR: 无法加载模块:Service

[ 2024-01-12T19:14:44+08:00 ] 123.58.219.3 /leftDao.php?callback=jQuery183016740860980352856_1604309800583
INFO: [ app_init ] --START--
INFO: Run Behavior\BuildLiteBehavior [ RunTime:0.000030s ]
INFO: [ app_init ] --END-- [ RunTime:0.000819s ]
ERR: 无法加载模块:LeftDao

[ 2024-01-12T19:14:44+08:00 ] 123.58.219.3 /getConfig/listPopFrame.do?code=1&position=index&_=1601489645097
INFO: [ app_init ] --START--
INFO: Run Behavior\BuildLiteBehavior [ RunTime:0.000024s ]
INFO: [ app_init ] --END-- [ RunTime:0.000585s ]
ERR: 无法加载模块:GetConfig

[ 2024-01-12T19:14:44+08:00 ] 123.58.219.3 /getConfig/listPopFrame.do?code=14&position=index&_=1601489645097
INFO: [ app_init ] --START--
INFO: Run Behavior\BuildLiteBehavior [ RunTime:0.000018s ]
INFO: [ app_init ] --END-- [ RunTime:0.000420s ]
ERR: 无法加载模块:GetConfig

[ 2024-01-12T19:14:44+08:00 ] 123.58.219.3 /Pay_Index.html
INFO: [ app_init ] --START--
INFO: Run Behavior\BuildLiteBehavior [ RunTime:0.000021s ]
INFO: [ app_init ] --END-- [ RunTime:0.000647s ]
ERR: 无法加载模块:Pay_Index

[ 2024-01-12T19:14:44+08:00 ] 123.58.219.3 /Content/Wap/base.css
INFO: [ app_init ] --START--
INFO: Run Behavior\BuildLiteBehavior [ RunTime:0.000023s ]
INFO: [ app_init ] --END-- [ RunTime:0.000588s ]
ERR: 无法加载模块:Content

[ 2024-01-12T19:14:44+08:00 ] 123.58.219.3 /public/static/index/picture/img_33.png
INFO: [ app_init ] --START--
INFO: Run Behavior\BuildLiteBehavior [ RunTime:0.000022s ]
INFO: [ app_init ] --END-- [ RunTime:0.000633s ]
ERR: 无法加载模块:Public

[ 2024-01-12T19:15:10+08:00 ] 78.153.140.219 /.aws/credentials
INFO: [ app_init ] --START--
INFO: Run Behavior\BuildLiteBehavior [ RunTime:0.000025s ]
INFO: [ app_init ] --END-- [ RunTime:0.000669s ]
ERR: 无法加载模块:.aws

[ 2024-01-12T19:33:55+08:00 ] 91.92.250.119 /login
INFO: [ app_init ] --START--
INFO: Run Behavior\BuildLiteBehavior [ RunTime:0.000020s ]
INFO: [ app_init ] --END-- [ RunTime:0.000509s ]
ERR: 无法加载模块:Login

[ 2024-01-12T20:25:33+08:00 ] 163.172.4.129 /core/.env
INFO: [ app_init ] --START--
INFO: Run Behavior\BuildLiteBehavior [ RunTime:0.000023s ]
INFO: [ app_init ] --END-- [ RunTime:0.000579s ]
ERR: 无法加载模块:Core

[ 2024-01-12T20:25:33+08:00 ] 163.172.4.129 /core/.env
INFO: [ app_init ] --START--
INFO: Run Behavior\BuildLiteBehavior [ RunTime:0.000022s ]
INFO: [ app_init ] --END-- [ RunTime:0.000595s ]
ERR: 无法加载模块:Core

[ 2024-01-12T20:25:34+08:00 ] 163.172.4.129 /core/.env
INFO: [ app_init ] --START--
INFO: Run Behavior\BuildLiteBehavior [ RunTime:0.000022s ]
INFO: [ app_init ] --END-- [ RunTime:0.000617s ]
ERR: 无法加载模块:Core

[ 2024-01-12T20:53:18+08:00 ] 156.96.155.229 /SQLite/main.php
INFO: [ app_init ] --START--
INFO: Run Behavior\BuildLiteBehavior [ RunTime:0.000026s ]
INFO: [ app_init ] --END-- [ RunTime:0.000750s ]
ERR: 无法加载模块:SQLite

[ 2024-01-12T20:53:19+08:00 ] 156.96.155.229 /SQlite/main.php
INFO: [ app_init ] --START--
INFO: Run Behavior\BuildLiteBehavior [ RunTime:0.000023s ]
INFO: [ app_init ] --END-- [ RunTime:0.000626s ]
ERR: 无法加载模块:SQlite

[ 2024-01-12T20:53:21+08:00 ] 156.96.155.229 /main.php
INFO: [ app_init ] --START--
INFO: Run Behavior\BuildLiteBehavior [ RunTime:0.000029s ]
INFO: [ app_init ] --END-- [ RunTime:0.000715s ]
ERR: 无法加载模块:Main

[ 2024-01-12T20:53:23+08:00 ] 156.96.155.229 /pma/
INFO: [ app_init ] --START--
INFO: Run Behavior\BuildLiteBehavior [ RunTime:0.000021s ]
INFO: [ app_init ] --END-- [ RunTime:0.000563s ]
ERR: 无法加载模块:Pma

[ 2024-01-12T20:53:24+08:00 ] 156.96.155.229 /php-my-admin/
INFO: [ app_init ] --START--
INFO: Run Behavior\BuildLiteBehavior [ RunTime:0.000022s ]
INFO: [ app_init ] --END-- [ RunTime:0.000732s ]
ERR: 无法加载模块:Php-my-admin

[ 2024-01-12T20:53:26+08:00 ] 156.96.155.229 /phpMyAdmin-2.5.5-rc2/
INFO: [ app_init ] --START--
INFO: Run Behavior\BuildLiteBehavior [ RunTime:0.000019s ]
INFO: [ app_init ] --END-- [ RunTime:0.000447s ]
ERR: 无法加载模块:PhpMyAdmin-2.5

[ 2024-01-12T20:53:28+08:00 ] 156.96.155.229 /phpMyAdmin-2.5.6-rc2/
INFO: [ app_init ] --START--
INFO: Run Behavior\BuildLiteBehavior [ RunTime:0.000018s ]
INFO: [ app_init ] --END-- [ RunTime:0.000456s ]
ERR: 无法加载模块:PhpMyAdmin-2.5

[ 2024-01-12T20:53:29+08:00 ] 156.96.155.229 /phpMyAdmin-2.5.7-pl1/
INFO: [ app_init ] --START--
INFO: Run Behavior\BuildLiteBehavior [ RunTime:0.000029s ]
INFO: [ app_init ] --END-- [ RunTime:0.001320s ]
ERR: 无法加载模块:PhpMyAdmin-2.5

[ 2024-01-12T20:53:31+08:00 ] 156.96.155.229 /phpMyAdmin-2.6.0-alpha/
INFO: [ app_init ] --START--
INFO: Run Behavior\BuildLiteBehavior [ RunTime:0.000023s ]
INFO: [ app_init ] --END-- [ RunTime:0.000552s ]
ERR: 无法加载模块:PhpMyAdmin-2.6

[ 2024-01-12T20:53:33+08:00 ] 156.96.155.229 /phpMyAdmin-2.6.0-alpha2/
INFO: [ app_init ] --START--
INFO: Run Behavior\BuildLiteBehavior [ RunTime:0.000018s ]
INFO: [ app_init ] --END-- [ RunTime:0.000476s ]
ERR: 无法加载模块:PhpMyAdmin-2.6

[ 2024-01-12T20:53:37+08:00 ] 156.96.155.229 /phpMyAdmin-2.6.0-pl1/
INFO: [ app_init ] --START--
INFO: Run Behavior\BuildLiteBehavior [ RunTime:0.000020s ]
INFO: [ app_init ] --END-- [ RunTime:0.000541s ]
ERR: 无法加载模块:PhpMyAdmin-2.6

[ 2024-01-12T20:53:39+08:00 ] 156.96.155.229 /phpMyAdmin-2.6.1/
INFO: [ app_init ] --START--
INFO: Run Behavior\BuildLiteBehavior [ RunTime:0.000010s ]
INFO: [ app_init ] --END-- [ RunTime:0.000289s ]
ERR: 无法加载模块:PhpMyAdmin-2.6

[ 2024-01-12T20:53:44+08:00 ] 156.96.155.229 /phpMyAdmin-2.6.2-rc1/
INFO: [ app_init ] --START--
INFO: Run Behavior\BuildLiteBehavior [ RunTime:0.000018s ]
INFO: [ app_init ] --END-- [ RunTime:0.000493s ]
ERR: 无法加载模块:PhpMyAdmin-2.6

[ 2024-01-12T20:53:45+08:00 ] 156.96.155.229 /phpMyAdmin-2.6.2-rc1/
INFO: [ app_init ] --START--
INFO: Run Behavior\BuildLiteBehavior [ RunTime:0.000021s ]
INFO: [ app_init ] --END-- [ RunTime:0.000559s ]
ERR: 无法加载模块:PhpMyAdmin-2.6

[ 2024-01-12T20:53:50+08:00 ] 156.96.155.229 /phpMyAdmin-2.6.3-rc1/
INFO: [ app_init ] --START--
INFO: Run Behavior\BuildLiteBehavior [ RunTime:0.000022s ]
INFO: [ app_init ] --END-- [ RunTime:0.000576s ]
ERR: 无法加载模块:PhpMyAdmin-2.6

[ 2024-01-12T20:53:52+08:00 ] 156.96.155.229 /phpMyAdmin-2.6.3/
INFO: [ app_init ] --START--
INFO: Run Behavior\BuildLiteBehavior [ RunTime:0.000026s ]
INFO: [ app_init ] --END-- [ RunTime:0.000769s ]
ERR: 无法加载模块:PhpMyAdmin-2.6

[ 2024-01-12T20:53:53+08:00 ] 156.96.155.229 /phpMyAdmin-2.6.3-pl1/
INFO: [ app_init ] --START--
INFO: Run Behavior\BuildLiteBehavior [ RunTime:0.000023s ]
INFO: [ app_init ] --END-- [ RunTime:0.000611s ]
ERR: 无法加载模块:PhpMyAdmin-2.6

[ 2024-01-12T20:53:54+08:00 ] 156.96.155.229 /phpMyAdmin-2.6.4-pl2/
INFO: [ app_init ] --START--
INFO: Run Behavior\BuildLiteBehavior [ RunTime:0.000030s ]
INFO: [ app_init ] --END-- [ RunTime:0.000807s ]
ERR: 无法加载模块:PhpMyAdmin-2.6

[ 2024-01-12T20:53:56+08:00 ] 156.96.155.229 /phpMyAdmin-2.6.4-pl3/
INFO: [ app_init ] --START--
INFO: Run Behavior\BuildLiteBehavior [ RunTime:0.000020s ]
INFO: [ app_init ] --END-- [ RunTime:0.000523s ]
ERR: 无法加载模块:PhpMyAdmin-2.6

[ 2024-01-12T20:53:58+08:00 ] 156.96.155.229 /phpMyAdmin-2.8.0/
INFO: [ app_init ] --START--
INFO: Run Behavior\BuildLiteBehavior [ RunTime:0.000027s ]
INFO: [ app_init ] --END-- [ RunTime:0.000639s ]
ERR: 无法加载模块:PhpMyAdmin-2.8

[ 2024-01-12T20:53:59+08:00 ] 156.96.155.229 /phpMyAdmin-2.8.0.1/
INFO: [ app_init ] --START--
INFO: Run Behavior\BuildLiteBehavior [ RunTime:0.000023s ]
INFO: [ app_init ] --END-- [ RunTime:0.000645s ]
ERR: 无法加载模块:PhpMyAdmin-2.8.0

[ 2024-01-12T20:54:01+08:00 ] 156.96.155.229 /phpMyAdmin-2.8.2/
INFO: [ app_init ] --START--
INFO: Run Behavior\BuildLiteBehavior [ RunTime:0.000015s ]
INFO: [ app_init ] --END-- [ RunTime:0.000439s ]
ERR: 无法加载模块:PhpMyAdmin-2.8

[ 2024-01-12T20:54:02+08:00 ] 156.96.155.229 /phpmanager/
INFO: [ app_init ] --START--
INFO: Run Behavior\BuildLiteBehavior [ RunTime:0.000023s ]
INFO: [ app_init ] --END-- [ RunTime:0.000628s ]
ERR: 无法加载模块:Phpmanager

[ 2024-01-12T20:54:04+08:00 ] 156.96.155.229 /php-myadmin/
INFO: [ app_init ] --START--
INFO: Run Behavior\BuildLiteBehavior [ RunTime:0.000030s ]
INFO: [ app_init ] --END-- [ RunTime:0.000862s ]
ERR: 无法加载模块:Php-myadmin

[ 2024-01-12T21:21:28+08:00 ] 91.92.255.83 /boaform/admin/formLogin
INFO: [ app_init ] --START--
INFO: Run Behavior\BuildLiteBehavior [ RunTime:0.000027s ]
INFO: [ app_init ] --END-- [ RunTime:0.000734s ]
ERR: 无法加载模块:Boaform

[ 2024-01-12T21:42:25+08:00 ] 111.225.149.164 /robots.txt
INFO: [ app_init ] --START--
INFO: Run Behavior\BuildLiteBehavior [ RunTime:0.000023s ]
INFO: [ app_init ] --END-- [ RunTime:0.000620s ]
ERR: 无法加载模块:Robots

[ 2024-01-12T21:44:13+08:00 ] 78.153.140.221 /.aws/credentials
INFO: [ app_init ] --START--
INFO: Run Behavior\BuildLiteBehavior [ RunTime:0.000026s ]
INFO: [ app_init ] --END-- [ RunTime:0.000713s ]
ERR: 无法加载模块:.aws

[ 2024-01-12T22:39:30+08:00 ] 93.174.93.127 /wp-login.php
INFO: [ app_init ] --START--
INFO: Run Behavior\BuildLiteBehavior [ RunTime:0.000021s ]
INFO: [ app_init ] --END-- [ RunTime:0.000589s ]
ERR: 无法加载模块:Wp-login

[ 2024-01-12T22:39:30+08:00 ] 93.174.93.127 /wp-admin
INFO: [ app_init ] --START--
INFO: Run Behavior\BuildLiteBehavior [ RunTime:0.000022s ]
INFO: [ app_init ] --END-- [ RunTime:0.000563s ]
ERR: 无法加载模块:Wp-admin

[ 2024-01-12T22:39:31+08:00 ] 93.174.93.127 /license.txt
INFO: [ app_init ] --START--
INFO: Run Behavior\BuildLiteBehavior [ RunTime:0.000043s ]
INFO: [ app_init ] --END-- [ RunTime:0.000735s ]
ERR: 无法加载模块:License

[ 2024-01-12T22:39:31+08:00 ] 93.174.93.127 /readme.html
INFO: [ app_init ] --START--
INFO: Run Behavior\BuildLiteBehavior [ RunTime:0.000048s ]
INFO: [ app_init ] --END-- [ RunTime:0.000569s ]
ERR: 无法加载模块:Readme

