[ 2024-02-01T02:28:02+08:00 ] 111.225.149.165 /robots.txt
INFO: [ app_init ] --START--
INFO: Run Behavior\BuildLiteBehavior [ RunTime:0.000014s ]
INFO: [ app_init ] --END-- [ RunTime:0.000281s ]
ERR: 无法加载模块:Robots

[ 2024-02-01T02:41:40+08:00 ] 178.128.18.25 /boaform/admin/formLogin
INFO: [ app_init ] --START--
INFO: Run Behavior\BuildLiteBehavior [ RunTime:0.000026s ]
INFO: [ app_init ] --END-- [ RunTime:0.000673s ]
ERR: 无法加载模块:Boaform

[ 2024-02-01T03:29:21+08:00 ] 194.48.250.62 /boaform/admin/formLogin
INFO: [ app_init ] --START--
INFO: Run Behavior\BuildLiteBehavior [ RunTime:0.000021s ]
INFO: [ app_init ] --END-- [ RunTime:0.000539s ]
ERR: 无法加载模块:Boaform

[ 2024-02-01T03:52:19+08:00 ] 103.186.67.227 /boaform/admin/formLogin
INFO: [ app_init ] --START--
INFO: Run Behavior\BuildLiteBehavior [ RunTime:0.000097s ]
INFO: [ app_init ] --END-- [ RunTime:0.000654s ]
ERR: 无法加载模块:Boaform

[ 2024-02-01T04:43:22+08:00 ] 78.153.140.175 /.aws/credentials
INFO: [ app_init ] --START--
INFO: Run Behavior\BuildLiteBehavior [ RunTime:0.000023s ]
INFO: [ app_init ] --END-- [ RunTime:0.000555s ]
ERR: 无法加载模块:.aws

[ 2024-02-01T05:22:18+08:00 ] 45.118.146.123 /boaform/admin/formLogin
INFO: [ app_init ] --START--
INFO: Run Behavior\BuildLiteBehavior [ RunTime:0.000021s ]
INFO: [ app_init ] --END-- [ RunTime:0.000581s ]
ERR: 无法加载模块:Boaform

[ 2024-02-01T09:12:18+08:00 ] 111.225.149.115 /robots.txt
INFO: [ app_init ] --START--
INFO: Run Behavior\BuildLiteBehavior [ RunTime:0.000021s ]
INFO: [ app_init ] --END-- [ RunTime:0.000521s ]
ERR: 无法加载模块:Robots

[ 2024-02-01T09:16:21+08:00 ] 154.16.192.38 /Phpinfo/profiler
INFO: [ app_init ] --START--
INFO: Run Behavior\BuildLiteBehavior [ RunTime:0.000028s ]
INFO: [ app_init ] --END-- [ RunTime:0.002017s ]
ERR: 无法加载模块:Phpinfo

[ 2024-02-01T09:16:22+08:00 ] 154.16.192.38 /vendor/phpunit/phpunit/src/Util/PHP/eval-stdin.php
INFO: [ app_init ] --START--
INFO: Run Behavior\BuildLiteBehavior [ RunTime:0.000021s ]
INFO: [ app_init ] --END-- [ RunTime:0.000766s ]
ERR: 无法加载模块:Vendor

[ 2024-02-01T09:21:14+08:00 ] 78.153.140.177 /.aws/credentials
INFO: [ app_init ] --START--
INFO: Run Behavior\BuildLiteBehavior [ RunTime:0.000019s ]
INFO: [ app_init ] --END-- [ RunTime:0.000535s ]
ERR: 无法加载模块:.aws

[ 2024-02-01T10:16:47+08:00 ] 116.212.135.115 /wp-includes/ID3/license.txt
INFO: [ app_init ] --START--
INFO: Run Behavior\BuildLiteBehavior [ RunTime:0.000028s ]
INFO: [ app_init ] --END-- [ RunTime:0.000837s ]
ERR: 无法加载模块:Wp-includes

[ 2024-02-01T10:16:47+08:00 ] 116.212.135.115 /feed/
INFO: [ app_init ] --START--
INFO: Run Behavior\BuildLiteBehavior [ RunTime:0.000021s ]
INFO: [ app_init ] --END-- [ RunTime:0.000605s ]
ERR: 无法加载模块:Feed

[ 2024-02-01T10:16:47+08:00 ] 116.212.135.115 /xmlrpc.php?rsd
INFO: [ app_init ] --START--
INFO: Run Behavior\BuildLiteBehavior [ RunTime:0.000021s ]
INFO: [ app_init ] --END-- [ RunTime:0.000630s ]
ERR: 无法加载模块:Xmlrpc

[ 2024-02-01T10:16:47+08:00 ] 116.212.135.115 /blog/wp-includes/wlwmanifest.xml
INFO: [ app_init ] --START--
INFO: Run Behavior\BuildLiteBehavior [ RunTime:0.000021s ]
INFO: [ app_init ] --END-- [ RunTime:0.000607s ]
ERR: 无法加载模块:Blog

[ 2024-02-01T10:16:47+08:00 ] 116.212.135.115 /web/wp-includes/wlwmanifest.xml
INFO: [ app_init ] --START--
INFO: Run Behavior\BuildLiteBehavior [ RunTime:0.000031s ]
INFO: [ app_init ] --END-- [ RunTime:0.000810s ]
ERR: 无法加载模块:Web

[ 2024-02-01T10:16:48+08:00 ] 116.212.135.115 /wordpress/wp-includes/wlwmanifest.xml
INFO: [ app_init ] --START--
INFO: Run Behavior\BuildLiteBehavior [ RunTime:0.000022s ]
INFO: [ app_init ] --END-- [ RunTime:0.000611s ]
ERR: 无法加载模块:Wordpress

[ 2024-02-01T10:16:48+08:00 ] 116.212.135.115 /wp/wp-includes/wlwmanifest.xml
INFO: [ app_init ] --START--
INFO: Run Behavior\BuildLiteBehavior [ RunTime:0.000030s ]
INFO: [ app_init ] --END-- [ RunTime:0.000927s ]
ERR: 无法加载模块:Wp

[ 2024-02-01T10:16:48+08:00 ] 116.212.135.115 /2020/wp-includes/wlwmanifest.xml
INFO: [ app_init ] --START--
INFO: Run Behavior\BuildLiteBehavior [ RunTime:0.000029s ]
INFO: [ app_init ] --END-- [ RunTime:0.000730s ]
ERR: 无法加载模块:2020

[ 2024-02-01T10:16:48+08:00 ] 116.212.135.115 /2019/wp-includes/wlwmanifest.xml
INFO: [ app_init ] --START--
INFO: Run Behavior\BuildLiteBehavior [ RunTime:0.000034s ]
INFO: [ app_init ] --END-- [ RunTime:0.000900s ]
ERR: 无法加载模块:2019

[ 2024-02-01T10:16:48+08:00 ] 116.212.135.115 /2021/wp-includes/wlwmanifest.xml
INFO: [ app_init ] --START--
INFO: Run Behavior\BuildLiteBehavior [ RunTime:0.000022s ]
INFO: [ app_init ] --END-- [ RunTime:0.000576s ]
ERR: 无法加载模块:2021

[ 2024-02-01T10:16:48+08:00 ] 116.212.135.115 /shop/wp-includes/wlwmanifest.xml
INFO: [ app_init ] --START--
INFO: Run Behavior\BuildLiteBehavior [ RunTime:0.000022s ]
INFO: [ app_init ] --END-- [ RunTime:0.000581s ]
ERR: 无法加载模块:Shop

[ 2024-02-01T10:16:49+08:00 ] 116.212.135.115 /wp1/wp-includes/wlwmanifest.xml
INFO: [ app_init ] --START--
INFO: Run Behavior\BuildLiteBehavior [ RunTime:0.000021s ]
INFO: [ app_init ] --END-- [ RunTime:0.000611s ]
ERR: 无法加载模块:Wp1

[ 2024-02-01T10:16:49+08:00 ] 116.212.135.115 /test/wp-includes/wlwmanifest.xml
INFO: [ app_init ] --START--
INFO: Run Behavior\BuildLiteBehavior [ RunTime:0.000012s ]
INFO: [ app_init ] --END-- [ RunTime:0.000291s ]
ERR: 无法加载模块:Test

[ 2024-02-01T10:16:49+08:00 ] 116.212.135.115 /site/wp-includes/wlwmanifest.xml
INFO: [ app_init ] --START--
INFO: Run Behavior\BuildLiteBehavior [ RunTime:0.000021s ]
INFO: [ app_init ] --END-- [ RunTime:0.000594s ]
ERR: 无法加载模块:Site

[ 2024-02-01T10:16:49+08:00 ] 116.212.135.115 /cms/wp-includes/wlwmanifest.xml
INFO: [ app_init ] --START--
INFO: Run Behavior\BuildLiteBehavior [ RunTime:0.000031s ]
INFO: [ app_init ] --END-- [ RunTime:0.000643s ]
ERR: 无法加载模块:Cms

[ 2024-02-01T10:17:49+08:00 ] 69.171.251.118 /robots.txt
INFO: [ app_init ] --START--
INFO: Run Behavior\BuildLiteBehavior [ RunTime:0.000020s ]
INFO: [ app_init ] --END-- [ RunTime:0.000540s ]
ERR: 无法加载模块:Robots

[ 2024-02-01T10:48:39+08:00 ] 180.184.87.0 /EidJ
INFO: [ app_init ] --START--
INFO: Run Behavior\BuildLiteBehavior [ RunTime:0.000029s ]
INFO: [ app_init ] --END-- [ RunTime:0.000941s ]
ERR: 无法加载模块:EidJ

[ 2024-02-01T10:48:39+08:00 ] 180.184.87.0 /n9Rd
INFO: [ app_init ] --START--
INFO: Run Behavior\BuildLiteBehavior [ RunTime:0.000041s ]
INFO: [ app_init ] --END-- [ RunTime:0.000968s ]
ERR: 无法加载模块:N9Rd

[ 2024-02-01T11:41:21+08:00 ] 185.180.143.7 /webfig/
INFO: [ app_init ] --START--
INFO: Run Behavior\BuildLiteBehavior [ RunTime:0.000022s ]
INFO: [ app_init ] --END-- [ RunTime:0.000604s ]
ERR: 无法加载模块:Webfig

[ 2024-02-01T12:19:25+08:00 ] 111.225.149.94 /robots.txt
INFO: [ app_init ] --START--
INFO: Run Behavior\BuildLiteBehavior [ RunTime:0.000020s ]
INFO: [ app_init ] --END-- [ RunTime:0.000557s ]
ERR: 无法加载模块:Robots

[ 2024-02-01T12:39:36+08:00 ] 83.97.73.245 /actuator/gateway/routes
INFO: [ app_init ] --START--
INFO: Run Behavior\BuildLiteBehavior [ RunTime:0.000022s ]
INFO: [ app_init ] --END-- [ RunTime:0.000631s ]
ERR: 无法加载模块:Actuator

[ 2024-02-01T13:15:00+08:00 ] 64.62.197.148 /geoserver/web/
INFO: [ app_init ] --START--
INFO: Run Behavior\BuildLiteBehavior [ RunTime:0.000027s ]
INFO: [ app_init ] --END-- [ RunTime:0.000737s ]
ERR: 无法加载模块:Geoserver

[ 2024-02-01T15:32:13+08:00 ] 52.81.82.2 /js/layer.js
INFO: [ app_init ] --START--
INFO: Run Behavior\BuildLiteBehavior [ RunTime:0.000027s ]
INFO: [ app_init ] --END-- [ RunTime:0.000720s ]
ERR: 无法加载模块:Js

[ 2024-02-01T15:32:13+08:00 ] 52.81.82.2 /robots.txt
INFO: [ app_init ] --START--
INFO: Run Behavior\BuildLiteBehavior [ RunTime:0.000022s ]
INFO: [ app_init ] --END-- [ RunTime:0.000597s ]
ERR: 无法加载模块:Robots

[ 2024-02-01T15:32:13+08:00 ] 52.81.82.2 /sitemap.xml
INFO: [ app_init ] --START--
INFO: Run Behavior\BuildLiteBehavior [ RunTime:0.000022s ]
INFO: [ app_init ] --END-- [ RunTime:0.000528s ]
ERR: 无法加载模块:Sitemap

[ 2024-02-01T15:32:24+08:00 ] 52.81.82.2 /axis2-admin/
INFO: [ app_init ] --START--
INFO: Run Behavior\BuildLiteBehavior [ RunTime:0.000021s ]
INFO: [ app_init ] --END-- [ RunTime:0.000499s ]
ERR: 无法加载模块:Axis2-admin

[ 2024-02-01T15:32:25+08:00 ] 52.81.82.2 /axis2/
INFO: [ app_init ] --START--
INFO: Run Behavior\BuildLiteBehavior [ RunTime:0.000021s ]
INFO: [ app_init ] --END-- [ RunTime:0.000551s ]
ERR: 无法加载模块:Axis2

[ 2024-02-01T15:32:26+08:00 ] 52.81.82.2 /axis2/axis2-admin/
INFO: [ app_init ] --START--
INFO: Run Behavior\BuildLiteBehavior [ RunTime:0.000021s ]
INFO: [ app_init ] --END-- [ RunTime:0.000619s ]
ERR: 无法加载模块:Axis2

[ 2024-02-01T15:32:27+08:00 ] 52.81.82.2 /phpmyadmin/index.php
INFO: [ app_init ] --START--
INFO: Run Behavior\BuildLiteBehavior [ RunTime:0.000021s ]
INFO: [ app_init ] --END-- [ RunTime:0.000558s ]
ERR: 无法加载模块:Phpmyadmin

[ 2024-02-01T15:32:27+08:00 ] 52.81.82.2 /index_sso.php
INFO: [ app_init ] --START--
INFO: Run Behavior\BuildLiteBehavior [ RunTime:0.000024s ]
INFO: [ app_init ] --END-- [ RunTime:0.000553s ]
ERR: 无法加载模块:Index_sso

[ 2024-02-01T15:41:27+08:00 ] 111.225.149.19 /robots.txt
INFO: [ app_init ] --START--
INFO: Run Behavior\BuildLiteBehavior [ RunTime:0.000031s ]
INFO: [ app_init ] --END-- [ RunTime:0.000801s ]
ERR: 无法加载模块:Robots

[ 2024-02-01T19:02:59+08:00 ] 110.249.202.55 /robots.txt
INFO: [ app_init ] --START--
INFO: Run Behavior\BuildLiteBehavior [ RunTime:0.000019s ]
INFO: [ app_init ] --END-- [ RunTime:0.000483s ]
ERR: 无法加载模块:Robots

[ 2024-02-01T19:44:22+08:00 ] 213.180.203.211 /robots.txt
INFO: [ app_init ] --START--
INFO: Run Behavior\BuildLiteBehavior [ RunTime:0.000021s ]
INFO: [ app_init ] --END-- [ RunTime:0.000600s ]
ERR: 无法加载模块:Robots

[ 2024-02-01T19:44:22+08:00 ] 95.108.213.121 /robots.txt
INFO: [ app_init ] --START--
INFO: Run Behavior\BuildLiteBehavior [ RunTime:0.000028s ]
INFO: [ app_init ] --END-- [ RunTime:0.000798s ]
ERR: 无法加载模块:Robots

[ 2024-02-01T22:54:09+08:00 ] 40.77.167.108 /robots.txt
INFO: [ app_init ] --START--
INFO: Run Behavior\BuildLiteBehavior [ RunTime:0.000032s ]
INFO: [ app_init ] --END-- [ RunTime:0.000998s ]
ERR: 无法加载模块:Robots

[ 2024-02-01T23:06:27+08:00 ] 110.249.201.143 /robots.txt
INFO: [ app_init ] --START--
INFO: Run Behavior\BuildLiteBehavior [ RunTime:0.000029s ]
INFO: [ app_init ] --END-- [ RunTime:0.000827s ]
ERR: 无法加载模块:Robots

