[ 2023-07-30T13:05:15+08:00 ] 222.217.189.146 /index.php/admin/login/index/jumpLink/%252Fadmin%252Findex%252Findex.html
INFO: [ app_init ] --START--
INFO: Run Behavior\BuildLiteBehavior [ RunTime:0.000022s ]
INFO: [ app_init ] --END-- [ RunTime:0.000635s ]
INFO: [ app_begin ] --START--
INFO: Run Behavior\ReadHtmlCacheBehavior [ RunTime:0.000651s ]
INFO: [ app_begin ] --END-- [ RunTime:0.000727s ]
INFO: [ view_parse ] --START--
INFO: [ template_filter ] --START--
INFO: Run Behavior\ContentReplaceBehavior [ RunTime:0.000063s ]
INFO: [ template_filter ] --END-- [ RunTime:0.000130s ]
INFO: Run Behavior\ParseTemplateBehavior [ RunTime:0.008538s ]
INFO: [ view_parse ] --END-- [ RunTime:0.008611s ]
INFO: [ view_filter ] --START--
INFO: Run Behavior\WriteHtmlCacheBehavior [ RunTime:0.000239s ]
INFO: [ view_filter ] --END-- [ RunTime:0.000296s ]
INFO: [ app_end ] --START--
INFO: Run Behavior\ShowPageTraceBehavior [ RunTime:0.000631s ]
INFO: [ app_end ] --END-- [ RunTime:0.000692s ]

[ 2023-07-30T13:05:29+08:00 ] 222.217.189.146 /admin/login/check
INFO: [ app_init ] --START--
INFO: Run Behavior\BuildLiteBehavior [ RunTime:0.000025s ]
INFO: [ app_init ] --END-- [ RunTime:0.000823s ]
INFO: [ app_begin ] --START--
INFO: Run Behavior\ReadHtmlCacheBehavior [ RunTime:0.000925s ]
INFO: [ app_begin ] --END-- [ RunTime:0.001025s ]
SQL: SELECT * FROM `xman_admin_user` WHERE `username` = 'qinyuejun' LIMIT 1   [ RunTime:0.0004s ]
SQL: SELECT * FROM `xman_auth_group_access` WHERE `uid` = 2  [ RunTime:0.0007s ]
NOTIC: [8] Undefined index: os /www/wwwroot/ovodw.com/Application/Admin/Controller/LoginController.class.php 第 94 行.
SQL: INSERT INTO `xman_system_login_log` (`admin_user_id`,`ip`,`logtime`,`browser`,`os`) VALUES ('2','222.217.189.146','2023-07-30 13:05:29','Chrome/98.0.4758.102',NULL) [ RunTime:0.0066s ]
SQL: SELECT `title` FROM `xman_auth_rule` WHERE `name` = 'admin/login/check' LIMIT 1   [ RunTime:0.0007s ]

[ 2023-07-30T13:05:30+08:00 ] 222.217.189.146 /admin/index/index
INFO: [ app_init ] --START--
INFO: Run Behavior\BuildLiteBehavior [ RunTime:0.000021s ]
INFO: [ app_init ] --END-- [ RunTime:0.000508s ]
INFO: [ app_begin ] --START--
INFO: Run Behavior\ReadHtmlCacheBehavior [ RunTime:0.000670s ]
INFO: [ app_begin ] --END-- [ RunTime:0.000751s ]
SQL: SELECT COUNT(*) AS tp_count FROM `xman_auth_rule` WHERE `status` = 1 AND `name` = 'admin/index/index' LIMIT 1   [ RunTime:0.0004s ]
SQL: SHOW COLUMNS FROM `xman_auth_group_access` [ RunTime:0.0011s ]
SQL: SELECT `uid`,`group_id`,`title`,`rules` FROM xman_auth_group_access a INNER JOIN xman_auth_group g on a.group_id=g.id  WHERE ( a.uid='2' and g.status='1' )  [ RunTime:0.0004s ]
SQL: SELECT * FROM `xman_auth_menus` WHERE `pid` = 0  [ RunTime:0.0003s ]
SQL: SELECT * FROM `xman_admin_user` WHERE `id` = 2 LIMIT 1   [ RunTime:0.0003s ]
SQL: SELECT * FROM `xman_system_skin` WHERE `user_id` = 2 LIMIT 1   [ RunTime:0.0003s ]
INFO: [ view_parse ] --START--
INFO: [ template_filter ] --START--
INFO: Run Behavior\ContentReplaceBehavior [ RunTime:0.000129s ]
INFO: [ template_filter ] --END-- [ RunTime:0.000211s ]
INFO: Run Behavior\ParseTemplateBehavior [ RunTime:0.020423s ]
INFO: [ view_parse ] --END-- [ RunTime:0.020522s ]
INFO: [ view_filter ] --START--
INFO: Run Behavior\WriteHtmlCacheBehavior [ RunTime:0.000253s ]
INFO: [ view_filter ] --END-- [ RunTime:0.000317s ]
INFO: [ app_end ] --START--
INFO: Run Behavior\ShowPageTraceBehavior [ RunTime:0.000732s ]
INFO: [ app_end ] --END-- [ RunTime:0.000797s ]

[ 2023-07-30T13:05:31+08:00 ] 222.217.189.146 /index.php/Admin/Index/main.html
INFO: [ app_init ] --START--
INFO: Run Behavior\BuildLiteBehavior [ RunTime:0.000070s ]
INFO: [ app_init ] --END-- [ RunTime:0.000599s ]
INFO: [ app_begin ] --START--
INFO: Run Behavior\ReadHtmlCacheBehavior [ RunTime:0.000739s ]
INFO: [ app_begin ] --END-- [ RunTime:0.000828s ]
SQL: SELECT COUNT(*) AS tp_count FROM `xman_auth_rule` WHERE `status` = 1 AND `name` = 'admin/index/main' LIMIT 1   [ RunTime:0.0004s ]
INFO: [ view_parse ] --START--
INFO: [ template_filter ] --START--
INFO: Run Behavior\ContentReplaceBehavior [ RunTime:0.000068s ]
INFO: [ template_filter ] --END-- [ RunTime:0.000151s ]
INFO: Run Behavior\ParseTemplateBehavior [ RunTime:0.010224s ]
INFO: [ view_parse ] --END-- [ RunTime:0.010320s ]
INFO: [ view_filter ] --START--
INFO: Run Behavior\WriteHtmlCacheBehavior [ RunTime:0.000267s ]
INFO: [ view_filter ] --END-- [ RunTime:0.000359s ]
INFO: [ app_end ] --START--
INFO: Run Behavior\ShowPageTraceBehavior [ RunTime:0.001031s ]
INFO: [ app_end ] --END-- [ RunTime:0.001101s ]

[ 2023-07-30T13:05:32+08:00 ] 222.217.189.146 /admin/index/getmenu/id/1
INFO: [ app_init ] --START--
INFO: Run Behavior\BuildLiteBehavior [ RunTime:0.000020s ]
INFO: [ app_init ] --END-- [ RunTime:0.000503s ]
INFO: [ app_begin ] --START--
INFO: Run Behavior\ReadHtmlCacheBehavior [ RunTime:0.000637s ]
INFO: [ app_begin ] --END-- [ RunTime:0.000705s ]
SQL: SELECT COUNT(*) AS tp_count FROM `xman_auth_rule` WHERE `status` = 1 AND `name` = 'admin/index/getmenu' LIMIT 1   [ RunTime:0.0004s ]
SQL: SHOW COLUMNS FROM `xman_auth_group_access` [ RunTime:0.0011s ]
SQL: SELECT `uid`,`group_id`,`title`,`rules` FROM xman_auth_group_access a INNER JOIN xman_auth_group g on a.group_id=g.id  WHERE ( a.uid='2' and g.status='1' )  [ RunTime:0.0004s ]
SQL: SELECT a.*,r.name as href,r.is_url FROM xman_auth_menus as a left JOIN xman_auth_rule as r on r.id=a.rule_id  WHERE a.pid = '1' AND r.status = '1'  [ RunTime:0.0004s ]
SQL: SELECT a.*,r.name as href FROM xman_auth_menus as a left JOIN xman_auth_rule as r on r.id=a.rule_id  WHERE a.pid = '39'  [ RunTime:0.0003s ]
SQL: SELECT a.*,r.name as href FROM xman_auth_menus as a left JOIN xman_auth_rule as r on r.id=a.rule_id  WHERE a.pid = '40'  [ RunTime:0.0003s ]
SQL: SELECT a.*,r.name as href FROM xman_auth_menus as a left JOIN xman_auth_rule as r on r.id=a.rule_id  WHERE a.pid = '41'  [ RunTime:0.0003s ]
SQL: SELECT a.*,r.name as href FROM xman_auth_menus as a left JOIN xman_auth_rule as r on r.id=a.rule_id  WHERE a.pid = '42'  [ RunTime:0.0003s ]
SQL: SELECT a.*,r.name as href FROM xman_auth_menus as a left JOIN xman_auth_rule as r on r.id=a.rule_id  WHERE a.pid = '43'  [ RunTime:0.0003s ]
SQL: SELECT a.*,r.name as href FROM xman_auth_menus as a left JOIN xman_auth_rule as r on r.id=a.rule_id  WHERE a.pid = '44'  [ RunTime:0.0003s ]

[ 2023-07-30T13:05:34+08:00 ] 222.217.189.146 /admin/code/index
INFO: [ app_init ] --START--
INFO: Run Behavior\BuildLiteBehavior [ RunTime:0.000018s ]
INFO: [ app_init ] --END-- [ RunTime:0.000483s ]
INFO: [ app_begin ] --START--
INFO: Run Behavior\ReadHtmlCacheBehavior [ RunTime:0.000633s ]
INFO: [ app_begin ] --END-- [ RunTime:0.000709s ]
SQL: SELECT COUNT(*) AS tp_count FROM `xman_auth_rule` WHERE `status` = 1 AND `name` = 'admin/code/index' LIMIT 1   [ RunTime:0.0005s ]
SQL: SHOW COLUMNS FROM `xman_auth_group_access` [ RunTime:0.0011s ]
SQL: SELECT `uid`,`group_id`,`title`,`rules` FROM xman_auth_group_access a INNER JOIN xman_auth_group g on a.group_id=g.id  WHERE ( a.uid='2' and g.status='1' )  [ RunTime:0.0005s ]
SQL: SHOW COLUMNS FROM `xman_auth_rule` [ RunTime:0.0010s ]
SQL: SELECT `condition`,`name` FROM `xman_auth_rule` WHERE `id` IN ('27','154','29','12','65','66','17','1','2','5','6','10','18','41','42','43','32','37','38','39','40','19','44','45','46','47','48','50','149','150','151','152','153','156','157','159','160','161') AND `type` = 1 AND `status` = 1  [ RunTime:0.0005s ]
INFO: [ view_parse ] --START--
INFO: [ template_filter ] --START--
INFO: Run Behavior\ContentReplaceBehavior [ RunTime:0.000096s ]
INFO: [ template_filter ] --END-- [ RunTime:0.000187s ]
INFO: Run Behavior\ParseTemplateBehavior [ RunTime:0.010446s ]
INFO: [ view_parse ] --END-- [ RunTime:0.010518s ]
INFO: [ view_filter ] --START--
INFO: Run Behavior\WriteHtmlCacheBehavior [ RunTime:0.000239s ]
INFO: [ view_filter ] --END-- [ RunTime:0.000299s ]
INFO: [ app_end ] --START--
INFO: Run Behavior\ShowPageTraceBehavior [ RunTime:0.000878s ]
INFO: [ app_end ] --END-- [ RunTime:0.000950s ]

[ 2023-07-30T13:05:35+08:00 ] 222.217.189.146 /admin/Code/index
INFO: [ app_init ] --START--
INFO: Run Behavior\BuildLiteBehavior [ RunTime:0.000047s ]
INFO: [ app_init ] --END-- [ RunTime:0.000589s ]
INFO: [ app_begin ] --START--
INFO: Run Behavior\ReadHtmlCacheBehavior [ RunTime:0.000831s ]
INFO: [ app_begin ] --END-- [ RunTime:0.000918s ]
SQL: SELECT COUNT(*) AS tp_count FROM `xman_auth_rule` WHERE `status` = 1 AND `name` = 'admin/code/index' LIMIT 1   [ RunTime:0.0005s ]
SQL: SHOW COLUMNS FROM `xman_auth_group_access` [ RunTime:0.0013s ]
SQL: SELECT `uid`,`group_id`,`title`,`rules` FROM xman_auth_group_access a INNER JOIN xman_auth_group g on a.group_id=g.id  WHERE ( a.uid='2' and g.status='1' )  [ RunTime:0.0006s ]
SQL: SHOW COLUMNS FROM `xman_auth_rule` [ RunTime:0.0011s ]
SQL: SELECT `condition`,`name` FROM `xman_auth_rule` WHERE `id` IN ('27','154','29','12','65','66','17','1','2','5','6','10','18','41','42','43','32','37','38','39','40','19','44','45','46','47','48','50','149','150','151','152','153','156','157','159','160','161') AND `type` = 1 AND `status` = 1  [ RunTime:0.0006s ]
NOTIC: [8] Undefined index: para /www/wwwroot/ovodw.com/Application/Admin/Controller/CodeController.class.php 第 33 行.
SQL: SELECT * FROM `xman_code` WHERE (  1  ) ORDER BY addtime DESC LIMIT 0,15   [ RunTime:0.0564s ]
SQL: SELECT COUNT(*) AS tp_count FROM `xman_code` WHERE (  1  ) LIMIT 1   [ RunTime:0.0003s ]

[ 2023-07-30T13:05:38+08:00 ] 222.217.189.146 /admin/Code/add
INFO: [ app_init ] --START--
INFO: Run Behavior\BuildLiteBehavior [ RunTime:0.000020s ]
INFO: [ app_init ] --END-- [ RunTime:0.000538s ]
INFO: [ app_begin ] --START--
INFO: Run Behavior\ReadHtmlCacheBehavior [ RunTime:0.000703s ]
INFO: [ app_begin ] --END-- [ RunTime:0.000788s ]
SQL: SELECT COUNT(*) AS tp_count FROM `xman_auth_rule` WHERE `status` = 1 AND `name` = 'admin/code/add' LIMIT 1   [ RunTime:0.0004s ]
SQL: SHOW COLUMNS FROM `xman_auth_group_access` [ RunTime:0.0010s ]
SQL: SELECT `uid`,`group_id`,`title`,`rules` FROM xman_auth_group_access a INNER JOIN xman_auth_group g on a.group_id=g.id  WHERE ( a.uid='2' and g.status='1' )  [ RunTime:0.0004s ]
SQL: SHOW COLUMNS FROM `xman_auth_rule` [ RunTime:0.0010s ]
SQL: SELECT `condition`,`name` FROM `xman_auth_rule` WHERE `id` IN ('27','154','29','12','65','66','17','1','2','5','6','10','18','41','42','43','32','37','38','39','40','19','44','45','46','47','48','50','149','150','151','152','153','156','157','159','160','161') AND `type` = 1 AND `status` = 1  [ RunTime:0.0005s ]
INFO: [ view_parse ] --START--
INFO: [ template_filter ] --START--
INFO: Run Behavior\ContentReplaceBehavior [ RunTime:0.000060s ]
INFO: [ template_filter ] --END-- [ RunTime:0.000151s ]
INFO: Run Behavior\ParseTemplateBehavior [ RunTime:0.008966s ]
INFO: [ view_parse ] --END-- [ RunTime:0.009041s ]
INFO: [ view_filter ] --START--
INFO: Run Behavior\WriteHtmlCacheBehavior [ RunTime:0.000239s ]
INFO: [ view_filter ] --END-- [ RunTime:0.000305s ]
INFO: [ app_end ] --START--
INFO: Run Behavior\ShowPageTraceBehavior [ RunTime:0.000937s ]
INFO: [ app_end ] --END-- [ RunTime:0.001014s ]

[ 2023-07-30T13:05:45+08:00 ] 222.217.189.146 /admin/code/getcode
INFO: [ app_init ] --START--
INFO: Run Behavior\BuildLiteBehavior [ RunTime:0.000026s ]
INFO: [ app_init ] --END-- [ RunTime:0.000757s ]
INFO: [ app_begin ] --START--
INFO: Run Behavior\ReadHtmlCacheBehavior [ RunTime:0.000914s ]
INFO: [ app_begin ] --END-- [ RunTime:0.001002s ]
SQL: SELECT COUNT(*) AS tp_count FROM `xman_auth_rule` WHERE `status` = 1 AND `name` = 'admin/code/getcode' LIMIT 1   [ RunTime:0.0006s ]
NOTIC: [8] Undefined variable: key /www/wwwroot/ovodw.com/Application/Admin/Controller/CodeController.class.php 第 119 行.
NOTIC: [8] Undefined variable: key /www/wwwroot/ovodw.com/Application/Admin/Controller/CodeController.class.php 第 119 行.
NOTIC: [8] Undefined variable: key /www/wwwroot/ovodw.com/Application/Admin/Controller/CodeController.class.php 第 119 行.
NOTIC: [8] Undefined variable: key /www/wwwroot/ovodw.com/Application/Admin/Controller/CodeController.class.php 第 119 行.
NOTIC: [8] Undefined variable: key /www/wwwroot/ovodw.com/Application/Admin/Controller/CodeController.class.php 第 119 行.
NOTIC: [8] Undefined variable: key /www/wwwroot/ovodw.com/Application/Admin/Controller/CodeController.class.php 第 119 行.
NOTIC: [8] Undefined variable: key /www/wwwroot/ovodw.com/Application/Admin/Controller/CodeController.class.php 第 119 行.
NOTIC: [8] Undefined variable: key /www/wwwroot/ovodw.com/Application/Admin/Controller/CodeController.class.php 第 119 行.
NOTIC: [8] Undefined variable: key /www/wwwroot/ovodw.com/Application/Admin/Controller/CodeController.class.php 第 119 行.
NOTIC: [8] Undefined variable: key /www/wwwroot/ovodw.com/Application/Admin/Controller/CodeController.class.php 第 119 行.
NOTIC: [8] Undefined variable: key /www/wwwroot/ovodw.com/Application/Admin/Controller/CodeController.class.php 第 119 行.
NOTIC: [8] Undefined variable: key /www/wwwroot/ovodw.com/Application/Admin/Controller/CodeController.class.php 第 119 行.
NOTIC: [8] Undefined variable: key /www/wwwroot/ovodw.com/Application/Admin/Controller/CodeController.class.php 第 119 行.
NOTIC: [8] Undefined variable: key /www/wwwroot/ovodw.com/Application/Admin/Controller/CodeController.class.php 第 119 行.
NOTIC: [8] Undefined variable: key /www/wwwroot/ovodw.com/Application/Admin/Controller/CodeController.class.php 第 119 行.
NOTIC: [8] Undefined variable: key /www/wwwroot/ovodw.com/Application/Admin/Controller/CodeController.class.php 第 119 行.
NOTIC: [8] Undefined variable: key /www/wwwroot/ovodw.com/Application/Admin/Controller/CodeController.class.php 第 119 行.
NOTIC: [8] Undefined variable: key /www/wwwroot/ovodw.com/Application/Admin/Controller/CodeController.class.php 第 119 行.
NOTIC: [8] Undefined variable: key /www/wwwroot/ovodw.com/Application/Admin/Controller/CodeController.class.php 第 119 行.
NOTIC: [8] Undefined variable: key /www/wwwroot/ovodw.com/Application/Admin/Controller/CodeController.class.php 第 119 行.
NOTIC: [8] Undefined variable: key /www/wwwroot/ovodw.com/Application/Admin/Controller/CodeController.class.php 第 119 行.
NOTIC: [8] Undefined variable: key /www/wwwroot/ovodw.com/Application/Admin/Controller/CodeController.class.php 第 119 行.
NOTIC: [8] Undefined variable: key /www/wwwroot/ovodw.com/Application/Admin/Controller/CodeController.class.php 第 119 行.
NOTIC: [8] Undefined variable: key /www/wwwroot/ovodw.com/Application/Admin/Controller/CodeController.class.php 第 119 行.
NOTIC: [8] Undefined variable: key /www/wwwroot/ovodw.com/Application/Admin/Controller/CodeController.class.php 第 119 行.
NOTIC: [8] Undefined variable: key /www/wwwroot/ovodw.com/Application/Admin/Controller/CodeController.class.php 第 119 行.
NOTIC: [8] Undefined variable: key /www/wwwroot/ovodw.com/Application/Admin/Controller/CodeController.class.php 第 119 行.
NOTIC: [8] Undefined variable: key /www/wwwroot/ovodw.com/Application/Admin/Controller/CodeController.class.php 第 119 行.
NOTIC: [8] Undefined variable: key /www/wwwroot/ovodw.com/Application/Admin/Controller/CodeController.class.php 第 119 行.
NOTIC: [8] Undefined variable: key /www/wwwroot/ovodw.com/Application/Admin/Controller/CodeController.class.php 第 119 行.
NOTIC: [8] Undefined variable: key /www/wwwroot/ovodw.com/Application/Admin/Controller/CodeController.class.php 第 119 行.
NOTIC: [8] Undefined variable: key /www/wwwroot/ovodw.com/Application/Admin/Controller/CodeController.class.php 第 119 行.
NOTIC: [8] Undefined variable: key /www/wwwroot/ovodw.com/Application/Admin/Controller/CodeController.class.php 第 119 行.
NOTIC: [8] Undefined variable: key /www/wwwroot/ovodw.com/Application/Admin/Controller/CodeController.class.php 第 119 行.
NOTIC: [8] Undefined variable: key /www/wwwroot/ovodw.com/Application/Admin/Controller/CodeController.class.php 第 119 行.
NOTIC: [8] Undefined variable: key /www/wwwroot/ovodw.com/Application/Admin/Controller/CodeController.class.php 第 119 行.
NOTIC: [8] Undefined variable: key /www/wwwroot/ovodw.com/Application/Admin/Controller/CodeController.class.php 第 119 行.
NOTIC: [8] Undefined variable: key /www/wwwroot/ovodw.com/Application/Admin/Controller/CodeController.class.php 第 119 行.
NOTIC: [8] Undefined variable: key /www/wwwroot/ovodw.com/Application/Admin/Controller/CodeController.class.php 第 119 行.
NOTIC: [8] Undefined variable: key /www/wwwroot/ovodw.com/Application/Admin/Controller/CodeController.class.php 第 119 行.
NOTIC: [8] Undefined variable: key /www/wwwroot/ovodw.com/Application/Admin/Controller/CodeController.class.php 第 119 行.
NOTIC: [8] Undefined variable: key /www/wwwroot/ovodw.com/Application/Admin/Controller/CodeController.class.php 第 119 行.
NOTIC: [8] Undefined variable: key /www/wwwroot/ovodw.com/Application/Admin/Controller/CodeController.class.php 第 119 行.
NOTIC: [8] Undefined variable: key /www/wwwroot/ovodw.com/Application/Admin/Controller/CodeController.class.php 第 119 行.
NOTIC: [8] Undefined variable: key /www/wwwroot/ovodw.com/Application/Admin/Controller/CodeController.class.php 第 119 行.
NOTIC: [8] Undefined variable: key /www/wwwroot/ovodw.com/Application/Admin/Controller/CodeController.class.php 第 119 行.
NOTIC: [8] Undefined variable: key /www/wwwroot/ovodw.com/Application/Admin/Controller/CodeController.class.php 第 119 行.
NOTIC: [8] Undefined variable: key /www/wwwroot/ovodw.com/Application/Admin/Controller/CodeController.class.php 第 119 行.
NOTIC: [8] Undefined variable: key /www/wwwroot/ovodw.com/Application/Admin/Controller/CodeController.class.php 第 119 行.
NOTIC: [8] Undefined variable: key /www/wwwroot/ovodw.com/Application/Admin/Controller/CodeController.class.php 第 119 行.
NOTIC: [8] Undefined variable: key /www/wwwroot/ovodw.com/Application/Admin/Controller/CodeController.class.php 第 119 行.
NOTIC: [8] Undefined variable: key /www/wwwroot/ovodw.com/Application/Admin/Controller/CodeController.class.php 第 119 行.
NOTIC: [8] Undefined variable: key /www/wwwroot/ovodw.com/Application/Admin/Controller/CodeController.class.php 第 119 行.
NOTIC: [8] Undefined variable: key /www/wwwroot/ovodw.com/Application/Admin/Controller/CodeController.class.php 第 119 行.
NOTIC: [8] Undefined variable: key /www/wwwroot/ovodw.com/Application/Admin/Controller/CodeController.class.php 第 119 行.
NOTIC: [8] Undefined variable: key /www/wwwroot/ovodw.com/Application/Admin/Controller/CodeController.class.php 第 119 行.
NOTIC: [8] Undefined variable: key /www/wwwroot/ovodw.com/Application/Admin/Controller/CodeController.class.php 第 119 行.
NOTIC: [8] Undefined variable: key /www/wwwroot/ovodw.com/Application/Admin/Controller/CodeController.class.php 第 119 行.
NOTIC: [8] Undefined variable: key /www/wwwroot/ovodw.com/Application/Admin/Controller/CodeController.class.php 第 119 行.
NOTIC: [8] Undefined variable: key /www/wwwroot/ovodw.com/Application/Admin/Controller/CodeController.class.php 第 119 行.
NOTIC: [8] Undefined variable: key /www/wwwroot/ovodw.com/Application/Admin/Controller/CodeController.class.php 第 119 行.
NOTIC: [8] Undefined variable: key /www/wwwroot/ovodw.com/Application/Admin/Controller/CodeController.class.php 第 119 行.
NOTIC: [8] Undefined variable: key /www/wwwroot/ovodw.com/Application/Admin/Controller/CodeController.class.php 第 119 行.
NOTIC: [8] Undefined variable: key /www/wwwroot/ovodw.com/Application/Admin/Controller/CodeController.class.php 第 119 行.
NOTIC: [8] Undefined variable: key /www/wwwroot/ovodw.com/Application/Admin/Controller/CodeController.class.php 第 119 行.
NOTIC: [8] Undefined variable: key /www/wwwroot/ovodw.com/Application/Admin/Controller/CodeController.class.php 第 119 行.
NOTIC: [8] Undefined variable: key /www/wwwroot/ovodw.com/Application/Admin/Controller/CodeController.class.php 第 119 行.
NOTIC: [8] Undefined variable: key /www/wwwroot/ovodw.com/Application/Admin/Controller/CodeController.class.php 第 119 行.
NOTIC: [8] Undefined variable: key /www/wwwroot/ovodw.com/Application/Admin/Controller/CodeController.class.php 第 119 行.
NOTIC: [8] Undefined variable: key /www/wwwroot/ovodw.com/Application/Admin/Controller/CodeController.class.php 第 119 行.
NOTIC: [8] Undefined variable: key /www/wwwroot/ovodw.com/Application/Admin/Controller/CodeController.class.php 第 119 行.
NOTIC: [8] Undefined variable: key /www/wwwroot/ovodw.com/Application/Admin/Controller/CodeController.class.php 第 119 行.
NOTIC: [8] Undefined variable: key /www/wwwroot/ovodw.com/Application/Admin/Controller/CodeController.class.php 第 119 行.
NOTIC: [8] Undefined variable: key /www/wwwroot/ovodw.com/Application/Admin/Controller/CodeController.class.php 第 119 行.
NOTIC: [8] Undefined variable: key /www/wwwroot/ovodw.com/Application/Admin/Controller/CodeController.class.php 第 119 行.
NOTIC: [8] Undefined variable: key /www/wwwroot/ovodw.com/Application/Admin/Controller/CodeController.class.php 第 119 行.
NOTIC: [8] Undefined variable: key /www/wwwroot/ovodw.com/Application/Admin/Controller/CodeController.class.php 第 119 行.
NOTIC: [8] Undefined variable: key /www/wwwroot/ovodw.com/Application/Admin/Controller/CodeController.class.php 第 119 行.
NOTIC: [8] Undefined variable: key /www/wwwroot/ovodw.com/Application/Admin/Controller/CodeController.class.php 第 119 行.
NOTIC: [8] Undefined variable: key /www/wwwroot/ovodw.com/Application/Admin/Controller/CodeController.class.php 第 119 行.
NOTIC: [8] Undefined variable: key /www/wwwroot/ovodw.com/Application/Admin/Controller/CodeController.class.php 第 119 行.
NOTIC: [8] Undefined variable: key /www/wwwroot/ovodw.com/Application/Admin/Controller/CodeController.class.php 第 119 行.
NOTIC: [8] Undefined variable: key /www/wwwroot/ovodw.com/Application/Admin/Controller/CodeController.class.php 第 119 行.
NOTIC: [8] Undefined variable: key /www/wwwroot/ovodw.com/Application/Admin/Controller/CodeController.class.php 第 119 行.
NOTIC: [8] Undefined variable: key /www/wwwroot/ovodw.com/Application/Admin/Controller/CodeController.class.php 第 119 行.
NOTIC: [8] Undefined variable: key /www/wwwroot/ovodw.com/Application/Admin/Controller/CodeController.class.php 第 119 行.
NOTIC: [8] Undefined variable: key /www/wwwroot/ovodw.com/Application/Admin/Controller/CodeController.class.php 第 119 行.
NOTIC: [8] Undefined variable: key /www/wwwroot/ovodw.com/Application/Admin/Controller/CodeController.class.php 第 119 行.
NOTIC: [8] Undefined variable: key /www/wwwroot/ovodw.com/Application/Admin/Controller/CodeController.class.php 第 119 行.
NOTIC: [8] Undefined variable: key /www/wwwroot/ovodw.com/Application/Admin/Controller/CodeController.class.php 第 119 行.
NOTIC: [8] Undefined variable: key /www/wwwroot/ovodw.com/Application/Admin/Controller/CodeController.class.php 第 119 行.
NOTIC: [8] Undefined variable: key /www/wwwroot/ovodw.com/Application/Admin/Controller/CodeController.class.php 第 119 行.
NOTIC: [8] Undefined variable: key /www/wwwroot/ovodw.com/Application/Admin/Controller/CodeController.class.php 第 119 行.
NOTIC: [8] Undefined variable: key /www/wwwroot/ovodw.com/Application/Admin/Controller/CodeController.class.php 第 119 行.
NOTIC: [8] Undefined variable: key /www/wwwroot/ovodw.com/Application/Admin/Controller/CodeController.class.php 第 119 行.
NOTIC: [8] Undefined variable: key /www/wwwroot/ovodw.com/Application/Admin/Controller/CodeController.class.php 第 119 行.
NOTIC: [8] Undefined variable: key /www/wwwroot/ovodw.com/Application/Admin/Controller/CodeController.class.php 第 119 行.
NOTIC: [8] Undefined variable: key /www/wwwroot/ovodw.com/Application/Admin/Controller/CodeController.class.php 第 119 行.
NOTIC: [8] Undefined variable: key /www/wwwroot/ovodw.com/Application/Admin/Controller/CodeController.class.php 第 119 行.
NOTIC: [8] Undefined variable: key /www/wwwroot/ovodw.com/Application/Admin/Controller/CodeController.class.php 第 119 行.
SQL: INSERT INTO `xman_code` (`code`,`addtime`) VALUES ('01Jx1bmg7oq','2023-07-30 13:05:45'),('s3zhzDvYo51','2023-07-30 13:05:45'),('HTQ1BibHaeP','2023-07-30 13:05:45'),('rdvP8z7gpjF','2023-07-30 13:05:45'),('Eu476dPZZ7z','2023-07-30 13:05:45'),('SEgn4ZYfhey','2023-07-30 13:05:45'),('WChWZjk5uCo','2023-07-30 13:05:45'),('MjM51TdnBnY','2023-07-30 13:05:45'),('S69fv44iJ3k','2023-07-30 13:05:45'),('r8ubxRPl6j9','2023-07-30 13:05:45'),('U5QdM054WHf','2023-07-30 13:05:45'),('RMrbxUoU87B','2023-07-30 13:05:45'),('l2jkiQHvzAP','2023-07-30 13:05:45'),('tuae6lmUdZf','2023-07-30 13:05:45'),('1Q9Tps6yu0u','2023-07-30 13:05:45'),('HMjTZZQqbTD','2023-07-30 13:05:45'),('q5txM8gpS0W','2023-07-30 13:05:45'),('nagtJPQRE83','2023-07-30 13:05:45'),('12yytcvA5pl','2023-07-30 13:05:45'),('lmDitP6g89K','2023-07-30 13:05:45'),('xnICp9sQgBA','2023-07-30 13:05:45'),('ZWMmYbQHHPc','2023-07-30 13:05:45'),('62DpavBdAkI','2023-07-30 13:05:45'),('Wxs6YzxEDPa','2023-07-30 13:05:45'),('tFjqI0P5IFx','2023-07-30 13:05:45'),('0a46FEe38A2','2023-07-30 13:05:45'),('tPRcUfKpBF8','2023-07-30 13:05:45'),('bwZCHK8mlBR','2023-07-30 13:05:45'),('gpvHm0neTxW','2023-07-30 13:05:45'),('ldahJT501j6','2023-07-30 13:05:45'),('ZTqC2R5mjCd','2023-07-30 13:05:45'),('Czw2yDC3DHK','2023-07-30 13:05:45'),('P0CTb6sBpUB','2023-07-30 13:05:45'),('6JFt6HCR92c','2023-07-30 13:05:45'),('a57JUDtwS91','2023-07-30 13:05:45'),('tYxWfImo9qk','2023-07-30 13:05:45'),('u85vnFDPPHH','2023-07-30 13:05:45'),('bD3ujh138RK','2023-07-30 13:05:45'),('EsM5P9AQZ7I','2023-07-30 13:05:45'),('AsYT88lIbxE','2023-07-30 13:05:45'),('YKY292CWaQl','2023-07-30 13:05:45'),('kl7DmmaWow2','2023-07-30 13:05:45'),('qZo7AFTwWru','2023-07-30 13:05:45'),('51pBWFmxZIB','2023-07-30 13:05:45'),('FRmlBQkw0s5','2023-07-30 13:05:45'),('C5JPCwHust4','2023-07-30 13:05:45'),('t5HgDiYv35E','2023-07-30 13:05:45'),('ni9q1cKgiP8','2023-07-30 13:05:45'),('Ty6Brl5AiBh','2023-07-30 13:05:45'),('YeTTnnSCHUH','2023-07-30 13:05:45'),('gjtwdMxsZPY','2023-07-30 13:05:45'),('FSpjBtnwlz1','2023-07-30 13:05:45'),('Myf4JfYB6nD','2023-07-30 13:05:45'),('FfBS2vRa3t9','2023-07-30 13:05:45'),('6YoidurnvW6','2023-07-30 13:05:45'),('JyJpZDjFRmA','2023-07-30 13:05:45'),('Pg7z0Uc030h','2023-07-30 13:05:45'),('pjbanjS7dSq','2023-07-30 13:05:45'),('cCsvwp82HwT','2023-07-30 13:05:45'),('vogEs47311g','2023-07-30 13:05:45'),('8WBFxvTF4FE','2023-07-30 13:05:45'),('e72mlekzo7r','2023-07-30 13:05:45'),('pdJHurkWgYv','2023-07-30 13:05:45'),('2wAEkHatIYT','2023-07-30 13:05:45'),('DgJFMm2oMbm','2023-07-30 13:05:45'),('yUQS6Qd1Qx2','2023-07-30 13:05:45'),('rv3w4UxWP17','2023-07-30 13:05:45'),('waruCIrMg4S','2023-07-30 13:05:45'),('ePvpIrRgU5b','2023-07-30 13:05:45'),('DZAse2jEpfI','2023-07-30 13:05:45'),('jBwceIAwS21','2023-07-30 13:05:45'),('SEy67mPi3mc','2023-07-30 13:05:45'),('xmE6eWg34iA','2023-07-30 13:05:45'),('YpBm3fCdZI5','2023-07-30 13:05:45'),('iasCjjapDx7','2023-07-30 13:05:45'),('2APHBt3s80M','2023-07-30 13:05:45'),('KsfKo0uhHP8','2023-07-30 13:05:45'),('uearaabgK91','2023-07-30 13:05:45'),('Y13MssDWYwe','2023-07-30 13:05:45'),('0Afy7C0wZSj','2023-07-30 13:05:45'),('xjweJmH1QJl','2023-07-30 13:05:45'),('dw1vE0n75lg','2023-07-30 13:05:45'),('C2wknHmyUMd','2023-07-30 13:05:45'),('x1IYscCBpYi','2023-07-30 13:05:45'),('KxRwf64cBch','2023-07-30 13:05:45'),('iR2tDbZh9SP','2023-07-30 13:05:45'),('dgWCyQ3KRfq','2023-07-30 13:05:45'),('YCEkhsWPTtd','2023-07-30 13:05:45'),('hu2jjeHbAg5','2023-07-30 13:05:45'),('dYp9K4Cg0fI','2023-07-30 13:05:45'),('YauwByoKHyv','2023-07-30 13:05:45'),('uAyltpC65Qx','2023-07-30 13:05:45'),('4WHhwUFQhk4','2023-07-30 13:05:45'),('euSZUHMAbzC','2023-07-30 13:05:45'),('rjtc9I4051i','2023-07-30 13:05:45'),('7snlnKsCt6M','2023-07-30 13:05:45'),('udBkebg3paH','2023-07-30 13:05:45'),('AtrfZ26sIZJ','2023-07-30 13:05:45'),('Zx72I20Mqvv','2023-07-30 13:05:45'),('07BCk6SBa9b','2023-07-30 13:05:45') [ RunTime:0.0017s ]

[ 2023-07-30T13:05:48+08:00 ] 222.217.189.146 /admin/Code/index
INFO: [ app_init ] --START--
INFO: Run Behavior\BuildLiteBehavior [ RunTime:0.000026s ]
INFO: [ app_init ] --END-- [ RunTime:0.000529s ]
INFO: [ app_begin ] --START--
INFO: Run Behavior\ReadHtmlCacheBehavior [ RunTime:0.000746s ]
INFO: [ app_begin ] --END-- [ RunTime:0.000818s ]
SQL: SELECT COUNT(*) AS tp_count FROM `xman_auth_rule` WHERE `status` = 1 AND `name` = 'admin/code/index' LIMIT 1   [ RunTime:0.0006s ]
SQL: SHOW COLUMNS FROM `xman_auth_group_access` [ RunTime:0.0013s ]
SQL: SELECT `uid`,`group_id`,`title`,`rules` FROM xman_auth_group_access a INNER JOIN xman_auth_group g on a.group_id=g.id  WHERE ( a.uid='2' and g.status='1' )  [ RunTime:0.0005s ]
SQL: SHOW COLUMNS FROM `xman_auth_rule` [ RunTime:0.0011s ]
SQL: SELECT `condition`,`name` FROM `xman_auth_rule` WHERE `id` IN ('27','154','29','12','65','66','17','1','2','5','6','10','18','41','42','43','32','37','38','39','40','19','44','45','46','47','48','50','149','150','151','152','153','156','157','159','160','161') AND `type` = 1 AND `status` = 1  [ RunTime:0.0006s ]
NOTIC: [8] Undefined index: para /www/wwwroot/ovodw.com/Application/Admin/Controller/CodeController.class.php 第 33 行.
SQL: SELECT * FROM `xman_code` WHERE (  1  ) ORDER BY addtime DESC LIMIT 0,15   [ RunTime:0.0518s ]
SQL: SELECT COUNT(*) AS tp_count FROM `xman_code` WHERE (  1  ) LIMIT 1   [ RunTime:0.0003s ]

[ 2023-07-30T13:06:31+08:00 ] 180.163.30.27 /admin/index/index
INFO: [ app_init ] --START--
INFO: Run Behavior\BuildLiteBehavior [ RunTime:0.000020s ]
INFO: [ app_init ] --END-- [ RunTime:0.000512s ]
INFO: [ app_begin ] --START--
INFO: Run Behavior\ReadHtmlCacheBehavior [ RunTime:0.000896s ]
INFO: [ app_begin ] --END-- [ RunTime:0.000996s ]

[ 2023-07-30T13:06:31+08:00 ] 180.163.30.27 /index.php/admin/login/index/jumpLink/%252Fadmin%252Findex%252Findex.html
INFO: [ app_init ] --START--
INFO: Run Behavior\BuildLiteBehavior [ RunTime:0.000019s ]
INFO: [ app_init ] --END-- [ RunTime:0.000514s ]
INFO: [ app_begin ] --START--
INFO: Run Behavior\ReadHtmlCacheBehavior [ RunTime:0.000629s ]
INFO: [ app_begin ] --END-- [ RunTime:0.000701s ]
INFO: [ view_parse ] --START--
INFO: [ template_filter ] --START--
INFO: Run Behavior\ContentReplaceBehavior [ RunTime:0.000062s ]
INFO: [ template_filter ] --END-- [ RunTime:0.000133s ]
INFO: Run Behavior\ParseTemplateBehavior [ RunTime:0.008563s ]
INFO: [ view_parse ] --END-- [ RunTime:0.008643s ]
INFO: [ view_filter ] --START--
INFO: Run Behavior\WriteHtmlCacheBehavior [ RunTime:0.000216s ]
INFO: [ view_filter ] --END-- [ RunTime:0.000272s ]
INFO: [ app_end ] --START--
INFO: Run Behavior\ShowPageTraceBehavior [ RunTime:0.000800s ]
INFO: [ app_end ] --END-- [ RunTime:0.000862s ]

[ 2023-07-30T18:53:16+08:00 ] 222.217.191.58 /index.php/admin/login/index/jumpLink/%252Fadmin%252Findex%252Findex.html
INFO: [ app_init ] --START--
INFO: Run Behavior\BuildLiteBehavior [ RunTime:0.000021s ]
INFO: [ app_init ] --END-- [ RunTime:0.000566s ]
INFO: [ app_begin ] --START--
INFO: Run Behavior\ReadHtmlCacheBehavior [ RunTime:0.000878s ]
INFO: [ app_begin ] --END-- [ RunTime:0.000958s ]
INFO: [ view_parse ] --START--
INFO: [ template_filter ] --START--
INFO: Run Behavior\ContentReplaceBehavior [ RunTime:0.000067s ]
INFO: [ template_filter ] --END-- [ RunTime:0.000168s ]
INFO: Run Behavior\ParseTemplateBehavior [ RunTime:0.008811s ]
INFO: [ view_parse ] --END-- [ RunTime:0.008883s ]
INFO: [ view_filter ] --START--
INFO: Run Behavior\WriteHtmlCacheBehavior [ RunTime:0.000277s ]
INFO: [ view_filter ] --END-- [ RunTime:0.000336s ]
INFO: [ app_end ] --START--
INFO: Run Behavior\ShowPageTraceBehavior [ RunTime:0.000652s ]
INFO: [ app_end ] --END-- [ RunTime:0.000713s ]

[ 2023-07-30T18:53:30+08:00 ] 222.217.191.58 /admin/login/check
INFO: [ app_init ] --START--
INFO: Run Behavior\BuildLiteBehavior [ RunTime:0.000019s ]
INFO: [ app_init ] --END-- [ RunTime:0.000471s ]
INFO: [ app_begin ] --START--
INFO: Run Behavior\ReadHtmlCacheBehavior [ RunTime:0.000658s ]
INFO: [ app_begin ] --END-- [ RunTime:0.000726s ]
SQL: SELECT * FROM `xman_admin_user` WHERE `username` = 'qinyuejun' LIMIT 1   [ RunTime:0.0005s ]
SQL: SELECT * FROM `xman_auth_group_access` WHERE `uid` = 2  [ RunTime:0.0005s ]
NOTIC: [8] Undefined index: os /www/wwwroot/ovodw.com/Application/Admin/Controller/LoginController.class.php 第 94 行.
SQL: INSERT INTO `xman_system_login_log` (`admin_user_id`,`ip`,`logtime`,`browser`,`os`) VALUES ('2','222.217.191.58','2023-07-30 18:53:30','Chrome/98.0.4758.102',NULL) [ RunTime:0.0032s ]
SQL: SELECT `title` FROM `xman_auth_rule` WHERE `name` = 'admin/login/check' LIMIT 1   [ RunTime:0.0003s ]

[ 2023-07-30T18:53:31+08:00 ] 222.217.191.58 /admin/index/index
INFO: [ app_init ] --START--
INFO: Run Behavior\BuildLiteBehavior [ RunTime:0.000020s ]
INFO: [ app_init ] --END-- [ RunTime:0.000504s ]
INFO: [ app_begin ] --START--
INFO: Run Behavior\ReadHtmlCacheBehavior [ RunTime:0.000976s ]
INFO: [ app_begin ] --END-- [ RunTime:0.001050s ]
SQL: SELECT COUNT(*) AS tp_count FROM `xman_auth_rule` WHERE `status` = 1 AND `name` = 'admin/index/index' LIMIT 1   [ RunTime:0.0003s ]
SQL: SHOW COLUMNS FROM `xman_auth_group_access` [ RunTime:0.0011s ]
SQL: SELECT `uid`,`group_id`,`title`,`rules` FROM xman_auth_group_access a INNER JOIN xman_auth_group g on a.group_id=g.id  WHERE ( a.uid='2' and g.status='1' )  [ RunTime:0.0004s ]
SQL: SELECT * FROM `xman_auth_menus` WHERE `pid` = 0  [ RunTime:0.0003s ]
SQL: SELECT * FROM `xman_admin_user` WHERE `id` = 2 LIMIT 1   [ RunTime:0.0005s ]
SQL: SELECT * FROM `xman_system_skin` WHERE `user_id` = 2 LIMIT 1   [ RunTime:0.0003s ]
INFO: [ view_parse ] --START--
INFO: [ template_filter ] --START--
INFO: Run Behavior\ContentReplaceBehavior [ RunTime:0.000096s ]
INFO: [ template_filter ] --END-- [ RunTime:0.000175s ]
INFO: Run Behavior\ParseTemplateBehavior [ RunTime:0.017548s ]
INFO: [ view_parse ] --END-- [ RunTime:0.017613s ]
INFO: [ view_filter ] --START--
INFO: Run Behavior\WriteHtmlCacheBehavior [ RunTime:0.000234s ]
INFO: [ view_filter ] --END-- [ RunTime:0.000294s ]
INFO: [ app_end ] --START--
INFO: Run Behavior\ShowPageTraceBehavior [ RunTime:0.000712s ]
INFO: [ app_end ] --END-- [ RunTime:0.000775s ]

[ 2023-07-30T18:53:32+08:00 ] 222.217.191.58 /index.php/Admin/Index/main.html
INFO: [ app_init ] --START--
INFO: Run Behavior\BuildLiteBehavior [ RunTime:0.000023s ]
INFO: [ app_init ] --END-- [ RunTime:0.000652s ]
INFO: [ app_begin ] --START--
INFO: Run Behavior\ReadHtmlCacheBehavior [ RunTime:0.000797s ]
INFO: [ app_begin ] --END-- [ RunTime:0.000915s ]
SQL: SELECT COUNT(*) AS tp_count FROM `xman_auth_rule` WHERE `status` = 1 AND `name` = 'admin/index/main' LIMIT 1   [ RunTime:0.0006s ]
INFO: [ view_parse ] --START--
INFO: [ template_filter ] --START--
INFO: Run Behavior\ContentReplaceBehavior [ RunTime:0.000092s ]
INFO: [ template_filter ] --END-- [ RunTime:0.000195s ]
INFO: Run Behavior\ParseTemplateBehavior [ RunTime:0.011974s ]
INFO: [ view_parse ] --END-- [ RunTime:0.012069s ]
INFO: [ view_filter ] --START--
INFO: Run Behavior\WriteHtmlCacheBehavior [ RunTime:0.000429s ]
INFO: [ view_filter ] --END-- [ RunTime:0.000505s ]
INFO: [ app_end ] --START--
INFO: Run Behavior\ShowPageTraceBehavior [ RunTime:0.000944s ]
INFO: [ app_end ] --END-- [ RunTime:0.001029s ]

[ 2023-07-30T18:53:32+08:00 ] 222.217.191.58 /admin/index/getmenu/id/1
INFO: [ app_init ] --START--
INFO: Run Behavior\BuildLiteBehavior [ RunTime:0.000018s ]
INFO: [ app_init ] --END-- [ RunTime:0.000501s ]
INFO: [ app_begin ] --START--
INFO: Run Behavior\ReadHtmlCacheBehavior [ RunTime:0.000666s ]
INFO: [ app_begin ] --END-- [ RunTime:0.000739s ]
SQL: SELECT COUNT(*) AS tp_count FROM `xman_auth_rule` WHERE `status` = 1 AND `name` = 'admin/index/getmenu' LIMIT 1   [ RunTime:0.0005s ]
SQL: SHOW COLUMNS FROM `xman_auth_group_access` [ RunTime:0.0024s ]
SQL: SELECT `uid`,`group_id`,`title`,`rules` FROM xman_auth_group_access a INNER JOIN xman_auth_group g on a.group_id=g.id  WHERE ( a.uid='2' and g.status='1' )  [ RunTime:0.0005s ]
SQL: SELECT a.*,r.name as href,r.is_url FROM xman_auth_menus as a left JOIN xman_auth_rule as r on r.id=a.rule_id  WHERE a.pid = '1' AND r.status = '1'  [ RunTime:0.0005s ]
SQL: SELECT a.*,r.name as href FROM xman_auth_menus as a left JOIN xman_auth_rule as r on r.id=a.rule_id  WHERE a.pid = '39'  [ RunTime:0.0004s ]
SQL: SELECT a.*,r.name as href FROM xman_auth_menus as a left JOIN xman_auth_rule as r on r.id=a.rule_id  WHERE a.pid = '40'  [ RunTime:0.0003s ]
SQL: SELECT a.*,r.name as href FROM xman_auth_menus as a left JOIN xman_auth_rule as r on r.id=a.rule_id  WHERE a.pid = '41'  [ RunTime:0.0004s ]
SQL: SELECT a.*,r.name as href FROM xman_auth_menus as a left JOIN xman_auth_rule as r on r.id=a.rule_id  WHERE a.pid = '42'  [ RunTime:0.0003s ]
SQL: SELECT a.*,r.name as href FROM xman_auth_menus as a left JOIN xman_auth_rule as r on r.id=a.rule_id  WHERE a.pid = '43'  [ RunTime:0.0003s ]
SQL: SELECT a.*,r.name as href FROM xman_auth_menus as a left JOIN xman_auth_rule as r on r.id=a.rule_id  WHERE a.pid = '44'  [ RunTime:0.0005s ]

[ 2023-07-30T18:53:34+08:00 ] 222.217.191.58 /admin/code/index
INFO: [ app_init ] --START--
INFO: Run Behavior\BuildLiteBehavior [ RunTime:0.000020s ]
INFO: [ app_init ] --END-- [ RunTime:0.000626s ]
INFO: [ app_begin ] --START--
INFO: Run Behavior\ReadHtmlCacheBehavior [ RunTime:0.000857s ]
INFO: [ app_begin ] --END-- [ RunTime:0.000953s ]
SQL: SELECT COUNT(*) AS tp_count FROM `xman_auth_rule` WHERE `status` = 1 AND `name` = 'admin/code/index' LIMIT 1   [ RunTime:0.0004s ]
SQL: SHOW COLUMNS FROM `xman_auth_group_access` [ RunTime:0.0011s ]
SQL: SELECT `uid`,`group_id`,`title`,`rules` FROM xman_auth_group_access a INNER JOIN xman_auth_group g on a.group_id=g.id  WHERE ( a.uid='2' and g.status='1' )  [ RunTime:0.0004s ]
SQL: SHOW COLUMNS FROM `xman_auth_rule` [ RunTime:0.0011s ]
SQL: SELECT `condition`,`name` FROM `xman_auth_rule` WHERE `id` IN ('27','154','29','12','65','66','17','1','2','5','6','10','18','41','42','43','32','37','38','39','40','19','44','45','46','47','48','50','149','150','151','152','153','156','157','159','160','161') AND `type` = 1 AND `status` = 1  [ RunTime:0.0005s ]
INFO: [ view_parse ] --START--
INFO: [ template_filter ] --START--
INFO: Run Behavior\ContentReplaceBehavior [ RunTime:0.000066s ]
INFO: [ template_filter ] --END-- [ RunTime:0.000160s ]
INFO: Run Behavior\ParseTemplateBehavior [ RunTime:0.008496s ]
INFO: [ view_parse ] --END-- [ RunTime:0.008570s ]
INFO: [ view_filter ] --START--
INFO: Run Behavior\WriteHtmlCacheBehavior [ RunTime:0.000209s ]
INFO: [ view_filter ] --END-- [ RunTime:0.000266s ]
INFO: [ app_end ] --START--
INFO: Run Behavior\ShowPageTraceBehavior [ RunTime:0.000673s ]
INFO: [ app_end ] --END-- [ RunTime:0.000737s ]

[ 2023-07-30T18:53:34+08:00 ] 222.217.191.58 /admin/Code/index
INFO: [ app_init ] --START--
INFO: Run Behavior\BuildLiteBehavior [ RunTime:0.000018s ]
INFO: [ app_init ] --END-- [ RunTime:0.000493s ]
INFO: [ app_begin ] --START--
INFO: Run Behavior\ReadHtmlCacheBehavior [ RunTime:0.000809s ]
INFO: [ app_begin ] --END-- [ RunTime:0.000942s ]
SQL: SELECT COUNT(*) AS tp_count FROM `xman_auth_rule` WHERE `status` = 1 AND `name` = 'admin/code/index' LIMIT 1   [ RunTime:0.0004s ]
SQL: SHOW COLUMNS FROM `xman_auth_group_access` [ RunTime:0.0011s ]
SQL: SELECT `uid`,`group_id`,`title`,`rules` FROM xman_auth_group_access a INNER JOIN xman_auth_group g on a.group_id=g.id  WHERE ( a.uid='2' and g.status='1' )  [ RunTime:0.0004s ]
SQL: SHOW COLUMNS FROM `xman_auth_rule` [ RunTime:0.0010s ]
SQL: SELECT `condition`,`name` FROM `xman_auth_rule` WHERE `id` IN ('27','154','29','12','65','66','17','1','2','5','6','10','18','41','42','43','32','37','38','39','40','19','44','45','46','47','48','50','149','150','151','152','153','156','157','159','160','161') AND `type` = 1 AND `status` = 1  [ RunTime:0.0005s ]
NOTIC: [8] Undefined index: para /www/wwwroot/ovodw.com/Application/Admin/Controller/CodeController.class.php 第 33 行.
SQL: SELECT * FROM `xman_code` WHERE (  1  ) ORDER BY addtime DESC LIMIT 0,15   [ RunTime:0.0514s ]
SQL: SELECT COUNT(*) AS tp_count FROM `xman_code` WHERE (  1  ) LIMIT 1   [ RunTime:0.0003s ]

[ 2023-07-30T18:53:39+08:00 ] 222.217.191.58 /admin/Code/index
INFO: [ app_init ] --START--
INFO: Run Behavior\BuildLiteBehavior [ RunTime:0.000026s ]
INFO: [ app_init ] --END-- [ RunTime:0.000751s ]
INFO: [ app_begin ] --START--
INFO: Run Behavior\ReadHtmlCacheBehavior [ RunTime:0.000941s ]
INFO: [ app_begin ] --END-- [ RunTime:0.001051s ]
SQL: SELECT COUNT(*) AS tp_count FROM `xman_auth_rule` WHERE `status` = 1 AND `name` = 'admin/code/index' LIMIT 1   [ RunTime:0.0005s ]
SQL: SHOW COLUMNS FROM `xman_auth_group_access` [ RunTime:0.0013s ]
SQL: SELECT `uid`,`group_id`,`title`,`rules` FROM xman_auth_group_access a INNER JOIN xman_auth_group g on a.group_id=g.id  WHERE ( a.uid='2' and g.status='1' )  [ RunTime:0.0005s ]
SQL: SHOW COLUMNS FROM `xman_auth_rule` [ RunTime:0.0014s ]
SQL: SELECT `condition`,`name` FROM `xman_auth_rule` WHERE `id` IN ('27','154','29','12','65','66','17','1','2','5','6','10','18','41','42','43','32','37','38','39','40','19','44','45','46','47','48','50','149','150','151','152','153','156','157','159','160','161') AND `type` = 1 AND `status` = 1  [ RunTime:0.0009s ]
SQL: SELECT * FROM `xman_code` WHERE (  1  and `code`='bywbzhBjjYdQM'  ) ORDER BY addtime DESC  [ RunTime:0.0546s ]
SQL: SELECT COUNT(*) AS tp_count FROM `xman_code` WHERE (  1  and `code`='bywbzhBjjYdQM'  ) LIMIT 1   [ RunTime:0.0437s ]

[ 2023-07-30T18:53:41+08:00 ] 222.217.191.58 /admin/Code/delete
INFO: [ app_init ] --START--
INFO: Run Behavior\BuildLiteBehavior [ RunTime:0.000019s ]
INFO: [ app_init ] --END-- [ RunTime:0.000509s ]
INFO: [ app_begin ] --START--
INFO: Run Behavior\ReadHtmlCacheBehavior [ RunTime:0.000817s ]
INFO: [ app_begin ] --END-- [ RunTime:0.000888s ]
SQL: SELECT COUNT(*) AS tp_count FROM `xman_auth_rule` WHERE `status` = 1 AND `name` = 'admin/code/delete' LIMIT 1   [ RunTime:0.0005s ]
SQL: SHOW COLUMNS FROM `xman_auth_group_access` [ RunTime:0.0011s ]
SQL: SELECT `uid`,`group_id`,`title`,`rules` FROM xman_auth_group_access a INNER JOIN xman_auth_group g on a.group_id=g.id  WHERE ( a.uid='2' and g.status='1' )  [ RunTime:0.0005s ]
SQL: SHOW COLUMNS FROM `xman_auth_rule` [ RunTime:0.0012s ]
SQL: SELECT `condition`,`name` FROM `xman_auth_rule` WHERE `id` IN ('27','154','29','12','65','66','17','1','2','5','6','10','18','41','42','43','32','37','38','39','40','19','44','45','46','47','48','50','149','150','151','152','153','156','157','159','160','161') AND `type` = 1 AND `status` = 1  [ RunTime:0.0005s ]
SQL: DELETE FROM `xman_code` WHERE (  `id` in (186235) ) [ RunTime:0.0091s ]
SQL: SELECT `title` FROM `xman_auth_rule` WHERE `name` = 'admin/code/delete' LIMIT 1   [ RunTime:0.0003s ]
SQL: INSERT INTO `xman_system_operation_log` (`url`,`title`,`way_state`,`result`,`createtime`,`admin_user_id`,`message`,`usetime`,`usemem`) VALUES ('http://ovodc.com/admin/Code/delete?s=admin/Code/delete','卡密/删除','1','1','2023-07-30 18:53:41','2','删除成功','0.011688','7') [ RunTime:0.0057s ]

[ 2023-07-30T18:53:41+08:00 ] 222.217.191.58 /admin/Code/index
INFO: [ app_init ] --START--
INFO: Run Behavior\BuildLiteBehavior [ RunTime:0.000027s ]
INFO: [ app_init ] --END-- [ RunTime:0.000654s ]
INFO: [ app_begin ] --START--
INFO: Run Behavior\ReadHtmlCacheBehavior [ RunTime:0.000638s ]
INFO: [ app_begin ] --END-- [ RunTime:0.000708s ]
SQL: SELECT COUNT(*) AS tp_count FROM `xman_auth_rule` WHERE `status` = 1 AND `name` = 'admin/code/index' LIMIT 1   [ RunTime:0.0004s ]
SQL: SHOW COLUMNS FROM `xman_auth_group_access` [ RunTime:0.0012s ]
SQL: SELECT `uid`,`group_id`,`title`,`rules` FROM xman_auth_group_access a INNER JOIN xman_auth_group g on a.group_id=g.id  WHERE ( a.uid='2' and g.status='1' )  [ RunTime:0.0004s ]
SQL: SHOW COLUMNS FROM `xman_auth_rule` [ RunTime:0.0012s ]
SQL: SELECT `condition`,`name` FROM `xman_auth_rule` WHERE `id` IN ('27','154','29','12','65','66','17','1','2','5','6','10','18','41','42','43','32','37','38','39','40','19','44','45','46','47','48','50','149','150','151','152','153','156','157','159','160','161') AND `type` = 1 AND `status` = 1  [ RunTime:0.0006s ]
SQL: SELECT * FROM `xman_code` WHERE (  1  and `code`='bywbzhBjjYdQM'  ) ORDER BY addtime DESC  [ RunTime:0.0559s ]
SQL: SELECT COUNT(*) AS tp_count FROM `xman_code` WHERE (  1  and `code`='bywbzhBjjYdQM'  ) LIMIT 1   [ RunTime:0.0469s ]

[ 2023-07-30T18:55:10+08:00 ] 222.218.207.172 /admin/Code/index
INFO: [ app_init ] --START--
INFO: Run Behavior\BuildLiteBehavior [ RunTime:0.000019s ]
INFO: [ app_init ] --END-- [ RunTime:0.000480s ]
INFO: [ app_begin ] --START--
INFO: Run Behavior\ReadHtmlCacheBehavior [ RunTime:0.000637s ]
INFO: [ app_begin ] --END-- [ RunTime:0.000706s ]
SQL: SELECT COUNT(*) AS tp_count FROM `xman_auth_rule` WHERE `status` = 1 AND `name` = 'admin/code/index' LIMIT 1   [ RunTime:0.0004s ]
SQL: SHOW COLUMNS FROM `xman_auth_group_access` [ RunTime:0.0011s ]
SQL: SELECT `uid`,`group_id`,`title`,`rules` FROM xman_auth_group_access a INNER JOIN xman_auth_group g on a.group_id=g.id  WHERE ( a.uid='2' and g.status='1' )  [ RunTime:0.0004s ]
SQL: SHOW COLUMNS FROM `xman_auth_rule` [ RunTime:0.0011s ]
SQL: SELECT `condition`,`name` FROM `xman_auth_rule` WHERE `id` IN ('27','154','29','12','65','66','17','1','2','5','6','10','18','41','42','43','32','37','38','39','40','19','44','45','46','47','48','50','149','150','151','152','153','156','157','159','160','161') AND `type` = 1 AND `status` = 1  [ RunTime:0.0005s ]
SQL: SELECT * FROM `xman_code` WHERE (  1  and `code`='ZSitEEA2t3wFr'  ) ORDER BY addtime DESC  [ RunTime:0.0499s ]
SQL: SELECT COUNT(*) AS tp_count FROM `xman_code` WHERE (  1  and `code`='ZSitEEA2t3wFr'  ) LIMIT 1   [ RunTime:0.0491s ]

[ 2023-07-30T18:55:10+08:00 ] 222.218.207.172 /admin/Code/index
INFO: [ app_init ] --START--
INFO: Run Behavior\BuildLiteBehavior [ RunTime:0.000018s ]
INFO: [ app_init ] --END-- [ RunTime:0.000508s ]
INFO: [ app_begin ] --START--
INFO: Run Behavior\ReadHtmlCacheBehavior [ RunTime:0.000621s ]
INFO: [ app_begin ] --END-- [ RunTime:0.000690s ]
SQL: SELECT COUNT(*) AS tp_count FROM `xman_auth_rule` WHERE `status` = 1 AND `name` = 'admin/code/index' LIMIT 1   [ RunTime:0.0004s ]
SQL: SHOW COLUMNS FROM `xman_auth_group_access` [ RunTime:0.0013s ]
SQL: SELECT `uid`,`group_id`,`title`,`rules` FROM xman_auth_group_access a INNER JOIN xman_auth_group g on a.group_id=g.id  WHERE ( a.uid='2' and g.status='1' )  [ RunTime:0.0004s ]
SQL: SHOW COLUMNS FROM `xman_auth_rule` [ RunTime:0.0011s ]
SQL: SELECT `condition`,`name` FROM `xman_auth_rule` WHERE `id` IN ('27','154','29','12','65','66','17','1','2','5','6','10','18','41','42','43','32','37','38','39','40','19','44','45','46','47','48','50','149','150','151','152','153','156','157','159','160','161') AND `type` = 1 AND `status` = 1  [ RunTime:0.0006s ]
SQL: SELECT * FROM `xman_code` WHERE (  1  and `code`='ZSitEEA2t3wFr'  ) ORDER BY addtime DESC  [ RunTime:0.0453s ]
SQL: SELECT COUNT(*) AS tp_count FROM `xman_code` WHERE (  1  and `code`='ZSitEEA2t3wFr'  ) LIMIT 1   [ RunTime:0.0353s ]

[ 2023-07-30T18:55:13+08:00 ] 222.218.207.172 /admin/Code/delete
INFO: [ app_init ] --START--
INFO: Run Behavior\BuildLiteBehavior [ RunTime:0.000027s ]
INFO: [ app_init ] --END-- [ RunTime:0.000728s ]
INFO: [ app_begin ] --START--
INFO: Run Behavior\ReadHtmlCacheBehavior [ RunTime:0.000928s ]
INFO: [ app_begin ] --END-- [ RunTime:0.001022s ]
SQL: SELECT COUNT(*) AS tp_count FROM `xman_auth_rule` WHERE `status` = 1 AND `name` = 'admin/code/delete' LIMIT 1   [ RunTime:0.0005s ]
SQL: SHOW COLUMNS FROM `xman_auth_group_access` [ RunTime:0.0015s ]
SQL: SELECT `uid`,`group_id`,`title`,`rules` FROM xman_auth_group_access a INNER JOIN xman_auth_group g on a.group_id=g.id  WHERE ( a.uid='2' and g.status='1' )  [ RunTime:0.0006s ]
SQL: SHOW COLUMNS FROM `xman_auth_rule` [ RunTime:0.0014s ]
SQL: SELECT `condition`,`name` FROM `xman_auth_rule` WHERE `id` IN ('27','154','29','12','65','66','17','1','2','5','6','10','18','41','42','43','32','37','38','39','40','19','44','45','46','47','48','50','149','150','151','152','153','156','157','159','160','161') AND `type` = 1 AND `status` = 1  [ RunTime:0.0007s ]
SQL: DELETE FROM `xman_code` WHERE (  `id` in (186221) ) [ RunTime:0.0005s ]
SQL: SELECT `title` FROM `xman_auth_rule` WHERE `name` = 'admin/code/delete' LIMIT 1   [ RunTime:0.0003s ]
SQL: INSERT INTO `xman_system_operation_log` (`url`,`title`,`way_state`,`result`,`createtime`,`admin_user_id`,`message`,`usetime`,`usemem`) VALUES ('http://ovodc.com/admin/Code/delete?s=admin/Code/delete','卡密/删除','1','1','2023-07-30 18:55:13','2','删除成功','0.002344','7') [ RunTime:0.0052s ]

[ 2023-07-30T18:55:13+08:00 ] 222.218.207.172 /admin/Code/index
INFO: [ app_init ] --START--
INFO: Run Behavior\BuildLiteBehavior [ RunTime:0.000020s ]
INFO: [ app_init ] --END-- [ RunTime:0.000480s ]
INFO: [ app_begin ] --START--
INFO: Run Behavior\ReadHtmlCacheBehavior [ RunTime:0.000624s ]
INFO: [ app_begin ] --END-- [ RunTime:0.000690s ]
SQL: SELECT COUNT(*) AS tp_count FROM `xman_auth_rule` WHERE `status` = 1 AND `name` = 'admin/code/index' LIMIT 1   [ RunTime:0.0004s ]
SQL: SHOW COLUMNS FROM `xman_auth_group_access` [ RunTime:0.0013s ]
SQL: SELECT `uid`,`group_id`,`title`,`rules` FROM xman_auth_group_access a INNER JOIN xman_auth_group g on a.group_id=g.id  WHERE ( a.uid='2' and g.status='1' )  [ RunTime:0.0004s ]
SQL: SHOW COLUMNS FROM `xman_auth_rule` [ RunTime:0.0010s ]
SQL: SELECT `condition`,`name` FROM `xman_auth_rule` WHERE `id` IN ('27','154','29','12','65','66','17','1','2','5','6','10','18','41','42','43','32','37','38','39','40','19','44','45','46','47','48','50','149','150','151','152','153','156','157','159','160','161') AND `type` = 1 AND `status` = 1  [ RunTime:0.0005s ]
SQL: SELECT * FROM `xman_code` WHERE (  1  and `code`='ZSitEEA2t3wFr'  ) ORDER BY addtime DESC  [ RunTime:0.0511s ]
SQL: SELECT COUNT(*) AS tp_count FROM `xman_code` WHERE (  1  and `code`='ZSitEEA2t3wFr'  ) LIMIT 1   [ RunTime:0.0540s ]

[ 2023-07-30T18:56:05+08:00 ] 222.218.207.172 /admin/Code/index
INFO: [ app_init ] --START--
INFO: Run Behavior\BuildLiteBehavior [ RunTime:0.000011s ]
INFO: [ app_init ] --END-- [ RunTime:0.000280s ]
INFO: [ app_begin ] --START--
INFO: Run Behavior\ReadHtmlCacheBehavior [ RunTime:0.000466s ]
INFO: [ app_begin ] --END-- [ RunTime:0.000512s ]
SQL: SELECT COUNT(*) AS tp_count FROM `xman_auth_rule` WHERE `status` = 1 AND `name` = 'admin/code/index' LIMIT 1   [ RunTime:0.0004s ]
SQL: SHOW COLUMNS FROM `xman_auth_group_access` [ RunTime:0.0017s ]
SQL: SELECT `uid`,`group_id`,`title`,`rules` FROM xman_auth_group_access a INNER JOIN xman_auth_group g on a.group_id=g.id  WHERE ( a.uid='2' and g.status='1' )  [ RunTime:0.0004s ]
SQL: SHOW COLUMNS FROM `xman_auth_rule` [ RunTime:0.0009s ]
SQL: SELECT `condition`,`name` FROM `xman_auth_rule` WHERE `id` IN ('27','154','29','12','65','66','17','1','2','5','6','10','18','41','42','43','32','37','38','39','40','19','44','45','46','47','48','50','149','150','151','152','153','156','157','159','160','161') AND `type` = 1 AND `status` = 1  [ RunTime:0.0006s ]
SQL: SELECT * FROM `xman_code` WHERE (  1  and `code`='DFs5KKYebWfRa'  ) ORDER BY addtime DESC  [ RunTime:0.0360s ]
SQL: SELECT COUNT(*) AS tp_count FROM `xman_code` WHERE (  1  and `code`='DFs5KKYebWfRa'  ) LIMIT 1   [ RunTime:0.0342s ]

[ 2023-07-30T18:56:07+08:00 ] 222.218.207.172 /admin/Code/delete
INFO: [ app_init ] --START--
INFO: Run Behavior\BuildLiteBehavior [ RunTime:0.000019s ]
INFO: [ app_init ] --END-- [ RunTime:0.000483s ]
INFO: [ app_begin ] --START--
INFO: Run Behavior\ReadHtmlCacheBehavior [ RunTime:0.000624s ]
INFO: [ app_begin ] --END-- [ RunTime:0.000692s ]
SQL: SELECT COUNT(*) AS tp_count FROM `xman_auth_rule` WHERE `status` = 1 AND `name` = 'admin/code/delete' LIMIT 1   [ RunTime:0.0004s ]
SQL: SHOW COLUMNS FROM `xman_auth_group_access` [ RunTime:0.0012s ]
SQL: SELECT `uid`,`group_id`,`title`,`rules` FROM xman_auth_group_access a INNER JOIN xman_auth_group g on a.group_id=g.id  WHERE ( a.uid='2' and g.status='1' )  [ RunTime:0.0004s ]
SQL: SHOW COLUMNS FROM `xman_auth_rule` [ RunTime:0.0010s ]
SQL: SELECT `condition`,`name` FROM `xman_auth_rule` WHERE `id` IN ('27','154','29','12','65','66','17','1','2','5','6','10','18','41','42','43','32','37','38','39','40','19','44','45','46','47','48','50','149','150','151','152','153','156','157','159','160','161') AND `type` = 1 AND `status` = 1  [ RunTime:0.0005s ]
SQL: DELETE FROM `xman_code` WHERE (  `id` in (186174) ) [ RunTime:0.0013s ]
SQL: SELECT `title` FROM `xman_auth_rule` WHERE `name` = 'admin/code/delete' LIMIT 1   [ RunTime:0.0003s ]
SQL: INSERT INTO `xman_system_operation_log` (`url`,`title`,`way_state`,`result`,`createtime`,`admin_user_id`,`message`,`usetime`,`usemem`) VALUES ('http://ovodc.com/admin/Code/delete?s=admin/Code/delete','卡密/删除','1','1','2023-07-30 18:56:07','2','删除成功','0.002829','7') [ RunTime:0.0078s ]

[ 2023-07-30T18:56:07+08:00 ] 222.218.207.172 /admin/Code/index
INFO: [ app_init ] --START--
INFO: Run Behavior\BuildLiteBehavior [ RunTime:0.000018s ]
INFO: [ app_init ] --END-- [ RunTime:0.000492s ]
INFO: [ app_begin ] --START--
INFO: Run Behavior\ReadHtmlCacheBehavior [ RunTime:0.000592s ]
INFO: [ app_begin ] --END-- [ RunTime:0.000659s ]
SQL: SELECT COUNT(*) AS tp_count FROM `xman_auth_rule` WHERE `status` = 1 AND `name` = 'admin/code/index' LIMIT 1   [ RunTime:0.0004s ]
SQL: SHOW COLUMNS FROM `xman_auth_group_access` [ RunTime:0.0012s ]
SQL: SELECT `uid`,`group_id`,`title`,`rules` FROM xman_auth_group_access a INNER JOIN xman_auth_group g on a.group_id=g.id  WHERE ( a.uid='2' and g.status='1' )  [ RunTime:0.0004s ]
SQL: SHOW COLUMNS FROM `xman_auth_rule` [ RunTime:0.0010s ]
SQL: SELECT `condition`,`name` FROM `xman_auth_rule` WHERE `id` IN ('27','154','29','12','65','66','17','1','2','5','6','10','18','41','42','43','32','37','38','39','40','19','44','45','46','47','48','50','149','150','151','152','153','156','157','159','160','161') AND `type` = 1 AND `status` = 1  [ RunTime:0.0005s ]
SQL: SELECT * FROM `xman_code` WHERE (  1  and `code`='DFs5KKYebWfRa'  ) ORDER BY addtime DESC  [ RunTime:0.0489s ]
SQL: SELECT COUNT(*) AS tp_count FROM `xman_code` WHERE (  1  and `code`='DFs5KKYebWfRa'  ) LIMIT 1   [ RunTime:0.0366s ]

