[ 2023-07-21T11:34:23+08:00 ] 175.24.214.93 /index.php/admin/login/index/jumpLink/%252Fadmin%252Findex%252Findex.html
INFO: [ app_init ] --START--
INFO: Run Behavior\BuildLiteBehavior [ RunTime:0.000026s ]
INFO: [ app_init ] --END-- [ RunTime:0.000685s ]
INFO: [ app_begin ] --START--
INFO: Run Behavior\ReadHtmlCacheBehavior [ RunTime:0.000952s ]
INFO: [ app_begin ] --END-- [ RunTime:0.001061s ]
INFO: [ view_parse ] --START--
INFO: [ template_filter ] --START--
INFO: Run Behavior\ContentReplaceBehavior [ RunTime:0.000093s ]
INFO: [ template_filter ] --END-- [ RunTime:0.000209s ]
INFO: Run Behavior\ParseTemplateBehavior [ RunTime:0.014533s ]
INFO: [ view_parse ] --END-- [ RunTime:0.014635s ]
INFO: [ view_filter ] --START--
INFO: Run Behavior\WriteHtmlCacheBehavior [ RunTime:0.000349s ]
INFO: [ view_filter ] --END-- [ RunTime:0.000464s ]
INFO: [ app_end ] --START--
INFO: Run Behavior\ShowPageTraceBehavior [ RunTime:0.001054s ]
INFO: [ app_end ] --END-- [ RunTime:0.001141s ]

[ 2023-07-21T13:25:10+08:00 ] 222.218.204.134 /index.php/admin/login/index/jumpLink/%252Fadmin%252Findex%252Findex.html
INFO: [ app_init ] --START--
INFO: Run Behavior\BuildLiteBehavior [ RunTime:0.000018s ]
INFO: [ app_init ] --END-- [ RunTime:0.000487s ]
INFO: [ app_begin ] --START--
INFO: Run Behavior\ReadHtmlCacheBehavior [ RunTime:0.000607s ]
INFO: [ app_begin ] --END-- [ RunTime:0.000705s ]
INFO: [ view_parse ] --START--
INFO: [ template_filter ] --START--
INFO: Run Behavior\ContentReplaceBehavior [ RunTime:0.000081s ]
INFO: [ template_filter ] --END-- [ RunTime:0.000152s ]
INFO: Run Behavior\ParseTemplateBehavior [ RunTime:0.009961s ]
INFO: [ view_parse ] --END-- [ RunTime:0.010035s ]
INFO: [ view_filter ] --START--
INFO: Run Behavior\WriteHtmlCacheBehavior [ RunTime:0.000230s ]
INFO: [ view_filter ] --END-- [ RunTime:0.000289s ]
INFO: [ app_end ] --START--
INFO: Run Behavior\ShowPageTraceBehavior [ RunTime:0.000681s ]
INFO: [ app_end ] --END-- [ RunTime:0.000889s ]

[ 2023-07-21T16:28:25+08:00 ] 222.218.204.134 /index.php/admin/login/index/jumpLink/%252Fadmin%252Findex%252Findex.html
INFO: [ app_init ] --START--
INFO: Run Behavior\BuildLiteBehavior [ RunTime:0.000020s ]
INFO: [ app_init ] --END-- [ RunTime:0.000529s ]
INFO: [ app_begin ] --START--
INFO: Run Behavior\ReadHtmlCacheBehavior [ RunTime:0.000644s ]
INFO: [ app_begin ] --END-- [ RunTime:0.000749s ]
INFO: [ view_parse ] --START--
INFO: [ template_filter ] --START--
INFO: Run Behavior\ContentReplaceBehavior [ RunTime:0.000084s ]
INFO: [ template_filter ] --END-- [ RunTime:0.000174s ]
INFO: Run Behavior\ParseTemplateBehavior [ RunTime:0.010235s ]
INFO: [ view_parse ] --END-- [ RunTime:0.010314s ]
INFO: [ view_filter ] --START--
INFO: Run Behavior\WriteHtmlCacheBehavior [ RunTime:0.000227s ]
INFO: [ view_filter ] --END-- [ RunTime:0.000285s ]
INFO: [ app_end ] --START--
INFO: Run Behavior\ShowPageTraceBehavior [ RunTime:0.000747s ]
INFO: [ app_end ] --END-- [ RunTime:0.000808s ]

[ 2023-07-21T16:28:54+08:00 ] 222.218.204.134 /admin/login/check
INFO: [ app_init ] --START--
INFO: Run Behavior\BuildLiteBehavior [ RunTime:0.000021s ]
INFO: [ app_init ] --END-- [ RunTime:0.000517s ]
INFO: [ app_begin ] --START--
INFO: Run Behavior\ReadHtmlCacheBehavior [ RunTime:0.000668s ]
INFO: [ app_begin ] --END-- [ RunTime:0.000759s ]
SQL: SELECT * FROM `xman_admin_user` WHERE `username` = 'qinyuejun' LIMIT 1   [ RunTime:0.0006s ]
SQL: SELECT * FROM `xman_auth_group_access` WHERE `uid` = 2  [ RunTime:0.0004s ]
NOTIC: [8] Undefined index: os /www/wwwroot/ovodw.com/Application/Admin/Controller/LoginController.class.php 第 94 行.
SQL: INSERT INTO `xman_system_login_log` (`admin_user_id`,`ip`,`logtime`,`browser`,`os`) VALUES ('2','222.218.204.134','2023-07-21 16:28:54','Chrome/98.0.4758.102',NULL) [ RunTime:0.0050s ]
SQL: SELECT `title` FROM `xman_auth_rule` WHERE `name` = 'admin/login/check' LIMIT 1   [ RunTime:0.0003s ]

[ 2023-07-21T16:28:55+08:00 ] 222.218.204.134 /admin/index/index
INFO: [ app_init ] --START--
INFO: Run Behavior\BuildLiteBehavior [ RunTime:0.000019s ]
INFO: [ app_init ] --END-- [ RunTime:0.000502s ]
INFO: [ app_begin ] --START--
INFO: Run Behavior\ReadHtmlCacheBehavior [ RunTime:0.000601s ]
INFO: [ app_begin ] --END-- [ RunTime:0.000674s ]
SQL: SELECT COUNT(*) AS tp_count FROM `xman_auth_rule` WHERE `status` = 1 AND `name` = 'admin/index/index' LIMIT 1   [ RunTime:0.0005s ]
SQL: SHOW COLUMNS FROM `xman_auth_group_access` [ RunTime:0.0011s ]
SQL: SELECT `uid`,`group_id`,`title`,`rules` FROM xman_auth_group_access a INNER JOIN xman_auth_group g on a.group_id=g.id  WHERE ( a.uid='2' and g.status='1' )  [ RunTime:0.0005s ]
SQL: SELECT * FROM `xman_auth_menus` WHERE `pid` = 0  [ RunTime:0.0004s ]
SQL: SELECT * FROM `xman_admin_user` WHERE `id` = 2 LIMIT 1   [ RunTime:0.0004s ]
SQL: SELECT * FROM `xman_system_skin` WHERE `user_id` = 2 LIMIT 1   [ RunTime:0.0004s ]
INFO: [ view_parse ] --START--
INFO: [ template_filter ] --START--
INFO: Run Behavior\ContentReplaceBehavior [ RunTime:0.000108s ]
INFO: [ template_filter ] --END-- [ RunTime:0.000223s ]
INFO: Run Behavior\ParseTemplateBehavior [ RunTime:0.023093s ]
INFO: [ view_parse ] --END-- [ RunTime:0.023171s ]
INFO: [ view_filter ] --START--
INFO: Run Behavior\WriteHtmlCacheBehavior [ RunTime:0.000248s ]
INFO: [ view_filter ] --END-- [ RunTime:0.000308s ]
INFO: [ app_end ] --START--
INFO: Run Behavior\ShowPageTraceBehavior [ RunTime:0.000743s ]
INFO: [ app_end ] --END-- [ RunTime:0.000807s ]

[ 2023-07-21T16:28:56+08:00 ] 222.218.204.134 /index.php/Admin/Index/main.html
INFO: [ app_init ] --START--
INFO: Run Behavior\BuildLiteBehavior [ RunTime:0.000020s ]
INFO: [ app_init ] --END-- [ RunTime:0.000565s ]
INFO: [ app_begin ] --START--
INFO: Run Behavior\ReadHtmlCacheBehavior [ RunTime:0.000708s ]
INFO: [ app_begin ] --END-- [ RunTime:0.000787s ]
SQL: SELECT COUNT(*) AS tp_count FROM `xman_auth_rule` WHERE `status` = 1 AND `name` = 'admin/index/main' LIMIT 1   [ RunTime:0.0004s ]
INFO: [ view_parse ] --START--
INFO: [ template_filter ] --START--
INFO: Run Behavior\ContentReplaceBehavior [ RunTime:0.000053s ]
INFO: [ template_filter ] --END-- [ RunTime:0.000144s ]
INFO: Run Behavior\ParseTemplateBehavior [ RunTime:0.009637s ]
INFO: [ view_parse ] --END-- [ RunTime:0.009747s ]
INFO: [ view_filter ] --START--
INFO: Run Behavior\WriteHtmlCacheBehavior [ RunTime:0.000270s ]
INFO: [ view_filter ] --END-- [ RunTime:0.000333s ]
INFO: [ app_end ] --START--
INFO: Run Behavior\ShowPageTraceBehavior [ RunTime:0.000723s ]
INFO: [ app_end ] --END-- [ RunTime:0.000791s ]

[ 2023-07-21T16:28:56+08:00 ] 222.218.204.134 /admin/index/getmenu/id/1
INFO: [ app_init ] --START--
INFO: Run Behavior\BuildLiteBehavior [ RunTime:0.000019s ]
INFO: [ app_init ] --END-- [ RunTime:0.000500s ]
INFO: [ app_begin ] --START--
INFO: Run Behavior\ReadHtmlCacheBehavior [ RunTime:0.000741s ]
INFO: [ app_begin ] --END-- [ RunTime:0.000806s ]
SQL: SELECT COUNT(*) AS tp_count FROM `xman_auth_rule` WHERE `status` = 1 AND `name` = 'admin/index/getmenu' LIMIT 1   [ RunTime:0.0004s ]
SQL: SHOW COLUMNS FROM `xman_auth_group_access` [ RunTime:0.0011s ]
SQL: SELECT `uid`,`group_id`,`title`,`rules` FROM xman_auth_group_access a INNER JOIN xman_auth_group g on a.group_id=g.id  WHERE ( a.uid='2' and g.status='1' )  [ RunTime:0.0004s ]
SQL: SELECT a.*,r.name as href,r.is_url FROM xman_auth_menus as a left JOIN xman_auth_rule as r on r.id=a.rule_id  WHERE a.pid = '1' AND r.status = '1'  [ RunTime:0.0004s ]
SQL: SELECT a.*,r.name as href FROM xman_auth_menus as a left JOIN xman_auth_rule as r on r.id=a.rule_id  WHERE a.pid = '39'  [ RunTime:0.0003s ]
SQL: SELECT a.*,r.name as href FROM xman_auth_menus as a left JOIN xman_auth_rule as r on r.id=a.rule_id  WHERE a.pid = '40'  [ RunTime:0.0003s ]
SQL: SELECT a.*,r.name as href FROM xman_auth_menus as a left JOIN xman_auth_rule as r on r.id=a.rule_id  WHERE a.pid = '41'  [ RunTime:0.0003s ]
SQL: SELECT a.*,r.name as href FROM xman_auth_menus as a left JOIN xman_auth_rule as r on r.id=a.rule_id  WHERE a.pid = '42'  [ RunTime:0.0003s ]
SQL: SELECT a.*,r.name as href FROM xman_auth_menus as a left JOIN xman_auth_rule as r on r.id=a.rule_id  WHERE a.pid = '43'  [ RunTime:0.0003s ]
SQL: SELECT a.*,r.name as href FROM xman_auth_menus as a left JOIN xman_auth_rule as r on r.id=a.rule_id  WHERE a.pid = '44'  [ RunTime:0.0003s ]

[ 2023-07-21T16:28:58+08:00 ] 222.218.204.134 /admin/code/index
INFO: [ app_init ] --START--
INFO: Run Behavior\BuildLiteBehavior [ RunTime:0.000018s ]
INFO: [ app_init ] --END-- [ RunTime:0.000475s ]
INFO: [ app_begin ] --START--
INFO: Run Behavior\ReadHtmlCacheBehavior [ RunTime:0.000736s ]
INFO: [ app_begin ] --END-- [ RunTime:0.000811s ]
SQL: SELECT COUNT(*) AS tp_count FROM `xman_auth_rule` WHERE `status` = 1 AND `name` = 'admin/code/index' LIMIT 1   [ RunTime:0.0005s ]
SQL: SHOW COLUMNS FROM `xman_auth_group_access` [ RunTime:0.0015s ]
SQL: SELECT `uid`,`group_id`,`title`,`rules` FROM xman_auth_group_access a INNER JOIN xman_auth_group g on a.group_id=g.id  WHERE ( a.uid='2' and g.status='1' )  [ RunTime:0.0006s ]
SQL: SHOW COLUMNS FROM `xman_auth_rule` [ RunTime:0.0014s ]
SQL: SELECT `condition`,`name` FROM `xman_auth_rule` WHERE `id` IN ('27','154','29','12','65','66','17','1','2','5','6','10','18','41','42','43','32','37','38','39','40','19','44','45','46','47','48','50','149','150','151','152','153','156','157','159','160','161') AND `type` = 1 AND `status` = 1  [ RunTime:0.0007s ]
INFO: [ view_parse ] --START--
INFO: [ template_filter ] --START--
INFO: Run Behavior\ContentReplaceBehavior [ RunTime:0.000088s ]
INFO: [ template_filter ] --END-- [ RunTime:0.000171s ]
INFO: Run Behavior\ParseTemplateBehavior [ RunTime:0.009901s ]
INFO: [ view_parse ] --END-- [ RunTime:0.009977s ]
INFO: [ view_filter ] --START--
INFO: Run Behavior\WriteHtmlCacheBehavior [ RunTime:0.000220s ]
INFO: [ view_filter ] --END-- [ RunTime:0.000278s ]
INFO: [ app_end ] --START--
INFO: Run Behavior\ShowPageTraceBehavior [ RunTime:0.000696s ]
INFO: [ app_end ] --END-- [ RunTime:0.000763s ]

[ 2023-07-21T16:28:59+08:00 ] 222.218.204.134 /admin/Code/index
INFO: [ app_init ] --START--
INFO: Run Behavior\BuildLiteBehavior [ RunTime:0.000022s ]
INFO: [ app_init ] --END-- [ RunTime:0.000497s ]
INFO: [ app_begin ] --START--
INFO: Run Behavior\ReadHtmlCacheBehavior [ RunTime:0.000640s ]
INFO: [ app_begin ] --END-- [ RunTime:0.000710s ]
SQL: SELECT COUNT(*) AS tp_count FROM `xman_auth_rule` WHERE `status` = 1 AND `name` = 'admin/code/index' LIMIT 1   [ RunTime:0.0004s ]
SQL: SHOW COLUMNS FROM `xman_auth_group_access` [ RunTime:0.0010s ]
SQL: SELECT `uid`,`group_id`,`title`,`rules` FROM xman_auth_group_access a INNER JOIN xman_auth_group g on a.group_id=g.id  WHERE ( a.uid='2' and g.status='1' )  [ RunTime:0.0004s ]
SQL: SHOW COLUMNS FROM `xman_auth_rule` [ RunTime:0.0013s ]
SQL: SELECT `condition`,`name` FROM `xman_auth_rule` WHERE `id` IN ('27','154','29','12','65','66','17','1','2','5','6','10','18','41','42','43','32','37','38','39','40','19','44','45','46','47','48','50','149','150','151','152','153','156','157','159','160','161') AND `type` = 1 AND `status` = 1  [ RunTime:0.0006s ]
NOTIC: [8] Undefined index: para /www/wwwroot/ovodw.com/Application/Admin/Controller/CodeController.class.php 第 33 行.
SQL: SELECT * FROM `xman_code` WHERE (  1  ) ORDER BY addtime DESC LIMIT 0,15   [ RunTime:0.0488s ]
SQL: SELECT COUNT(*) AS tp_count FROM `xman_code` WHERE (  1  ) LIMIT 1   [ RunTime:0.0003s ]

[ 2023-07-21T16:29:03+08:00 ] 222.218.204.134 /admin/Code/add
INFO: [ app_init ] --START--
INFO: Run Behavior\BuildLiteBehavior [ RunTime:0.000026s ]
INFO: [ app_init ] --END-- [ RunTime:0.000708s ]
INFO: [ app_begin ] --START--
INFO: Run Behavior\ReadHtmlCacheBehavior [ RunTime:0.000985s ]
INFO: [ app_begin ] --END-- [ RunTime:0.001094s ]
SQL: SELECT COUNT(*) AS tp_count FROM `xman_auth_rule` WHERE `status` = 1 AND `name` = 'admin/code/add' LIMIT 1   [ RunTime:0.0005s ]
SQL: SHOW COLUMNS FROM `xman_auth_group_access` [ RunTime:0.0015s ]
SQL: SELECT `uid`,`group_id`,`title`,`rules` FROM xman_auth_group_access a INNER JOIN xman_auth_group g on a.group_id=g.id  WHERE ( a.uid='2' and g.status='1' )  [ RunTime:0.0006s ]
SQL: SHOW COLUMNS FROM `xman_auth_rule` [ RunTime:0.0015s ]
SQL: SELECT `condition`,`name` FROM `xman_auth_rule` WHERE `id` IN ('27','154','29','12','65','66','17','1','2','5','6','10','18','41','42','43','32','37','38','39','40','19','44','45','46','47','48','50','149','150','151','152','153','156','157','159','160','161') AND `type` = 1 AND `status` = 1  [ RunTime:0.0007s ]
INFO: [ view_parse ] --START--
INFO: [ template_filter ] --START--
INFO: Run Behavior\ContentReplaceBehavior [ RunTime:0.000061s ]
INFO: [ template_filter ] --END-- [ RunTime:0.000150s ]
INFO: Run Behavior\ParseTemplateBehavior [ RunTime:0.008266s ]
INFO: [ view_parse ] --END-- [ RunTime:0.008339s ]
INFO: [ view_filter ] --START--
INFO: Run Behavior\WriteHtmlCacheBehavior [ RunTime:0.000244s ]
INFO: [ view_filter ] --END-- [ RunTime:0.000310s ]
INFO: [ app_end ] --START--
INFO: Run Behavior\ShowPageTraceBehavior [ RunTime:0.000673s ]
INFO: [ app_end ] --END-- [ RunTime:0.000737s ]

[ 2023-07-21T16:29:07+08:00 ] 222.218.204.134 /admin/code/getcode
INFO: [ app_init ] --START--
INFO: Run Behavior\BuildLiteBehavior [ RunTime:0.000018s ]
INFO: [ app_init ] --END-- [ RunTime:0.000502s ]
INFO: [ app_begin ] --START--
INFO: Run Behavior\ReadHtmlCacheBehavior [ RunTime:0.000595s ]
INFO: [ app_begin ] --END-- [ RunTime:0.000687s ]
SQL: SELECT COUNT(*) AS tp_count FROM `xman_auth_rule` WHERE `status` = 1 AND `name` = 'admin/code/getcode' LIMIT 1   [ RunTime:0.0004s ]
NOTIC: [8] Undefined variable: key /www/wwwroot/ovodw.com/Application/Admin/Controller/CodeController.class.php 第 119 行.
NOTIC: [8] Undefined variable: key /www/wwwroot/ovodw.com/Application/Admin/Controller/CodeController.class.php 第 119 行.
NOTIC: [8] Undefined variable: key /www/wwwroot/ovodw.com/Application/Admin/Controller/CodeController.class.php 第 119 行.
NOTIC: [8] Undefined variable: key /www/wwwroot/ovodw.com/Application/Admin/Controller/CodeController.class.php 第 119 行.
NOTIC: [8] Undefined variable: key /www/wwwroot/ovodw.com/Application/Admin/Controller/CodeController.class.php 第 119 行.
NOTIC: [8] Undefined variable: key /www/wwwroot/ovodw.com/Application/Admin/Controller/CodeController.class.php 第 119 行.
NOTIC: [8] Undefined variable: key /www/wwwroot/ovodw.com/Application/Admin/Controller/CodeController.class.php 第 119 行.
NOTIC: [8] Undefined variable: key /www/wwwroot/ovodw.com/Application/Admin/Controller/CodeController.class.php 第 119 行.
NOTIC: [8] Undefined variable: key /www/wwwroot/ovodw.com/Application/Admin/Controller/CodeController.class.php 第 119 行.
NOTIC: [8] Undefined variable: key /www/wwwroot/ovodw.com/Application/Admin/Controller/CodeController.class.php 第 119 行.
NOTIC: [8] Undefined variable: key /www/wwwroot/ovodw.com/Application/Admin/Controller/CodeController.class.php 第 119 行.
NOTIC: [8] Undefined variable: key /www/wwwroot/ovodw.com/Application/Admin/Controller/CodeController.class.php 第 119 行.
NOTIC: [8] Undefined variable: key /www/wwwroot/ovodw.com/Application/Admin/Controller/CodeController.class.php 第 119 行.
NOTIC: [8] Undefined variable: key /www/wwwroot/ovodw.com/Application/Admin/Controller/CodeController.class.php 第 119 行.
NOTIC: [8] Undefined variable: key /www/wwwroot/ovodw.com/Application/Admin/Controller/CodeController.class.php 第 119 行.
NOTIC: [8] Undefined variable: key /www/wwwroot/ovodw.com/Application/Admin/Controller/CodeController.class.php 第 119 行.
NOTIC: [8] Undefined variable: key /www/wwwroot/ovodw.com/Application/Admin/Controller/CodeController.class.php 第 119 行.
NOTIC: [8] Undefined variable: key /www/wwwroot/ovodw.com/Application/Admin/Controller/CodeController.class.php 第 119 行.
NOTIC: [8] Undefined variable: key /www/wwwroot/ovodw.com/Application/Admin/Controller/CodeController.class.php 第 119 行.
NOTIC: [8] Undefined variable: key /www/wwwroot/ovodw.com/Application/Admin/Controller/CodeController.class.php 第 119 行.
NOTIC: [8] Undefined variable: key /www/wwwroot/ovodw.com/Application/Admin/Controller/CodeController.class.php 第 119 行.
NOTIC: [8] Undefined variable: key /www/wwwroot/ovodw.com/Application/Admin/Controller/CodeController.class.php 第 119 行.
NOTIC: [8] Undefined variable: key /www/wwwroot/ovodw.com/Application/Admin/Controller/CodeController.class.php 第 119 行.
NOTIC: [8] Undefined variable: key /www/wwwroot/ovodw.com/Application/Admin/Controller/CodeController.class.php 第 119 行.
NOTIC: [8] Undefined variable: key /www/wwwroot/ovodw.com/Application/Admin/Controller/CodeController.class.php 第 119 行.
NOTIC: [8] Undefined variable: key /www/wwwroot/ovodw.com/Application/Admin/Controller/CodeController.class.php 第 119 行.
NOTIC: [8] Undefined variable: key /www/wwwroot/ovodw.com/Application/Admin/Controller/CodeController.class.php 第 119 行.
NOTIC: [8] Undefined variable: key /www/wwwroot/ovodw.com/Application/Admin/Controller/CodeController.class.php 第 119 行.
NOTIC: [8] Undefined variable: key /www/wwwroot/ovodw.com/Application/Admin/Controller/CodeController.class.php 第 119 行.
NOTIC: [8] Undefined variable: key /www/wwwroot/ovodw.com/Application/Admin/Controller/CodeController.class.php 第 119 行.
NOTIC: [8] Undefined variable: key /www/wwwroot/ovodw.com/Application/Admin/Controller/CodeController.class.php 第 119 行.
NOTIC: [8] Undefined variable: key /www/wwwroot/ovodw.com/Application/Admin/Controller/CodeController.class.php 第 119 行.
NOTIC: [8] Undefined variable: key /www/wwwroot/ovodw.com/Application/Admin/Controller/CodeController.class.php 第 119 行.
NOTIC: [8] Undefined variable: key /www/wwwroot/ovodw.com/Application/Admin/Controller/CodeController.class.php 第 119 行.
NOTIC: [8] Undefined variable: key /www/wwwroot/ovodw.com/Application/Admin/Controller/CodeController.class.php 第 119 行.
NOTIC: [8] Undefined variable: key /www/wwwroot/ovodw.com/Application/Admin/Controller/CodeController.class.php 第 119 行.
NOTIC: [8] Undefined variable: key /www/wwwroot/ovodw.com/Application/Admin/Controller/CodeController.class.php 第 119 行.
NOTIC: [8] Undefined variable: key /www/wwwroot/ovodw.com/Application/Admin/Controller/CodeController.class.php 第 119 行.
NOTIC: [8] Undefined variable: key /www/wwwroot/ovodw.com/Application/Admin/Controller/CodeController.class.php 第 119 行.
NOTIC: [8] Undefined variable: key /www/wwwroot/ovodw.com/Application/Admin/Controller/CodeController.class.php 第 119 行.
NOTIC: [8] Undefined variable: key /www/wwwroot/ovodw.com/Application/Admin/Controller/CodeController.class.php 第 119 行.
NOTIC: [8] Undefined variable: key /www/wwwroot/ovodw.com/Application/Admin/Controller/CodeController.class.php 第 119 行.
NOTIC: [8] Undefined variable: key /www/wwwroot/ovodw.com/Application/Admin/Controller/CodeController.class.php 第 119 行.
NOTIC: [8] Undefined variable: key /www/wwwroot/ovodw.com/Application/Admin/Controller/CodeController.class.php 第 119 行.
NOTIC: [8] Undefined variable: key /www/wwwroot/ovodw.com/Application/Admin/Controller/CodeController.class.php 第 119 行.
NOTIC: [8] Undefined variable: key /www/wwwroot/ovodw.com/Application/Admin/Controller/CodeController.class.php 第 119 行.
NOTIC: [8] Undefined variable: key /www/wwwroot/ovodw.com/Application/Admin/Controller/CodeController.class.php 第 119 行.
NOTIC: [8] Undefined variable: key /www/wwwroot/ovodw.com/Application/Admin/Controller/CodeController.class.php 第 119 行.
NOTIC: [8] Undefined variable: key /www/wwwroot/ovodw.com/Application/Admin/Controller/CodeController.class.php 第 119 行.
NOTIC: [8] Undefined variable: key /www/wwwroot/ovodw.com/Application/Admin/Controller/CodeController.class.php 第 119 行.
NOTIC: [8] Undefined variable: key /www/wwwroot/ovodw.com/Application/Admin/Controller/CodeController.class.php 第 119 行.
NOTIC: [8] Undefined variable: key /www/wwwroot/ovodw.com/Application/Admin/Controller/CodeController.class.php 第 119 行.
NOTIC: [8] Undefined variable: key /www/wwwroot/ovodw.com/Application/Admin/Controller/CodeController.class.php 第 119 行.
NOTIC: [8] Undefined variable: key /www/wwwroot/ovodw.com/Application/Admin/Controller/CodeController.class.php 第 119 行.
NOTIC: [8] Undefined variable: key /www/wwwroot/ovodw.com/Application/Admin/Controller/CodeController.class.php 第 119 行.
NOTIC: [8] Undefined variable: key /www/wwwroot/ovodw.com/Application/Admin/Controller/CodeController.class.php 第 119 行.
NOTIC: [8] Undefined variable: key /www/wwwroot/ovodw.com/Application/Admin/Controller/CodeController.class.php 第 119 行.
NOTIC: [8] Undefined variable: key /www/wwwroot/ovodw.com/Application/Admin/Controller/CodeController.class.php 第 119 行.
NOTIC: [8] Undefined variable: key /www/wwwroot/ovodw.com/Application/Admin/Controller/CodeController.class.php 第 119 行.
NOTIC: [8] Undefined variable: key /www/wwwroot/ovodw.com/Application/Admin/Controller/CodeController.class.php 第 119 行.
NOTIC: [8] Undefined variable: key /www/wwwroot/ovodw.com/Application/Admin/Controller/CodeController.class.php 第 119 行.
NOTIC: [8] Undefined variable: key /www/wwwroot/ovodw.com/Application/Admin/Controller/CodeController.class.php 第 119 行.
NOTIC: [8] Undefined variable: key /www/wwwroot/ovodw.com/Application/Admin/Controller/CodeController.class.php 第 119 行.
NOTIC: [8] Undefined variable: key /www/wwwroot/ovodw.com/Application/Admin/Controller/CodeController.class.php 第 119 行.
NOTIC: [8] Undefined variable: key /www/wwwroot/ovodw.com/Application/Admin/Controller/CodeController.class.php 第 119 行.
NOTIC: [8] Undefined variable: key /www/wwwroot/ovodw.com/Application/Admin/Controller/CodeController.class.php 第 119 行.
NOTIC: [8] Undefined variable: key /www/wwwroot/ovodw.com/Application/Admin/Controller/CodeController.class.php 第 119 行.
NOTIC: [8] Undefined variable: key /www/wwwroot/ovodw.com/Application/Admin/Controller/CodeController.class.php 第 119 行.
NOTIC: [8] Undefined variable: key /www/wwwroot/ovodw.com/Application/Admin/Controller/CodeController.class.php 第 119 行.
NOTIC: [8] Undefined variable: key /www/wwwroot/ovodw.com/Application/Admin/Controller/CodeController.class.php 第 119 行.
NOTIC: [8] Undefined variable: key /www/wwwroot/ovodw.com/Application/Admin/Controller/CodeController.class.php 第 119 行.
NOTIC: [8] Undefined variable: key /www/wwwroot/ovodw.com/Application/Admin/Controller/CodeController.class.php 第 119 行.
NOTIC: [8] Undefined variable: key /www/wwwroot/ovodw.com/Application/Admin/Controller/CodeController.class.php 第 119 行.
NOTIC: [8] Undefined variable: key /www/wwwroot/ovodw.com/Application/Admin/Controller/CodeController.class.php 第 119 行.
NOTIC: [8] Undefined variable: key /www/wwwroot/ovodw.com/Application/Admin/Controller/CodeController.class.php 第 119 行.
NOTIC: [8] Undefined variable: key /www/wwwroot/ovodw.com/Application/Admin/Controller/CodeController.class.php 第 119 行.
NOTIC: [8] Undefined variable: key /www/wwwroot/ovodw.com/Application/Admin/Controller/CodeController.class.php 第 119 行.
NOTIC: [8] Undefined variable: key /www/wwwroot/ovodw.com/Application/Admin/Controller/CodeController.class.php 第 119 行.
NOTIC: [8] Undefined variable: key /www/wwwroot/ovodw.com/Application/Admin/Controller/CodeController.class.php 第 119 行.
NOTIC: [8] Undefined variable: key /www/wwwroot/ovodw.com/Application/Admin/Controller/CodeController.class.php 第 119 行.
NOTIC: [8] Undefined variable: key /www/wwwroot/ovodw.com/Application/Admin/Controller/CodeController.class.php 第 119 行.
NOTIC: [8] Undefined variable: key /www/wwwroot/ovodw.com/Application/Admin/Controller/CodeController.class.php 第 119 行.
NOTIC: [8] Undefined variable: key /www/wwwroot/ovodw.com/Application/Admin/Controller/CodeController.class.php 第 119 行.
NOTIC: [8] Undefined variable: key /www/wwwroot/ovodw.com/Application/Admin/Controller/CodeController.class.php 第 119 行.
NOTIC: [8] Undefined variable: key /www/wwwroot/ovodw.com/Application/Admin/Controller/CodeController.class.php 第 119 行.
NOTIC: [8] Undefined variable: key /www/wwwroot/ovodw.com/Application/Admin/Controller/CodeController.class.php 第 119 行.
NOTIC: [8] Undefined variable: key /www/wwwroot/ovodw.com/Application/Admin/Controller/CodeController.class.php 第 119 行.
NOTIC: [8] Undefined variable: key /www/wwwroot/ovodw.com/Application/Admin/Controller/CodeController.class.php 第 119 行.
NOTIC: [8] Undefined variable: key /www/wwwroot/ovodw.com/Application/Admin/Controller/CodeController.class.php 第 119 行.
NOTIC: [8] Undefined variable: key /www/wwwroot/ovodw.com/Application/Admin/Controller/CodeController.class.php 第 119 行.
NOTIC: [8] Undefined variable: key /www/wwwroot/ovodw.com/Application/Admin/Controller/CodeController.class.php 第 119 行.
NOTIC: [8] Undefined variable: key /www/wwwroot/ovodw.com/Application/Admin/Controller/CodeController.class.php 第 119 行.
NOTIC: [8] Undefined variable: key /www/wwwroot/ovodw.com/Application/Admin/Controller/CodeController.class.php 第 119 行.
NOTIC: [8] Undefined variable: key /www/wwwroot/ovodw.com/Application/Admin/Controller/CodeController.class.php 第 119 行.
NOTIC: [8] Undefined variable: key /www/wwwroot/ovodw.com/Application/Admin/Controller/CodeController.class.php 第 119 行.
NOTIC: [8] Undefined variable: key /www/wwwroot/ovodw.com/Application/Admin/Controller/CodeController.class.php 第 119 行.
NOTIC: [8] Undefined variable: key /www/wwwroot/ovodw.com/Application/Admin/Controller/CodeController.class.php 第 119 行.
NOTIC: [8] Undefined variable: key /www/wwwroot/ovodw.com/Application/Admin/Controller/CodeController.class.php 第 119 行.
NOTIC: [8] Undefined variable: key /www/wwwroot/ovodw.com/Application/Admin/Controller/CodeController.class.php 第 119 行.
NOTIC: [8] Undefined variable: key /www/wwwroot/ovodw.com/Application/Admin/Controller/CodeController.class.php 第 119 行.
SQL: INSERT INTO `xman_code` (`code`,`addtime`) VALUES ('W3p3Ig3b4Hh','2023-07-21 16:29:07'),('Hwfyo6CvzB8','2023-07-21 16:29:07'),('6oZm95wHngf','2023-07-21 16:29:07'),('eebUrJB2s13','2023-07-21 16:29:07'),('CJdvoW11R8t','2023-07-21 16:29:07'),('HTTxfwTjbyP','2023-07-21 16:29:07'),('85ZmWM0wih4','2023-07-21 16:29:07'),('JMjmMbJ89Ek','2023-07-21 16:29:07'),('d9ufYFxWI8C','2023-07-21 16:29:07'),('Zoz5owfr4cb','2023-07-21 16:29:07'),('Hf25De79gkt','2023-07-21 16:29:07'),('W79koKT9BE3','2023-07-21 16:29:07'),('inKe8QbKQDj','2023-07-21 16:29:07'),('3j7rUMP2eAn','2023-07-21 16:29:07'),('AhxU0wIPiig','2023-07-21 16:29:07'),('4ySboHkmcm8','2023-07-21 16:29:07'),('DkpTY6chHaH','2023-07-21 16:29:07'),('iRIZ4PfgZK4','2023-07-21 16:29:07'),('DFl6RCeT2rI','2023-07-21 16:29:07'),('B9F6DERwK1w','2023-07-21 16:29:07'),('dJaYJgIUEoR','2023-07-21 16:29:07'),('KgFQKb21Fwm','2023-07-21 16:29:07'),('RYWKf3g1Tnn','2023-07-21 16:29:07'),('sWsKnexi7KP','2023-07-21 16:29:07'),('Jb48iApIKfc','2023-07-21 16:29:07'),('PJqafvWHUxw','2023-07-21 16:29:07'),('69PsqbeSSZa','2023-07-21 16:29:07'),('5md96WzpxkH','2023-07-21 16:29:07'),('DC2kpTZ1gW7','2023-07-21 16:29:07'),('rYjvpztCE3u','2023-07-21 16:29:07'),('16vyS41ZBRZ','2023-07-21 16:29:07'),('PRUlCik3yHY','2023-07-21 16:29:07'),('jQ333zbRseS','2023-07-21 16:29:07'),('poB36DDZ9f4','2023-07-21 16:29:07'),('FzpZTq0im9k','2023-07-21 16:29:07'),('x54csy3jy9u','2023-07-21 16:29:07'),('EvEEYYxBrSF','2023-07-21 16:29:07'),('KPUhHe0leRd','2023-07-21 16:29:07'),('6fg2J6E6uPJ','2023-07-21 16:29:07'),('dwjt9f56Bi3','2023-07-21 16:29:07'),('AcTApudmgEl','2023-07-21 16:29:07'),('dptSiBblPjb','2023-07-21 16:29:07'),('QIYqj1BwJz9','2023-07-21 16:29:07'),('xaJrkU1e5vW','2023-07-21 16:29:07'),('ZJUKb1f0BMT','2023-07-21 16:29:07'),('FMjuu7Bt8bR','2023-07-21 16:29:07'),('mdMbkeujuUW','2023-07-21 16:29:07'),('xsuZa6jH36E','2023-07-21 16:29:07'),('evCqRepdtWF','2023-07-21 16:29:07'),('EQP6M7m57ma','2023-07-21 16:29:07'),('5gd4Cp7edZC','2023-07-21 16:29:07'),('62tWKFcYx7U','2023-07-21 16:29:07'),('YB1ludWauu8','2023-07-21 16:29:07'),('DRo9dZ0laUz','2023-07-21 16:29:07'),('odBfeH60Zwu','2023-07-21 16:29:07'),('waPjH9FwJw8','2023-07-21 16:29:07'),('fItrDcErE7i','2023-07-21 16:29:07'),('kR2IU4yt7s7','2023-07-21 16:29:07'),('W3CcF0treWn','2023-07-21 16:29:07'),('Cefkb4qdPt4','2023-07-21 16:29:07'),('CdqsP1Wlyrj','2023-07-21 16:29:07'),('3178t53aqhS','2023-07-21 16:29:07'),('4C7dxYmSWFz','2023-07-21 16:29:07'),('9oEDfmlpr1F','2023-07-21 16:29:07'),('i7zmSBAyqsB','2023-07-21 16:29:07'),('i7IzRqPi8Tc','2023-07-21 16:29:07'),('3JUaKkwf0Yb','2023-07-21 16:29:07'),('0HbTo4m93Fo','2023-07-21 16:29:07'),('va24s3U584f','2023-07-21 16:29:07'),('vvaK2aK0C2f','2023-07-21 16:29:07'),('m8EH9Tml13e','2023-07-21 16:29:07'),('Wm3yqWH8078','2023-07-21 16:29:07'),('2sbwi1m2To6','2023-07-21 16:29:07'),('evASfo9o38S','2023-07-21 16:29:07'),('SepfbQCzK4i','2023-07-21 16:29:07'),('qwHBPaMk8Rf','2023-07-21 16:29:07'),('qiYnk3bH9WM','2023-07-21 16:29:07'),('hj98Ey8ZAxB','2023-07-21 16:29:07'),('dJmnEx7ddsE','2023-07-21 16:29:07'),('5q2aIYKvjwu','2023-07-21 16:29:07'),('KkaTB8u4ll0','2023-07-21 16:29:07'),('YMflqDk9WcE','2023-07-21 16:29:07'),('pevbR81ibJI','2023-07-21 16:29:07'),('RFpCzAHkmE8','2023-07-21 16:29:07'),('KYW5FUaRk2Q','2023-07-21 16:29:07'),('mrASso40It5','2023-07-21 16:29:07'),('1R2ynR6Qksq','2023-07-21 16:29:07'),('dzzqqi1pIqM','2023-07-21 16:29:07'),('PDRK07xB8us','2023-07-21 16:29:07'),('DWnKj4HtyYh','2023-07-21 16:29:07'),('YAgbfCa4Rdh','2023-07-21 16:29:07'),('H3cnUdxglKm','2023-07-21 16:29:07'),('Q9Yb26EJt2w','2023-07-21 16:29:07'),('mBt3KRyQwYW','2023-07-21 16:29:07'),('ne1szbZ1I7D','2023-07-21 16:29:07'),('DIkEPP6DUxI','2023-07-21 16:29:07'),('4Izvq29SdKr','2023-07-21 16:29:07'),('EjTo67mwdyi','2023-07-21 16:29:07'),('ZARQhMCn4Kd','2023-07-21 16:29:07'),('AsiC52KwBJY','2023-07-21 16:29:07') [ RunTime:0.0016s ]

[ 2023-07-21T16:29:10+08:00 ] 222.218.204.134 /admin/Code/index
INFO: [ app_init ] --START--
INFO: Run Behavior\BuildLiteBehavior [ RunTime:0.000020s ]
INFO: [ app_init ] --END-- [ RunTime:0.000621s ]
INFO: [ app_begin ] --START--
INFO: Run Behavior\ReadHtmlCacheBehavior [ RunTime:0.000656s ]
INFO: [ app_begin ] --END-- [ RunTime:0.000731s ]
SQL: SELECT COUNT(*) AS tp_count FROM `xman_auth_rule` WHERE `status` = 1 AND `name` = 'admin/code/index' LIMIT 1   [ RunTime:0.0004s ]
SQL: SHOW COLUMNS FROM `xman_auth_group_access` [ RunTime:0.0011s ]
SQL: SELECT `uid`,`group_id`,`title`,`rules` FROM xman_auth_group_access a INNER JOIN xman_auth_group g on a.group_id=g.id  WHERE ( a.uid='2' and g.status='1' )  [ RunTime:0.0005s ]
SQL: SHOW COLUMNS FROM `xman_auth_rule` [ RunTime:0.0011s ]
SQL: SELECT `condition`,`name` FROM `xman_auth_rule` WHERE `id` IN ('27','154','29','12','65','66','17','1','2','5','6','10','18','41','42','43','32','37','38','39','40','19','44','45','46','47','48','50','149','150','151','152','153','156','157','159','160','161') AND `type` = 1 AND `status` = 1  [ RunTime:0.0006s ]
NOTIC: [8] Undefined index: para /www/wwwroot/ovodw.com/Application/Admin/Controller/CodeController.class.php 第 33 行.
SQL: SELECT * FROM `xman_code` WHERE (  1  ) ORDER BY addtime DESC LIMIT 0,15   [ RunTime:0.0480s ]
SQL: SELECT COUNT(*) AS tp_count FROM `xman_code` WHERE (  1  ) LIMIT 1   [ RunTime:0.0003s ]

