[ 2023-07-11T09:38:05+08:00 ] 216.73.163.49 /admin/ckeditor/plugins/ajaxplorer/phpunit/src/Util/PHP/eval-stdin.php
INFO: [ app_init ] --START--
INFO: Run Behavior\BuildLiteBehavior [ RunTime:0.000027s ]
INFO: [ app_init ] --END-- [ RunTime:0.000776s ]
INFO: [ app_begin ] --START--
INFO: Run Behavior\ReadHtmlCacheBehavior [ RunTime:0.000962s ]
INFO: [ app_begin ] --END-- [ RunTime:0.001072s ]
ERR: 无法加载控制器:Ckeditor

[ 2023-07-11T09:38:06+08:00 ] 216.73.163.55 /admin/vendor/phpunit/phpunit/src/Util/PHP/eval-stdin.php
INFO: [ app_init ] --START--
INFO: Run Behavior\BuildLiteBehavior [ RunTime:0.000021s ]
INFO: [ app_init ] --END-- [ RunTime:0.000564s ]
INFO: [ app_begin ] --START--
INFO: Run Behavior\ReadHtmlCacheBehavior [ RunTime:0.000853s ]
INFO: [ app_begin ] --END-- [ RunTime:0.000947s ]
ERR: 无法加载控制器:Vendor

[ 2023-07-11T10:13:30+08:00 ] 159.138.63.41 /index.php/admin/login/index/jumpLink/%252Fadmin%252Findex%252Findex.html
INFO: [ app_init ] --START--
INFO: Run Behavior\BuildLiteBehavior [ RunTime:0.000028s ]
INFO: [ app_init ] --END-- [ RunTime:0.000692s ]
INFO: [ app_begin ] --START--
INFO: Run Behavior\ReadHtmlCacheBehavior [ RunTime:0.000871s ]
INFO: [ app_begin ] --END-- [ RunTime:0.000987s ]
INFO: [ view_parse ] --START--
INFO: [ template_filter ] --START--
INFO: Run Behavior\ContentReplaceBehavior [ RunTime:0.000075s ]
INFO: [ template_filter ] --END-- [ RunTime:0.000214s ]
INFO: Run Behavior\ParseTemplateBehavior [ RunTime:0.009640s ]
INFO: [ view_parse ] --END-- [ RunTime:0.009714s ]
INFO: [ view_filter ] --START--
INFO: Run Behavior\WriteHtmlCacheBehavior [ RunTime:0.000206s ]
INFO: [ view_filter ] --END-- [ RunTime:0.000252s ]
INFO: [ app_end ] --START--
INFO: Run Behavior\ShowPageTraceBehavior [ RunTime:0.000630s ]
INFO: [ app_end ] --END-- [ RunTime:0.000684s ]

[ 2023-07-11T10:13:50+08:00 ] 159.138.63.41 /admin/login/check
INFO: [ app_init ] --START--
INFO: Run Behavior\BuildLiteBehavior [ RunTime:0.000022s ]
INFO: [ app_init ] --END-- [ RunTime:0.000614s ]
INFO: [ app_begin ] --START--
INFO: Run Behavior\ReadHtmlCacheBehavior [ RunTime:0.000845s ]
INFO: [ app_begin ] --END-- [ RunTime:0.000935s ]
SQL: SELECT * FROM `xman_admin_user` WHERE `username` = 'qinyuejun' LIMIT 1   [ RunTime:0.0005s ]
SQL: SELECT * FROM `xman_auth_group_access` WHERE `uid` = 2  [ RunTime:0.0009s ]
NOTIC: [8] Undefined index: os /www/wwwroot/ovodw.com/Application/Admin/Controller/LoginController.class.php 第 94 行.
SQL: INSERT INTO `xman_system_login_log` (`admin_user_id`,`ip`,`logtime`,`browser`,`os`) VALUES ('2','159.138.63.41','2023-07-11 10:13:50','Chrome/98.0.4758.102',NULL) [ RunTime:0.0036s ]
SQL: SELECT `title` FROM `xman_auth_rule` WHERE `name` = 'admin/login/check' LIMIT 1   [ RunTime:0.0003s ]

[ 2023-07-11T10:13:52+08:00 ] 159.138.63.41 /admin/index/index
INFO: [ app_init ] --START--
INFO: Run Behavior\BuildLiteBehavior [ RunTime:0.000028s ]
INFO: [ app_init ] --END-- [ RunTime:0.000833s ]
INFO: [ app_begin ] --START--
INFO: Run Behavior\ReadHtmlCacheBehavior [ RunTime:0.001033s ]
INFO: [ app_begin ] --END-- [ RunTime:0.001146s ]
SQL: SELECT COUNT(*) AS tp_count FROM `xman_auth_rule` WHERE `status` = 1 AND `name` = 'admin/index/index' LIMIT 1   [ RunTime:0.0005s ]
SQL: SHOW COLUMNS FROM `xman_auth_group_access` [ RunTime:0.0016s ]
SQL: SELECT `uid`,`group_id`,`title`,`rules` FROM xman_auth_group_access a INNER JOIN xman_auth_group g on a.group_id=g.id  WHERE ( a.uid='2' and g.status='1' )  [ RunTime:0.0006s ]
SQL: SELECT * FROM `xman_auth_menus` WHERE `pid` = 0  [ RunTime:0.0006s ]
SQL: SELECT * FROM `xman_admin_user` WHERE `id` = 2 LIMIT 1   [ RunTime:0.0005s ]
SQL: SELECT * FROM `xman_system_skin` WHERE `user_id` = 2 LIMIT 1   [ RunTime:0.0005s ]
INFO: [ view_parse ] --START--
INFO: [ template_filter ] --START--
INFO: Run Behavior\ContentReplaceBehavior [ RunTime:0.000230s ]
INFO: [ template_filter ] --END-- [ RunTime:0.000397s ]
INFO: Run Behavior\ParseTemplateBehavior [ RunTime:0.028520s ]
INFO: [ view_parse ] --END-- [ RunTime:0.028618s ]
INFO: [ view_filter ] --START--
INFO: Run Behavior\WriteHtmlCacheBehavior [ RunTime:0.000400s ]
INFO: [ view_filter ] --END-- [ RunTime:0.000490s ]
INFO: [ app_end ] --START--
INFO: Run Behavior\ShowPageTraceBehavior [ RunTime:0.001161s ]
INFO: [ app_end ] --END-- [ RunTime:0.001339s ]

[ 2023-07-11T10:13:52+08:00 ] 159.138.63.41 /index.php/Admin/Index/main.html
INFO: [ app_init ] --START--
INFO: Run Behavior\BuildLiteBehavior [ RunTime:0.000022s ]
INFO: [ app_init ] --END-- [ RunTime:0.000601s ]
INFO: [ app_begin ] --START--
INFO: Run Behavior\ReadHtmlCacheBehavior [ RunTime:0.000685s ]
INFO: [ app_begin ] --END-- [ RunTime:0.000800s ]
SQL: SELECT COUNT(*) AS tp_count FROM `xman_auth_rule` WHERE `status` = 1 AND `name` = 'admin/index/main' LIMIT 1   [ RunTime:0.0004s ]
INFO: [ view_parse ] --START--
INFO: [ template_filter ] --START--
INFO: Run Behavior\ContentReplaceBehavior [ RunTime:0.000061s ]
INFO: [ template_filter ] --END-- [ RunTime:0.000130s ]
INFO: Run Behavior\ParseTemplateBehavior [ RunTime:0.008002s ]
INFO: [ view_parse ] --END-- [ RunTime:0.008069s ]
INFO: [ view_filter ] --START--
INFO: Run Behavior\WriteHtmlCacheBehavior [ RunTime:0.000190s ]
INFO: [ view_filter ] --END-- [ RunTime:0.000234s ]
INFO: [ app_end ] --START--
INFO: Run Behavior\ShowPageTraceBehavior [ RunTime:0.000657s ]
INFO: [ app_end ] --END-- [ RunTime:0.000710s ]

[ 2023-07-11T10:13:53+08:00 ] 159.138.63.41 /admin/index/getmenu/id/1
INFO: [ app_init ] --START--
INFO: Run Behavior\BuildLiteBehavior [ RunTime:0.000023s ]
INFO: [ app_init ] --END-- [ RunTime:0.000577s ]
INFO: [ app_begin ] --START--
INFO: Run Behavior\ReadHtmlCacheBehavior [ RunTime:0.000675s ]
INFO: [ app_begin ] --END-- [ RunTime:0.000758s ]
SQL: SELECT COUNT(*) AS tp_count FROM `xman_auth_rule` WHERE `status` = 1 AND `name` = 'admin/index/getmenu' LIMIT 1   [ RunTime:0.0004s ]
SQL: SHOW COLUMNS FROM `xman_auth_group_access` [ RunTime:0.0012s ]
SQL: SELECT `uid`,`group_id`,`title`,`rules` FROM xman_auth_group_access a INNER JOIN xman_auth_group g on a.group_id=g.id  WHERE ( a.uid='2' and g.status='1' )  [ RunTime:0.0005s ]
SQL: SELECT a.*,r.name as href,r.is_url FROM xman_auth_menus as a left JOIN xman_auth_rule as r on r.id=a.rule_id  WHERE a.pid = '1' AND r.status = '1'  [ RunTime:0.0004s ]
SQL: SELECT a.*,r.name as href FROM xman_auth_menus as a left JOIN xman_auth_rule as r on r.id=a.rule_id  WHERE a.pid = '39'  [ RunTime:0.0003s ]
SQL: SELECT a.*,r.name as href FROM xman_auth_menus as a left JOIN xman_auth_rule as r on r.id=a.rule_id  WHERE a.pid = '40'  [ RunTime:0.0003s ]
SQL: SELECT a.*,r.name as href FROM xman_auth_menus as a left JOIN xman_auth_rule as r on r.id=a.rule_id  WHERE a.pid = '41'  [ RunTime:0.0003s ]
SQL: SELECT a.*,r.name as href FROM xman_auth_menus as a left JOIN xman_auth_rule as r on r.id=a.rule_id  WHERE a.pid = '42'  [ RunTime:0.0003s ]
SQL: SELECT a.*,r.name as href FROM xman_auth_menus as a left JOIN xman_auth_rule as r on r.id=a.rule_id  WHERE a.pid = '43'  [ RunTime:0.0004s ]
SQL: SELECT a.*,r.name as href FROM xman_auth_menus as a left JOIN xman_auth_rule as r on r.id=a.rule_id  WHERE a.pid = '44'  [ RunTime:0.0003s ]

[ 2023-07-11T10:13:59+08:00 ] 159.138.63.41 /admin/code/index
INFO: [ app_init ] --START--
INFO: Run Behavior\BuildLiteBehavior [ RunTime:0.000028s ]
INFO: [ app_init ] --END-- [ RunTime:0.000762s ]
INFO: [ app_begin ] --START--
INFO: Run Behavior\ReadHtmlCacheBehavior [ RunTime:0.000983s ]
INFO: [ app_begin ] --END-- [ RunTime:0.001093s ]
SQL: SELECT COUNT(*) AS tp_count FROM `xman_auth_rule` WHERE `status` = 1 AND `name` = 'admin/code/index' LIMIT 1   [ RunTime:0.0006s ]
SQL: SHOW COLUMNS FROM `xman_auth_group_access` [ RunTime:0.0015s ]
SQL: SELECT `uid`,`group_id`,`title`,`rules` FROM xman_auth_group_access a INNER JOIN xman_auth_group g on a.group_id=g.id  WHERE ( a.uid='2' and g.status='1' )  [ RunTime:0.0005s ]
SQL: SHOW COLUMNS FROM `xman_auth_rule` [ RunTime:0.0011s ]
SQL: SELECT `condition`,`name` FROM `xman_auth_rule` WHERE `id` IN ('27','154','29','12','65','66','17','1','2','5','6','10','18','41','42','43','32','37','38','39','40','19','44','45','46','47','48','50','149','150','151','152','153','156','157','159','160','161') AND `type` = 1 AND `status` = 1  [ RunTime:0.0009s ]
INFO: [ view_parse ] --START--
INFO: [ template_filter ] --START--
INFO: Run Behavior\ContentReplaceBehavior [ RunTime:0.000116s ]
INFO: [ template_filter ] --END-- [ RunTime:0.000221s ]
INFO: Run Behavior\ParseTemplateBehavior [ RunTime:0.011020s ]
INFO: [ view_parse ] --END-- [ RunTime:0.011099s ]
INFO: [ view_filter ] --START--
INFO: Run Behavior\WriteHtmlCacheBehavior [ RunTime:0.000251s ]
INFO: [ view_filter ] --END-- [ RunTime:0.000309s ]
INFO: [ app_end ] --START--
INFO: Run Behavior\ShowPageTraceBehavior [ RunTime:0.000977s ]
INFO: [ app_end ] --END-- [ RunTime:0.001049s ]

[ 2023-07-11T10:14:00+08:00 ] 159.138.63.41 /admin/Code/index
INFO: [ app_init ] --START--
INFO: Run Behavior\BuildLiteBehavior [ RunTime:0.000019s ]
INFO: [ app_init ] --END-- [ RunTime:0.000530s ]
INFO: [ app_begin ] --START--
INFO: Run Behavior\ReadHtmlCacheBehavior [ RunTime:0.000662s ]
INFO: [ app_begin ] --END-- [ RunTime:0.000732s ]
SQL: SELECT COUNT(*) AS tp_count FROM `xman_auth_rule` WHERE `status` = 1 AND `name` = 'admin/code/index' LIMIT 1   [ RunTime:0.0005s ]
SQL: SHOW COLUMNS FROM `xman_auth_group_access` [ RunTime:0.0014s ]
SQL: SELECT `uid`,`group_id`,`title`,`rules` FROM xman_auth_group_access a INNER JOIN xman_auth_group g on a.group_id=g.id  WHERE ( a.uid='2' and g.status='1' )  [ RunTime:0.0005s ]
SQL: SHOW COLUMNS FROM `xman_auth_rule` [ RunTime:0.0014s ]
SQL: SELECT `condition`,`name` FROM `xman_auth_rule` WHERE `id` IN ('27','154','29','12','65','66','17','1','2','5','6','10','18','41','42','43','32','37','38','39','40','19','44','45','46','47','48','50','149','150','151','152','153','156','157','159','160','161') AND `type` = 1 AND `status` = 1  [ RunTime:0.0005s ]
NOTIC: [8] Undefined index: para /www/wwwroot/ovodw.com/Application/Admin/Controller/CodeController.class.php 第 33 行.
SQL: SELECT * FROM `xman_code` WHERE (  1  ) ORDER BY addtime DESC LIMIT 0,15   [ RunTime:0.0480s ]
SQL: SELECT COUNT(*) AS tp_count FROM `xman_code` WHERE (  1  ) LIMIT 1   [ RunTime:0.0003s ]

[ 2023-07-11T10:14:03+08:00 ] 159.138.63.41 /admin/Code/add
INFO: [ app_init ] --START--
INFO: Run Behavior\BuildLiteBehavior [ RunTime:0.000022s ]
INFO: [ app_init ] --END-- [ RunTime:0.000566s ]
INFO: [ app_begin ] --START--
INFO: Run Behavior\ReadHtmlCacheBehavior [ RunTime:0.000782s ]
INFO: [ app_begin ] --END-- [ RunTime:0.000897s ]
SQL: SELECT COUNT(*) AS tp_count FROM `xman_auth_rule` WHERE `status` = 1 AND `name` = 'admin/code/add' LIMIT 1   [ RunTime:0.0005s ]
SQL: SHOW COLUMNS FROM `xman_auth_group_access` [ RunTime:0.0015s ]
SQL: SELECT `uid`,`group_id`,`title`,`rules` FROM xman_auth_group_access a INNER JOIN xman_auth_group g on a.group_id=g.id  WHERE ( a.uid='2' and g.status='1' )  [ RunTime:0.0008s ]
SQL: SHOW COLUMNS FROM `xman_auth_rule` [ RunTime:0.0018s ]
SQL: SELECT `condition`,`name` FROM `xman_auth_rule` WHERE `id` IN ('27','154','29','12','65','66','17','1','2','5','6','10','18','41','42','43','32','37','38','39','40','19','44','45','46','47','48','50','149','150','151','152','153','156','157','159','160','161') AND `type` = 1 AND `status` = 1  [ RunTime:0.0010s ]
INFO: [ view_parse ] --START--
INFO: [ template_filter ] --START--
INFO: Run Behavior\ContentReplaceBehavior [ RunTime:0.000107s ]
INFO: [ template_filter ] --END-- [ RunTime:0.000296s ]
INFO: Run Behavior\ParseTemplateBehavior [ RunTime:0.014195s ]
INFO: [ view_parse ] --END-- [ RunTime:0.014330s ]
INFO: [ view_filter ] --START--
INFO: Run Behavior\WriteHtmlCacheBehavior [ RunTime:0.000496s ]
INFO: [ view_filter ] --END-- [ RunTime:0.000591s ]
INFO: [ app_end ] --START--
INFO: Run Behavior\ShowPageTraceBehavior [ RunTime:0.001248s ]
INFO: [ app_end ] --END-- [ RunTime:0.001357s ]

[ 2023-07-11T10:14:08+08:00 ] 159.138.63.41 /admin/code/getcode
INFO: [ app_init ] --START--
INFO: Run Behavior\BuildLiteBehavior [ RunTime:0.000027s ]
INFO: [ app_init ] --END-- [ RunTime:0.000833s ]
INFO: [ app_begin ] --START--
INFO: Run Behavior\ReadHtmlCacheBehavior [ RunTime:0.001078s ]
INFO: [ app_begin ] --END-- [ RunTime:0.001203s ]
SQL: SELECT COUNT(*) AS tp_count FROM `xman_auth_rule` WHERE `status` = 1 AND `name` = 'admin/code/getcode' LIMIT 1   [ RunTime:0.0004s ]
NOTIC: [8] Undefined variable: key /www/wwwroot/ovodw.com/Application/Admin/Controller/CodeController.class.php 第 119 行.
NOTIC: [8] Undefined variable: key /www/wwwroot/ovodw.com/Application/Admin/Controller/CodeController.class.php 第 119 行.
NOTIC: [8] Undefined variable: key /www/wwwroot/ovodw.com/Application/Admin/Controller/CodeController.class.php 第 119 行.
NOTIC: [8] Undefined variable: key /www/wwwroot/ovodw.com/Application/Admin/Controller/CodeController.class.php 第 119 行.
NOTIC: [8] Undefined variable: key /www/wwwroot/ovodw.com/Application/Admin/Controller/CodeController.class.php 第 119 行.
NOTIC: [8] Undefined variable: key /www/wwwroot/ovodw.com/Application/Admin/Controller/CodeController.class.php 第 119 行.
NOTIC: [8] Undefined variable: key /www/wwwroot/ovodw.com/Application/Admin/Controller/CodeController.class.php 第 119 行.
NOTIC: [8] Undefined variable: key /www/wwwroot/ovodw.com/Application/Admin/Controller/CodeController.class.php 第 119 行.
NOTIC: [8] Undefined variable: key /www/wwwroot/ovodw.com/Application/Admin/Controller/CodeController.class.php 第 119 行.
NOTIC: [8] Undefined variable: key /www/wwwroot/ovodw.com/Application/Admin/Controller/CodeController.class.php 第 119 行.
NOTIC: [8] Undefined variable: key /www/wwwroot/ovodw.com/Application/Admin/Controller/CodeController.class.php 第 119 行.
NOTIC: [8] Undefined variable: key /www/wwwroot/ovodw.com/Application/Admin/Controller/CodeController.class.php 第 119 行.
NOTIC: [8] Undefined variable: key /www/wwwroot/ovodw.com/Application/Admin/Controller/CodeController.class.php 第 119 行.
NOTIC: [8] Undefined variable: key /www/wwwroot/ovodw.com/Application/Admin/Controller/CodeController.class.php 第 119 行.
NOTIC: [8] Undefined variable: key /www/wwwroot/ovodw.com/Application/Admin/Controller/CodeController.class.php 第 119 行.
NOTIC: [8] Undefined variable: key /www/wwwroot/ovodw.com/Application/Admin/Controller/CodeController.class.php 第 119 行.
NOTIC: [8] Undefined variable: key /www/wwwroot/ovodw.com/Application/Admin/Controller/CodeController.class.php 第 119 行.
NOTIC: [8] Undefined variable: key /www/wwwroot/ovodw.com/Application/Admin/Controller/CodeController.class.php 第 119 行.
NOTIC: [8] Undefined variable: key /www/wwwroot/ovodw.com/Application/Admin/Controller/CodeController.class.php 第 119 行.
NOTIC: [8] Undefined variable: key /www/wwwroot/ovodw.com/Application/Admin/Controller/CodeController.class.php 第 119 行.
NOTIC: [8] Undefined variable: key /www/wwwroot/ovodw.com/Application/Admin/Controller/CodeController.class.php 第 119 行.
NOTIC: [8] Undefined variable: key /www/wwwroot/ovodw.com/Application/Admin/Controller/CodeController.class.php 第 119 行.
NOTIC: [8] Undefined variable: key /www/wwwroot/ovodw.com/Application/Admin/Controller/CodeController.class.php 第 119 行.
NOTIC: [8] Undefined variable: key /www/wwwroot/ovodw.com/Application/Admin/Controller/CodeController.class.php 第 119 行.
NOTIC: [8] Undefined variable: key /www/wwwroot/ovodw.com/Application/Admin/Controller/CodeController.class.php 第 119 行.
NOTIC: [8] Undefined variable: key /www/wwwroot/ovodw.com/Application/Admin/Controller/CodeController.class.php 第 119 行.
NOTIC: [8] Undefined variable: key /www/wwwroot/ovodw.com/Application/Admin/Controller/CodeController.class.php 第 119 行.
NOTIC: [8] Undefined variable: key /www/wwwroot/ovodw.com/Application/Admin/Controller/CodeController.class.php 第 119 行.
NOTIC: [8] Undefined variable: key /www/wwwroot/ovodw.com/Application/Admin/Controller/CodeController.class.php 第 119 行.
NOTIC: [8] Undefined variable: key /www/wwwroot/ovodw.com/Application/Admin/Controller/CodeController.class.php 第 119 行.
NOTIC: [8] Undefined variable: key /www/wwwroot/ovodw.com/Application/Admin/Controller/CodeController.class.php 第 119 行.
NOTIC: [8] Undefined variable: key /www/wwwroot/ovodw.com/Application/Admin/Controller/CodeController.class.php 第 119 行.
NOTIC: [8] Undefined variable: key /www/wwwroot/ovodw.com/Application/Admin/Controller/CodeController.class.php 第 119 行.
NOTIC: [8] Undefined variable: key /www/wwwroot/ovodw.com/Application/Admin/Controller/CodeController.class.php 第 119 行.
NOTIC: [8] Undefined variable: key /www/wwwroot/ovodw.com/Application/Admin/Controller/CodeController.class.php 第 119 行.
NOTIC: [8] Undefined variable: key /www/wwwroot/ovodw.com/Application/Admin/Controller/CodeController.class.php 第 119 行.
NOTIC: [8] Undefined variable: key /www/wwwroot/ovodw.com/Application/Admin/Controller/CodeController.class.php 第 119 行.
NOTIC: [8] Undefined variable: key /www/wwwroot/ovodw.com/Application/Admin/Controller/CodeController.class.php 第 119 行.
NOTIC: [8] Undefined variable: key /www/wwwroot/ovodw.com/Application/Admin/Controller/CodeController.class.php 第 119 行.
NOTIC: [8] Undefined variable: key /www/wwwroot/ovodw.com/Application/Admin/Controller/CodeController.class.php 第 119 行.
NOTIC: [8] Undefined variable: key /www/wwwroot/ovodw.com/Application/Admin/Controller/CodeController.class.php 第 119 行.
NOTIC: [8] Undefined variable: key /www/wwwroot/ovodw.com/Application/Admin/Controller/CodeController.class.php 第 119 行.
NOTIC: [8] Undefined variable: key /www/wwwroot/ovodw.com/Application/Admin/Controller/CodeController.class.php 第 119 行.
NOTIC: [8] Undefined variable: key /www/wwwroot/ovodw.com/Application/Admin/Controller/CodeController.class.php 第 119 行.
NOTIC: [8] Undefined variable: key /www/wwwroot/ovodw.com/Application/Admin/Controller/CodeController.class.php 第 119 行.
NOTIC: [8] Undefined variable: key /www/wwwroot/ovodw.com/Application/Admin/Controller/CodeController.class.php 第 119 行.
NOTIC: [8] Undefined variable: key /www/wwwroot/ovodw.com/Application/Admin/Controller/CodeController.class.php 第 119 行.
NOTIC: [8] Undefined variable: key /www/wwwroot/ovodw.com/Application/Admin/Controller/CodeController.class.php 第 119 行.
NOTIC: [8] Undefined variable: key /www/wwwroot/ovodw.com/Application/Admin/Controller/CodeController.class.php 第 119 行.
NOTIC: [8] Undefined variable: key /www/wwwroot/ovodw.com/Application/Admin/Controller/CodeController.class.php 第 119 行.
NOTIC: [8] Undefined variable: key /www/wwwroot/ovodw.com/Application/Admin/Controller/CodeController.class.php 第 119 行.
NOTIC: [8] Undefined variable: key /www/wwwroot/ovodw.com/Application/Admin/Controller/CodeController.class.php 第 119 行.
NOTIC: [8] Undefined variable: key /www/wwwroot/ovodw.com/Application/Admin/Controller/CodeController.class.php 第 119 行.
NOTIC: [8] Undefined variable: key /www/wwwroot/ovodw.com/Application/Admin/Controller/CodeController.class.php 第 119 行.
NOTIC: [8] Undefined variable: key /www/wwwroot/ovodw.com/Application/Admin/Controller/CodeController.class.php 第 119 行.
NOTIC: [8] Undefined variable: key /www/wwwroot/ovodw.com/Application/Admin/Controller/CodeController.class.php 第 119 行.
NOTIC: [8] Undefined variable: key /www/wwwroot/ovodw.com/Application/Admin/Controller/CodeController.class.php 第 119 行.
NOTIC: [8] Undefined variable: key /www/wwwroot/ovodw.com/Application/Admin/Controller/CodeController.class.php 第 119 行.
NOTIC: [8] Undefined variable: key /www/wwwroot/ovodw.com/Application/Admin/Controller/CodeController.class.php 第 119 行.
NOTIC: [8] Undefined variable: key /www/wwwroot/ovodw.com/Application/Admin/Controller/CodeController.class.php 第 119 行.
NOTIC: [8] Undefined variable: key /www/wwwroot/ovodw.com/Application/Admin/Controller/CodeController.class.php 第 119 行.
NOTIC: [8] Undefined variable: key /www/wwwroot/ovodw.com/Application/Admin/Controller/CodeController.class.php 第 119 行.
NOTIC: [8] Undefined variable: key /www/wwwroot/ovodw.com/Application/Admin/Controller/CodeController.class.php 第 119 行.
NOTIC: [8] Undefined variable: key /www/wwwroot/ovodw.com/Application/Admin/Controller/CodeController.class.php 第 119 行.
NOTIC: [8] Undefined variable: key /www/wwwroot/ovodw.com/Application/Admin/Controller/CodeController.class.php 第 119 行.
NOTIC: [8] Undefined variable: key /www/wwwroot/ovodw.com/Application/Admin/Controller/CodeController.class.php 第 119 行.
NOTIC: [8] Undefined variable: key /www/wwwroot/ovodw.com/Application/Admin/Controller/CodeController.class.php 第 119 行.
NOTIC: [8] Undefined variable: key /www/wwwroot/ovodw.com/Application/Admin/Controller/CodeController.class.php 第 119 行.
NOTIC: [8] Undefined variable: key /www/wwwroot/ovodw.com/Application/Admin/Controller/CodeController.class.php 第 119 行.
NOTIC: [8] Undefined variable: key /www/wwwroot/ovodw.com/Application/Admin/Controller/CodeController.class.php 第 119 行.
NOTIC: [8] Undefined variable: key /www/wwwroot/ovodw.com/Application/Admin/Controller/CodeController.class.php 第 119 行.
NOTIC: [8] Undefined variable: key /www/wwwroot/ovodw.com/Application/Admin/Controller/CodeController.class.php 第 119 行.
NOTIC: [8] Undefined variable: key /www/wwwroot/ovodw.com/Application/Admin/Controller/CodeController.class.php 第 119 行.
NOTIC: [8] Undefined variable: key /www/wwwroot/ovodw.com/Application/Admin/Controller/CodeController.class.php 第 119 行.
NOTIC: [8] Undefined variable: key /www/wwwroot/ovodw.com/Application/Admin/Controller/CodeController.class.php 第 119 行.
NOTIC: [8] Undefined variable: key /www/wwwroot/ovodw.com/Application/Admin/Controller/CodeController.class.php 第 119 行.
NOTIC: [8] Undefined variable: key /www/wwwroot/ovodw.com/Application/Admin/Controller/CodeController.class.php 第 119 行.
NOTIC: [8] Undefined variable: key /www/wwwroot/ovodw.com/Application/Admin/Controller/CodeController.class.php 第 119 行.
NOTIC: [8] Undefined variable: key /www/wwwroot/ovodw.com/Application/Admin/Controller/CodeController.class.php 第 119 行.
NOTIC: [8] Undefined variable: key /www/wwwroot/ovodw.com/Application/Admin/Controller/CodeController.class.php 第 119 行.
NOTIC: [8] Undefined variable: key /www/wwwroot/ovodw.com/Application/Admin/Controller/CodeController.class.php 第 119 行.
NOTIC: [8] Undefined variable: key /www/wwwroot/ovodw.com/Application/Admin/Controller/CodeController.class.php 第 119 行.
NOTIC: [8] Undefined variable: key /www/wwwroot/ovodw.com/Application/Admin/Controller/CodeController.class.php 第 119 行.
NOTIC: [8] Undefined variable: key /www/wwwroot/ovodw.com/Application/Admin/Controller/CodeController.class.php 第 119 行.
NOTIC: [8] Undefined variable: key /www/wwwroot/ovodw.com/Application/Admin/Controller/CodeController.class.php 第 119 行.
NOTIC: [8] Undefined variable: key /www/wwwroot/ovodw.com/Application/Admin/Controller/CodeController.class.php 第 119 行.
NOTIC: [8] Undefined variable: key /www/wwwroot/ovodw.com/Application/Admin/Controller/CodeController.class.php 第 119 行.
NOTIC: [8] Undefined variable: key /www/wwwroot/ovodw.com/Application/Admin/Controller/CodeController.class.php 第 119 行.
NOTIC: [8] Undefined variable: key /www/wwwroot/ovodw.com/Application/Admin/Controller/CodeController.class.php 第 119 行.
NOTIC: [8] Undefined variable: key /www/wwwroot/ovodw.com/Application/Admin/Controller/CodeController.class.php 第 119 行.
NOTIC: [8] Undefined variable: key /www/wwwroot/ovodw.com/Application/Admin/Controller/CodeController.class.php 第 119 行.
NOTIC: [8] Undefined variable: key /www/wwwroot/ovodw.com/Application/Admin/Controller/CodeController.class.php 第 119 行.
NOTIC: [8] Undefined variable: key /www/wwwroot/ovodw.com/Application/Admin/Controller/CodeController.class.php 第 119 行.
NOTIC: [8] Undefined variable: key /www/wwwroot/ovodw.com/Application/Admin/Controller/CodeController.class.php 第 119 行.
NOTIC: [8] Undefined variable: key /www/wwwroot/ovodw.com/Application/Admin/Controller/CodeController.class.php 第 119 行.
NOTIC: [8] Undefined variable: key /www/wwwroot/ovodw.com/Application/Admin/Controller/CodeController.class.php 第 119 行.
NOTIC: [8] Undefined variable: key /www/wwwroot/ovodw.com/Application/Admin/Controller/CodeController.class.php 第 119 行.
NOTIC: [8] Undefined variable: key /www/wwwroot/ovodw.com/Application/Admin/Controller/CodeController.class.php 第 119 行.
NOTIC: [8] Undefined variable: key /www/wwwroot/ovodw.com/Application/Admin/Controller/CodeController.class.php 第 119 行.
NOTIC: [8] Undefined variable: key /www/wwwroot/ovodw.com/Application/Admin/Controller/CodeController.class.php 第 119 行.
SQL: INSERT INTO `xman_code` (`code`,`addtime`) VALUES ('SIDwwhWsvdT','2023-07-11 10:14:08'),('eZFRxnIabsc','2023-07-11 10:14:08'),('sPbDzu82ho6','2023-07-11 10:14:08'),('1lySadgacgE','2023-07-11 10:14:08'),('ZqPiW8fUUvB','2023-07-11 10:14:08'),('wra3DC1mnm0','2023-07-11 10:14:08'),('d7bp6dT2g1U','2023-07-11 10:14:08'),('1JeJEjU3PK4','2023-07-11 10:14:08'),('zldypKbohMY','2023-07-11 10:14:08'),('CfZdRobpPm5','2023-07-11 10:14:08'),('tJ98Ww2wanU','2023-07-11 10:14:08'),('dCEdZraq1gA','2023-07-11 10:14:08'),('KBcCUf3WmP5','2023-07-11 10:14:08'),('kfz7fhk2fT7','2023-07-11 10:14:08'),('nqRxBAhdY5Q','2023-07-11 10:14:08'),('ddMJFcq4tHP','2023-07-11 10:14:08'),('7vuMxK5ygz6','2023-07-11 10:14:08'),('xjiPSJTyACb','2023-07-11 10:14:08'),('v1hKDsJcbjS','2023-07-11 10:14:08'),('0mT9uzYJ2ZC','2023-07-11 10:14:08'),('C4nz0WgHxeH','2023-07-11 10:14:08'),('QKdrss9qo6P','2023-07-11 10:14:08'),('hMuR5kH1THx','2023-07-11 10:14:08'),('mH4rsMA1EqA','2023-07-11 10:14:08'),('6ZnlTCCPKm2','2023-07-11 10:14:08'),('SPEod4vndyr','2023-07-11 10:14:08'),('1zgcmE3Qf4m','2023-07-11 10:14:08'),('UfgPPnBACk6','2023-07-11 10:14:08'),('2rPQbIibYEW','2023-07-11 10:14:08'),('pyThMnrBEtH','2023-07-11 10:14:08'),('uWRdY738ue2','2023-07-11 10:14:08'),('Cds11ZxMhsz','2023-07-11 10:14:08'),('mfxrqYghaMI','2023-07-11 10:14:08'),('rRa77HRE6a2','2023-07-11 10:14:08'),('f2kCuQA8bbF','2023-07-11 10:14:08'),('oRFIjWDM5f7','2023-07-11 10:14:08'),('4pbBctm7Ws7','2023-07-11 10:14:08'),('oiJeZU6gyKu','2023-07-11 10:14:08'),('EMS1h8g2p9D','2023-07-11 10:14:08'),('knpfqjuPoBw','2023-07-11 10:14:08'),('biPcwUshw1o','2023-07-11 10:14:08'),('4Wv6osA2cul','2023-07-11 10:14:08'),('41FTcfa72QY','2023-07-11 10:14:08'),('9BCsRUq4ZJh','2023-07-11 10:14:08'),('2mTnF8tgWKy','2023-07-11 10:14:08'),('1x6RkDeQDq7','2023-07-11 10:14:08'),('CMBshbvanwr','2023-07-11 10:14:08'),('T0MD6hu2ccu','2023-07-11 10:14:08'),('9jBJ1dMb42v','2023-07-11 10:14:08'),('8oiASS5lMS7','2023-07-11 10:14:08'),('TqmxcHQp5kd','2023-07-11 10:14:08'),('yPgt7URihCF','2023-07-11 10:14:08'),('WmzsC26RYIp','2023-07-11 10:14:08'),('yMgvhvD5vD0','2023-07-11 10:14:08'),('wfh92krCdvU','2023-07-11 10:14:08'),('fffrt6KYvSm','2023-07-11 10:14:08'),('zrqh17Dxa4g','2023-07-11 10:14:08'),('oPWTgPEPbdR','2023-07-11 10:14:08'),('PHjyKHrQW1M','2023-07-11 10:14:08'),('YnTDSWpCr6r','2023-07-11 10:14:08'),('RD2Wmm0d89z','2023-07-11 10:14:08'),('UbAt5gQSds8','2023-07-11 10:14:08'),('CnilEZRyQ0l','2023-07-11 10:14:08'),('HoIfpZRBfDK','2023-07-11 10:14:08'),('tfFq6nQgixj','2023-07-11 10:14:08'),('By4fR3ZRFuI','2023-07-11 10:14:08'),('i71er0dwlEv','2023-07-11 10:14:08'),('R2k5154P4sP','2023-07-11 10:14:08'),('qmHQeSnpu2e','2023-07-11 10:14:08'),('wA5TUE9Rx0w','2023-07-11 10:14:08'),('9Cx2BxaeJcC','2023-07-11 10:14:08'),('9WWizuzTmCS','2023-07-11 10:14:08'),('QvYudYp76Fg','2023-07-11 10:14:08'),('Uf1y71BaIvY','2023-07-11 10:14:08'),('9sSez9sbvB2','2023-07-11 10:14:08'),('RKsekQj6Szm','2023-07-11 10:14:08'),('C8pveZ8w79Z','2023-07-11 10:14:08'),('Qrrw0vowW65','2023-07-11 10:14:08'),('SKaF6AUCI2j','2023-07-11 10:14:08'),('bohvxFbMDiq','2023-07-11 10:14:08'),('k2FcMJkUlTJ','2023-07-11 10:14:08'),('rv4Uuin7suP','2023-07-11 10:14:08'),('gyFfzE866za','2023-07-11 10:14:08'),('bzniZBTSbEB','2023-07-11 10:14:08'),('xku6ExoCRSe','2023-07-11 10:14:08'),('hstY701HfFu','2023-07-11 10:14:08'),('z1Wa4aUvbE4','2023-07-11 10:14:08'),('ybAYfbxJWoz','2023-07-11 10:14:08'),('mE1vT1z2HUh','2023-07-11 10:14:08'),('A12oZ9c3djp','2023-07-11 10:14:08'),('rdbYyp0HkrB','2023-07-11 10:14:08'),('eT5nl8sadWs','2023-07-11 10:14:08'),('5SUJlzaZhYU','2023-07-11 10:14:08'),('pPux6eefChZ','2023-07-11 10:14:08'),('JaMJT586ieM','2023-07-11 10:14:08'),('tFePz7F5Knk','2023-07-11 10:14:08'),('MmHssgck3Jv','2023-07-11 10:14:08'),('0ZUcwHZwIh8','2023-07-11 10:14:08'),('Esa6bv28i4f','2023-07-11 10:14:08'),('HY7g7Iyadui','2023-07-11 10:14:08') [ RunTime:0.0019s ]

[ 2023-07-11T10:14:11+08:00 ] 159.138.63.41 /admin/Code/index
INFO: [ app_init ] --START--
INFO: Run Behavior\BuildLiteBehavior [ RunTime:0.000021s ]
INFO: [ app_init ] --END-- [ RunTime:0.000534s ]
INFO: [ app_begin ] --START--
INFO: Run Behavior\ReadHtmlCacheBehavior [ RunTime:0.000642s ]
INFO: [ app_begin ] --END-- [ RunTime:0.000715s ]
SQL: SELECT COUNT(*) AS tp_count FROM `xman_auth_rule` WHERE `status` = 1 AND `name` = 'admin/code/index' LIMIT 1   [ RunTime:0.0005s ]
SQL: SHOW COLUMNS FROM `xman_auth_group_access` [ RunTime:0.0015s ]
SQL: SELECT `uid`,`group_id`,`title`,`rules` FROM xman_auth_group_access a INNER JOIN xman_auth_group g on a.group_id=g.id  WHERE ( a.uid='2' and g.status='1' )  [ RunTime:0.0009s ]
SQL: SHOW COLUMNS FROM `xman_auth_rule` [ RunTime:0.0012s ]
SQL: SELECT `condition`,`name` FROM `xman_auth_rule` WHERE `id` IN ('27','154','29','12','65','66','17','1','2','5','6','10','18','41','42','43','32','37','38','39','40','19','44','45','46','47','48','50','149','150','151','152','153','156','157','159','160','161') AND `type` = 1 AND `status` = 1  [ RunTime:0.0006s ]
NOTIC: [8] Undefined index: para /www/wwwroot/ovodw.com/Application/Admin/Controller/CodeController.class.php 第 33 行.
SQL: SELECT * FROM `xman_code` WHERE (  1  ) ORDER BY addtime DESC LIMIT 0,15   [ RunTime:0.0479s ]
SQL: SELECT COUNT(*) AS tp_count FROM `xman_code` WHERE (  1  ) LIMIT 1   [ RunTime:0.0004s ]

[ 2023-07-11T10:24:50+08:00 ] 159.138.63.41 /admin/index/getmenu/id/1
INFO: [ app_init ] --START--
INFO: Run Behavior\BuildLiteBehavior [ RunTime:0.000021s ]
INFO: [ app_init ] --END-- [ RunTime:0.000578s ]
INFO: [ app_begin ] --START--
INFO: Run Behavior\ReadHtmlCacheBehavior [ RunTime:0.000725s ]
INFO: [ app_begin ] --END-- [ RunTime:0.000799s ]
SQL: SELECT COUNT(*) AS tp_count FROM `xman_auth_rule` WHERE `status` = 1 AND `name` = 'admin/index/getmenu' LIMIT 1   [ RunTime:0.0004s ]
SQL: SHOW COLUMNS FROM `xman_auth_group_access` [ RunTime:0.0013s ]
SQL: SELECT `uid`,`group_id`,`title`,`rules` FROM xman_auth_group_access a INNER JOIN xman_auth_group g on a.group_id=g.id  WHERE ( a.uid='2' and g.status='1' )  [ RunTime:0.0005s ]
SQL: SELECT a.*,r.name as href,r.is_url FROM xman_auth_menus as a left JOIN xman_auth_rule as r on r.id=a.rule_id  WHERE a.pid = '1' AND r.status = '1'  [ RunTime:0.0005s ]
SQL: SELECT a.*,r.name as href FROM xman_auth_menus as a left JOIN xman_auth_rule as r on r.id=a.rule_id  WHERE a.pid = '39'  [ RunTime:0.0004s ]
SQL: SELECT a.*,r.name as href FROM xman_auth_menus as a left JOIN xman_auth_rule as r on r.id=a.rule_id  WHERE a.pid = '40'  [ RunTime:0.0003s ]
SQL: SELECT a.*,r.name as href FROM xman_auth_menus as a left JOIN xman_auth_rule as r on r.id=a.rule_id  WHERE a.pid = '41'  [ RunTime:0.0003s ]
SQL: SELECT a.*,r.name as href FROM xman_auth_menus as a left JOIN xman_auth_rule as r on r.id=a.rule_id  WHERE a.pid = '42'  [ RunTime:0.0003s ]
SQL: SELECT a.*,r.name as href FROM xman_auth_menus as a left JOIN xman_auth_rule as r on r.id=a.rule_id  WHERE a.pid = '43'  [ RunTime:0.0003s ]
SQL: SELECT a.*,r.name as href FROM xman_auth_menus as a left JOIN xman_auth_rule as r on r.id=a.rule_id  WHERE a.pid = '44'  [ RunTime:0.0004s ]

[ 2023-07-11T10:24:52+08:00 ] 159.138.63.41 /admin/index/index
INFO: [ app_init ] --START--
INFO: Run Behavior\BuildLiteBehavior [ RunTime:0.000029s ]
INFO: [ app_init ] --END-- [ RunTime:0.000801s ]
INFO: [ app_begin ] --START--
INFO: Run Behavior\ReadHtmlCacheBehavior [ RunTime:0.001044s ]
INFO: [ app_begin ] --END-- [ RunTime:0.001165s ]
SQL: SELECT COUNT(*) AS tp_count FROM `xman_auth_rule` WHERE `status` = 1 AND `name` = 'admin/index/index' LIMIT 1   [ RunTime:0.0005s ]
SQL: SHOW COLUMNS FROM `xman_auth_group_access` [ RunTime:0.0016s ]
SQL: SELECT `uid`,`group_id`,`title`,`rules` FROM xman_auth_group_access a INNER JOIN xman_auth_group g on a.group_id=g.id  WHERE ( a.uid='2' and g.status='1' )  [ RunTime:0.0006s ]
SQL: SELECT * FROM `xman_auth_menus` WHERE `pid` = 0  [ RunTime:0.0004s ]
SQL: SELECT * FROM `xman_admin_user` WHERE `id` = 2 LIMIT 1   [ RunTime:0.0004s ]
SQL: SELECT * FROM `xman_system_skin` WHERE `user_id` = 2 LIMIT 1   [ RunTime:0.0004s ]
INFO: [ view_parse ] --START--
INFO: [ template_filter ] --START--
INFO: Run Behavior\ContentReplaceBehavior [ RunTime:0.000102s ]
INFO: [ template_filter ] --END-- [ RunTime:0.000195s ]
INFO: Run Behavior\ParseTemplateBehavior [ RunTime:0.018802s ]
INFO: [ view_parse ] --END-- [ RunTime:0.018872s ]
INFO: [ view_filter ] --START--
INFO: Run Behavior\WriteHtmlCacheBehavior [ RunTime:0.000278s ]
INFO: [ view_filter ] --END-- [ RunTime:0.000336s ]
INFO: [ app_end ] --START--
INFO: Run Behavior\ShowPageTraceBehavior [ RunTime:0.000768s ]
INFO: [ app_end ] --END-- [ RunTime:0.000833s ]

[ 2023-07-11T10:24:52+08:00 ] 159.138.63.41 /index.php/Admin/Index/main.html
INFO: [ app_init ] --START--
INFO: Run Behavior\BuildLiteBehavior [ RunTime:0.000027s ]
INFO: [ app_init ] --END-- [ RunTime:0.000671s ]
INFO: [ app_begin ] --START--
INFO: Run Behavior\ReadHtmlCacheBehavior [ RunTime:0.000785s ]
INFO: [ app_begin ] --END-- [ RunTime:0.000862s ]
SQL: SELECT COUNT(*) AS tp_count FROM `xman_auth_rule` WHERE `status` = 1 AND `name` = 'admin/index/main' LIMIT 1   [ RunTime:0.0003s ]
INFO: [ view_parse ] --START--
INFO: [ template_filter ] --START--
INFO: Run Behavior\ContentReplaceBehavior [ RunTime:0.000043s ]
INFO: [ template_filter ] --END-- [ RunTime:0.000127s ]
INFO: Run Behavior\ParseTemplateBehavior [ RunTime:0.006958s ]
INFO: [ view_parse ] --END-- [ RunTime:0.007031s ]
INFO: [ view_filter ] --START--
INFO: Run Behavior\WriteHtmlCacheBehavior [ RunTime:0.000186s ]
INFO: [ view_filter ] --END-- [ RunTime:0.000252s ]
INFO: [ app_end ] --START--
INFO: Run Behavior\ShowPageTraceBehavior [ RunTime:0.000599s ]
INFO: [ app_end ] --END-- [ RunTime:0.000653s ]

