[ 2023-07-08T00:41:03+08:00 ] 159.138.41.118 /index.php/admin/login/index/jumpLink/%252Fadmin%252Findex%252Findex.html
INFO: [ app_init ] --START--
INFO: Run Behavior\BuildLiteBehavior [ RunTime:0.000020s ]
INFO: [ app_init ] --END-- [ RunTime:0.000562s ]
INFO: [ app_begin ] --START--
INFO: Run Behavior\ReadHtmlCacheBehavior [ RunTime:0.000917s ]
INFO: [ app_begin ] --END-- [ RunTime:0.001125s ]
INFO: [ view_parse ] --START--
INFO: [ template_filter ] --START--
INFO: Run Behavior\ContentReplaceBehavior [ RunTime:0.000071s ]
INFO: [ template_filter ] --END-- [ RunTime:0.000154s ]
INFO: Run Behavior\ParseTemplateBehavior [ RunTime:0.011125s ]
INFO: [ view_parse ] --END-- [ RunTime:0.011215s ]
INFO: [ view_filter ] --START--
INFO: Run Behavior\WriteHtmlCacheBehavior [ RunTime:0.000351s ]
INFO: [ view_filter ] --END-- [ RunTime:0.000414s ]
INFO: [ app_end ] --START--
INFO: Run Behavior\ShowPageTraceBehavior [ RunTime:0.000794s ]
INFO: [ app_end ] --END-- [ RunTime:0.000859s ]

[ 2023-07-08T00:41:20+08:00 ] 159.138.41.118 /admin/login/check
INFO: [ app_init ] --START--
INFO: Run Behavior\BuildLiteBehavior [ RunTime:0.000025s ]
INFO: [ app_init ] --END-- [ RunTime:0.000717s ]
INFO: [ app_begin ] --START--
INFO: Run Behavior\ReadHtmlCacheBehavior [ RunTime:0.000911s ]
INFO: [ app_begin ] --END-- [ RunTime:0.001013s ]
SQL: SELECT * FROM `xman_admin_user` WHERE `username` = 'qinyuejun' LIMIT 1   [ RunTime:0.0004s ]
SQL: SELECT * FROM `xman_auth_group_access` WHERE `uid` = 2  [ RunTime:0.0005s ]
NOTIC: [8] Undefined index: os /www/wwwroot/ovodw.com/Application/Admin/Controller/LoginController.class.php 第 94 行.
SQL: INSERT INTO `xman_system_login_log` (`admin_user_id`,`ip`,`logtime`,`browser`,`os`) VALUES ('2','159.138.41.118','2023-07-08 00:41:20','Chrome/98.0.4758.102',NULL) [ RunTime:0.0075s ]
SQL: SELECT `title` FROM `xman_auth_rule` WHERE `name` = 'admin/login/check' LIMIT 1   [ RunTime:0.0003s ]

[ 2023-07-08T00:41:22+08:00 ] 159.138.41.118 /admin/index/index
INFO: [ app_init ] --START--
INFO: Run Behavior\BuildLiteBehavior [ RunTime:0.000028s ]
INFO: [ app_init ] --END-- [ RunTime:0.000982s ]
INFO: [ app_begin ] --START--
INFO: Run Behavior\ReadHtmlCacheBehavior [ RunTime:0.001151s ]
INFO: [ app_begin ] --END-- [ RunTime:0.001290s ]
SQL: SELECT COUNT(*) AS tp_count FROM `xman_auth_rule` WHERE `status` = 1 AND `name` = 'admin/index/index' LIMIT 1   [ RunTime:0.0005s ]
SQL: SHOW COLUMNS FROM `xman_auth_group_access` [ RunTime:0.0015s ]
SQL: SELECT `uid`,`group_id`,`title`,`rules` FROM xman_auth_group_access a INNER JOIN xman_auth_group g on a.group_id=g.id  WHERE ( a.uid='2' and g.status='1' )  [ RunTime:0.0007s ]
SQL: SELECT * FROM `xman_auth_menus` WHERE `pid` = 0  [ RunTime:0.0004s ]
SQL: SELECT * FROM `xman_admin_user` WHERE `id` = 2 LIMIT 1   [ RunTime:0.0004s ]
SQL: SELECT * FROM `xman_system_skin` WHERE `user_id` = 2 LIMIT 1   [ RunTime:0.0004s ]
INFO: [ view_parse ] --START--
INFO: [ template_filter ] --START--
INFO: Run Behavior\ContentReplaceBehavior [ RunTime:0.000132s ]
INFO: [ template_filter ] --END-- [ RunTime:0.000248s ]
INFO: Run Behavior\ParseTemplateBehavior [ RunTime:0.020550s ]
INFO: [ view_parse ] --END-- [ RunTime:0.020629s ]
INFO: [ view_filter ] --START--
INFO: Run Behavior\WriteHtmlCacheBehavior [ RunTime:0.000285s ]
INFO: [ view_filter ] --END-- [ RunTime:0.000477s ]
INFO: [ app_end ] --START--
INFO: Run Behavior\ShowPageTraceBehavior [ RunTime:0.000832s ]
INFO: [ app_end ] --END-- [ RunTime:0.000898s ]

[ 2023-07-08T00:41:22+08:00 ] 159.138.41.118 /index.php/Admin/Index/main.html
INFO: [ app_init ] --START--
INFO: Run Behavior\BuildLiteBehavior [ RunTime:0.000047s ]
INFO: [ app_init ] --END-- [ RunTime:0.000593s ]
INFO: [ app_begin ] --START--
INFO: Run Behavior\ReadHtmlCacheBehavior [ RunTime:0.000776s ]
INFO: [ app_begin ] --END-- [ RunTime:0.000853s ]
SQL: SELECT COUNT(*) AS tp_count FROM `xman_auth_rule` WHERE `status` = 1 AND `name` = 'admin/index/main' LIMIT 1   [ RunTime:0.0004s ]
INFO: [ view_parse ] --START--
INFO: [ template_filter ] --START--
INFO: Run Behavior\ContentReplaceBehavior [ RunTime:0.000055s ]
INFO: [ template_filter ] --END-- [ RunTime:0.000138s ]
INFO: Run Behavior\ParseTemplateBehavior [ RunTime:0.009263s ]
INFO: [ view_parse ] --END-- [ RunTime:0.009341s ]
INFO: [ view_filter ] --START--
INFO: Run Behavior\WriteHtmlCacheBehavior [ RunTime:0.000288s ]
INFO: [ view_filter ] --END-- [ RunTime:0.000349s ]
INFO: [ app_end ] --START--
INFO: Run Behavior\ShowPageTraceBehavior [ RunTime:0.000755s ]
INFO: [ app_end ] --END-- [ RunTime:0.000819s ]

[ 2023-07-08T00:41:23+08:00 ] 159.138.41.118 /admin/index/getmenu/id/1
INFO: [ app_init ] --START--
INFO: Run Behavior\BuildLiteBehavior [ RunTime:0.000048s ]
INFO: [ app_init ] --END-- [ RunTime:0.000598s ]
INFO: [ app_begin ] --START--
INFO: Run Behavior\ReadHtmlCacheBehavior [ RunTime:0.000761s ]
INFO: [ app_begin ] --END-- [ RunTime:0.000847s ]
SQL: SELECT COUNT(*) AS tp_count FROM `xman_auth_rule` WHERE `status` = 1 AND `name` = 'admin/index/getmenu' LIMIT 1   [ RunTime:0.0005s ]
SQL: SHOW COLUMNS FROM `xman_auth_group_access` [ RunTime:0.0012s ]
SQL: SELECT `uid`,`group_id`,`title`,`rules` FROM xman_auth_group_access a INNER JOIN xman_auth_group g on a.group_id=g.id  WHERE ( a.uid='2' and g.status='1' )  [ RunTime:0.0006s ]
SQL: SELECT a.*,r.name as href,r.is_url FROM xman_auth_menus as a left JOIN xman_auth_rule as r on r.id=a.rule_id  WHERE a.pid = '1' AND r.status = '1'  [ RunTime:0.0006s ]
SQL: SELECT a.*,r.name as href FROM xman_auth_menus as a left JOIN xman_auth_rule as r on r.id=a.rule_id  WHERE a.pid = '39'  [ RunTime:0.0004s ]
SQL: SELECT a.*,r.name as href FROM xman_auth_menus as a left JOIN xman_auth_rule as r on r.id=a.rule_id  WHERE a.pid = '40'  [ RunTime:0.0004s ]
SQL: SELECT a.*,r.name as href FROM xman_auth_menus as a left JOIN xman_auth_rule as r on r.id=a.rule_id  WHERE a.pid = '41'  [ RunTime:0.0004s ]
SQL: SELECT a.*,r.name as href FROM xman_auth_menus as a left JOIN xman_auth_rule as r on r.id=a.rule_id  WHERE a.pid = '42'  [ RunTime:0.0004s ]
SQL: SELECT a.*,r.name as href FROM xman_auth_menus as a left JOIN xman_auth_rule as r on r.id=a.rule_id  WHERE a.pid = '43'  [ RunTime:0.0004s ]
SQL: SELECT a.*,r.name as href FROM xman_auth_menus as a left JOIN xman_auth_rule as r on r.id=a.rule_id  WHERE a.pid = '44'  [ RunTime:0.0004s ]

[ 2023-07-08T00:41:25+08:00 ] 159.138.41.118 /admin/code/index
INFO: [ app_init ] --START--
INFO: Run Behavior\BuildLiteBehavior [ RunTime:0.000009s ]
INFO: [ app_init ] --END-- [ RunTime:0.000211s ]
INFO: [ app_begin ] --START--
INFO: Run Behavior\ReadHtmlCacheBehavior [ RunTime:0.000271s ]
INFO: [ app_begin ] --END-- [ RunTime:0.000303s ]
SQL: SELECT COUNT(*) AS tp_count FROM `xman_auth_rule` WHERE `status` = 1 AND `name` = 'admin/code/index' LIMIT 1   [ RunTime:0.0003s ]
SQL: SHOW COLUMNS FROM `xman_auth_group_access` [ RunTime:0.0006s ]
SQL: SELECT `uid`,`group_id`,`title`,`rules` FROM xman_auth_group_access a INNER JOIN xman_auth_group g on a.group_id=g.id  WHERE ( a.uid='2' and g.status='1' )  [ RunTime:0.0003s ]
SQL: SHOW COLUMNS FROM `xman_auth_rule` [ RunTime:0.0004s ]
SQL: SELECT `condition`,`name` FROM `xman_auth_rule` WHERE `id` IN ('27','154','29','12','65','66','17','1','2','5','6','10','18','41','42','43','32','37','38','39','40','19','44','45','46','47','48','50','149','150','151','152','153','156','157','159','160','161') AND `type` = 1 AND `status` = 1  [ RunTime:0.0003s ]
INFO: [ view_parse ] --START--
INFO: [ template_filter ] --START--
INFO: Run Behavior\ContentReplaceBehavior [ RunTime:0.000073s ]
INFO: [ template_filter ] --END-- [ RunTime:0.000164s ]
INFO: Run Behavior\ParseTemplateBehavior [ RunTime:0.009753s ]
INFO: [ view_parse ] --END-- [ RunTime:0.009832s ]
INFO: [ view_filter ] --START--
INFO: Run Behavior\WriteHtmlCacheBehavior [ RunTime:0.000255s ]
INFO: [ view_filter ] --END-- [ RunTime:0.000317s ]
INFO: [ app_end ] --START--
INFO: Run Behavior\ShowPageTraceBehavior [ RunTime:0.000763s ]
INFO: [ app_end ] --END-- [ RunTime:0.000828s ]

[ 2023-07-08T00:41:26+08:00 ] 159.138.41.118 /admin/Code/index
INFO: [ app_init ] --START--
INFO: Run Behavior\BuildLiteBehavior [ RunTime:0.000023s ]
INFO: [ app_init ] --END-- [ RunTime:0.000637s ]
INFO: [ app_begin ] --START--
INFO: Run Behavior\ReadHtmlCacheBehavior [ RunTime:0.000815s ]
INFO: [ app_begin ] --END-- [ RunTime:0.000901s ]
SQL: SELECT COUNT(*) AS tp_count FROM `xman_auth_rule` WHERE `status` = 1 AND `name` = 'admin/code/index' LIMIT 1   [ RunTime:0.0005s ]
SQL: SHOW COLUMNS FROM `xman_auth_group_access` [ RunTime:0.0011s ]
SQL: SELECT `uid`,`group_id`,`title`,`rules` FROM xman_auth_group_access a INNER JOIN xman_auth_group g on a.group_id=g.id  WHERE ( a.uid='2' and g.status='1' )  [ RunTime:0.0005s ]
SQL: SHOW COLUMNS FROM `xman_auth_rule` [ RunTime:0.0011s ]
SQL: SELECT `condition`,`name` FROM `xman_auth_rule` WHERE `id` IN ('27','154','29','12','65','66','17','1','2','5','6','10','18','41','42','43','32','37','38','39','40','19','44','45','46','47','48','50','149','150','151','152','153','156','157','159','160','161') AND `type` = 1 AND `status` = 1  [ RunTime:0.0007s ]
NOTIC: [8] Undefined index: para /www/wwwroot/ovodw.com/Application/Admin/Controller/CodeController.class.php 第 33 行.
SQL: SELECT * FROM `xman_code` WHERE (  1  ) ORDER BY addtime DESC LIMIT 0,15   [ RunTime:0.0537s ]
SQL: SELECT COUNT(*) AS tp_count FROM `xman_code` WHERE (  1  ) LIMIT 1   [ RunTime:0.0003s ]

[ 2023-07-08T00:41:28+08:00 ] 159.138.41.118 /admin/api/index
INFO: [ app_init ] --START--
INFO: Run Behavior\BuildLiteBehavior [ RunTime:0.000057s ]
INFO: [ app_init ] --END-- [ RunTime:0.000674s ]
INFO: [ app_begin ] --START--
INFO: Run Behavior\ReadHtmlCacheBehavior [ RunTime:0.001244s ]
INFO: [ app_begin ] --END-- [ RunTime:0.001413s ]
SQL: SELECT COUNT(*) AS tp_count FROM `xman_auth_rule` WHERE `status` = 1 AND `name` = 'admin/api/index' LIMIT 1   [ RunTime:0.0005s ]
SQL: SHOW COLUMNS FROM `xman_auth_group_access` [ RunTime:0.0011s ]
SQL: SELECT `uid`,`group_id`,`title`,`rules` FROM xman_auth_group_access a INNER JOIN xman_auth_group g on a.group_id=g.id  WHERE ( a.uid='2' and g.status='1' )  [ RunTime:0.0005s ]
SQL: SHOW COLUMNS FROM `xman_auth_rule` [ RunTime:0.0010s ]
SQL: SELECT `condition`,`name` FROM `xman_auth_rule` WHERE `id` IN ('27','154','29','12','65','66','17','1','2','5','6','10','18','41','42','43','32','37','38','39','40','19','44','45','46','47','48','50','149','150','151','152','153','156','157','159','160','161') AND `type` = 1 AND `status` = 1  [ RunTime:0.0006s ]
SQL: SELECT * FROM `xman_api` ORDER BY id asc  [ RunTime:0.0004s ]
SQL: SELECT * FROM `xman_nation` ORDER BY number asc  [ RunTime:0.0004s ]
INFO: [ view_parse ] --START--
INFO: [ template_filter ] --START--
INFO: Run Behavior\ContentReplaceBehavior [ RunTime:0.000116s ]
INFO: [ template_filter ] --END-- [ RunTime:0.000213s ]
INFO: Run Behavior\ParseTemplateBehavior [ RunTime:0.029033s ]
INFO: [ view_parse ] --END-- [ RunTime:0.029138s ]
INFO: [ view_filter ] --START--
INFO: Run Behavior\WriteHtmlCacheBehavior [ RunTime:0.000300s ]
INFO: [ view_filter ] --END-- [ RunTime:0.000408s ]
INFO: [ app_end ] --START--
INFO: Run Behavior\ShowPageTraceBehavior [ RunTime:0.000866s ]
INFO: [ app_end ] --END-- [ RunTime:0.000942s ]

[ 2023-07-08T00:41:31+08:00 ] 159.138.41.118 /admin/notice/index
INFO: [ app_init ] --START--
INFO: Run Behavior\BuildLiteBehavior [ RunTime:0.000021s ]
INFO: [ app_init ] --END-- [ RunTime:0.000618s ]
INFO: [ app_begin ] --START--
INFO: Run Behavior\ReadHtmlCacheBehavior [ RunTime:0.000672s ]
INFO: [ app_begin ] --END-- [ RunTime:0.000746s ]
SQL: SELECT COUNT(*) AS tp_count FROM `xman_auth_rule` WHERE `status` = 1 AND `name` = 'admin/notice/index' LIMIT 1   [ RunTime:0.0004s ]
SQL: SHOW COLUMNS FROM `xman_auth_group_access` [ RunTime:0.0011s ]
SQL: SELECT `uid`,`group_id`,`title`,`rules` FROM xman_auth_group_access a INNER JOIN xman_auth_group g on a.group_id=g.id  WHERE ( a.uid='2' and g.status='1' )  [ RunTime:0.0005s ]
SQL: SHOW COLUMNS FROM `xman_auth_rule` [ RunTime:0.0010s ]
SQL: SELECT `condition`,`name` FROM `xman_auth_rule` WHERE `id` IN ('27','154','29','12','65','66','17','1','2','5','6','10','18','41','42','43','32','37','38','39','40','19','44','45','46','47','48','50','149','150','151','152','153','156','157','159','160','161') AND `type` = 1 AND `status` = 1  [ RunTime:0.0005s ]
INFO: [ view_parse ] --START--
INFO: [ template_filter ] --START--
INFO: Run Behavior\ContentReplaceBehavior [ RunTime:0.000092s ]
INFO: [ template_filter ] --END-- [ RunTime:0.000179s ]
INFO: Run Behavior\ParseTemplateBehavior [ RunTime:0.010645s ]
INFO: [ view_parse ] --END-- [ RunTime:0.010735s ]
INFO: [ view_filter ] --START--
INFO: Run Behavior\WriteHtmlCacheBehavior [ RunTime:0.000251s ]
INFO: [ view_filter ] --END-- [ RunTime:0.000349s ]
INFO: [ app_end ] --START--
INFO: Run Behavior\ShowPageTraceBehavior [ RunTime:0.000785s ]
INFO: [ app_end ] --END-- [ RunTime:0.000853s ]

[ 2023-07-08T00:41:31+08:00 ] 159.138.41.118 /admin/Notice/index
INFO: [ app_init ] --START--
INFO: Run Behavior\BuildLiteBehavior [ RunTime:0.000021s ]
INFO: [ app_init ] --END-- [ RunTime:0.000589s ]
INFO: [ app_begin ] --START--
INFO: Run Behavior\ReadHtmlCacheBehavior [ RunTime:0.000692s ]
INFO: [ app_begin ] --END-- [ RunTime:0.000765s ]
SQL: SELECT COUNT(*) AS tp_count FROM `xman_auth_rule` WHERE `status` = 1 AND `name` = 'admin/notice/index' LIMIT 1   [ RunTime:0.0006s ]
SQL: SHOW COLUMNS FROM `xman_auth_group_access` [ RunTime:0.0018s ]
SQL: SELECT `uid`,`group_id`,`title`,`rules` FROM xman_auth_group_access a INNER JOIN xman_auth_group g on a.group_id=g.id  WHERE ( a.uid='2' and g.status='1' )  [ RunTime:0.0006s ]
SQL: SHOW COLUMNS FROM `xman_auth_rule` [ RunTime:0.0011s ]
SQL: SELECT `condition`,`name` FROM `xman_auth_rule` WHERE `id` IN ('27','154','29','12','65','66','17','1','2','5','6','10','18','41','42','43','32','37','38','39','40','19','44','45','46','47','48','50','149','150','151','152','153','156','157','159','160','161') AND `type` = 1 AND `status` = 1  [ RunTime:0.0007s ]
NOTIC: [8] Undefined index: para /www/wwwroot/ovodw.com/Application/Common/Controller/MakeController.class.php 第 49 行.
SQL: SELECT * FROM `xman_notice` WHERE (  1  ) LIMIT 0,15   [ RunTime:0.0004s ]
SQL: SELECT COUNT(*) AS tp_count FROM `xman_notice` WHERE (  1  ) LIMIT 1   [ RunTime:0.0003s ]

[ 2023-07-08T00:41:32+08:00 ] 159.138.41.118 /admin/Notice/edit/id/1
INFO: [ app_init ] --START--
INFO: Run Behavior\BuildLiteBehavior [ RunTime:0.000021s ]
INFO: [ app_init ] --END-- [ RunTime:0.000548s ]
INFO: [ app_begin ] --START--
INFO: Run Behavior\ReadHtmlCacheBehavior [ RunTime:0.000775s ]
INFO: [ app_begin ] --END-- [ RunTime:0.000857s ]
SQL: SELECT COUNT(*) AS tp_count FROM `xman_auth_rule` WHERE `status` = 1 AND `name` = 'admin/notice/edit' LIMIT 1   [ RunTime:0.0006s ]
SQL: SHOW COLUMNS FROM `xman_auth_group_access` [ RunTime:0.0011s ]
SQL: SELECT `uid`,`group_id`,`title`,`rules` FROM xman_auth_group_access a INNER JOIN xman_auth_group g on a.group_id=g.id  WHERE ( a.uid='2' and g.status='1' )  [ RunTime:0.0005s ]
SQL: SHOW COLUMNS FROM `xman_auth_rule` [ RunTime:0.0010s ]
SQL: SELECT `condition`,`name` FROM `xman_auth_rule` WHERE `id` IN ('27','154','29','12','65','66','17','1','2','5','6','10','18','41','42','43','32','37','38','39','40','19','44','45','46','47','48','50','149','150','151','152','153','156','157','159','160','161') AND `type` = 1 AND `status` = 1  [ RunTime:0.0007s ]
SQL: SELECT * FROM `xman_notice` WHERE `id` = 1 LIMIT 1   [ RunTime:0.0003s ]
INFO: [ view_parse ] --START--
INFO: [ template_filter ] --START--
INFO: Run Behavior\ContentReplaceBehavior [ RunTime:0.000062s ]
INFO: [ template_filter ] --END-- [ RunTime:0.000185s ]
NOTIC: [8] Undefined index: title /www/wwwroot/ovodw.com/Application/Runtime/Cache/Admin/6f0c7fcac7b397f2677dd725c5e79b92.php 第 24 行.
INFO: Run Behavior\ParseTemplateBehavior [ RunTime:0.010145s ]
INFO: [ view_parse ] --END-- [ RunTime:0.010216s ]
INFO: [ view_filter ] --START--
INFO: Run Behavior\WriteHtmlCacheBehavior [ RunTime:0.000263s ]
INFO: [ view_filter ] --END-- [ RunTime:0.000359s ]
INFO: [ app_end ] --START--
INFO: Run Behavior\ShowPageTraceBehavior [ RunTime:0.001006s ]
INFO: [ app_end ] --END-- [ RunTime:0.001077s ]

[ 2023-07-08T00:41:50+08:00 ] 159.138.41.118 /admin/Notice/edit
INFO: [ app_init ] --START--
INFO: Run Behavior\BuildLiteBehavior [ RunTime:0.000026s ]
INFO: [ app_init ] --END-- [ RunTime:0.001307s ]
INFO: [ app_begin ] --START--
INFO: Run Behavior\ReadHtmlCacheBehavior [ RunTime:0.000693s ]
INFO: [ app_begin ] --END-- [ RunTime:0.000767s ]
SQL: SELECT COUNT(*) AS tp_count FROM `xman_auth_rule` WHERE `status` = 1 AND `name` = 'admin/notice/edit' LIMIT 1   [ RunTime:0.0005s ]
SQL: SHOW COLUMNS FROM `xman_auth_group_access` [ RunTime:0.0011s ]
SQL: SELECT `uid`,`group_id`,`title`,`rules` FROM xman_auth_group_access a INNER JOIN xman_auth_group g on a.group_id=g.id  WHERE ( a.uid='2' and g.status='1' )  [ RunTime:0.0005s ]
SQL: SHOW COLUMNS FROM `xman_auth_rule` [ RunTime:0.0012s ]
SQL: SELECT `condition`,`name` FROM `xman_auth_rule` WHERE `id` IN ('27','154','29','12','65','66','17','1','2','5','6','10','18','41','42','43','32','37','38','39','40','19','44','45','46','47','48','50','149','150','151','152','153','156','157','159','160','161') AND `type` = 1 AND `status` = 1  [ RunTime:0.0007s ]
SQL: UPDATE `xman_notice` SET `text`='正常使用 ',`content`='&lt;div style=&quot;text-align: center;&quot;&gt;&lt;p&gt;使用说明&lt;/p&gt;&lt;p&gt;打开网址-输入卡号-获取号码需要在20秒发送验证 &lt;/p&gt;&lt;p&gt;&lt;br&gt;&lt;/p&gt;&lt;p&gt;如果出现号码无法验证的情况 刷新网页更换新的号码 发送验证即可&lt;/p&gt;&lt;p&gt;&lt;br&gt;&lt;/p&gt;&lt;p&gt;雷神加速器3天口令兑换码520666&lt;/p&gt;&lt;p&gt;奇妙加速器3天口令兑换码520666&lt;/p&gt;&lt;p&gt;&lt;br&gt;&lt;/p&gt;&lt;p&gt;输入卡密点击无反应，刷新网页等五秒，或者更换浏览器即可解决&lt;/p&gt;&lt;p&gt;有任何问题联系上级或者投诉，非常感谢大家，有问题一定要反馈到上级投诉&lt;/p&gt;&lt;/div&gt;&lt;div style=&quot;text-align: center;&quot;&gt;&lt;p&gt;卡密激活未接收验证码卡密永不作废，只有卡密接收到验证码卡密才会作废，第一次使用请点击使用说明&lt;/p&gt;&lt;/div&gt;&lt;div style=&quot;text-align: center;&quot;&gt;&lt;p&gt;&lt;br&gt;&lt;/p&gt;&lt;/div&gt;&lt;div style=&quot;text-align: center;&quot;&gt;&lt;p&gt;&lt;b&gt;获取到的手机号一定要等到120秒后再刷新网页，获取验证码120秒内禁止刷新网页，每个手机号请等待120秒，如果120秒未接验证码请重新获取手机号。&lt;/b&gt;&lt;/p&gt;&lt;/div&gt;' WHERE `id` = 1 [ RunTime:0.0006s ]
SQL: SELECT `title` FROM `xman_auth_rule` WHERE `name` = 'admin/notice/edit' LIMIT 1   [ RunTime:0.0004s ]
SQL: INSERT INTO `xman_system_operation_log` (`url`,`title`,`way_state`,`result`,`createtime`,`admin_user_id`,`message`,`usetime`,`usemem`) VALUES ('http://ovodc.com/admin/Notice/edit?s=admin/Notice/edit','Notice/修改','1','1','2023-07-08 00:41:50','2','操作成功','0.002739','9') [ RunTime:0.0043s ]

[ 2023-07-08T00:41:50+08:00 ] 159.138.41.118 /admin/Notice/index
INFO: [ app_init ] --START--
INFO: Run Behavior\BuildLiteBehavior [ RunTime:0.000020s ]
INFO: [ app_init ] --END-- [ RunTime:0.000552s ]
INFO: [ app_begin ] --START--
INFO: Run Behavior\ReadHtmlCacheBehavior [ RunTime:0.000686s ]
INFO: [ app_begin ] --END-- [ RunTime:0.000749s ]
SQL: SELECT COUNT(*) AS tp_count FROM `xman_auth_rule` WHERE `status` = 1 AND `name` = 'admin/notice/index' LIMIT 1   [ RunTime:0.0004s ]
SQL: SHOW COLUMNS FROM `xman_auth_group_access` [ RunTime:0.0010s ]
SQL: SELECT `uid`,`group_id`,`title`,`rules` FROM xman_auth_group_access a INNER JOIN xman_auth_group g on a.group_id=g.id  WHERE ( a.uid='2' and g.status='1' )  [ RunTime:0.0004s ]
SQL: SHOW COLUMNS FROM `xman_auth_rule` [ RunTime:0.0009s ]
SQL: SELECT `condition`,`name` FROM `xman_auth_rule` WHERE `id` IN ('27','154','29','12','65','66','17','1','2','5','6','10','18','41','42','43','32','37','38','39','40','19','44','45','46','47','48','50','149','150','151','152','153','156','157','159','160','161') AND `type` = 1 AND `status` = 1  [ RunTime:0.0006s ]
NOTIC: [8] Undefined index: para /www/wwwroot/ovodw.com/Application/Common/Controller/MakeController.class.php 第 49 行.
SQL: SELECT * FROM `xman_notice` WHERE (  1  ) LIMIT 0,15   [ RunTime:0.0003s ]
SQL: SELECT COUNT(*) AS tp_count FROM `xman_notice` WHERE (  1  ) LIMIT 1   [ RunTime:0.0002s ]

[ 2023-07-08T00:42:04+08:00 ] 180.163.29.79 /index.php/admin/login/index/jumpLink/%252Fadmin%252Findex%252Findex.html
INFO: [ app_init ] --START--
INFO: Run Behavior\BuildLiteBehavior [ RunTime:0.000019s ]
INFO: [ app_init ] --END-- [ RunTime:0.000541s ]
INFO: [ app_begin ] --START--
INFO: Run Behavior\ReadHtmlCacheBehavior [ RunTime:0.000818s ]
INFO: [ app_begin ] --END-- [ RunTime:0.000896s ]
INFO: [ view_parse ] --START--
INFO: [ template_filter ] --START--
INFO: Run Behavior\ContentReplaceBehavior [ RunTime:0.000096s ]
INFO: [ template_filter ] --END-- [ RunTime:0.000208s ]
INFO: Run Behavior\ParseTemplateBehavior [ RunTime:0.012056s ]
INFO: [ view_parse ] --END-- [ RunTime:0.012140s ]
INFO: [ view_filter ] --START--
INFO: Run Behavior\WriteHtmlCacheBehavior [ RunTime:0.000277s ]
INFO: [ view_filter ] --END-- [ RunTime:0.000339s ]
INFO: [ app_end ] --START--
INFO: Run Behavior\ShowPageTraceBehavior [ RunTime:0.000811s ]
INFO: [ app_end ] --END-- [ RunTime:0.000943s ]

[ 2023-07-08T14:23:33+08:00 ] 81.71.133.71 /index.php/admin/login/index/jumpLink/%252Fadmin%252Findex%252Findex.html
INFO: [ app_init ] --START--
INFO: Run Behavior\BuildLiteBehavior [ RunTime:0.000027s ]
INFO: [ app_init ] --END-- [ RunTime:0.000863s ]
INFO: [ app_begin ] --START--
INFO: Run Behavior\ReadHtmlCacheBehavior [ RunTime:0.001868s ]
INFO: [ app_begin ] --END-- [ RunTime:0.002181s ]
INFO: [ view_parse ] --START--
INFO: [ template_filter ] --START--
INFO: Run Behavior\ContentReplaceBehavior [ RunTime:0.000075s ]
INFO: [ template_filter ] --END-- [ RunTime:0.000173s ]
INFO: Run Behavior\ParseTemplateBehavior [ RunTime:0.013407s ]
INFO: [ view_parse ] --END-- [ RunTime:0.013529s ]
INFO: [ view_filter ] --START--
INFO: Run Behavior\WriteHtmlCacheBehavior [ RunTime:0.000406s ]
INFO: [ view_filter ] --END-- [ RunTime:0.000500s ]
INFO: [ app_end ] --START--
INFO: Run Behavior\ShowPageTraceBehavior [ RunTime:0.000938s ]
INFO: [ app_end ] --END-- [ RunTime:0.001042s ]

[ 2023-07-08T15:30:22+08:00 ] 106.127.99.189 /index.php/admin/login/index/jumpLink/%252Fadmin%252Findex%252Findex.html
INFO: [ app_init ] --START--
INFO: Run Behavior\BuildLiteBehavior [ RunTime:0.000020s ]
INFO: [ app_init ] --END-- [ RunTime:0.000550s ]
INFO: [ app_begin ] --START--
INFO: Run Behavior\ReadHtmlCacheBehavior [ RunTime:0.000691s ]
INFO: [ app_begin ] --END-- [ RunTime:0.000768s ]
INFO: [ view_parse ] --START--
INFO: [ template_filter ] --START--
INFO: Run Behavior\ContentReplaceBehavior [ RunTime:0.000179s ]
INFO: [ template_filter ] --END-- [ RunTime:0.000267s ]
INFO: Run Behavior\ParseTemplateBehavior [ RunTime:0.009151s ]
INFO: [ view_parse ] --END-- [ RunTime:0.009234s ]
INFO: [ view_filter ] --START--
INFO: Run Behavior\WriteHtmlCacheBehavior [ RunTime:0.000251s ]
INFO: [ view_filter ] --END-- [ RunTime:0.000309s ]
INFO: [ app_end ] --START--
INFO: Run Behavior\ShowPageTraceBehavior [ RunTime:0.000761s ]
INFO: [ app_end ] --END-- [ RunTime:0.000824s ]

[ 2023-07-08T15:30:37+08:00 ] 106.127.99.189 /admin/login/check
INFO: [ app_init ] --START--
INFO: Run Behavior\BuildLiteBehavior [ RunTime:0.000021s ]
INFO: [ app_init ] --END-- [ RunTime:0.000556s ]
INFO: [ app_begin ] --START--
INFO: Run Behavior\ReadHtmlCacheBehavior [ RunTime:0.000732s ]
INFO: [ app_begin ] --END-- [ RunTime:0.000819s ]
SQL: SELECT * FROM `xman_admin_user` WHERE `username` = 'qinyuejun' LIMIT 1   [ RunTime:0.0007s ]
SQL: SELECT * FROM `xman_auth_group_access` WHERE `uid` = 2  [ RunTime:0.0006s ]
NOTIC: [8] Undefined index: os /www/wwwroot/ovodw.com/Application/Admin/Controller/LoginController.class.php 第 94 行.
SQL: INSERT INTO `xman_system_login_log` (`admin_user_id`,`ip`,`logtime`,`browser`,`os`) VALUES ('2','106.127.99.189','2023-07-08 15:30:37','Chrome/98.0.4758.102',NULL) [ RunTime:0.0036s ]
SQL: SELECT `title` FROM `xman_auth_rule` WHERE `name` = 'admin/login/check' LIMIT 1   [ RunTime:0.0005s ]

[ 2023-07-08T15:30:38+08:00 ] 106.127.99.189 /admin/index/index
INFO: [ app_init ] --START--
INFO: Run Behavior\BuildLiteBehavior [ RunTime:0.000015s ]
INFO: [ app_init ] --END-- [ RunTime:0.000381s ]
INFO: [ app_begin ] --START--
INFO: Run Behavior\ReadHtmlCacheBehavior [ RunTime:0.000500s ]
INFO: [ app_begin ] --END-- [ RunTime:0.000557s ]
SQL: SELECT COUNT(*) AS tp_count FROM `xman_auth_rule` WHERE `status` = 1 AND `name` = 'admin/index/index' LIMIT 1   [ RunTime:0.0003s ]
SQL: SHOW COLUMNS FROM `xman_auth_group_access` [ RunTime:0.0010s ]
SQL: SELECT `uid`,`group_id`,`title`,`rules` FROM xman_auth_group_access a INNER JOIN xman_auth_group g on a.group_id=g.id  WHERE ( a.uid='2' and g.status='1' )  [ RunTime:0.0004s ]
SQL: SELECT * FROM `xman_auth_menus` WHERE `pid` = 0  [ RunTime:0.0003s ]
SQL: SELECT * FROM `xman_admin_user` WHERE `id` = 2 LIMIT 1   [ RunTime:0.0003s ]
SQL: SELECT * FROM `xman_system_skin` WHERE `user_id` = 2 LIMIT 1   [ RunTime:0.0002s ]
INFO: [ view_parse ] --START--
INFO: [ template_filter ] --START--
INFO: Run Behavior\ContentReplaceBehavior [ RunTime:0.000137s ]
INFO: [ template_filter ] --END-- [ RunTime:0.000245s ]
INFO: Run Behavior\ParseTemplateBehavior [ RunTime:0.019250s ]
INFO: [ view_parse ] --END-- [ RunTime:0.019338s ]
INFO: [ view_filter ] --START--
INFO: Run Behavior\WriteHtmlCacheBehavior [ RunTime:0.000297s ]
INFO: [ view_filter ] --END-- [ RunTime:0.000363s ]
INFO: [ app_end ] --START--
INFO: Run Behavior\ShowPageTraceBehavior [ RunTime:0.001210s ]
INFO: [ app_end ] --END-- [ RunTime:0.001337s ]

[ 2023-07-08T15:30:39+08:00 ] 106.127.99.189 /index.php/Admin/Index/main.html
INFO: [ app_init ] --START--
INFO: Run Behavior\BuildLiteBehavior [ RunTime:0.000029s ]
INFO: [ app_init ] --END-- [ RunTime:0.000815s ]
INFO: [ app_begin ] --START--
INFO: Run Behavior\ReadHtmlCacheBehavior [ RunTime:0.001103s ]
INFO: [ app_begin ] --END-- [ RunTime:0.001230s ]
SQL: SELECT COUNT(*) AS tp_count FROM `xman_auth_rule` WHERE `status` = 1 AND `name` = 'admin/index/main' LIMIT 1   [ RunTime:0.0005s ]
INFO: [ view_parse ] --START--
INFO: [ template_filter ] --START--
INFO: Run Behavior\ContentReplaceBehavior [ RunTime:0.000090s ]
INFO: [ template_filter ] --END-- [ RunTime:0.000211s ]
INFO: Run Behavior\ParseTemplateBehavior [ RunTime:0.011141s ]
INFO: [ view_parse ] --END-- [ RunTime:0.011230s ]
INFO: [ view_filter ] --START--
INFO: Run Behavior\WriteHtmlCacheBehavior [ RunTime:0.000316s ]
INFO: [ view_filter ] --END-- [ RunTime:0.000377s ]
INFO: [ app_end ] --START--
INFO: Run Behavior\ShowPageTraceBehavior [ RunTime:0.000834s ]
INFO: [ app_end ] --END-- [ RunTime:0.000905s ]

[ 2023-07-08T15:30:40+08:00 ] 106.127.99.189 /admin/index/getmenu/id/1
INFO: [ app_init ] --START--
INFO: Run Behavior\BuildLiteBehavior [ RunTime:0.000022s ]
INFO: [ app_init ] --END-- [ RunTime:0.000683s ]
INFO: [ app_begin ] --START--
INFO: Run Behavior\ReadHtmlCacheBehavior [ RunTime:0.000705s ]
INFO: [ app_begin ] --END-- [ RunTime:0.000776s ]
SQL: SELECT COUNT(*) AS tp_count FROM `xman_auth_rule` WHERE `status` = 1 AND `name` = 'admin/index/getmenu' LIMIT 1   [ RunTime:0.0004s ]
SQL: SHOW COLUMNS FROM `xman_auth_group_access` [ RunTime:0.0013s ]
SQL: SELECT `uid`,`group_id`,`title`,`rules` FROM xman_auth_group_access a INNER JOIN xman_auth_group g on a.group_id=g.id  WHERE ( a.uid='2' and g.status='1' )  [ RunTime:0.0006s ]
SQL: SELECT a.*,r.name as href,r.is_url FROM xman_auth_menus as a left JOIN xman_auth_rule as r on r.id=a.rule_id  WHERE a.pid = '1' AND r.status = '1'  [ RunTime:0.0005s ]
SQL: SELECT a.*,r.name as href FROM xman_auth_menus as a left JOIN xman_auth_rule as r on r.id=a.rule_id  WHERE a.pid = '39'  [ RunTime:0.0004s ]
SQL: SELECT a.*,r.name as href FROM xman_auth_menus as a left JOIN xman_auth_rule as r on r.id=a.rule_id  WHERE a.pid = '40'  [ RunTime:0.0004s ]
SQL: SELECT a.*,r.name as href FROM xman_auth_menus as a left JOIN xman_auth_rule as r on r.id=a.rule_id  WHERE a.pid = '41'  [ RunTime:0.0004s ]
SQL: SELECT a.*,r.name as href FROM xman_auth_menus as a left JOIN xman_auth_rule as r on r.id=a.rule_id  WHERE a.pid = '42'  [ RunTime:0.0004s ]
SQL: SELECT a.*,r.name as href FROM xman_auth_menus as a left JOIN xman_auth_rule as r on r.id=a.rule_id  WHERE a.pid = '43'  [ RunTime:0.0005s ]
SQL: SELECT a.*,r.name as href FROM xman_auth_menus as a left JOIN xman_auth_rule as r on r.id=a.rule_id  WHERE a.pid = '44'  [ RunTime:0.0004s ]

[ 2023-07-08T15:30:42+08:00 ] 106.127.99.189 /admin/index/index
INFO: [ app_init ] --START--
INFO: Run Behavior\BuildLiteBehavior [ RunTime:0.000020s ]
INFO: [ app_init ] --END-- [ RunTime:0.000559s ]
INFO: [ app_begin ] --START--
INFO: Run Behavior\ReadHtmlCacheBehavior [ RunTime:0.000771s ]
INFO: [ app_begin ] --END-- [ RunTime:0.000849s ]
SQL: SELECT COUNT(*) AS tp_count FROM `xman_auth_rule` WHERE `status` = 1 AND `name` = 'admin/index/index' LIMIT 1   [ RunTime:0.0004s ]
SQL: SHOW COLUMNS FROM `xman_auth_group_access` [ RunTime:0.0012s ]
SQL: SELECT `uid`,`group_id`,`title`,`rules` FROM xman_auth_group_access a INNER JOIN xman_auth_group g on a.group_id=g.id  WHERE ( a.uid='2' and g.status='1' )  [ RunTime:0.0005s ]
SQL: SELECT * FROM `xman_auth_menus` WHERE `pid` = 0  [ RunTime:0.0003s ]
SQL: SELECT * FROM `xman_admin_user` WHERE `id` = 2 LIMIT 1   [ RunTime:0.0003s ]
SQL: SELECT * FROM `xman_system_skin` WHERE `user_id` = 2 LIMIT 1   [ RunTime:0.0004s ]
INFO: [ view_parse ] --START--
INFO: [ template_filter ] --START--
INFO: Run Behavior\ContentReplaceBehavior [ RunTime:0.000127s ]
INFO: [ template_filter ] --END-- [ RunTime:0.000216s ]
INFO: Run Behavior\ParseTemplateBehavior [ RunTime:0.020139s ]
INFO: [ view_parse ] --END-- [ RunTime:0.020222s ]
INFO: [ view_filter ] --START--
INFO: Run Behavior\WriteHtmlCacheBehavior [ RunTime:0.000331s ]
INFO: [ view_filter ] --END-- [ RunTime:0.000395s ]
INFO: [ app_end ] --START--
INFO: Run Behavior\ShowPageTraceBehavior [ RunTime:0.000829s ]
INFO: [ app_end ] --END-- [ RunTime:0.000910s ]

[ 2023-07-08T15:30:43+08:00 ] 106.127.99.189 /index.php/Admin/Index/main.html
INFO: [ app_init ] --START--
INFO: Run Behavior\BuildLiteBehavior [ RunTime:0.000021s ]
INFO: [ app_init ] --END-- [ RunTime:0.000528s ]
INFO: [ app_begin ] --START--
INFO: Run Behavior\ReadHtmlCacheBehavior [ RunTime:0.000718s ]
INFO: [ app_begin ] --END-- [ RunTime:0.000795s ]
SQL: SELECT COUNT(*) AS tp_count FROM `xman_auth_rule` WHERE `status` = 1 AND `name` = 'admin/index/main' LIMIT 1   [ RunTime:0.0004s ]
INFO: [ view_parse ] --START--
INFO: [ template_filter ] --START--
INFO: Run Behavior\ContentReplaceBehavior [ RunTime:0.000059s ]
INFO: [ template_filter ] --END-- [ RunTime:0.000167s ]
INFO: Run Behavior\ParseTemplateBehavior [ RunTime:0.010933s ]
INFO: [ view_parse ] --END-- [ RunTime:0.011025s ]
INFO: [ view_filter ] --START--
INFO: Run Behavior\WriteHtmlCacheBehavior [ RunTime:0.000350s ]
INFO: [ view_filter ] --END-- [ RunTime:0.000414s ]
INFO: [ app_end ] --START--
INFO: Run Behavior\ShowPageTraceBehavior [ RunTime:0.000873s ]
INFO: [ app_end ] --END-- [ RunTime:0.000946s ]

[ 2023-07-08T15:30:45+08:00 ] 106.127.99.189 /admin/code/index
INFO: [ app_init ] --START--
INFO: Run Behavior\BuildLiteBehavior [ RunTime:0.000028s ]
INFO: [ app_init ] --END-- [ RunTime:0.000747s ]
INFO: [ app_begin ] --START--
INFO: Run Behavior\ReadHtmlCacheBehavior [ RunTime:0.001045s ]
INFO: [ app_begin ] --END-- [ RunTime:0.001158s ]
SQL: SELECT COUNT(*) AS tp_count FROM `xman_auth_rule` WHERE `status` = 1 AND `name` = 'admin/code/index' LIMIT 1   [ RunTime:0.0005s ]
SQL: SHOW COLUMNS FROM `xman_auth_group_access` [ RunTime:0.0015s ]
SQL: SELECT `uid`,`group_id`,`title`,`rules` FROM xman_auth_group_access a INNER JOIN xman_auth_group g on a.group_id=g.id  WHERE ( a.uid='2' and g.status='1' )  [ RunTime:0.0005s ]
SQL: SHOW COLUMNS FROM `xman_auth_rule` [ RunTime:0.0011s ]
SQL: SELECT `condition`,`name` FROM `xman_auth_rule` WHERE `id` IN ('27','154','29','12','65','66','17','1','2','5','6','10','18','41','42','43','32','37','38','39','40','19','44','45','46','47','48','50','149','150','151','152','153','156','157','159','160','161') AND `type` = 1 AND `status` = 1  [ RunTime:0.0006s ]
INFO: [ view_parse ] --START--
INFO: [ template_filter ] --START--
INFO: Run Behavior\ContentReplaceBehavior [ RunTime:0.000077s ]
INFO: [ template_filter ] --END-- [ RunTime:0.000179s ]
INFO: Run Behavior\ParseTemplateBehavior [ RunTime:0.009673s ]
INFO: [ view_parse ] --END-- [ RunTime:0.009748s ]
INFO: [ view_filter ] --START--
INFO: Run Behavior\WriteHtmlCacheBehavior [ RunTime:0.000260s ]
INFO: [ view_filter ] --END-- [ RunTime:0.000319s ]
INFO: [ app_end ] --START--
INFO: Run Behavior\ShowPageTraceBehavior [ RunTime:0.000741s ]
INFO: [ app_end ] --END-- [ RunTime:0.000815s ]

[ 2023-07-08T15:30:46+08:00 ] 106.127.99.189 /admin/Code/index
INFO: [ app_init ] --START--
INFO: Run Behavior\BuildLiteBehavior [ RunTime:0.000020s ]
INFO: [ app_init ] --END-- [ RunTime:0.000552s ]
INFO: [ app_begin ] --START--
INFO: Run Behavior\ReadHtmlCacheBehavior [ RunTime:0.000830s ]
INFO: [ app_begin ] --END-- [ RunTime:0.000910s ]
SQL: SELECT COUNT(*) AS tp_count FROM `xman_auth_rule` WHERE `status` = 1 AND `name` = 'admin/code/index' LIMIT 1   [ RunTime:0.0004s ]
SQL: SHOW COLUMNS FROM `xman_auth_group_access` [ RunTime:0.0011s ]
SQL: SELECT `uid`,`group_id`,`title`,`rules` FROM xman_auth_group_access a INNER JOIN xman_auth_group g on a.group_id=g.id  WHERE ( a.uid='2' and g.status='1' )  [ RunTime:0.0004s ]
SQL: SHOW COLUMNS FROM `xman_auth_rule` [ RunTime:0.0011s ]
SQL: SELECT `condition`,`name` FROM `xman_auth_rule` WHERE `id` IN ('27','154','29','12','65','66','17','1','2','5','6','10','18','41','42','43','32','37','38','39','40','19','44','45','46','47','48','50','149','150','151','152','153','156','157','159','160','161') AND `type` = 1 AND `status` = 1  [ RunTime:0.0007s ]
NOTIC: [8] Undefined index: para /www/wwwroot/ovodw.com/Application/Admin/Controller/CodeController.class.php 第 33 行.
SQL: SELECT * FROM `xman_code` WHERE (  1  ) ORDER BY addtime DESC LIMIT 0,15   [ RunTime:0.0458s ]
SQL: SELECT COUNT(*) AS tp_count FROM `xman_code` WHERE (  1  ) LIMIT 1   [ RunTime:0.0002s ]

[ 2023-07-08T15:30:50+08:00 ] 106.127.99.189 /admin/Code/index
INFO: [ app_init ] --START--
INFO: Run Behavior\BuildLiteBehavior [ RunTime:0.000023s ]
INFO: [ app_init ] --END-- [ RunTime:0.000574s ]
INFO: [ app_begin ] --START--
INFO: Run Behavior\ReadHtmlCacheBehavior [ RunTime:0.000949s ]
INFO: [ app_begin ] --END-- [ RunTime:0.001039s ]
SQL: SELECT COUNT(*) AS tp_count FROM `xman_auth_rule` WHERE `status` = 1 AND `name` = 'admin/code/index' LIMIT 1   [ RunTime:0.0007s ]
SQL: SHOW COLUMNS FROM `xman_auth_group_access` [ RunTime:0.0018s ]
SQL: SELECT `uid`,`group_id`,`title`,`rules` FROM xman_auth_group_access a INNER JOIN xman_auth_group g on a.group_id=g.id  WHERE ( a.uid='2' and g.status='1' )  [ RunTime:0.0007s ]
SQL: SHOW COLUMNS FROM `xman_auth_rule` [ RunTime:0.0015s ]
SQL: SELECT `condition`,`name` FROM `xman_auth_rule` WHERE `id` IN ('27','154','29','12','65','66','17','1','2','5','6','10','18','41','42','43','32','37','38','39','40','19','44','45','46','47','48','50','149','150','151','152','153','156','157','159','160','161') AND `type` = 1 AND `status` = 1  [ RunTime:0.0008s ]
SQL: SELECT * FROM `xman_code` WHERE (  1  and `code`='yws2gcQxSom2x'  ) ORDER BY addtime DESC  [ RunTime:0.0477s ]
SQL: SELECT COUNT(*) AS tp_count FROM `xman_code` WHERE (  1  and `code`='yws2gcQxSom2x'  ) LIMIT 1   [ RunTime:0.0468s ]

[ 2023-07-08T15:30:53+08:00 ] 106.127.99.189 /admin/Code/delete
INFO: [ app_init ] --START--
INFO: Run Behavior\BuildLiteBehavior [ RunTime:0.000022s ]
INFO: [ app_init ] --END-- [ RunTime:0.000581s ]
INFO: [ app_begin ] --START--
INFO: Run Behavior\ReadHtmlCacheBehavior [ RunTime:0.000680s ]
INFO: [ app_begin ] --END-- [ RunTime:0.000754s ]
SQL: SELECT COUNT(*) AS tp_count FROM `xman_auth_rule` WHERE `status` = 1 AND `name` = 'admin/code/delete' LIMIT 1   [ RunTime:0.0004s ]
SQL: SHOW COLUMNS FROM `xman_auth_group_access` [ RunTime:0.0018s ]
SQL: SELECT `uid`,`group_id`,`title`,`rules` FROM xman_auth_group_access a INNER JOIN xman_auth_group g on a.group_id=g.id  WHERE ( a.uid='2' and g.status='1' )  [ RunTime:0.0005s ]
SQL: SHOW COLUMNS FROM `xman_auth_rule` [ RunTime:0.0011s ]
SQL: SELECT `condition`,`name` FROM `xman_auth_rule` WHERE `id` IN ('27','154','29','12','65','66','17','1','2','5','6','10','18','41','42','43','32','37','38','39','40','19','44','45','46','47','48','50','149','150','151','152','153','156','157','159','160','161') AND `type` = 1 AND `status` = 1  [ RunTime:0.0006s ]
SQL: DELETE FROM `xman_code` WHERE (  `id` in (185400) ) [ RunTime:0.0010s ]
SQL: SELECT `title` FROM `xman_auth_rule` WHERE `name` = 'admin/code/delete' LIMIT 1   [ RunTime:0.0004s ]
SQL: INSERT INTO `xman_system_operation_log` (`url`,`title`,`way_state`,`result`,`createtime`,`admin_user_id`,`message`,`usetime`,`usemem`) VALUES ('http://ovodc.com/admin/Code/delete?s=admin/Code/delete','卡密/删除','1','1','2023-07-08 15:30:53','2','删除成功','0.012338','7') [ RunTime:0.0074s ]

[ 2023-07-08T15:30:53+08:00 ] 106.127.99.189 /admin/Code/index
INFO: [ app_init ] --START--
INFO: Run Behavior\BuildLiteBehavior [ RunTime:0.000020s ]
INFO: [ app_init ] --END-- [ RunTime:0.000518s ]
INFO: [ app_begin ] --START--
INFO: Run Behavior\ReadHtmlCacheBehavior [ RunTime:0.000667s ]
INFO: [ app_begin ] --END-- [ RunTime:0.000742s ]
SQL: SELECT COUNT(*) AS tp_count FROM `xman_auth_rule` WHERE `status` = 1 AND `name` = 'admin/code/index' LIMIT 1   [ RunTime:0.0005s ]
SQL: SHOW COLUMNS FROM `xman_auth_group_access` [ RunTime:0.0012s ]
SQL: SELECT `uid`,`group_id`,`title`,`rules` FROM xman_auth_group_access a INNER JOIN xman_auth_group g on a.group_id=g.id  WHERE ( a.uid='2' and g.status='1' )  [ RunTime:0.0005s ]
SQL: SHOW COLUMNS FROM `xman_auth_rule` [ RunTime:0.0011s ]
SQL: SELECT `condition`,`name` FROM `xman_auth_rule` WHERE `id` IN ('27','154','29','12','65','66','17','1','2','5','6','10','18','41','42','43','32','37','38','39','40','19','44','45','46','47','48','50','149','150','151','152','153','156','157','159','160','161') AND `type` = 1 AND `status` = 1  [ RunTime:0.0007s ]
SQL: SELECT * FROM `xman_code` WHERE (  1  and `code`='yws2gcQxSom2x'  ) ORDER BY addtime DESC  [ RunTime:0.0460s ]
SQL: SELECT COUNT(*) AS tp_count FROM `xman_code` WHERE (  1  and `code`='yws2gcQxSom2x'  ) LIMIT 1   [ RunTime:0.0439s ]

[ 2023-07-08T15:31:39+08:00 ] 180.163.30.100 /admin/index/index
INFO: [ app_init ] --START--
INFO: Run Behavior\BuildLiteBehavior [ RunTime:0.000021s ]
INFO: [ app_init ] --END-- [ RunTime:0.000540s ]
INFO: [ app_begin ] --START--
INFO: Run Behavior\ReadHtmlCacheBehavior [ RunTime:0.000669s ]
INFO: [ app_begin ] --END-- [ RunTime:0.000809s ]

[ 2023-07-08T15:31:39+08:00 ] 180.163.30.100 /index.php/admin/login/index/jumpLink/%252Fadmin%252Findex%252Findex.html
INFO: [ app_init ] --START--
INFO: Run Behavior\BuildLiteBehavior [ RunTime:0.000023s ]
INFO: [ app_init ] --END-- [ RunTime:0.000619s ]
INFO: [ app_begin ] --START--
INFO: Run Behavior\ReadHtmlCacheBehavior [ RunTime:0.000655s ]
INFO: [ app_begin ] --END-- [ RunTime:0.000733s ]
INFO: [ view_parse ] --START--
INFO: [ template_filter ] --START--
INFO: Run Behavior\ContentReplaceBehavior [ RunTime:0.000077s ]
INFO: [ template_filter ] --END-- [ RunTime:0.000159s ]
INFO: Run Behavior\ParseTemplateBehavior [ RunTime:0.010993s ]
INFO: [ view_parse ] --END-- [ RunTime:0.011072s ]
INFO: [ view_filter ] --START--
INFO: Run Behavior\WriteHtmlCacheBehavior [ RunTime:0.000443s ]
INFO: [ view_filter ] --END-- [ RunTime:0.000507s ]
INFO: [ app_end ] --START--
INFO: Run Behavior\ShowPageTraceBehavior [ RunTime:0.000793s ]
INFO: [ app_end ] --END-- [ RunTime:0.000866s ]

