[ 2023-12-04T13:45:17+08:00 ] 101.44.83.204 /index.php/admin/login/index/jumpLink/%252Fadmin%252Findex%252Findex.html
INFO: [ app_init ] --START--
INFO: Run Behavior\BuildLiteBehavior [ RunTime:0.000027s ]
INFO: [ app_init ] --END-- [ RunTime:0.000794s ]
INFO: [ app_begin ] --START--
INFO: Run Behavior\ReadHtmlCacheBehavior [ RunTime:0.000730s ]
INFO: [ app_begin ] --END-- [ RunTime:0.000839s ]
INFO: [ view_parse ] --START--
INFO: [ template_filter ] --START--
INFO: Run Behavior\ContentReplaceBehavior [ RunTime:0.000092s ]
INFO: [ template_filter ] --END-- [ RunTime:0.000214s ]
INFO: Run Behavior\ParseTemplateBehavior [ RunTime:0.010961s ]
INFO: [ view_parse ] --END-- [ RunTime:0.011049s ]
INFO: [ view_filter ] --START--
INFO: Run Behavior\WriteHtmlCacheBehavior [ RunTime:0.000247s ]
INFO: [ view_filter ] --END-- [ RunTime:0.000312s ]
INFO: [ app_end ] --START--
INFO: Run Behavior\ShowPageTraceBehavior [ RunTime:0.000757s ]
INFO: [ app_end ] --END-- [ RunTime:0.000819s ]

[ 2023-12-04T13:45:31+08:00 ] 101.44.83.204 /admin/login/check
INFO: [ app_init ] --START--
INFO: Run Behavior\BuildLiteBehavior [ RunTime:0.000015s ]
INFO: [ app_init ] --END-- [ RunTime:0.000486s ]
INFO: [ app_begin ] --START--
INFO: Run Behavior\ReadHtmlCacheBehavior [ RunTime:0.000507s ]
INFO: [ app_begin ] --END-- [ RunTime:0.000558s ]
SQL: SELECT * FROM `xman_admin_user` WHERE `username` = 'qinyuejun' LIMIT 1   [ RunTime:0.0005s ]
SQL: SELECT * FROM `xman_auth_group_access` WHERE `uid` = 2  [ RunTime:0.0008s ]
NOTIC: [8] Undefined index: os /www/wwwroot/ovodw.com/Application/Admin/Controller/LoginController.class.php 第 94 行.
SQL: INSERT INTO `xman_system_login_log` (`admin_user_id`,`ip`,`logtime`,`browser`,`os`) VALUES ('2','101.44.83.204','2023-12-04 13:45:31','Chrome/109.0.5414.86',NULL) [ RunTime:0.0039s ]
SQL: SELECT `title` FROM `xman_auth_rule` WHERE `name` = 'admin/login/check' LIMIT 1   [ RunTime:0.0003s ]

[ 2023-12-04T13:45:33+08:00 ] 101.44.83.204 /admin/index/index
INFO: [ app_init ] --START--
INFO: Run Behavior\BuildLiteBehavior [ RunTime:0.000019s ]
INFO: [ app_init ] --END-- [ RunTime:0.000521s ]
INFO: [ app_begin ] --START--
INFO: Run Behavior\ReadHtmlCacheBehavior [ RunTime:0.000678s ]
INFO: [ app_begin ] --END-- [ RunTime:0.000752s ]
SQL: SELECT COUNT(*) AS tp_count FROM `xman_auth_rule` WHERE `status` = 1 AND `name` = 'admin/index/index' LIMIT 1   [ RunTime:0.0004s ]
SQL: SHOW COLUMNS FROM `xman_auth_group_access` [ RunTime:0.0014s ]
SQL: SELECT `uid`,`group_id`,`title`,`rules` FROM xman_auth_group_access a INNER JOIN xman_auth_group g on a.group_id=g.id  WHERE ( a.uid='2' and g.status='1' )  [ RunTime:0.0005s ]
SQL: SELECT * FROM `xman_auth_menus` WHERE `pid` = 0  [ RunTime:0.0004s ]
SQL: SELECT * FROM `xman_admin_user` WHERE `id` = 2 LIMIT 1   [ RunTime:0.0004s ]
SQL: SELECT * FROM `xman_system_skin` WHERE `user_id` = 2 LIMIT 1   [ RunTime:0.0003s ]
INFO: [ view_parse ] --START--
INFO: [ template_filter ] --START--
INFO: Run Behavior\ContentReplaceBehavior [ RunTime:0.000099s ]
INFO: [ template_filter ] --END-- [ RunTime:0.000189s ]
INFO: Run Behavior\ParseTemplateBehavior [ RunTime:0.023300s ]
INFO: [ view_parse ] --END-- [ RunTime:0.023387s ]
INFO: [ view_filter ] --START--
INFO: Run Behavior\WriteHtmlCacheBehavior [ RunTime:0.000368s ]
INFO: [ view_filter ] --END-- [ RunTime:0.000455s ]
INFO: [ app_end ] --START--
INFO: Run Behavior\ShowPageTraceBehavior [ RunTime:0.001020s ]
INFO: [ app_end ] --END-- [ RunTime:0.001106s ]

[ 2023-12-04T13:45:34+08:00 ] 101.44.83.204 /index.php/Admin/Index/main.html
INFO: [ app_init ] --START--
INFO: Run Behavior\BuildLiteBehavior [ RunTime:0.000019s ]
INFO: [ app_init ] --END-- [ RunTime:0.000559s ]
INFO: [ app_begin ] --START--
INFO: Run Behavior\ReadHtmlCacheBehavior [ RunTime:0.000975s ]
INFO: [ app_begin ] --END-- [ RunTime:0.001086s ]
SQL: SELECT COUNT(*) AS tp_count FROM `xman_auth_rule` WHERE `status` = 1 AND `name` = 'admin/index/main' LIMIT 1   [ RunTime:0.0005s ]
INFO: [ view_parse ] --START--
INFO: [ template_filter ] --START--
INFO: Run Behavior\ContentReplaceBehavior [ RunTime:0.000105s ]
INFO: [ template_filter ] --END-- [ RunTime:0.000219s ]
INFO: Run Behavior\ParseTemplateBehavior [ RunTime:0.013353s ]
INFO: [ view_parse ] --END-- [ RunTime:0.013437s ]
INFO: [ view_filter ] --START--
INFO: Run Behavior\WriteHtmlCacheBehavior [ RunTime:0.000532s ]
INFO: [ view_filter ] --END-- [ RunTime:0.000597s ]
INFO: [ app_end ] --START--
INFO: Run Behavior\ShowPageTraceBehavior [ RunTime:0.001088s ]
INFO: [ app_end ] --END-- [ RunTime:0.001215s ]

[ 2023-12-04T13:45:35+08:00 ] 101.44.83.204 /admin/index/getmenu/id/1
INFO: [ app_init ] --START--
INFO: Run Behavior\BuildLiteBehavior [ RunTime:0.000022s ]
INFO: [ app_init ] --END-- [ RunTime:0.000572s ]
INFO: [ app_begin ] --START--
INFO: Run Behavior\ReadHtmlCacheBehavior [ RunTime:0.000734s ]
INFO: [ app_begin ] --END-- [ RunTime:0.000839s ]
SQL: SELECT COUNT(*) AS tp_count FROM `xman_auth_rule` WHERE `status` = 1 AND `name` = 'admin/index/getmenu' LIMIT 1   [ RunTime:0.0004s ]
SQL: SHOW COLUMNS FROM `xman_auth_group_access` [ RunTime:0.0013s ]
SQL: SELECT `uid`,`group_id`,`title`,`rules` FROM xman_auth_group_access a INNER JOIN xman_auth_group g on a.group_id=g.id  WHERE ( a.uid='2' and g.status='1' )  [ RunTime:0.0005s ]
SQL: SELECT a.*,r.name as href,r.is_url FROM xman_auth_menus as a left JOIN xman_auth_rule as r on r.id=a.rule_id  WHERE a.pid = '1' AND r.status = '1'  [ RunTime:0.0005s ]
SQL: SELECT a.*,r.name as href FROM xman_auth_menus as a left JOIN xman_auth_rule as r on r.id=a.rule_id  WHERE a.pid = '39'  [ RunTime:0.0003s ]
SQL: SELECT a.*,r.name as href FROM xman_auth_menus as a left JOIN xman_auth_rule as r on r.id=a.rule_id  WHERE a.pid = '40'  [ RunTime:0.0003s ]
SQL: SELECT a.*,r.name as href FROM xman_auth_menus as a left JOIN xman_auth_rule as r on r.id=a.rule_id  WHERE a.pid = '41'  [ RunTime:0.0003s ]
SQL: SELECT a.*,r.name as href FROM xman_auth_menus as a left JOIN xman_auth_rule as r on r.id=a.rule_id  WHERE a.pid = '42'  [ RunTime:0.0003s ]
SQL: SELECT a.*,r.name as href FROM xman_auth_menus as a left JOIN xman_auth_rule as r on r.id=a.rule_id  WHERE a.pid = '43'  [ RunTime:0.0003s ]
SQL: SELECT a.*,r.name as href FROM xman_auth_menus as a left JOIN xman_auth_rule as r on r.id=a.rule_id  WHERE a.pid = '44'  [ RunTime:0.0004s ]

[ 2023-12-04T13:45:36+08:00 ] 101.44.83.204 /admin/code/index
INFO: [ app_init ] --START--
INFO: Run Behavior\BuildLiteBehavior [ RunTime:0.000031s ]
INFO: [ app_init ] --END-- [ RunTime:0.000964s ]
INFO: [ app_begin ] --START--
INFO: Run Behavior\ReadHtmlCacheBehavior [ RunTime:0.000717s ]
INFO: [ app_begin ] --END-- [ RunTime:0.000817s ]
SQL: SELECT COUNT(*) AS tp_count FROM `xman_auth_rule` WHERE `status` = 1 AND `name` = 'admin/code/index' LIMIT 1   [ RunTime:0.0005s ]
SQL: SHOW COLUMNS FROM `xman_auth_group_access` [ RunTime:0.0016s ]
SQL: SELECT `uid`,`group_id`,`title`,`rules` FROM xman_auth_group_access a INNER JOIN xman_auth_group g on a.group_id=g.id  WHERE ( a.uid='2' and g.status='1' )  [ RunTime:0.0005s ]
SQL: SHOW COLUMNS FROM `xman_auth_rule` [ RunTime:0.0012s ]
SQL: SELECT `condition`,`name` FROM `xman_auth_rule` WHERE `id` IN ('27','154','29','12','65','66','17','1','2','5','6','10','18','41','42','43','32','37','38','39','40','19','44','45','46','47','48','50','149','150','151','152','153','156','157','159','160','161') AND `type` = 1 AND `status` = 1  [ RunTime:0.0006s ]
INFO: [ view_parse ] --START--
INFO: [ template_filter ] --START--
INFO: Run Behavior\ContentReplaceBehavior [ RunTime:0.000096s ]
INFO: [ template_filter ] --END-- [ RunTime:0.000198s ]
INFO: Run Behavior\ParseTemplateBehavior [ RunTime:0.014357s ]
INFO: [ view_parse ] --END-- [ RunTime:0.014450s ]
INFO: [ view_filter ] --START--
INFO: Run Behavior\WriteHtmlCacheBehavior [ RunTime:0.000256s ]
INFO: [ view_filter ] --END-- [ RunTime:0.000366s ]
INFO: [ app_end ] --START--
INFO: Run Behavior\ShowPageTraceBehavior [ RunTime:0.001009s ]
INFO: [ app_end ] --END-- [ RunTime:0.001174s ]

[ 2023-12-04T13:45:37+08:00 ] 101.44.83.204 /admin/Code/index
INFO: [ app_init ] --START--
INFO: Run Behavior\BuildLiteBehavior [ RunTime:0.000020s ]
INFO: [ app_init ] --END-- [ RunTime:0.000535s ]
INFO: [ app_begin ] --START--
INFO: Run Behavior\ReadHtmlCacheBehavior [ RunTime:0.000649s ]
INFO: [ app_begin ] --END-- [ RunTime:0.000721s ]
SQL: SELECT COUNT(*) AS tp_count FROM `xman_auth_rule` WHERE `status` = 1 AND `name` = 'admin/code/index' LIMIT 1   [ RunTime:0.0004s ]
SQL: SHOW COLUMNS FROM `xman_auth_group_access` [ RunTime:0.0012s ]
SQL: SELECT `uid`,`group_id`,`title`,`rules` FROM xman_auth_group_access a INNER JOIN xman_auth_group g on a.group_id=g.id  WHERE ( a.uid='2' and g.status='1' )  [ RunTime:0.0006s ]
SQL: SHOW COLUMNS FROM `xman_auth_rule` [ RunTime:0.0011s ]
SQL: SELECT `condition`,`name` FROM `xman_auth_rule` WHERE `id` IN ('27','154','29','12','65','66','17','1','2','5','6','10','18','41','42','43','32','37','38','39','40','19','44','45','46','47','48','50','149','150','151','152','153','156','157','159','160','161') AND `type` = 1 AND `status` = 1  [ RunTime:0.0005s ]
NOTIC: [8] Undefined index: para /www/wwwroot/ovodw.com/Application/Admin/Controller/CodeController.class.php 第 33 行.
SQL: SELECT * FROM `xman_code` WHERE (  1  ) ORDER BY addtime DESC LIMIT 0,15   [ RunTime:0.0678s ]
SQL: SELECT COUNT(*) AS tp_count FROM `xman_code` WHERE (  1  ) LIMIT 1   [ RunTime:0.0003s ]

[ 2023-12-04T13:45:40+08:00 ] 101.44.83.204 /admin/Code/add
INFO: [ app_init ] --START--
INFO: Run Behavior\BuildLiteBehavior [ RunTime:0.000020s ]
INFO: [ app_init ] --END-- [ RunTime:0.000640s ]
INFO: [ app_begin ] --START--
INFO: Run Behavior\ReadHtmlCacheBehavior [ RunTime:0.000651s ]
INFO: [ app_begin ] --END-- [ RunTime:0.000731s ]
SQL: SELECT COUNT(*) AS tp_count FROM `xman_auth_rule` WHERE `status` = 1 AND `name` = 'admin/code/add' LIMIT 1   [ RunTime:0.0004s ]
SQL: SHOW COLUMNS FROM `xman_auth_group_access` [ RunTime:0.0012s ]
SQL: SELECT `uid`,`group_id`,`title`,`rules` FROM xman_auth_group_access a INNER JOIN xman_auth_group g on a.group_id=g.id  WHERE ( a.uid='2' and g.status='1' )  [ RunTime:0.0004s ]
SQL: SHOW COLUMNS FROM `xman_auth_rule` [ RunTime:0.0010s ]
SQL: SELECT `condition`,`name` FROM `xman_auth_rule` WHERE `id` IN ('27','154','29','12','65','66','17','1','2','5','6','10','18','41','42','43','32','37','38','39','40','19','44','45','46','47','48','50','149','150','151','152','153','156','157','159','160','161') AND `type` = 1 AND `status` = 1  [ RunTime:0.0006s ]
INFO: [ view_parse ] --START--
INFO: [ template_filter ] --START--
INFO: Run Behavior\ContentReplaceBehavior [ RunTime:0.000084s ]
INFO: [ template_filter ] --END-- [ RunTime:0.000194s ]
INFO: Run Behavior\ParseTemplateBehavior [ RunTime:0.011241s ]
INFO: [ view_parse ] --END-- [ RunTime:0.011326s ]
INFO: [ view_filter ] --START--
INFO: Run Behavior\WriteHtmlCacheBehavior [ RunTime:0.000266s ]
INFO: [ view_filter ] --END-- [ RunTime:0.000335s ]
INFO: [ app_end ] --START--
INFO: Run Behavior\ShowPageTraceBehavior [ RunTime:0.000725s ]
INFO: [ app_end ] --END-- [ RunTime:0.000802s ]

[ 2023-12-04T13:45:45+08:00 ] 101.44.83.204 /admin/code/getcode
INFO: [ app_init ] --START--
INFO: Run Behavior\BuildLiteBehavior [ RunTime:0.000019s ]
INFO: [ app_init ] --END-- [ RunTime:0.000521s ]
INFO: [ app_begin ] --START--
INFO: Run Behavior\ReadHtmlCacheBehavior [ RunTime:0.000711s ]
INFO: [ app_begin ] --END-- [ RunTime:0.000783s ]
SQL: SELECT COUNT(*) AS tp_count FROM `xman_auth_rule` WHERE `status` = 1 AND `name` = 'admin/code/getcode' LIMIT 1   [ RunTime:0.0004s ]
NOTIC: [8] Undefined variable: key /www/wwwroot/ovodw.com/Application/Admin/Controller/CodeController.class.php 第 119 行.
NOTIC: [8] Undefined variable: key /www/wwwroot/ovodw.com/Application/Admin/Controller/CodeController.class.php 第 119 行.
NOTIC: [8] Undefined variable: key /www/wwwroot/ovodw.com/Application/Admin/Controller/CodeController.class.php 第 119 行.
NOTIC: [8] Undefined variable: key /www/wwwroot/ovodw.com/Application/Admin/Controller/CodeController.class.php 第 119 行.
NOTIC: [8] Undefined variable: key /www/wwwroot/ovodw.com/Application/Admin/Controller/CodeController.class.php 第 119 行.
NOTIC: [8] Undefined variable: key /www/wwwroot/ovodw.com/Application/Admin/Controller/CodeController.class.php 第 119 行.
NOTIC: [8] Undefined variable: key /www/wwwroot/ovodw.com/Application/Admin/Controller/CodeController.class.php 第 119 行.
NOTIC: [8] Undefined variable: key /www/wwwroot/ovodw.com/Application/Admin/Controller/CodeController.class.php 第 119 行.
NOTIC: [8] Undefined variable: key /www/wwwroot/ovodw.com/Application/Admin/Controller/CodeController.class.php 第 119 行.
NOTIC: [8] Undefined variable: key /www/wwwroot/ovodw.com/Application/Admin/Controller/CodeController.class.php 第 119 行.
SQL: INSERT INTO `xman_code` (`code`,`addtime`) VALUES ('0K7tADbCDvF','2023-12-04 13:45:45'),('1AYEUWPbiym','2023-12-04 13:45:45'),('5lAnweFrj0m','2023-12-04 13:45:45'),('l9drW5riB5g','2023-12-04 13:45:45'),('ffIKcctxBRv','2023-12-04 13:45:45'),('Zkuufy0eIp6','2023-12-04 13:45:45'),('ZZpwxoTmQeQ','2023-12-04 13:45:45'),('HkTxwH1JmSm','2023-12-04 13:45:45'),('krlCwWsEto0','2023-12-04 13:45:45'),('AwRvv4i5B1P','2023-12-04 13:45:45') [ RunTime:0.0013s ]

[ 2023-12-04T13:45:48+08:00 ] 101.44.83.204 /admin/Code/index
INFO: [ app_init ] --START--
INFO: Run Behavior\BuildLiteBehavior [ RunTime:0.000032s ]
INFO: [ app_init ] --END-- [ RunTime:0.000752s ]
INFO: [ app_begin ] --START--
INFO: Run Behavior\ReadHtmlCacheBehavior [ RunTime:0.000911s ]
INFO: [ app_begin ] --END-- [ RunTime:0.001011s ]
SQL: SELECT COUNT(*) AS tp_count FROM `xman_auth_rule` WHERE `status` = 1 AND `name` = 'admin/code/index' LIMIT 1   [ RunTime:0.0005s ]
SQL: SHOW COLUMNS FROM `xman_auth_group_access` [ RunTime:0.0014s ]
SQL: SELECT `uid`,`group_id`,`title`,`rules` FROM xman_auth_group_access a INNER JOIN xman_auth_group g on a.group_id=g.id  WHERE ( a.uid='2' and g.status='1' )  [ RunTime:0.0006s ]
SQL: SHOW COLUMNS FROM `xman_auth_rule` [ RunTime:0.0016s ]
SQL: SELECT `condition`,`name` FROM `xman_auth_rule` WHERE `id` IN ('27','154','29','12','65','66','17','1','2','5','6','10','18','41','42','43','32','37','38','39','40','19','44','45','46','47','48','50','149','150','151','152','153','156','157','159','160','161') AND `type` = 1 AND `status` = 1  [ RunTime:0.0006s ]
NOTIC: [8] Undefined index: para /www/wwwroot/ovodw.com/Application/Admin/Controller/CodeController.class.php 第 33 行.
SQL: SELECT * FROM `xman_code` WHERE (  1  ) ORDER BY addtime DESC LIMIT 0,15   [ RunTime:0.0548s ]
SQL: SELECT COUNT(*) AS tp_count FROM `xman_code` WHERE (  1  ) LIMIT 1   [ RunTime:0.0002s ]

[ 2023-12-04T14:22:35+08:00 ] 101.44.83.204 /admin/code/index
INFO: [ app_init ] --START--
INFO: Run Behavior\BuildLiteBehavior [ RunTime:0.000029s ]
INFO: [ app_init ] --END-- [ RunTime:0.000791s ]
INFO: [ app_begin ] --START--
INFO: Run Behavior\ReadHtmlCacheBehavior [ RunTime:0.001009s ]
INFO: [ app_begin ] --END-- [ RunTime:0.001118s ]
SQL: SELECT COUNT(*) AS tp_count FROM `xman_auth_rule` WHERE `status` = 1 AND `name` = 'admin/code/index' LIMIT 1   [ RunTime:0.0005s ]
SQL: SHOW COLUMNS FROM `xman_auth_group_access` [ RunTime:0.0015s ]
SQL: SELECT `uid`,`group_id`,`title`,`rules` FROM xman_auth_group_access a INNER JOIN xman_auth_group g on a.group_id=g.id  WHERE ( a.uid='2' and g.status='1' )  [ RunTime:0.0006s ]
SQL: SHOW COLUMNS FROM `xman_auth_rule` [ RunTime:0.0015s ]
SQL: SELECT `condition`,`name` FROM `xman_auth_rule` WHERE `id` IN ('27','154','29','12','65','66','17','1','2','5','6','10','18','41','42','43','32','37','38','39','40','19','44','45','46','47','48','50','149','150','151','152','153','156','157','159','160','161') AND `type` = 1 AND `status` = 1  [ RunTime:0.0009s ]
INFO: [ view_parse ] --START--
INFO: [ template_filter ] --START--
INFO: Run Behavior\ContentReplaceBehavior [ RunTime:0.000074s ]
INFO: [ template_filter ] --END-- [ RunTime:0.000173s ]
INFO: Run Behavior\ParseTemplateBehavior [ RunTime:0.009763s ]
INFO: [ view_parse ] --END-- [ RunTime:0.009862s ]
INFO: [ view_filter ] --START--
INFO: Run Behavior\WriteHtmlCacheBehavior [ RunTime:0.000262s ]
INFO: [ view_filter ] --END-- [ RunTime:0.000321s ]
INFO: [ app_end ] --START--
INFO: Run Behavior\ShowPageTraceBehavior [ RunTime:0.000719s ]
INFO: [ app_end ] --END-- [ RunTime:0.000786s ]

[ 2023-12-04T14:22:36+08:00 ] 101.44.83.204 /admin/Code/index
INFO: [ app_init ] --START--
INFO: Run Behavior\BuildLiteBehavior [ RunTime:0.000022s ]
INFO: [ app_init ] --END-- [ RunTime:0.000657s ]
INFO: [ app_begin ] --START--
INFO: Run Behavior\ReadHtmlCacheBehavior [ RunTime:0.000729s ]
INFO: [ app_begin ] --END-- [ RunTime:0.000851s ]
SQL: SELECT COUNT(*) AS tp_count FROM `xman_auth_rule` WHERE `status` = 1 AND `name` = 'admin/code/index' LIMIT 1   [ RunTime:0.0005s ]
SQL: SHOW COLUMNS FROM `xman_auth_group_access` [ RunTime:0.0016s ]
SQL: SELECT `uid`,`group_id`,`title`,`rules` FROM xman_auth_group_access a INNER JOIN xman_auth_group g on a.group_id=g.id  WHERE ( a.uid='2' and g.status='1' )  [ RunTime:0.0005s ]
SQL: SHOW COLUMNS FROM `xman_auth_rule` [ RunTime:0.0014s ]
SQL: SELECT `condition`,`name` FROM `xman_auth_rule` WHERE `id` IN ('27','154','29','12','65','66','17','1','2','5','6','10','18','41','42','43','32','37','38','39','40','19','44','45','46','47','48','50','149','150','151','152','153','156','157','159','160','161') AND `type` = 1 AND `status` = 1  [ RunTime:0.0009s ]
NOTIC: [8] Undefined index: para /www/wwwroot/ovodw.com/Application/Admin/Controller/CodeController.class.php 第 33 行.
SQL: SELECT * FROM `xman_code` WHERE (  1  ) ORDER BY addtime DESC LIMIT 0,15   [ RunTime:0.0737s ]
SQL: SELECT COUNT(*) AS tp_count FROM `xman_code` WHERE (  1  ) LIMIT 1   [ RunTime:0.0003s ]

[ 2023-12-04T14:46:09+08:00 ] 101.44.83.204 /admin/code/index
INFO: [ app_init ] --START--
INFO: Run Behavior\BuildLiteBehavior [ RunTime:0.000019s ]
INFO: [ app_init ] --END-- [ RunTime:0.000543s ]
INFO: [ app_begin ] --START--
INFO: Run Behavior\ReadHtmlCacheBehavior [ RunTime:0.000636s ]
INFO: [ app_begin ] --END-- [ RunTime:0.000710s ]
SQL: SELECT COUNT(*) AS tp_count FROM `xman_auth_rule` WHERE `status` = 1 AND `name` = 'admin/code/index' LIMIT 1   [ RunTime:0.0005s ]
SQL: SHOW COLUMNS FROM `xman_auth_group_access` [ RunTime:0.0014s ]
SQL: SELECT `uid`,`group_id`,`title`,`rules` FROM xman_auth_group_access a INNER JOIN xman_auth_group g on a.group_id=g.id  WHERE ( a.uid='2' and g.status='1' )  [ RunTime:0.0005s ]
SQL: SHOW COLUMNS FROM `xman_auth_rule` [ RunTime:0.0014s ]
SQL: SELECT `condition`,`name` FROM `xman_auth_rule` WHERE `id` IN ('27','154','29','12','65','66','17','1','2','5','6','10','18','41','42','43','32','37','38','39','40','19','44','45','46','47','48','50','149','150','151','152','153','156','157','159','160','161') AND `type` = 1 AND `status` = 1  [ RunTime:0.0006s ]
INFO: [ view_parse ] --START--
INFO: [ template_filter ] --START--
INFO: Run Behavior\ContentReplaceBehavior [ RunTime:0.000074s ]
INFO: [ template_filter ] --END-- [ RunTime:0.000185s ]
INFO: Run Behavior\ParseTemplateBehavior [ RunTime:0.009378s ]
INFO: [ view_parse ] --END-- [ RunTime:0.009450s ]
INFO: [ view_filter ] --START--
INFO: Run Behavior\WriteHtmlCacheBehavior [ RunTime:0.000223s ]
INFO: [ view_filter ] --END-- [ RunTime:0.000282s ]
INFO: [ app_end ] --START--
INFO: Run Behavior\ShowPageTraceBehavior [ RunTime:0.000709s ]
INFO: [ app_end ] --END-- [ RunTime:0.000782s ]

[ 2023-12-04T14:46:10+08:00 ] 101.44.83.204 /admin/Code/index
INFO: [ app_init ] --START--
INFO: Run Behavior\BuildLiteBehavior [ RunTime:0.000020s ]
INFO: [ app_init ] --END-- [ RunTime:0.000609s ]
INFO: [ app_begin ] --START--
INFO: Run Behavior\ReadHtmlCacheBehavior [ RunTime:0.000765s ]
INFO: [ app_begin ] --END-- [ RunTime:0.000855s ]
SQL: SELECT COUNT(*) AS tp_count FROM `xman_auth_rule` WHERE `status` = 1 AND `name` = 'admin/code/index' LIMIT 1   [ RunTime:0.0004s ]
SQL: SHOW COLUMNS FROM `xman_auth_group_access` [ RunTime:0.0012s ]
SQL: SELECT `uid`,`group_id`,`title`,`rules` FROM xman_auth_group_access a INNER JOIN xman_auth_group g on a.group_id=g.id  WHERE ( a.uid='2' and g.status='1' )  [ RunTime:0.0005s ]
SQL: SHOW COLUMNS FROM `xman_auth_rule` [ RunTime:0.0023s ]
SQL: SELECT `condition`,`name` FROM `xman_auth_rule` WHERE `id` IN ('27','154','29','12','65','66','17','1','2','5','6','10','18','41','42','43','32','37','38','39','40','19','44','45','46','47','48','50','149','150','151','152','153','156','157','159','160','161') AND `type` = 1 AND `status` = 1  [ RunTime:0.0008s ]
NOTIC: [8] Undefined index: para /www/wwwroot/ovodw.com/Application/Admin/Controller/CodeController.class.php 第 33 行.
SQL: SELECT * FROM `xman_code` WHERE (  1  ) ORDER BY addtime DESC LIMIT 0,15   [ RunTime:0.0691s ]
SQL: SELECT COUNT(*) AS tp_count FROM `xman_code` WHERE (  1  ) LIMIT 1   [ RunTime:0.0003s ]

[ 2023-12-04T14:56:21+08:00 ] 159.138.47.247 /admin/code/index
INFO: [ app_init ] --START--
INFO: Run Behavior\BuildLiteBehavior [ RunTime:0.000020s ]
INFO: [ app_init ] --END-- [ RunTime:0.000527s ]
INFO: [ app_begin ] --START--
INFO: Run Behavior\ReadHtmlCacheBehavior [ RunTime:0.000802s ]
INFO: [ app_begin ] --END-- [ RunTime:0.000876s ]
SQL: SELECT COUNT(*) AS tp_count FROM `xman_auth_rule` WHERE `status` = 1 AND `name` = 'admin/code/index' LIMIT 1   [ RunTime:0.0004s ]
SQL: SHOW COLUMNS FROM `xman_auth_group_access` [ RunTime:0.0016s ]
SQL: SELECT `uid`,`group_id`,`title`,`rules` FROM xman_auth_group_access a INNER JOIN xman_auth_group g on a.group_id=g.id  WHERE ( a.uid='2' and g.status='1' )  [ RunTime:0.0006s ]
SQL: SHOW COLUMNS FROM `xman_auth_rule` [ RunTime:0.0013s ]
SQL: SELECT `condition`,`name` FROM `xman_auth_rule` WHERE `id` IN ('27','154','29','12','65','66','17','1','2','5','6','10','18','41','42','43','32','37','38','39','40','19','44','45','46','47','48','50','149','150','151','152','153','156','157','159','160','161') AND `type` = 1 AND `status` = 1  [ RunTime:0.0006s ]
INFO: [ view_parse ] --START--
INFO: [ template_filter ] --START--
INFO: Run Behavior\ContentReplaceBehavior [ RunTime:0.000074s ]
INFO: [ template_filter ] --END-- [ RunTime:0.000166s ]
INFO: Run Behavior\ParseTemplateBehavior [ RunTime:0.009768s ]
INFO: [ view_parse ] --END-- [ RunTime:0.009855s ]
INFO: [ view_filter ] --START--
INFO: Run Behavior\WriteHtmlCacheBehavior [ RunTime:0.000226s ]
INFO: [ view_filter ] --END-- [ RunTime:0.000311s ]
INFO: [ app_end ] --START--
INFO: Run Behavior\ShowPageTraceBehavior [ RunTime:0.000771s ]
INFO: [ app_end ] --END-- [ RunTime:0.000850s ]

[ 2023-12-04T14:56:22+08:00 ] 159.138.47.247 /admin/Code/index
INFO: [ app_init ] --START--
INFO: Run Behavior\BuildLiteBehavior [ RunTime:0.000019s ]
INFO: [ app_init ] --END-- [ RunTime:0.000529s ]
INFO: [ app_begin ] --START--
INFO: Run Behavior\ReadHtmlCacheBehavior [ RunTime:0.000983s ]
INFO: [ app_begin ] --END-- [ RunTime:0.001072s ]
SQL: SELECT COUNT(*) AS tp_count FROM `xman_auth_rule` WHERE `status` = 1 AND `name` = 'admin/code/index' LIMIT 1   [ RunTime:0.0006s ]
SQL: SHOW COLUMNS FROM `xman_auth_group_access` [ RunTime:0.0014s ]
SQL: SELECT `uid`,`group_id`,`title`,`rules` FROM xman_auth_group_access a INNER JOIN xman_auth_group g on a.group_id=g.id  WHERE ( a.uid='2' and g.status='1' )  [ RunTime:0.0005s ]
SQL: SHOW COLUMNS FROM `xman_auth_rule` [ RunTime:0.0012s ]
SQL: SELECT `condition`,`name` FROM `xman_auth_rule` WHERE `id` IN ('27','154','29','12','65','66','17','1','2','5','6','10','18','41','42','43','32','37','38','39','40','19','44','45','46','47','48','50','149','150','151','152','153','156','157','159','160','161') AND `type` = 1 AND `status` = 1  [ RunTime:0.0086s ]
NOTIC: [8] Undefined index: para /www/wwwroot/ovodw.com/Application/Admin/Controller/CodeController.class.php 第 33 行.
SQL: SELECT * FROM `xman_code` WHERE (  1  ) ORDER BY addtime DESC LIMIT 0,15   [ RunTime:0.0746s ]
SQL: SELECT COUNT(*) AS tp_count FROM `xman_code` WHERE (  1  ) LIMIT 1   [ RunTime:0.0007s ]

[ 2023-12-04T14:56:31+08:00 ] 159.138.47.247 /admin/Code/delete
INFO: [ app_init ] --START--
INFO: Run Behavior\BuildLiteBehavior [ RunTime:0.000054s ]
INFO: [ app_init ] --END-- [ RunTime:0.000950s ]
INFO: [ app_begin ] --START--
INFO: Run Behavior\ReadHtmlCacheBehavior [ RunTime:0.000760s ]
INFO: [ app_begin ] --END-- [ RunTime:0.000832s ]
SQL: SELECT COUNT(*) AS tp_count FROM `xman_auth_rule` WHERE `status` = 1 AND `name` = 'admin/code/delete' LIMIT 1   [ RunTime:0.0005s ]
SQL: SHOW COLUMNS FROM `xman_auth_group_access` [ RunTime:0.0018s ]
SQL: SELECT `uid`,`group_id`,`title`,`rules` FROM xman_auth_group_access a INNER JOIN xman_auth_group g on a.group_id=g.id  WHERE ( a.uid='2' and g.status='1' )  [ RunTime:0.0008s ]
SQL: SHOW COLUMNS FROM `xman_auth_rule` [ RunTime:0.0016s ]
SQL: SELECT `condition`,`name` FROM `xman_auth_rule` WHERE `id` IN ('27','154','29','12','65','66','17','1','2','5','6','10','18','41','42','43','32','37','38','39','40','19','44','45','46','47','48','50','149','150','151','152','153','156','157','159','160','161') AND `type` = 1 AND `status` = 1  [ RunTime:0.0006s ]
SQL: DELETE FROM `xman_code` WHERE (  `id` in (194843,194844,194845,194846,194847,194848,194849,194850,194851,194852) ) [ RunTime:0.0009s ]
SQL: SELECT `title` FROM `xman_auth_rule` WHERE `name` = 'admin/code/delete' LIMIT 1   [ RunTime:0.0004s ]
SQL: INSERT INTO `xman_system_operation_log` (`url`,`title`,`way_state`,`result`,`createtime`,`admin_user_id`,`message`,`usetime`,`usemem`) VALUES ('http://ovodc.com/admin/Code/delete?s=admin/Code/delete','卡密/删除','1','1','2023-12-04 14:56:31','2','删除成功','0.002853','8') [ RunTime:0.0068s ]

[ 2023-12-04T14:56:32+08:00 ] 159.138.47.247 /admin/Code/index
INFO: [ app_init ] --START--
INFO: Run Behavior\BuildLiteBehavior [ RunTime:0.000021s ]
INFO: [ app_init ] --END-- [ RunTime:0.000538s ]
INFO: [ app_begin ] --START--
INFO: Run Behavior\ReadHtmlCacheBehavior [ RunTime:0.000787s ]
INFO: [ app_begin ] --END-- [ RunTime:0.000876s ]
SQL: SELECT COUNT(*) AS tp_count FROM `xman_auth_rule` WHERE `status` = 1 AND `name` = 'admin/code/index' LIMIT 1   [ RunTime:0.0005s ]
SQL: SHOW COLUMNS FROM `xman_auth_group_access` [ RunTime:0.0016s ]
SQL: SELECT `uid`,`group_id`,`title`,`rules` FROM xman_auth_group_access a INNER JOIN xman_auth_group g on a.group_id=g.id  WHERE ( a.uid='2' and g.status='1' )  [ RunTime:0.0005s ]
SQL: SHOW COLUMNS FROM `xman_auth_rule` [ RunTime:0.0016s ]
SQL: SELECT `condition`,`name` FROM `xman_auth_rule` WHERE `id` IN ('27','154','29','12','65','66','17','1','2','5','6','10','18','41','42','43','32','37','38','39','40','19','44','45','46','47','48','50','149','150','151','152','153','156','157','159','160','161') AND `type` = 1 AND `status` = 1  [ RunTime:0.0009s ]
NOTIC: [8] Undefined index: para /www/wwwroot/ovodw.com/Application/Admin/Controller/CodeController.class.php 第 33 行.
SQL: SELECT * FROM `xman_code` WHERE (  1  ) ORDER BY addtime DESC LIMIT 0,15   [ RunTime:0.0848s ]
SQL: SELECT COUNT(*) AS tp_count FROM `xman_code` WHERE (  1  ) LIMIT 1   [ RunTime:0.0004s ]

[ 2023-12-04T21:01:30+08:00 ] 101.44.83.204 /index.php/admin/login/index/jumpLink/%252Fadmin%252Findex%252Findex.html
INFO: [ app_init ] --START--
INFO: Run Behavior\BuildLiteBehavior [ RunTime:0.000020s ]
INFO: [ app_init ] --END-- [ RunTime:0.000625s ]
INFO: [ app_begin ] --START--
INFO: Run Behavior\ReadHtmlCacheBehavior [ RunTime:0.000689s ]
INFO: [ app_begin ] --END-- [ RunTime:0.000773s ]
INFO: [ view_parse ] --START--
INFO: [ template_filter ] --START--
INFO: Run Behavior\ContentReplaceBehavior [ RunTime:0.000064s ]
INFO: [ template_filter ] --END-- [ RunTime:0.000147s ]
INFO: Run Behavior\ParseTemplateBehavior [ RunTime:0.009790s ]
INFO: [ view_parse ] --END-- [ RunTime:0.009911s ]
INFO: [ view_filter ] --START--
INFO: Run Behavior\WriteHtmlCacheBehavior [ RunTime:0.000236s ]
INFO: [ view_filter ] --END-- [ RunTime:0.000295s ]
INFO: [ app_end ] --START--
INFO: Run Behavior\ShowPageTraceBehavior [ RunTime:0.000787s ]
INFO: [ app_end ] --END-- [ RunTime:0.000849s ]

[ 2023-12-04T21:01:51+08:00 ] 101.44.83.204 /admin/login/check
INFO: [ app_init ] --START--
INFO: Run Behavior\BuildLiteBehavior [ RunTime:0.000019s ]
INFO: [ app_init ] --END-- [ RunTime:0.000532s ]
INFO: [ app_begin ] --START--
INFO: Run Behavior\ReadHtmlCacheBehavior [ RunTime:0.000645s ]
INFO: [ app_begin ] --END-- [ RunTime:0.000724s ]
SQL: SELECT * FROM `xman_admin_user` WHERE `username` = 'qinyuejun' LIMIT 1   [ RunTime:0.0005s ]
SQL: SELECT * FROM `xman_auth_group_access` WHERE `uid` = 2  [ RunTime:0.0005s ]
NOTIC: [8] Undefined index: os /www/wwwroot/ovodw.com/Application/Admin/Controller/LoginController.class.php 第 94 行.
SQL: INSERT INTO `xman_system_login_log` (`admin_user_id`,`ip`,`logtime`,`browser`,`os`) VALUES ('2','101.44.83.204','2023-12-04 21:01:51','Chrome/109.0.5414.86',NULL) [ RunTime:0.0137s ]
SQL: SELECT `title` FROM `xman_auth_rule` WHERE `name` = 'admin/login/check' LIMIT 1   [ RunTime:0.0003s ]

[ 2023-12-04T21:01:51+08:00 ] 101.44.83.204 /admin/login/check
INFO: [ app_init ] --START--
INFO: Run Behavior\BuildLiteBehavior [ RunTime:0.000019s ]
INFO: [ app_init ] --END-- [ RunTime:0.000526s ]
INFO: [ app_begin ] --START--
INFO: Run Behavior\ReadHtmlCacheBehavior [ RunTime:0.000716s ]
INFO: [ app_begin ] --END-- [ RunTime:0.000808s ]
SQL: SELECT * FROM `xman_admin_user` WHERE `username` = 'qinyuejun' LIMIT 1   [ RunTime:0.0005s ]
SQL: SELECT * FROM `xman_auth_group_access` WHERE `uid` = 2  [ RunTime:0.0005s ]
NOTIC: [8] Undefined index: os /www/wwwroot/ovodw.com/Application/Admin/Controller/LoginController.class.php 第 94 行.
SQL: INSERT INTO `xman_system_login_log` (`admin_user_id`,`ip`,`logtime`,`browser`,`os`) VALUES ('2','101.44.83.204','2023-12-04 21:01:51','Chrome/109.0.5414.86',NULL) [ RunTime:0.0036s ]
SQL: SELECT `title` FROM `xman_auth_rule` WHERE `name` = 'admin/login/check' LIMIT 1   [ RunTime:0.0002s ]

[ 2023-12-04T21:01:51+08:00 ] 101.44.83.204 /admin/login/check
INFO: [ app_init ] --START--
INFO: Run Behavior\BuildLiteBehavior [ RunTime:0.000019s ]
INFO: [ app_init ] --END-- [ RunTime:0.000506s ]
INFO: [ app_begin ] --START--
INFO: Run Behavior\ReadHtmlCacheBehavior [ RunTime:0.000725s ]
INFO: [ app_begin ] --END-- [ RunTime:0.000814s ]
SQL: SELECT * FROM `xman_admin_user` WHERE `username` = 'qinyuejun' LIMIT 1   [ RunTime:0.0004s ]
SQL: SELECT * FROM `xman_auth_group_access` WHERE `uid` = 2  [ RunTime:0.0005s ]
NOTIC: [8] Undefined index: os /www/wwwroot/ovodw.com/Application/Admin/Controller/LoginController.class.php 第 94 行.
SQL: INSERT INTO `xman_system_login_log` (`admin_user_id`,`ip`,`logtime`,`browser`,`os`) VALUES ('2','101.44.83.204','2023-12-04 21:01:51','Chrome/109.0.5414.86',NULL) [ RunTime:0.0050s ]
SQL: SELECT `title` FROM `xman_auth_rule` WHERE `name` = 'admin/login/check' LIMIT 1   [ RunTime:0.0002s ]

[ 2023-12-04T21:01:51+08:00 ] 101.44.83.204 /admin/login/check
INFO: [ app_init ] --START--
INFO: Run Behavior\BuildLiteBehavior [ RunTime:0.000025s ]
INFO: [ app_init ] --END-- [ RunTime:0.000718s ]
INFO: [ app_begin ] --START--
INFO: Run Behavior\ReadHtmlCacheBehavior [ RunTime:0.000927s ]
INFO: [ app_begin ] --END-- [ RunTime:0.001020s ]
SQL: SELECT * FROM `xman_admin_user` WHERE `username` = 'qinyuejun' LIMIT 1   [ RunTime:0.0004s ]
SQL: SELECT * FROM `xman_auth_group_access` WHERE `uid` = 2  [ RunTime:0.0004s ]
NOTIC: [8] Undefined index: os /www/wwwroot/ovodw.com/Application/Admin/Controller/LoginController.class.php 第 94 行.
SQL: INSERT INTO `xman_system_login_log` (`admin_user_id`,`ip`,`logtime`,`browser`,`os`) VALUES ('2','101.44.83.204','2023-12-04 21:01:51','Chrome/109.0.5414.86',NULL) [ RunTime:0.0034s ]
SQL: SELECT `title` FROM `xman_auth_rule` WHERE `name` = 'admin/login/check' LIMIT 1   [ RunTime:0.0002s ]

[ 2023-12-04T21:01:51+08:00 ] 101.44.83.204 /admin/login/check
INFO: [ app_init ] --START--
INFO: Run Behavior\BuildLiteBehavior [ RunTime:0.000019s ]
INFO: [ app_init ] --END-- [ RunTime:0.000530s ]
INFO: [ app_begin ] --START--
INFO: Run Behavior\ReadHtmlCacheBehavior [ RunTime:0.000622s ]
INFO: [ app_begin ] --END-- [ RunTime:0.000690s ]
SQL: SELECT * FROM `xman_admin_user` WHERE `username` = 'qinyuejun' LIMIT 1   [ RunTime:0.0004s ]
SQL: SELECT * FROM `xman_auth_group_access` WHERE `uid` = 2  [ RunTime:0.0005s ]
NOTIC: [8] Undefined index: os /www/wwwroot/ovodw.com/Application/Admin/Controller/LoginController.class.php 第 94 行.
SQL: INSERT INTO `xman_system_login_log` (`admin_user_id`,`ip`,`logtime`,`browser`,`os`) VALUES ('2','101.44.83.204','2023-12-04 21:01:51','Chrome/109.0.5414.86',NULL) [ RunTime:0.0050s ]
SQL: SELECT `title` FROM `xman_auth_rule` WHERE `name` = 'admin/login/check' LIMIT 1   [ RunTime:0.0003s ]

[ 2023-12-04T21:01:52+08:00 ] 101.44.83.204 /admin/login/check
INFO: [ app_init ] --START--
INFO: Run Behavior\BuildLiteBehavior [ RunTime:0.000023s ]
INFO: [ app_init ] --END-- [ RunTime:0.000622s ]
INFO: [ app_begin ] --START--
INFO: Run Behavior\ReadHtmlCacheBehavior [ RunTime:0.001072s ]
INFO: [ app_begin ] --END-- [ RunTime:0.001181s ]
SQL: SELECT * FROM `xman_admin_user` WHERE `username` = 'qinyuejun' LIMIT 1   [ RunTime:0.0004s ]
SQL: SELECT * FROM `xman_auth_group_access` WHERE `uid` = 2  [ RunTime:0.0004s ]
NOTIC: [8] Undefined index: os /www/wwwroot/ovodw.com/Application/Admin/Controller/LoginController.class.php 第 94 行.
SQL: INSERT INTO `xman_system_login_log` (`admin_user_id`,`ip`,`logtime`,`browser`,`os`) VALUES ('2','101.44.83.204','2023-12-04 21:01:52','Chrome/109.0.5414.86',NULL) [ RunTime:0.0061s ]
SQL: SELECT `title` FROM `xman_auth_rule` WHERE `name` = 'admin/login/check' LIMIT 1   [ RunTime:0.0003s ]

[ 2023-12-04T21:01:52+08:00 ] 101.44.83.204 /admin/login/check
INFO: [ app_init ] --START--
INFO: Run Behavior\BuildLiteBehavior [ RunTime:0.000019s ]
INFO: [ app_init ] --END-- [ RunTime:0.000541s ]
INFO: [ app_begin ] --START--
INFO: Run Behavior\ReadHtmlCacheBehavior [ RunTime:0.000683s ]
INFO: [ app_begin ] --END-- [ RunTime:0.000763s ]
SQL: SELECT * FROM `xman_admin_user` WHERE `username` = 'qinyuejun' LIMIT 1   [ RunTime:0.0005s ]
SQL: SELECT * FROM `xman_auth_group_access` WHERE `uid` = 2  [ RunTime:0.0005s ]
NOTIC: [8] Undefined index: os /www/wwwroot/ovodw.com/Application/Admin/Controller/LoginController.class.php 第 94 行.
SQL: INSERT INTO `xman_system_login_log` (`admin_user_id`,`ip`,`logtime`,`browser`,`os`) VALUES ('2','101.44.83.204','2023-12-04 21:01:52','Chrome/109.0.5414.86',NULL) [ RunTime:0.0067s ]
SQL: SELECT `title` FROM `xman_auth_rule` WHERE `name` = 'admin/login/check' LIMIT 1   [ RunTime:0.0007s ]

[ 2023-12-04T21:01:52+08:00 ] 101.44.83.204 /admin/login/check
INFO: [ app_init ] --START--
INFO: Run Behavior\BuildLiteBehavior [ RunTime:0.000020s ]
INFO: [ app_init ] --END-- [ RunTime:0.000519s ]
INFO: [ app_begin ] --START--
INFO: Run Behavior\ReadHtmlCacheBehavior [ RunTime:0.000611s ]
INFO: [ app_begin ] --END-- [ RunTime:0.000712s ]
SQL: SELECT * FROM `xman_admin_user` WHERE `username` = 'qinyuejun' LIMIT 1   [ RunTime:0.0005s ]
SQL: SELECT * FROM `xman_auth_group_access` WHERE `uid` = 2  [ RunTime:0.0005s ]
NOTIC: [8] Undefined index: os /www/wwwroot/ovodw.com/Application/Admin/Controller/LoginController.class.php 第 94 行.
SQL: INSERT INTO `xman_system_login_log` (`admin_user_id`,`ip`,`logtime`,`browser`,`os`) VALUES ('2','101.44.83.204','2023-12-04 21:01:52','Chrome/109.0.5414.86',NULL) [ RunTime:0.0052s ]
SQL: SELECT `title` FROM `xman_auth_rule` WHERE `name` = 'admin/login/check' LIMIT 1   [ RunTime:0.0003s ]

[ 2023-12-04T21:01:52+08:00 ] 101.44.83.204 /admin/login/check
INFO: [ app_init ] --START--
INFO: Run Behavior\BuildLiteBehavior [ RunTime:0.000014s ]
INFO: [ app_init ] --END-- [ RunTime:0.000506s ]
INFO: [ app_begin ] --START--
INFO: Run Behavior\ReadHtmlCacheBehavior [ RunTime:0.000479s ]
INFO: [ app_begin ] --END-- [ RunTime:0.000529s ]
SQL: SELECT * FROM `xman_admin_user` WHERE `username` = 'qinyuejun' LIMIT 1   [ RunTime:0.0004s ]
SQL: SELECT * FROM `xman_auth_group_access` WHERE `uid` = 2  [ RunTime:0.0004s ]
NOTIC: [8] Undefined index: os /www/wwwroot/ovodw.com/Application/Admin/Controller/LoginController.class.php 第 94 行.
SQL: INSERT INTO `xman_system_login_log` (`admin_user_id`,`ip`,`logtime`,`browser`,`os`) VALUES ('2','101.44.83.204','2023-12-04 21:01:52','Chrome/109.0.5414.86',NULL) [ RunTime:0.0039s ]
SQL: SELECT `title` FROM `xman_auth_rule` WHERE `name` = 'admin/login/check' LIMIT 1   [ RunTime:0.0002s ]

[ 2023-12-04T21:01:52+08:00 ] 101.44.83.204 /admin/index/index
INFO: [ app_init ] --START--
INFO: Run Behavior\BuildLiteBehavior [ RunTime:0.000026s ]
INFO: [ app_init ] --END-- [ RunTime:0.000716s ]
INFO: [ app_begin ] --START--
INFO: Run Behavior\ReadHtmlCacheBehavior [ RunTime:0.000890s ]
INFO: [ app_begin ] --END-- [ RunTime:0.000990s ]
SQL: SELECT COUNT(*) AS tp_count FROM `xman_auth_rule` WHERE `status` = 1 AND `name` = 'admin/index/index' LIMIT 1   [ RunTime:0.0003s ]
SQL: SHOW COLUMNS FROM `xman_auth_group_access` [ RunTime:0.0009s ]
SQL: SELECT `uid`,`group_id`,`title`,`rules` FROM xman_auth_group_access a INNER JOIN xman_auth_group g on a.group_id=g.id  WHERE ( a.uid='2' and g.status='1' )  [ RunTime:0.0003s ]
SQL: SELECT * FROM `xman_auth_menus` WHERE `pid` = 0  [ RunTime:0.0003s ]
SQL: SELECT * FROM `xman_admin_user` WHERE `id` = 2 LIMIT 1   [ RunTime:0.0002s ]
SQL: SELECT * FROM `xman_system_skin` WHERE `user_id` = 2 LIMIT 1   [ RunTime:0.0003s ]
INFO: [ view_parse ] --START--
INFO: [ template_filter ] --START--
INFO: Run Behavior\ContentReplaceBehavior [ RunTime:0.000114s ]
INFO: [ template_filter ] --END-- [ RunTime:0.000193s ]
INFO: Run Behavior\ParseTemplateBehavior [ RunTime:0.014443s ]
INFO: [ view_parse ] --END-- [ RunTime:0.014494s ]
INFO: [ view_filter ] --START--
INFO: Run Behavior\WriteHtmlCacheBehavior [ RunTime:0.000249s ]
INFO: [ view_filter ] --END-- [ RunTime:0.000296s ]
INFO: [ app_end ] --START--
INFO: Run Behavior\ShowPageTraceBehavior [ RunTime:0.000756s ]
INFO: [ app_end ] --END-- [ RunTime:0.000929s ]

[ 2023-12-04T21:01:52+08:00 ] 101.44.83.204 /admin/login/check
INFO: [ app_init ] --START--
INFO: Run Behavior\BuildLiteBehavior [ RunTime:0.000020s ]
INFO: [ app_init ] --END-- [ RunTime:0.000587s ]
INFO: [ app_begin ] --START--
INFO: Run Behavior\ReadHtmlCacheBehavior [ RunTime:0.000727s ]
INFO: [ app_begin ] --END-- [ RunTime:0.000808s ]
SQL: SELECT * FROM `xman_admin_user` WHERE `username` = 'qinyuejun' LIMIT 1   [ RunTime:0.0003s ]
SQL: SELECT * FROM `xman_auth_group_access` WHERE `uid` = 2  [ RunTime:0.0005s ]
NOTIC: [8] Undefined index: os /www/wwwroot/ovodw.com/Application/Admin/Controller/LoginController.class.php 第 94 行.
SQL: INSERT INTO `xman_system_login_log` (`admin_user_id`,`ip`,`logtime`,`browser`,`os`) VALUES ('2','101.44.83.204','2023-12-04 21:01:52','Chrome/109.0.5414.86',NULL) [ RunTime:0.0040s ]
SQL: SELECT `title` FROM `xman_auth_rule` WHERE `name` = 'admin/login/check' LIMIT 1   [ RunTime:0.0004s ]

[ 2023-12-04T21:01:52+08:00 ] 101.44.83.204 /admin/index/index
INFO: [ app_init ] --START--
INFO: Run Behavior\BuildLiteBehavior [ RunTime:0.000025s ]
INFO: [ app_init ] --END-- [ RunTime:0.000619s ]
INFO: [ app_begin ] --START--
INFO: Run Behavior\ReadHtmlCacheBehavior [ RunTime:0.001920s ]
INFO: [ app_begin ] --END-- [ RunTime:0.002017s ]
SQL: SELECT COUNT(*) AS tp_count FROM `xman_auth_rule` WHERE `status` = 1 AND `name` = 'admin/index/index' LIMIT 1   [ RunTime:0.0004s ]
SQL: SHOW COLUMNS FROM `xman_auth_group_access` [ RunTime:0.0016s ]
SQL: SELECT `uid`,`group_id`,`title`,`rules` FROM xman_auth_group_access a INNER JOIN xman_auth_group g on a.group_id=g.id  WHERE ( a.uid='2' and g.status='1' )  [ RunTime:0.0006s ]
SQL: SELECT * FROM `xman_auth_menus` WHERE `pid` = 0  [ RunTime:0.0003s ]
SQL: SELECT * FROM `xman_admin_user` WHERE `id` = 2 LIMIT 1   [ RunTime:0.0003s ]
SQL: SELECT * FROM `xman_system_skin` WHERE `user_id` = 2 LIMIT 1   [ RunTime:0.0003s ]
INFO: [ view_parse ] --START--
INFO: [ template_filter ] --START--
INFO: Run Behavior\ContentReplaceBehavior [ RunTime:0.000185s ]
INFO: [ template_filter ] --END-- [ RunTime:0.000286s ]
INFO: Run Behavior\ParseTemplateBehavior [ RunTime:0.019890s ]
INFO: [ view_parse ] --END-- [ RunTime:0.020054s ]
INFO: [ view_filter ] --START--
INFO: Run Behavior\WriteHtmlCacheBehavior [ RunTime:0.000255s ]
INFO: [ view_filter ] --END-- [ RunTime:0.000315s ]
INFO: [ app_end ] --START--
INFO: Run Behavior\ShowPageTraceBehavior [ RunTime:0.001167s ]
INFO: [ app_end ] --END-- [ RunTime:0.001256s ]

[ 2023-12-04T21:01:52+08:00 ] 101.44.83.204 /admin/index/index
INFO: [ app_init ] --START--
INFO: Run Behavior\BuildLiteBehavior [ RunTime:0.000019s ]
INFO: [ app_init ] --END-- [ RunTime:0.000513s ]
INFO: [ app_begin ] --START--
INFO: Run Behavior\ReadHtmlCacheBehavior [ RunTime:0.000679s ]
INFO: [ app_begin ] --END-- [ RunTime:0.000759s ]
SQL: SELECT COUNT(*) AS tp_count FROM `xman_auth_rule` WHERE `status` = 1 AND `name` = 'admin/index/index' LIMIT 1   [ RunTime:0.0004s ]
SQL: SHOW COLUMNS FROM `xman_auth_group_access` [ RunTime:0.0012s ]
SQL: SELECT `uid`,`group_id`,`title`,`rules` FROM xman_auth_group_access a INNER JOIN xman_auth_group g on a.group_id=g.id  WHERE ( a.uid='2' and g.status='1' )  [ RunTime:0.0005s ]
SQL: SELECT * FROM `xman_auth_menus` WHERE `pid` = 0  [ RunTime:0.0003s ]
SQL: SELECT * FROM `xman_admin_user` WHERE `id` = 2 LIMIT 1   [ RunTime:0.0003s ]
SQL: SELECT * FROM `xman_system_skin` WHERE `user_id` = 2 LIMIT 1   [ RunTime:0.0007s ]
INFO: [ view_parse ] --START--
INFO: [ template_filter ] --START--
INFO: Run Behavior\ContentReplaceBehavior [ RunTime:0.000120s ]
INFO: [ template_filter ] --END-- [ RunTime:0.000209s ]
INFO: Run Behavior\ParseTemplateBehavior [ RunTime:0.021941s ]
INFO: [ view_parse ] --END-- [ RunTime:0.022027s ]
INFO: [ view_filter ] --START--
INFO: Run Behavior\WriteHtmlCacheBehavior [ RunTime:0.000287s ]
INFO: [ view_filter ] --END-- [ RunTime:0.000448s ]
INFO: [ app_end ] --START--
INFO: Run Behavior\ShowPageTraceBehavior [ RunTime:0.000754s ]
INFO: [ app_end ] --END-- [ RunTime:0.000819s ]

[ 2023-12-04T21:01:53+08:00 ] 101.44.83.204 /admin/index/index
INFO: [ app_init ] --START--
INFO: Run Behavior\BuildLiteBehavior [ RunTime:0.000020s ]
INFO: [ app_init ] --END-- [ RunTime:0.000502s ]
INFO: [ app_begin ] --START--
INFO: Run Behavior\ReadHtmlCacheBehavior [ RunTime:0.000773s ]
INFO: [ app_begin ] --END-- [ RunTime:0.000844s ]
SQL: SELECT COUNT(*) AS tp_count FROM `xman_auth_rule` WHERE `status` = 1 AND `name` = 'admin/index/index' LIMIT 1   [ RunTime:0.0005s ]
SQL: SHOW COLUMNS FROM `xman_auth_group_access` [ RunTime:0.0015s ]
SQL: SELECT `uid`,`group_id`,`title`,`rules` FROM xman_auth_group_access a INNER JOIN xman_auth_group g on a.group_id=g.id  WHERE ( a.uid='2' and g.status='1' )  [ RunTime:0.0006s ]
SQL: SELECT * FROM `xman_auth_menus` WHERE `pid` = 0  [ RunTime:0.0003s ]
SQL: SELECT * FROM `xman_admin_user` WHERE `id` = 2 LIMIT 1   [ RunTime:0.0003s ]
SQL: SELECT * FROM `xman_system_skin` WHERE `user_id` = 2 LIMIT 1   [ RunTime:0.0003s ]
INFO: [ view_parse ] --START--
INFO: [ template_filter ] --START--
INFO: Run Behavior\ContentReplaceBehavior [ RunTime:0.000100s ]
INFO: [ template_filter ] --END-- [ RunTime:0.000196s ]
INFO: Run Behavior\ParseTemplateBehavior [ RunTime:0.020807s ]
INFO: [ view_parse ] --END-- [ RunTime:0.021111s ]
INFO: [ view_filter ] --START--
INFO: Run Behavior\WriteHtmlCacheBehavior [ RunTime:0.000327s ]
INFO: [ view_filter ] --END-- [ RunTime:0.000390s ]
INFO: [ app_end ] --START--
INFO: Run Behavior\ShowPageTraceBehavior [ RunTime:0.001220s ]
INFO: [ app_end ] --END-- [ RunTime:0.001423s ]

[ 2023-12-04T21:01:53+08:00 ] 101.44.83.204 /admin/index/index
INFO: [ app_init ] --START--
INFO: Run Behavior\BuildLiteBehavior [ RunTime:0.000020s ]
INFO: [ app_init ] --END-- [ RunTime:0.000591s ]
INFO: [ app_begin ] --START--
INFO: Run Behavior\ReadHtmlCacheBehavior [ RunTime:0.000703s ]
INFO: [ app_begin ] --END-- [ RunTime:0.000778s ]
SQL: SELECT COUNT(*) AS tp_count FROM `xman_auth_rule` WHERE `status` = 1 AND `name` = 'admin/index/index' LIMIT 1   [ RunTime:0.0004s ]
SQL: SHOW COLUMNS FROM `xman_auth_group_access` [ RunTime:0.0013s ]
SQL: SELECT `uid`,`group_id`,`title`,`rules` FROM xman_auth_group_access a INNER JOIN xman_auth_group g on a.group_id=g.id  WHERE ( a.uid='2' and g.status='1' )  [ RunTime:0.0005s ]
SQL: SELECT * FROM `xman_auth_menus` WHERE `pid` = 0  [ RunTime:0.0003s ]
SQL: SELECT * FROM `xman_admin_user` WHERE `id` = 2 LIMIT 1   [ RunTime:0.0003s ]
SQL: SELECT * FROM `xman_system_skin` WHERE `user_id` = 2 LIMIT 1   [ RunTime:0.0003s ]
INFO: [ view_parse ] --START--
INFO: [ template_filter ] --START--
INFO: Run Behavior\ContentReplaceBehavior [ RunTime:0.000097s ]
INFO: [ template_filter ] --END-- [ RunTime:0.000183s ]
INFO: Run Behavior\ParseTemplateBehavior [ RunTime:0.017276s ]
INFO: [ view_parse ] --END-- [ RunTime:0.017342s ]
INFO: [ view_filter ] --START--
INFO: Run Behavior\WriteHtmlCacheBehavior [ RunTime:0.000364s ]
INFO: [ view_filter ] --END-- [ RunTime:0.000442s ]
INFO: [ app_end ] --START--
INFO: Run Behavior\ShowPageTraceBehavior [ RunTime:0.001069s ]
INFO: [ app_end ] --END-- [ RunTime:0.001166s ]

[ 2023-12-04T21:01:53+08:00 ] 101.44.83.204 /admin/index/index
INFO: [ app_init ] --START--
INFO: Run Behavior\BuildLiteBehavior [ RunTime:0.000019s ]
INFO: [ app_init ] --END-- [ RunTime:0.000484s ]
INFO: [ app_begin ] --START--
INFO: Run Behavior\ReadHtmlCacheBehavior [ RunTime:0.000614s ]
INFO: [ app_begin ] --END-- [ RunTime:0.000686s ]
SQL: SELECT COUNT(*) AS tp_count FROM `xman_auth_rule` WHERE `status` = 1 AND `name` = 'admin/index/index' LIMIT 1   [ RunTime:0.0004s ]
SQL: SHOW COLUMNS FROM `xman_auth_group_access` [ RunTime:0.0013s ]
SQL: SELECT `uid`,`group_id`,`title`,`rules` FROM xman_auth_group_access a INNER JOIN xman_auth_group g on a.group_id=g.id  WHERE ( a.uid='2' and g.status='1' )  [ RunTime:0.0005s ]
SQL: SELECT * FROM `xman_auth_menus` WHERE `pid` = 0  [ RunTime:0.0003s ]
SQL: SELECT * FROM `xman_admin_user` WHERE `id` = 2 LIMIT 1   [ RunTime:0.0003s ]
SQL: SELECT * FROM `xman_system_skin` WHERE `user_id` = 2 LIMIT 1   [ RunTime:0.0003s ]
INFO: [ view_parse ] --START--
INFO: [ template_filter ] --START--
INFO: Run Behavior\ContentReplaceBehavior [ RunTime:0.000098s ]
INFO: [ template_filter ] --END-- [ RunTime:0.000190s ]
INFO: Run Behavior\ParseTemplateBehavior [ RunTime:0.017695s ]
INFO: [ view_parse ] --END-- [ RunTime:0.017762s ]
INFO: [ view_filter ] --START--
INFO: Run Behavior\WriteHtmlCacheBehavior [ RunTime:0.000258s ]
INFO: [ view_filter ] --END-- [ RunTime:0.000321s ]
INFO: [ app_end ] --START--
INFO: Run Behavior\ShowPageTraceBehavior [ RunTime:0.001134s ]
INFO: [ app_end ] --END-- [ RunTime:0.001229s ]

[ 2023-12-04T21:01:53+08:00 ] 101.44.83.204 /admin/index/index
INFO: [ app_init ] --START--
INFO: Run Behavior\BuildLiteBehavior [ RunTime:0.000020s ]
INFO: [ app_init ] --END-- [ RunTime:0.000582s ]
INFO: [ app_begin ] --START--
INFO: Run Behavior\ReadHtmlCacheBehavior [ RunTime:0.000785s ]
INFO: [ app_begin ] --END-- [ RunTime:0.000870s ]
SQL: SELECT COUNT(*) AS tp_count FROM `xman_auth_rule` WHERE `status` = 1 AND `name` = 'admin/index/index' LIMIT 1   [ RunTime:0.0004s ]
SQL: SHOW COLUMNS FROM `xman_auth_group_access` [ RunTime:0.0014s ]
SQL: SELECT `uid`,`group_id`,`title`,`rules` FROM xman_auth_group_access a INNER JOIN xman_auth_group g on a.group_id=g.id  WHERE ( a.uid='2' and g.status='1' )  [ RunTime:0.0004s ]
SQL: SELECT * FROM `xman_auth_menus` WHERE `pid` = 0  [ RunTime:0.0003s ]
SQL: SELECT * FROM `xman_admin_user` WHERE `id` = 2 LIMIT 1   [ RunTime:0.0003s ]
SQL: SELECT * FROM `xman_system_skin` WHERE `user_id` = 2 LIMIT 1   [ RunTime:0.0003s ]
INFO: [ view_parse ] --START--
INFO: [ template_filter ] --START--
INFO: Run Behavior\ContentReplaceBehavior [ RunTime:0.000097s ]
INFO: [ template_filter ] --END-- [ RunTime:0.000184s ]
INFO: Run Behavior\ParseTemplateBehavior [ RunTime:0.017853s ]
INFO: [ view_parse ] --END-- [ RunTime:0.017989s ]
INFO: [ view_filter ] --START--
INFO: Run Behavior\WriteHtmlCacheBehavior [ RunTime:0.000286s ]
INFO: [ view_filter ] --END-- [ RunTime:0.000346s ]
INFO: [ app_end ] --START--
INFO: Run Behavior\ShowPageTraceBehavior [ RunTime:0.000841s ]
INFO: [ app_end ] --END-- [ RunTime:0.000905s ]

[ 2023-12-04T21:01:53+08:00 ] 101.44.83.204 /admin/index/index
INFO: [ app_init ] --START--
INFO: Run Behavior\BuildLiteBehavior [ RunTime:0.000021s ]
INFO: [ app_init ] --END-- [ RunTime:0.000542s ]
INFO: [ app_begin ] --START--
INFO: Run Behavior\ReadHtmlCacheBehavior [ RunTime:0.000700s ]
INFO: [ app_begin ] --END-- [ RunTime:0.000782s ]
SQL: SELECT COUNT(*) AS tp_count FROM `xman_auth_rule` WHERE `status` = 1 AND `name` = 'admin/index/index' LIMIT 1   [ RunTime:0.0004s ]
SQL: SHOW COLUMNS FROM `xman_auth_group_access` [ RunTime:0.0012s ]
SQL: SELECT `uid`,`group_id`,`title`,`rules` FROM xman_auth_group_access a INNER JOIN xman_auth_group g on a.group_id=g.id  WHERE ( a.uid='2' and g.status='1' )  [ RunTime:0.0005s ]
SQL: SELECT * FROM `xman_auth_menus` WHERE `pid` = 0  [ RunTime:0.0003s ]
SQL: SELECT * FROM `xman_admin_user` WHERE `id` = 2 LIMIT 1   [ RunTime:0.0010s ]
SQL: SELECT * FROM `xman_system_skin` WHERE `user_id` = 2 LIMIT 1   [ RunTime:0.0006s ]
INFO: [ view_parse ] --START--
INFO: [ template_filter ] --START--
INFO: Run Behavior\ContentReplaceBehavior [ RunTime:0.000150s ]
INFO: [ template_filter ] --END-- [ RunTime:0.000259s ]
INFO: Run Behavior\ParseTemplateBehavior [ RunTime:0.019816s ]
INFO: [ view_parse ] --END-- [ RunTime:0.019891s ]
INFO: [ view_filter ] --START--
INFO: Run Behavior\WriteHtmlCacheBehavior [ RunTime:0.000296s ]
INFO: [ view_filter ] --END-- [ RunTime:0.000383s ]
INFO: [ app_end ] --START--
INFO: Run Behavior\ShowPageTraceBehavior [ RunTime:0.000899s ]
INFO: [ app_end ] --END-- [ RunTime:0.000964s ]

[ 2023-12-04T21:01:53+08:00 ] 101.44.83.204 /admin/index/index
INFO: [ app_init ] --START--
INFO: Run Behavior\BuildLiteBehavior [ RunTime:0.000073s ]
INFO: [ app_init ] --END-- [ RunTime:0.000553s ]
INFO: [ app_begin ] --START--
INFO: Run Behavior\ReadHtmlCacheBehavior [ RunTime:0.000743s ]
INFO: [ app_begin ] --END-- [ RunTime:0.000819s ]
SQL: SELECT COUNT(*) AS tp_count FROM `xman_auth_rule` WHERE `status` = 1 AND `name` = 'admin/index/index' LIMIT 1   [ RunTime:0.0004s ]
SQL: SHOW COLUMNS FROM `xman_auth_group_access` [ RunTime:0.0015s ]
SQL: SELECT `uid`,`group_id`,`title`,`rules` FROM xman_auth_group_access a INNER JOIN xman_auth_group g on a.group_id=g.id  WHERE ( a.uid='2' and g.status='1' )  [ RunTime:0.0005s ]
SQL: SELECT * FROM `xman_auth_menus` WHERE `pid` = 0  [ RunTime:0.0008s ]
SQL: SELECT * FROM `xman_admin_user` WHERE `id` = 2 LIMIT 1   [ RunTime:0.0004s ]
SQL: SELECT * FROM `xman_system_skin` WHERE `user_id` = 2 LIMIT 1   [ RunTime:0.0004s ]
INFO: [ view_parse ] --START--
INFO: [ template_filter ] --START--
INFO: Run Behavior\ContentReplaceBehavior [ RunTime:0.000147s ]
INFO: [ template_filter ] --END-- [ RunTime:0.000269s ]
INFO: Run Behavior\ParseTemplateBehavior [ RunTime:0.027357s ]
INFO: [ view_parse ] --END-- [ RunTime:0.027494s ]
INFO: [ view_filter ] --START--
INFO: Run Behavior\WriteHtmlCacheBehavior [ RunTime:0.000370s ]
INFO: [ view_filter ] --END-- [ RunTime:0.000457s ]
INFO: [ app_end ] --START--
INFO: Run Behavior\ShowPageTraceBehavior [ RunTime:0.001098s ]
INFO: [ app_end ] --END-- [ RunTime:0.001192s ]

[ 2023-12-04T21:01:54+08:00 ] 101.44.83.204 /admin/index/index
INFO: [ app_init ] --START--
INFO: Run Behavior\BuildLiteBehavior [ RunTime:0.000020s ]
INFO: [ app_init ] --END-- [ RunTime:0.000527s ]
INFO: [ app_begin ] --START--
INFO: Run Behavior\ReadHtmlCacheBehavior [ RunTime:0.000661s ]
INFO: [ app_begin ] --END-- [ RunTime:0.000740s ]
SQL: SELECT COUNT(*) AS tp_count FROM `xman_auth_rule` WHERE `status` = 1 AND `name` = 'admin/index/index' LIMIT 1   [ RunTime:0.0004s ]
SQL: SHOW COLUMNS FROM `xman_auth_group_access` [ RunTime:0.0012s ]
SQL: SELECT `uid`,`group_id`,`title`,`rules` FROM xman_auth_group_access a INNER JOIN xman_auth_group g on a.group_id=g.id  WHERE ( a.uid='2' and g.status='1' )  [ RunTime:0.0009s ]
SQL: SELECT * FROM `xman_auth_menus` WHERE `pid` = 0  [ RunTime:0.0004s ]
SQL: SELECT * FROM `xman_admin_user` WHERE `id` = 2 LIMIT 1   [ RunTime:0.0004s ]
SQL: SELECT * FROM `xman_system_skin` WHERE `user_id` = 2 LIMIT 1   [ RunTime:0.0008s ]
INFO: [ view_parse ] --START--
INFO: [ template_filter ] --START--
INFO: Run Behavior\ContentReplaceBehavior [ RunTime:0.000095s ]
INFO: [ template_filter ] --END-- [ RunTime:0.000183s ]
INFO: Run Behavior\ParseTemplateBehavior [ RunTime:0.018291s ]
INFO: [ view_parse ] --END-- [ RunTime:0.018416s ]
INFO: [ view_filter ] --START--
INFO: Run Behavior\WriteHtmlCacheBehavior [ RunTime:0.000272s ]
INFO: [ view_filter ] --END-- [ RunTime:0.000331s ]
INFO: [ app_end ] --START--
INFO: Run Behavior\ShowPageTraceBehavior [ RunTime:0.000758s ]
INFO: [ app_end ] --END-- [ RunTime:0.000822s ]

[ 2023-12-04T21:01:54+08:00 ] 101.44.83.204 /index.php/Admin/Index/main.html
INFO: [ app_init ] --START--
INFO: Run Behavior\BuildLiteBehavior [ RunTime:0.000019s ]
INFO: [ app_init ] --END-- [ RunTime:0.000557s ]
INFO: [ app_begin ] --START--
INFO: Run Behavior\ReadHtmlCacheBehavior [ RunTime:0.000757s ]
INFO: [ app_begin ] --END-- [ RunTime:0.000830s ]
SQL: SELECT COUNT(*) AS tp_count FROM `xman_auth_rule` WHERE `status` = 1 AND `name` = 'admin/index/main' LIMIT 1   [ RunTime:0.0004s ]
INFO: [ view_parse ] --START--
INFO: [ template_filter ] --START--
INFO: Run Behavior\ContentReplaceBehavior [ RunTime:0.000051s ]
INFO: [ template_filter ] --END-- [ RunTime:0.000129s ]
INFO: Run Behavior\ParseTemplateBehavior [ RunTime:0.008785s ]
INFO: [ view_parse ] --END-- [ RunTime:0.008869s ]
INFO: [ view_filter ] --START--
INFO: Run Behavior\WriteHtmlCacheBehavior [ RunTime:0.000221s ]
INFO: [ view_filter ] --END-- [ RunTime:0.000278s ]
INFO: [ app_end ] --START--
INFO: Run Behavior\ShowPageTraceBehavior [ RunTime:0.000740s ]
INFO: [ app_end ] --END-- [ RunTime:0.000802s ]

[ 2023-12-04T21:01:55+08:00 ] 101.44.83.204 /admin/index/getmenu/id/1
INFO: [ app_init ] --START--
INFO: Run Behavior\BuildLiteBehavior [ RunTime:0.000020s ]
INFO: [ app_init ] --END-- [ RunTime:0.000514s ]
INFO: [ app_begin ] --START--
INFO: Run Behavior\ReadHtmlCacheBehavior [ RunTime:0.001282s ]
INFO: [ app_begin ] --END-- [ RunTime:0.001379s ]
SQL: SELECT COUNT(*) AS tp_count FROM `xman_auth_rule` WHERE `status` = 1 AND `name` = 'admin/index/getmenu' LIMIT 1   [ RunTime:0.0004s ]
SQL: SHOW COLUMNS FROM `xman_auth_group_access` [ RunTime:0.0013s ]
SQL: SELECT `uid`,`group_id`,`title`,`rules` FROM xman_auth_group_access a INNER JOIN xman_auth_group g on a.group_id=g.id  WHERE ( a.uid='2' and g.status='1' )  [ RunTime:0.0005s ]
SQL: SELECT a.*,r.name as href,r.is_url FROM xman_auth_menus as a left JOIN xman_auth_rule as r on r.id=a.rule_id  WHERE a.pid = '1' AND r.status = '1'  [ RunTime:0.0005s ]
SQL: SELECT a.*,r.name as href FROM xman_auth_menus as a left JOIN xman_auth_rule as r on r.id=a.rule_id  WHERE a.pid = '39'  [ RunTime:0.0003s ]
SQL: SELECT a.*,r.name as href FROM xman_auth_menus as a left JOIN xman_auth_rule as r on r.id=a.rule_id  WHERE a.pid = '40'  [ RunTime:0.0004s ]
SQL: SELECT a.*,r.name as href FROM xman_auth_menus as a left JOIN xman_auth_rule as r on r.id=a.rule_id  WHERE a.pid = '41'  [ RunTime:0.0004s ]
SQL: SELECT a.*,r.name as href FROM xman_auth_menus as a left JOIN xman_auth_rule as r on r.id=a.rule_id  WHERE a.pid = '42'  [ RunTime:0.0004s ]
SQL: SELECT a.*,r.name as href FROM xman_auth_menus as a left JOIN xman_auth_rule as r on r.id=a.rule_id  WHERE a.pid = '43'  [ RunTime:0.0004s ]
SQL: SELECT a.*,r.name as href FROM xman_auth_menus as a left JOIN xman_auth_rule as r on r.id=a.rule_id  WHERE a.pid = '44'  [ RunTime:0.0015s ]

[ 2023-12-04T21:01:57+08:00 ] 101.44.83.204 /admin/code/index
INFO: [ app_init ] --START--
INFO: Run Behavior\BuildLiteBehavior [ RunTime:0.000025s ]
INFO: [ app_init ] --END-- [ RunTime:0.000629s ]
INFO: [ app_begin ] --START--
INFO: Run Behavior\ReadHtmlCacheBehavior [ RunTime:0.000717s ]
INFO: [ app_begin ] --END-- [ RunTime:0.000811s ]
SQL: SELECT COUNT(*) AS tp_count FROM `xman_auth_rule` WHERE `status` = 1 AND `name` = 'admin/code/index' LIMIT 1   [ RunTime:0.0004s ]
SQL: SHOW COLUMNS FROM `xman_auth_group_access` [ RunTime:0.0017s ]
SQL: SELECT `uid`,`group_id`,`title`,`rules` FROM xman_auth_group_access a INNER JOIN xman_auth_group g on a.group_id=g.id  WHERE ( a.uid='2' and g.status='1' )  [ RunTime:0.0005s ]
SQL: SHOW COLUMNS FROM `xman_auth_rule` [ RunTime:0.0013s ]
SQL: SELECT `condition`,`name` FROM `xman_auth_rule` WHERE `id` IN ('27','154','29','12','65','66','17','1','2','5','6','10','18','41','42','43','32','37','38','39','40','19','44','45','46','47','48','50','149','150','151','152','153','156','157','159','160','161') AND `type` = 1 AND `status` = 1  [ RunTime:0.0008s ]
INFO: [ view_parse ] --START--
INFO: [ template_filter ] --START--
INFO: Run Behavior\ContentReplaceBehavior [ RunTime:0.000073s ]
INFO: [ template_filter ] --END-- [ RunTime:0.000166s ]
INFO: Run Behavior\ParseTemplateBehavior [ RunTime:0.010019s ]
INFO: [ view_parse ] --END-- [ RunTime:0.010108s ]
INFO: [ view_filter ] --START--
INFO: Run Behavior\WriteHtmlCacheBehavior [ RunTime:0.000229s ]
INFO: [ view_filter ] --END-- [ RunTime:0.000288s ]
INFO: [ app_end ] --START--
INFO: Run Behavior\ShowPageTraceBehavior [ RunTime:0.000739s ]
INFO: [ app_end ] --END-- [ RunTime:0.000805s ]

[ 2023-12-04T21:01:58+08:00 ] 101.44.83.204 /admin/Code/index
INFO: [ app_init ] --START--
INFO: Run Behavior\BuildLiteBehavior [ RunTime:0.000019s ]
INFO: [ app_init ] --END-- [ RunTime:0.000495s ]
INFO: [ app_begin ] --START--
INFO: Run Behavior\ReadHtmlCacheBehavior [ RunTime:0.000660s ]
INFO: [ app_begin ] --END-- [ RunTime:0.000732s ]
SQL: SELECT COUNT(*) AS tp_count FROM `xman_auth_rule` WHERE `status` = 1 AND `name` = 'admin/code/index' LIMIT 1   [ RunTime:0.0004s ]
SQL: SHOW COLUMNS FROM `xman_auth_group_access` [ RunTime:0.0012s ]
SQL: SELECT `uid`,`group_id`,`title`,`rules` FROM xman_auth_group_access a INNER JOIN xman_auth_group g on a.group_id=g.id  WHERE ( a.uid='2' and g.status='1' )  [ RunTime:0.0004s ]
SQL: SHOW COLUMNS FROM `xman_auth_rule` [ RunTime:0.0011s ]
SQL: SELECT `condition`,`name` FROM `xman_auth_rule` WHERE `id` IN ('27','154','29','12','65','66','17','1','2','5','6','10','18','41','42','43','32','37','38','39','40','19','44','45','46','47','48','50','149','150','151','152','153','156','157','159','160','161') AND `type` = 1 AND `status` = 1  [ RunTime:0.0006s ]
NOTIC: [8] Undefined index: para /www/wwwroot/ovodw.com/Application/Admin/Controller/CodeController.class.php 第 33 行.
SQL: SELECT * FROM `xman_code` WHERE (  1  ) ORDER BY addtime DESC LIMIT 0,15   [ RunTime:0.0653s ]
SQL: SELECT COUNT(*) AS tp_count FROM `xman_code` WHERE (  1  ) LIMIT 1   [ RunTime:0.0004s ]

[ 2023-12-04T21:02:01+08:00 ] 101.44.83.204 /admin/Code/add
INFO: [ app_init ] --START--
INFO: Run Behavior\BuildLiteBehavior [ RunTime:0.000021s ]
INFO: [ app_init ] --END-- [ RunTime:0.000550s ]
INFO: [ app_begin ] --START--
INFO: Run Behavior\ReadHtmlCacheBehavior [ RunTime:0.000783s ]
INFO: [ app_begin ] --END-- [ RunTime:0.000873s ]
SQL: SELECT COUNT(*) AS tp_count FROM `xman_auth_rule` WHERE `status` = 1 AND `name` = 'admin/code/add' LIMIT 1   [ RunTime:0.0004s ]
SQL: SHOW COLUMNS FROM `xman_auth_group_access` [ RunTime:0.0011s ]
SQL: SELECT `uid`,`group_id`,`title`,`rules` FROM xman_auth_group_access a INNER JOIN xman_auth_group g on a.group_id=g.id  WHERE ( a.uid='2' and g.status='1' )  [ RunTime:0.0005s ]
SQL: SHOW COLUMNS FROM `xman_auth_rule` [ RunTime:0.0010s ]
SQL: SELECT `condition`,`name` FROM `xman_auth_rule` WHERE `id` IN ('27','154','29','12','65','66','17','1','2','5','6','10','18','41','42','43','32','37','38','39','40','19','44','45','46','47','48','50','149','150','151','152','153','156','157','159','160','161') AND `type` = 1 AND `status` = 1  [ RunTime:0.0005s ]
INFO: [ view_parse ] --START--
INFO: [ template_filter ] --START--
INFO: Run Behavior\ContentReplaceBehavior [ RunTime:0.000052s ]
INFO: [ template_filter ] --END-- [ RunTime:0.000143s ]
INFO: Run Behavior\ParseTemplateBehavior [ RunTime:0.006277s ]
INFO: [ view_parse ] --END-- [ RunTime:0.006330s ]
INFO: [ view_filter ] --START--
INFO: Run Behavior\WriteHtmlCacheBehavior [ RunTime:0.000245s ]
INFO: [ view_filter ] --END-- [ RunTime:0.000292s ]
INFO: [ app_end ] --START--
INFO: Run Behavior\ShowPageTraceBehavior [ RunTime:0.000581s ]
INFO: [ app_end ] --END-- [ RunTime:0.000632s ]

[ 2023-12-04T21:02:05+08:00 ] 101.44.83.204 /admin/code/getcode
INFO: [ app_init ] --START--
INFO: Run Behavior\BuildLiteBehavior [ RunTime:0.000026s ]
INFO: [ app_init ] --END-- [ RunTime:0.000588s ]
INFO: [ app_begin ] --START--
INFO: Run Behavior\ReadHtmlCacheBehavior [ RunTime:0.000672s ]
INFO: [ app_begin ] --END-- [ RunTime:0.000747s ]
SQL: SELECT COUNT(*) AS tp_count FROM `xman_auth_rule` WHERE `status` = 1 AND `name` = 'admin/code/getcode' LIMIT 1   [ RunTime:0.0004s ]
NOTIC: [8] Undefined variable: key /www/wwwroot/ovodw.com/Application/Admin/Controller/CodeController.class.php 第 119 行.
NOTIC: [8] Undefined variable: key /www/wwwroot/ovodw.com/Application/Admin/Controller/CodeController.class.php 第 119 行.
NOTIC: [8] Undefined variable: key /www/wwwroot/ovodw.com/Application/Admin/Controller/CodeController.class.php 第 119 行.
NOTIC: [8] Undefined variable: key /www/wwwroot/ovodw.com/Application/Admin/Controller/CodeController.class.php 第 119 行.
NOTIC: [8] Undefined variable: key /www/wwwroot/ovodw.com/Application/Admin/Controller/CodeController.class.php 第 119 行.
NOTIC: [8] Undefined variable: key /www/wwwroot/ovodw.com/Application/Admin/Controller/CodeController.class.php 第 119 行.
NOTIC: [8] Undefined variable: key /www/wwwroot/ovodw.com/Application/Admin/Controller/CodeController.class.php 第 119 行.
NOTIC: [8] Undefined variable: key /www/wwwroot/ovodw.com/Application/Admin/Controller/CodeController.class.php 第 119 行.
NOTIC: [8] Undefined variable: key /www/wwwroot/ovodw.com/Application/Admin/Controller/CodeController.class.php 第 119 行.
NOTIC: [8] Undefined variable: key /www/wwwroot/ovodw.com/Application/Admin/Controller/CodeController.class.php 第 119 行.
NOTIC: [8] Undefined variable: key /www/wwwroot/ovodw.com/Application/Admin/Controller/CodeController.class.php 第 119 行.
NOTIC: [8] Undefined variable: key /www/wwwroot/ovodw.com/Application/Admin/Controller/CodeController.class.php 第 119 行.
NOTIC: [8] Undefined variable: key /www/wwwroot/ovodw.com/Application/Admin/Controller/CodeController.class.php 第 119 行.
NOTIC: [8] Undefined variable: key /www/wwwroot/ovodw.com/Application/Admin/Controller/CodeController.class.php 第 119 行.
NOTIC: [8] Undefined variable: key /www/wwwroot/ovodw.com/Application/Admin/Controller/CodeController.class.php 第 119 行.
NOTIC: [8] Undefined variable: key /www/wwwroot/ovodw.com/Application/Admin/Controller/CodeController.class.php 第 119 行.
NOTIC: [8] Undefined variable: key /www/wwwroot/ovodw.com/Application/Admin/Controller/CodeController.class.php 第 119 行.
NOTIC: [8] Undefined variable: key /www/wwwroot/ovodw.com/Application/Admin/Controller/CodeController.class.php 第 119 行.
NOTIC: [8] Undefined variable: key /www/wwwroot/ovodw.com/Application/Admin/Controller/CodeController.class.php 第 119 行.
NOTIC: [8] Undefined variable: key /www/wwwroot/ovodw.com/Application/Admin/Controller/CodeController.class.php 第 119 行.
NOTIC: [8] Undefined variable: key /www/wwwroot/ovodw.com/Application/Admin/Controller/CodeController.class.php 第 119 行.
NOTIC: [8] Undefined variable: key /www/wwwroot/ovodw.com/Application/Admin/Controller/CodeController.class.php 第 119 行.
NOTIC: [8] Undefined variable: key /www/wwwroot/ovodw.com/Application/Admin/Controller/CodeController.class.php 第 119 行.
NOTIC: [8] Undefined variable: key /www/wwwroot/ovodw.com/Application/Admin/Controller/CodeController.class.php 第 119 行.
NOTIC: [8] Undefined variable: key /www/wwwroot/ovodw.com/Application/Admin/Controller/CodeController.class.php 第 119 行.
NOTIC: [8] Undefined variable: key /www/wwwroot/ovodw.com/Application/Admin/Controller/CodeController.class.php 第 119 行.
NOTIC: [8] Undefined variable: key /www/wwwroot/ovodw.com/Application/Admin/Controller/CodeController.class.php 第 119 行.
NOTIC: [8] Undefined variable: key /www/wwwroot/ovodw.com/Application/Admin/Controller/CodeController.class.php 第 119 行.
NOTIC: [8] Undefined variable: key /www/wwwroot/ovodw.com/Application/Admin/Controller/CodeController.class.php 第 119 行.
NOTIC: [8] Undefined variable: key /www/wwwroot/ovodw.com/Application/Admin/Controller/CodeController.class.php 第 119 行.
NOTIC: [8] Undefined variable: key /www/wwwroot/ovodw.com/Application/Admin/Controller/CodeController.class.php 第 119 行.
NOTIC: [8] Undefined variable: key /www/wwwroot/ovodw.com/Application/Admin/Controller/CodeController.class.php 第 119 行.
NOTIC: [8] Undefined variable: key /www/wwwroot/ovodw.com/Application/Admin/Controller/CodeController.class.php 第 119 行.
NOTIC: [8] Undefined variable: key /www/wwwroot/ovodw.com/Application/Admin/Controller/CodeController.class.php 第 119 行.
NOTIC: [8] Undefined variable: key /www/wwwroot/ovodw.com/Application/Admin/Controller/CodeController.class.php 第 119 行.
NOTIC: [8] Undefined variable: key /www/wwwroot/ovodw.com/Application/Admin/Controller/CodeController.class.php 第 119 行.
NOTIC: [8] Undefined variable: key /www/wwwroot/ovodw.com/Application/Admin/Controller/CodeController.class.php 第 119 行.
NOTIC: [8] Undefined variable: key /www/wwwroot/ovodw.com/Application/Admin/Controller/CodeController.class.php 第 119 行.
NOTIC: [8] Undefined variable: key /www/wwwroot/ovodw.com/Application/Admin/Controller/CodeController.class.php 第 119 行.
NOTIC: [8] Undefined variable: key /www/wwwroot/ovodw.com/Application/Admin/Controller/CodeController.class.php 第 119 行.
NOTIC: [8] Undefined variable: key /www/wwwroot/ovodw.com/Application/Admin/Controller/CodeController.class.php 第 119 行.
NOTIC: [8] Undefined variable: key /www/wwwroot/ovodw.com/Application/Admin/Controller/CodeController.class.php 第 119 行.
NOTIC: [8] Undefined variable: key /www/wwwroot/ovodw.com/Application/Admin/Controller/CodeController.class.php 第 119 行.
NOTIC: [8] Undefined variable: key /www/wwwroot/ovodw.com/Application/Admin/Controller/CodeController.class.php 第 119 行.
NOTIC: [8] Undefined variable: key /www/wwwroot/ovodw.com/Application/Admin/Controller/CodeController.class.php 第 119 行.
NOTIC: [8] Undefined variable: key /www/wwwroot/ovodw.com/Application/Admin/Controller/CodeController.class.php 第 119 行.
NOTIC: [8] Undefined variable: key /www/wwwroot/ovodw.com/Application/Admin/Controller/CodeController.class.php 第 119 行.
NOTIC: [8] Undefined variable: key /www/wwwroot/ovodw.com/Application/Admin/Controller/CodeController.class.php 第 119 行.
NOTIC: [8] Undefined variable: key /www/wwwroot/ovodw.com/Application/Admin/Controller/CodeController.class.php 第 119 行.
NOTIC: [8] Undefined variable: key /www/wwwroot/ovodw.com/Application/Admin/Controller/CodeController.class.php 第 119 行.
NOTIC: [8] Undefined variable: key /www/wwwroot/ovodw.com/Application/Admin/Controller/CodeController.class.php 第 119 行.
NOTIC: [8] Undefined variable: key /www/wwwroot/ovodw.com/Application/Admin/Controller/CodeController.class.php 第 119 行.
NOTIC: [8] Undefined variable: key /www/wwwroot/ovodw.com/Application/Admin/Controller/CodeController.class.php 第 119 行.
NOTIC: [8] Undefined variable: key /www/wwwroot/ovodw.com/Application/Admin/Controller/CodeController.class.php 第 119 行.
NOTIC: [8] Undefined variable: key /www/wwwroot/ovodw.com/Application/Admin/Controller/CodeController.class.php 第 119 行.
NOTIC: [8] Undefined variable: key /www/wwwroot/ovodw.com/Application/Admin/Controller/CodeController.class.php 第 119 行.
NOTIC: [8] Undefined variable: key /www/wwwroot/ovodw.com/Application/Admin/Controller/CodeController.class.php 第 119 行.
NOTIC: [8] Undefined variable: key /www/wwwroot/ovodw.com/Application/Admin/Controller/CodeController.class.php 第 119 行.
NOTIC: [8] Undefined variable: key /www/wwwroot/ovodw.com/Application/Admin/Controller/CodeController.class.php 第 119 行.
NOTIC: [8] Undefined variable: key /www/wwwroot/ovodw.com/Application/Admin/Controller/CodeController.class.php 第 119 行.
NOTIC: [8] Undefined variable: key /www/wwwroot/ovodw.com/Application/Admin/Controller/CodeController.class.php 第 119 行.
NOTIC: [8] Undefined variable: key /www/wwwroot/ovodw.com/Application/Admin/Controller/CodeController.class.php 第 119 行.
NOTIC: [8] Undefined variable: key /www/wwwroot/ovodw.com/Application/Admin/Controller/CodeController.class.php 第 119 行.
NOTIC: [8] Undefined variable: key /www/wwwroot/ovodw.com/Application/Admin/Controller/CodeController.class.php 第 119 行.
NOTIC: [8] Undefined variable: key /www/wwwroot/ovodw.com/Application/Admin/Controller/CodeController.class.php 第 119 行.
NOTIC: [8] Undefined variable: key /www/wwwroot/ovodw.com/Application/Admin/Controller/CodeController.class.php 第 119 行.
NOTIC: [8] Undefined variable: key /www/wwwroot/ovodw.com/Application/Admin/Controller/CodeController.class.php 第 119 行.
NOTIC: [8] Undefined variable: key /www/wwwroot/ovodw.com/Application/Admin/Controller/CodeController.class.php 第 119 行.
NOTIC: [8] Undefined variable: key /www/wwwroot/ovodw.com/Application/Admin/Controller/CodeController.class.php 第 119 行.
NOTIC: [8] Undefined variable: key /www/wwwroot/ovodw.com/Application/Admin/Controller/CodeController.class.php 第 119 行.
NOTIC: [8] Undefined variable: key /www/wwwroot/ovodw.com/Application/Admin/Controller/CodeController.class.php 第 119 行.
NOTIC: [8] Undefined variable: key /www/wwwroot/ovodw.com/Application/Admin/Controller/CodeController.class.php 第 119 行.
NOTIC: [8] Undefined variable: key /www/wwwroot/ovodw.com/Application/Admin/Controller/CodeController.class.php 第 119 行.
NOTIC: [8] Undefined variable: key /www/wwwroot/ovodw.com/Application/Admin/Controller/CodeController.class.php 第 119 行.
NOTIC: [8] Undefined variable: key /www/wwwroot/ovodw.com/Application/Admin/Controller/CodeController.class.php 第 119 行.
NOTIC: [8] Undefined variable: key /www/wwwroot/ovodw.com/Application/Admin/Controller/CodeController.class.php 第 119 行.
NOTIC: [8] Undefined variable: key /www/wwwroot/ovodw.com/Application/Admin/Controller/CodeController.class.php 第 119 行.
NOTIC: [8] Undefined variable: key /www/wwwroot/ovodw.com/Application/Admin/Controller/CodeController.class.php 第 119 行.
NOTIC: [8] Undefined variable: key /www/wwwroot/ovodw.com/Application/Admin/Controller/CodeController.class.php 第 119 行.
NOTIC: [8] Undefined variable: key /www/wwwroot/ovodw.com/Application/Admin/Controller/CodeController.class.php 第 119 行.
NOTIC: [8] Undefined variable: key /www/wwwroot/ovodw.com/Application/Admin/Controller/CodeController.class.php 第 119 行.
NOTIC: [8] Undefined variable: key /www/wwwroot/ovodw.com/Application/Admin/Controller/CodeController.class.php 第 119 行.
NOTIC: [8] Undefined variable: key /www/wwwroot/ovodw.com/Application/Admin/Controller/CodeController.class.php 第 119 行.
NOTIC: [8] Undefined variable: key /www/wwwroot/ovodw.com/Application/Admin/Controller/CodeController.class.php 第 119 行.
NOTIC: [8] Undefined variable: key /www/wwwroot/ovodw.com/Application/Admin/Controller/CodeController.class.php 第 119 行.
NOTIC: [8] Undefined variable: key /www/wwwroot/ovodw.com/Application/Admin/Controller/CodeController.class.php 第 119 行.
NOTIC: [8] Undefined variable: key /www/wwwroot/ovodw.com/Application/Admin/Controller/CodeController.class.php 第 119 行.
NOTIC: [8] Undefined variable: key /www/wwwroot/ovodw.com/Application/Admin/Controller/CodeController.class.php 第 119 行.
NOTIC: [8] Undefined variable: key /www/wwwroot/ovodw.com/Application/Admin/Controller/CodeController.class.php 第 119 行.
NOTIC: [8] Undefined variable: key /www/wwwroot/ovodw.com/Application/Admin/Controller/CodeController.class.php 第 119 行.
NOTIC: [8] Undefined variable: key /www/wwwroot/ovodw.com/Application/Admin/Controller/CodeController.class.php 第 119 行.
NOTIC: [8] Undefined variable: key /www/wwwroot/ovodw.com/Application/Admin/Controller/CodeController.class.php 第 119 行.
NOTIC: [8] Undefined variable: key /www/wwwroot/ovodw.com/Application/Admin/Controller/CodeController.class.php 第 119 行.
NOTIC: [8] Undefined variable: key /www/wwwroot/ovodw.com/Application/Admin/Controller/CodeController.class.php 第 119 行.
NOTIC: [8] Undefined variable: key /www/wwwroot/ovodw.com/Application/Admin/Controller/CodeController.class.php 第 119 行.
NOTIC: [8] Undefined variable: key /www/wwwroot/ovodw.com/Application/Admin/Controller/CodeController.class.php 第 119 行.
NOTIC: [8] Undefined variable: key /www/wwwroot/ovodw.com/Application/Admin/Controller/CodeController.class.php 第 119 行.
NOTIC: [8] Undefined variable: key /www/wwwroot/ovodw.com/Application/Admin/Controller/CodeController.class.php 第 119 行.
NOTIC: [8] Undefined variable: key /www/wwwroot/ovodw.com/Application/Admin/Controller/CodeController.class.php 第 119 行.
NOTIC: [8] Undefined variable: key /www/wwwroot/ovodw.com/Application/Admin/Controller/CodeController.class.php 第 119 行.
SQL: INSERT INTO `xman_code` (`code`,`addtime`) VALUES ('Ycgr8PtYzz','2023-12-04 21:02:05'),('qbYkdxlbWi','2023-12-04 21:02:05'),('6uKxbHDxSk','2023-12-04 21:02:05'),('3TteC9wAay','2023-12-04 21:02:05'),('Hk2eBWsK7W','2023-12-04 21:02:05'),('ZCeDacxMUD','2023-12-04 21:02:05'),('fjmi1Z0wYR','2023-12-04 21:02:05'),('Q0wiwPvpPf','2023-12-04 21:02:05'),('gHvUoqx3ke','2023-12-04 21:02:05'),('jd9u4srvpZ','2023-12-04 21:02:05'),('qUnTRwsxZP','2023-12-04 21:02:05'),('ojtRbwFSW1','2023-12-04 21:02:05'),('7TUmb3r6AW','2023-12-04 21:02:05'),('J7EvWbEqF8','2023-12-04 21:02:05'),('rsEp0IRgqS','2023-12-04 21:02:05'),('SydhuUMCdc','2023-12-04 21:02:05'),('HYUy1ixKo6','2023-12-04 21:02:05'),('2nqBTE77zi','2023-12-04 21:02:05'),('2qUxy960yS','2023-12-04 21:02:05'),('RqfMwj9yoh','2023-12-04 21:02:05'),('CZfAgpr6w0','2023-12-04 21:02:05'),('Cuz5oxq9xm','2023-12-04 21:02:05'),('hheT12Hngt','2023-12-04 21:02:05'),('wwEZjvW3cg','2023-12-04 21:02:05'),('STIdFSSTha','2023-12-04 21:02:05'),('k5uq4qu8Jq','2023-12-04 21:02:05'),('fc3TwYK2T6','2023-12-04 21:02:05'),('aJz0voiTvK','2023-12-04 21:02:05'),('vgzeuE59o8','2023-12-04 21:02:05'),('ZaHxjaiaF3','2023-12-04 21:02:05'),('5UepDzRcAy','2023-12-04 21:02:05'),('YnzJr1hYy3','2023-12-04 21:02:05'),('g5iRejB4dM','2023-12-04 21:02:05'),('PWBcnFTUsy','2023-12-04 21:02:05'),('67IHTcfafM','2023-12-04 21:02:05'),('ufh13wgIm4','2023-12-04 21:02:05'),('RF01srIraA','2023-12-04 21:02:05'),('EabZdfse9S','2023-12-04 21:02:05'),('SJaRMQxkmy','2023-12-04 21:02:05'),('gMjiaBlkB9','2023-12-04 21:02:05'),('009mdduAs1','2023-12-04 21:02:05'),('Hz9HrquU9C','2023-12-04 21:02:05'),('UlfY97KBa8','2023-12-04 21:02:05'),('MAn07oCZM3','2023-12-04 21:02:05'),('IiQuIjMpB4','2023-12-04 21:02:05'),('4HDwkfUu7n','2023-12-04 21:02:05'),('nftBBYedwK','2023-12-04 21:02:05'),('t76oBAtlbg','2023-12-04 21:02:05'),('hYdty2Cb2Q','2023-12-04 21:02:05'),('1o8rd2E2vr','2023-12-04 21:02:05'),('CKHzblHB44','2023-12-04 21:02:05'),('APEekpZyq6','2023-12-04 21:02:05'),('o3kC6uW0Pr','2023-12-04 21:02:05'),('2BErPclpY7','2023-12-04 21:02:05'),('rpmr1bvPJW','2023-12-04 21:02:05'),('yjgBiHasCZ','2023-12-04 21:02:05'),('SqMnwPP8aY','2023-12-04 21:02:05'),('7toQbHq2Rl','2023-12-04 21:02:05'),('Qo7Mrv3icm','2023-12-04 21:02:05'),('sEYMv6mZux','2023-12-04 21:02:05'),('iqrbPdz97s','2023-12-04 21:02:05'),('Jam5UjCT9T','2023-12-04 21:02:05'),('94pTU4y3p7','2023-12-04 21:02:05'),('wS8KWdR7t7','2023-12-04 21:02:05'),('v9CJYRdxTg','2023-12-04 21:02:05'),('juTiSHstsy','2023-12-04 21:02:05'),('baIwZhFiT1','2023-12-04 21:02:05'),('8FuI8xp6km','2023-12-04 21:02:05'),('aEompJA94n','2023-12-04 21:02:05'),('Jfn1nQD98j','2023-12-04 21:02:05'),('Wj1yhurgi0','2023-12-04 21:02:05'),('yJ9htuayRd','2023-12-04 21:02:05'),('teQY4RtvMQ','2023-12-04 21:02:05'),('Du6pPiHijc','2023-12-04 21:02:05'),('YtvlUi5cgU','2023-12-04 21:02:05'),('ywz6ywxehc','2023-12-04 21:02:05'),('9yiI5Clpan','2023-12-04 21:02:05'),('15TIC215pz','2023-12-04 21:02:05'),('dno9yKWpbZ','2023-12-04 21:02:05'),('6As1p2Ftxk','2023-12-04 21:02:05'),('Qb23Ai9FAc','2023-12-04 21:02:05'),('Irzbr8aCDn','2023-12-04 21:02:05'),('ElD2Yb0UCo','2023-12-04 21:02:05'),('tAtDDHyh44','2023-12-04 21:02:05'),('Sdhlgu0ayq','2023-12-04 21:02:05'),('e4BgwAw0Uz','2023-12-04 21:02:05'),('alYZvaFn8z','2023-12-04 21:02:05'),('m43v5R9Kkp','2023-12-04 21:02:05'),('QAKu6y2545','2023-12-04 21:02:05'),('TZ74de185S','2023-12-04 21:02:05'),('4fAK3ok30o','2023-12-04 21:02:05'),('54yUY4tMbT','2023-12-04 21:02:05'),('a5cMcemKfb','2023-12-04 21:02:05'),('527dq3AyZr','2023-12-04 21:02:05'),('5q1gh3AKhe','2023-12-04 21:02:05'),('FoZZiaAWM5','2023-12-04 21:02:05'),('Cr9v12Hdn4','2023-12-04 21:02:05'),('duTsuYh4Sk','2023-12-04 21:02:05'),('d8fIZYHkHa','2023-12-04 21:02:05'),('FAbAP3I76i','2023-12-04 21:02:05') [ RunTime:0.0023s ]

[ 2023-12-04T21:02:08+08:00 ] 101.44.83.204 /admin/Code/index
INFO: [ app_init ] --START--
INFO: Run Behavior\BuildLiteBehavior [ RunTime:0.000019s ]
INFO: [ app_init ] --END-- [ RunTime:0.000498s ]
INFO: [ app_begin ] --START--
INFO: Run Behavior\ReadHtmlCacheBehavior [ RunTime:0.000610s ]
INFO: [ app_begin ] --END-- [ RunTime:0.000677s ]
SQL: SELECT COUNT(*) AS tp_count FROM `xman_auth_rule` WHERE `status` = 1 AND `name` = 'admin/code/index' LIMIT 1   [ RunTime:0.0004s ]
SQL: SHOW COLUMNS FROM `xman_auth_group_access` [ RunTime:0.0012s ]
SQL: SELECT `uid`,`group_id`,`title`,`rules` FROM xman_auth_group_access a INNER JOIN xman_auth_group g on a.group_id=g.id  WHERE ( a.uid='2' and g.status='1' )  [ RunTime:0.0005s ]
SQL: SHOW COLUMNS FROM `xman_auth_rule` [ RunTime:0.0011s ]
SQL: SELECT `condition`,`name` FROM `xman_auth_rule` WHERE `id` IN ('27','154','29','12','65','66','17','1','2','5','6','10','18','41','42','43','32','37','38','39','40','19','44','45','46','47','48','50','149','150','151','152','153','156','157','159','160','161') AND `type` = 1 AND `status` = 1  [ RunTime:0.0006s ]
NOTIC: [8] Undefined index: para /www/wwwroot/ovodw.com/Application/Admin/Controller/CodeController.class.php 第 33 行.
SQL: SELECT * FROM `xman_code` WHERE (  1  ) ORDER BY addtime DESC LIMIT 0,15   [ RunTime:0.0640s ]
SQL: SELECT COUNT(*) AS tp_count FROM `xman_code` WHERE (  1  ) LIMIT 1   [ RunTime:0.0003s ]

