[ 2023-10-22T07:04:37+08:00 ] 154.26.192.32 /?s=admin/\think\module/action/param1/${@phpinfo()}
INFO: [ app_init ] --START--
INFO: Run Behavior\BuildLiteBehavior [ RunTime:0.000015s ]
INFO: [ app_init ] --END-- [ RunTime:0.000393s ]
INFO: [ app_begin ] --START--
INFO: Run Behavior\ReadHtmlCacheBehavior [ RunTime:0.001201s ]
INFO: [ app_begin ] --END-- [ RunTime:0.001289s ]
ERR: 无法加载控制器:\think\module

[ 2023-10-22T08:41:08+08:00 ] 154.26.192.32 /?function=call_user_func_array&s=admin/\think\Container/invokefunction&vars[0]=phpinfo&vars[1][]=-1
INFO: [ app_init ] --START--
INFO: Run Behavior\BuildLiteBehavior [ RunTime:0.000027s ]
INFO: [ app_init ] --END-- [ RunTime:0.000793s ]
INFO: [ app_begin ] --START--
INFO: Run Behavior\ReadHtmlCacheBehavior [ RunTime:0.001014s ]
INFO: [ app_begin ] --END-- [ RunTime:0.001125s ]
ERR: 无法加载控制器:\think\Container

[ 2023-10-22T08:41:08+08:00 ] 154.26.192.32 /?function=call_user_func_array&s=admin/\think\Container/invokefunction&vars[0]=assert&vars[1][]=phpinfo()
INFO: [ app_init ] --START--
INFO: Run Behavior\BuildLiteBehavior [ RunTime:0.000020s ]
INFO: [ app_init ] --END-- [ RunTime:0.000554s ]
INFO: [ app_begin ] --START--
INFO: Run Behavior\ReadHtmlCacheBehavior [ RunTime:0.000692s ]
INFO: [ app_begin ] --END-- [ RunTime:0.000771s ]
ERR: 无法加载控制器:\think\Container

[ 2023-10-22T09:52:05+08:00 ] 154.26.192.32 /?s=admin
INFO: [ app_init ] --START--
INFO: Run Behavior\BuildLiteBehavior [ RunTime:0.000030s ]
INFO: [ app_init ] --END-- [ RunTime:0.000714s ]
INFO: [ app_begin ] --START--
INFO: Run Behavior\ReadHtmlCacheBehavior [ RunTime:0.000797s ]
INFO: [ app_begin ] --END-- [ RunTime:0.000883s ]

[ 2023-10-22T09:52:06+08:00 ] 154.26.192.32 /?s=admin
INFO: [ app_init ] --START--
INFO: Run Behavior\BuildLiteBehavior [ RunTime:0.000021s ]
INFO: [ app_init ] --END-- [ RunTime:0.000542s ]
INFO: [ app_begin ] --START--
INFO: Run Behavior\ReadHtmlCacheBehavior [ RunTime:0.000647s ]
INFO: [ app_begin ] --END-- [ RunTime:0.000752s ]

[ 2023-10-22T11:07:57+08:00 ] 154.26.192.32 /?function=call_user_func_array&s=/admin/\think\app/invokefunction&vars[0]=phpinfo&vars[1][]=-1
INFO: [ app_init ] --START--
INFO: Run Behavior\BuildLiteBehavior [ RunTime:0.000021s ]
INFO: [ app_init ] --END-- [ RunTime:0.000518s ]
INFO: [ app_begin ] --START--
INFO: Run Behavior\ReadHtmlCacheBehavior [ RunTime:0.000785s ]
INFO: [ app_begin ] --END-- [ RunTime:0.000861s ]
ERR: 无法加载控制器:\think\app

[ 2023-10-22T11:07:57+08:00 ] 154.26.192.32 /?function=call_user_func_array&s=/admin/\think\app/invokefunction&vars[0]=assert&vars[1][]=phpinfo()
INFO: [ app_init ] --START--
INFO: Run Behavior\BuildLiteBehavior [ RunTime:0.000021s ]
INFO: [ app_init ] --END-- [ RunTime:0.000571s ]
INFO: [ app_begin ] --START--
INFO: Run Behavior\ReadHtmlCacheBehavior [ RunTime:0.000733s ]
INFO: [ app_begin ] --END-- [ RunTime:0.000830s ]
ERR: 无法加载控制器:\think\app

[ 2023-10-22T11:07:58+08:00 ] 154.26.192.32 /?content=<?php%20phpinfo()?>&s=/admin/\think\view\driver\php/display
INFO: [ app_init ] --START--
INFO: Run Behavior\BuildLiteBehavior [ RunTime:0.000024s ]
INFO: [ app_init ] --END-- [ RunTime:0.000541s ]
INFO: [ app_begin ] --START--
INFO: Run Behavior\ReadHtmlCacheBehavior [ RunTime:0.000694s ]
INFO: [ app_begin ] --END-- [ RunTime:0.000793s ]
ERR: 无法加载控制器:\think\view\driver\php

[ 2023-10-22T12:36:51+08:00 ] 154.26.192.32 /?data=-1&filter[]=phpinfo&s=admin/\think\Request/input
INFO: [ app_init ] --START--
INFO: Run Behavior\BuildLiteBehavior [ RunTime:0.000022s ]
INFO: [ app_init ] --END-- [ RunTime:0.000548s ]
INFO: [ app_begin ] --START--
INFO: Run Behavior\ReadHtmlCacheBehavior [ RunTime:0.000685s ]
INFO: [ app_begin ] --END-- [ RunTime:0.000763s ]
ERR: 无法加载控制器:\think\Request

[ 2023-10-22T12:36:51+08:00 ] 154.26.192.32 /?filter=assert&s=admin/\think\request/input?data[]=phpinfo()
INFO: [ app_init ] --START--
INFO: Run Behavior\BuildLiteBehavior [ RunTime:0.000035s ]
INFO: [ app_init ] --END-- [ RunTime:0.000716s ]
INFO: [ app_begin ] --START--
INFO: Run Behavior\ReadHtmlCacheBehavior [ RunTime:0.002541s ]
INFO: [ app_begin ] --END-- [ RunTime:0.002807s ]
ERR: 无法加载控制器:\think\request

[ 2023-10-22T13:04:36+08:00 ] 154.9.247.116 /index.php/admin/login/index/jumpLink/%252Fadmin%252Findex%252Findex.html
INFO: [ app_init ] --START--
INFO: Run Behavior\BuildLiteBehavior [ RunTime:0.000012s ]
INFO: [ app_init ] --END-- [ RunTime:0.000316s ]
INFO: [ app_begin ] --START--
INFO: Run Behavior\ReadHtmlCacheBehavior [ RunTime:0.000373s ]
INFO: [ app_begin ] --END-- [ RunTime:0.000437s ]
INFO: [ view_parse ] --START--
INFO: [ template_filter ] --START--
INFO: Run Behavior\ContentReplaceBehavior [ RunTime:0.000055s ]
INFO: [ template_filter ] --END-- [ RunTime:0.000107s ]
INFO: Run Behavior\ParseTemplateBehavior [ RunTime:0.006805s ]
INFO: [ view_parse ] --END-- [ RunTime:0.006851s ]
INFO: [ view_filter ] --START--
INFO: Run Behavior\WriteHtmlCacheBehavior [ RunTime:0.000149s ]
INFO: [ view_filter ] --END-- [ RunTime:0.000184s ]
INFO: [ app_end ] --START--
INFO: Run Behavior\ShowPageTraceBehavior [ RunTime:0.000454s ]
INFO: [ app_end ] --END-- [ RunTime:0.000491s ]

[ 2023-10-22T13:04:52+08:00 ] 154.9.247.116 /admin/login/check
INFO: [ app_init ] --START--
INFO: Run Behavior\BuildLiteBehavior [ RunTime:0.000027s ]
INFO: [ app_init ] --END-- [ RunTime:0.000764s ]
INFO: [ app_begin ] --START--
INFO: Run Behavior\ReadHtmlCacheBehavior [ RunTime:0.001033s ]
INFO: [ app_begin ] --END-- [ RunTime:0.001142s ]
SQL: SELECT * FROM `xman_admin_user` WHERE `username` = 'qinyuejun' LIMIT 1   [ RunTime:0.0004s ]
SQL: SELECT * FROM `xman_auth_group_access` WHERE `uid` = 2  [ RunTime:0.0004s ]
NOTIC: [8] Undefined index: os /www/wwwroot/ovodw.com/Application/Admin/Controller/LoginController.class.php 第 94 行.
SQL: INSERT INTO `xman_system_login_log` (`admin_user_id`,`ip`,`logtime`,`browser`,`os`) VALUES ('2','154.9.247.116','2023-10-22 13:04:52','Chrome/109.0.5414.86',NULL) [ RunTime:0.0031s ]
SQL: SELECT `title` FROM `xman_auth_rule` WHERE `name` = 'admin/login/check' LIMIT 1   [ RunTime:0.0004s ]

[ 2023-10-22T13:04:53+08:00 ] 154.9.247.116 /admin/index/index
INFO: [ app_init ] --START--
INFO: Run Behavior\BuildLiteBehavior [ RunTime:0.000023s ]
INFO: [ app_init ] --END-- [ RunTime:0.000636s ]
INFO: [ app_begin ] --START--
INFO: Run Behavior\ReadHtmlCacheBehavior [ RunTime:0.000845s ]
INFO: [ app_begin ] --END-- [ RunTime:0.000940s ]
SQL: SELECT COUNT(*) AS tp_count FROM `xman_auth_rule` WHERE `status` = 1 AND `name` = 'admin/index/index' LIMIT 1   [ RunTime:0.0004s ]
SQL: SHOW COLUMNS FROM `xman_auth_group_access` [ RunTime:0.0011s ]
SQL: SELECT `uid`,`group_id`,`title`,`rules` FROM xman_auth_group_access a INNER JOIN xman_auth_group g on a.group_id=g.id  WHERE ( a.uid='2' and g.status='1' )  [ RunTime:0.0005s ]
SQL: SELECT * FROM `xman_auth_menus` WHERE `pid` = 0  [ RunTime:0.0004s ]
SQL: SELECT * FROM `xman_admin_user` WHERE `id` = 2 LIMIT 1   [ RunTime:0.0004s ]
SQL: SELECT * FROM `xman_system_skin` WHERE `user_id` = 2 LIMIT 1   [ RunTime:0.0005s ]
INFO: [ view_parse ] --START--
INFO: [ template_filter ] --START--
INFO: Run Behavior\ContentReplaceBehavior [ RunTime:0.000146s ]
INFO: [ template_filter ] --END-- [ RunTime:0.000248s ]
INFO: Run Behavior\ParseTemplateBehavior [ RunTime:0.023763s ]
INFO: [ view_parse ] --END-- [ RunTime:0.023829s ]
INFO: [ view_filter ] --START--
INFO: Run Behavior\WriteHtmlCacheBehavior [ RunTime:0.000343s ]
INFO: [ view_filter ] --END-- [ RunTime:0.000407s ]
INFO: [ app_end ] --START--
INFO: Run Behavior\ShowPageTraceBehavior [ RunTime:0.001119s ]
INFO: [ app_end ] --END-- [ RunTime:0.001214s ]

[ 2023-10-22T13:04:54+08:00 ] 154.9.247.116 /index.php/Admin/Index/main.html
INFO: [ app_init ] --START--
INFO: Run Behavior\BuildLiteBehavior [ RunTime:0.000021s ]
INFO: [ app_init ] --END-- [ RunTime:0.000555s ]
INFO: [ app_begin ] --START--
INFO: Run Behavior\ReadHtmlCacheBehavior [ RunTime:0.000893s ]
INFO: [ app_begin ] --END-- [ RunTime:0.001020s ]
SQL: SELECT COUNT(*) AS tp_count FROM `xman_auth_rule` WHERE `status` = 1 AND `name` = 'admin/index/main' LIMIT 1   [ RunTime:0.0004s ]
INFO: [ view_parse ] --START--
INFO: [ template_filter ] --START--
INFO: Run Behavior\ContentReplaceBehavior [ RunTime:0.000105s ]
INFO: [ template_filter ] --END-- [ RunTime:0.000230s ]
INFO: Run Behavior\ParseTemplateBehavior [ RunTime:0.011493s ]
INFO: [ view_parse ] --END-- [ RunTime:0.011567s ]
INFO: [ view_filter ] --START--
INFO: Run Behavior\WriteHtmlCacheBehavior [ RunTime:0.000210s ]
INFO: [ view_filter ] --END-- [ RunTime:0.000251s ]
INFO: [ app_end ] --START--
INFO: Run Behavior\ShowPageTraceBehavior [ RunTime:0.000532s ]
INFO: [ app_end ] --END-- [ RunTime:0.000596s ]

[ 2023-10-22T13:04:57+08:00 ] 154.9.247.116 /admin/index/getmenu/id/1
INFO: [ app_init ] --START--
INFO: Run Behavior\BuildLiteBehavior [ RunTime:0.000020s ]
INFO: [ app_init ] --END-- [ RunTime:0.000595s ]
INFO: [ app_begin ] --START--
INFO: Run Behavior\ReadHtmlCacheBehavior [ RunTime:0.000732s ]
INFO: [ app_begin ] --END-- [ RunTime:0.000823s ]
SQL: SELECT COUNT(*) AS tp_count FROM `xman_auth_rule` WHERE `status` = 1 AND `name` = 'admin/index/getmenu' LIMIT 1   [ RunTime:0.0003s ]
SQL: SHOW COLUMNS FROM `xman_auth_group_access` [ RunTime:0.0012s ]
SQL: SELECT `uid`,`group_id`,`title`,`rules` FROM xman_auth_group_access a INNER JOIN xman_auth_group g on a.group_id=g.id  WHERE ( a.uid='2' and g.status='1' )  [ RunTime:0.0005s ]
SQL: SELECT a.*,r.name as href,r.is_url FROM xman_auth_menus as a left JOIN xman_auth_rule as r on r.id=a.rule_id  WHERE a.pid = '1' AND r.status = '1'  [ RunTime:0.0005s ]
SQL: SELECT a.*,r.name as href FROM xman_auth_menus as a left JOIN xman_auth_rule as r on r.id=a.rule_id  WHERE a.pid = '39'  [ RunTime:0.0003s ]
SQL: SELECT a.*,r.name as href FROM xman_auth_menus as a left JOIN xman_auth_rule as r on r.id=a.rule_id  WHERE a.pid = '40'  [ RunTime:0.0003s ]
SQL: SELECT a.*,r.name as href FROM xman_auth_menus as a left JOIN xman_auth_rule as r on r.id=a.rule_id  WHERE a.pid = '41'  [ RunTime:0.0003s ]
SQL: SELECT a.*,r.name as href FROM xman_auth_menus as a left JOIN xman_auth_rule as r on r.id=a.rule_id  WHERE a.pid = '42'  [ RunTime:0.0011s ]
SQL: SELECT a.*,r.name as href FROM xman_auth_menus as a left JOIN xman_auth_rule as r on r.id=a.rule_id  WHERE a.pid = '43'  [ RunTime:0.0004s ]
SQL: SELECT a.*,r.name as href FROM xman_auth_menus as a left JOIN xman_auth_rule as r on r.id=a.rule_id  WHERE a.pid = '44'  [ RunTime:0.0003s ]

[ 2023-10-22T13:04:57+08:00 ] 154.9.247.116 /admin/code/index
INFO: [ app_init ] --START--
INFO: Run Behavior\BuildLiteBehavior [ RunTime:0.000026s ]
INFO: [ app_init ] --END-- [ RunTime:0.000801s ]
INFO: [ app_begin ] --START--
INFO: Run Behavior\ReadHtmlCacheBehavior [ RunTime:0.001040s ]
INFO: [ app_begin ] --END-- [ RunTime:0.001167s ]
SQL: SELECT COUNT(*) AS tp_count FROM `xman_auth_rule` WHERE `status` = 1 AND `name` = 'admin/code/index' LIMIT 1   [ RunTime:0.0004s ]
SQL: SHOW COLUMNS FROM `xman_auth_group_access` [ RunTime:0.0013s ]
SQL: SELECT `uid`,`group_id`,`title`,`rules` FROM xman_auth_group_access a INNER JOIN xman_auth_group g on a.group_id=g.id  WHERE ( a.uid='2' and g.status='1' )  [ RunTime:0.0007s ]
SQL: SHOW COLUMNS FROM `xman_auth_rule` [ RunTime:0.0019s ]
SQL: SELECT `condition`,`name` FROM `xman_auth_rule` WHERE `id` IN ('27','154','29','12','65','66','17','1','2','5','6','10','18','41','42','43','32','37','38','39','40','19','44','45','46','47','48','50','149','150','151','152','153','156','157','159','160','161') AND `type` = 1 AND `status` = 1  [ RunTime:0.0007s ]
INFO: [ view_parse ] --START--
INFO: [ template_filter ] --START--
INFO: Run Behavior\ContentReplaceBehavior [ RunTime:0.000095s ]
INFO: [ template_filter ] --END-- [ RunTime:0.000194s ]
INFO: Run Behavior\ParseTemplateBehavior [ RunTime:0.012597s ]
INFO: [ view_parse ] --END-- [ RunTime:0.012677s ]
INFO: [ view_filter ] --START--
INFO: Run Behavior\WriteHtmlCacheBehavior [ RunTime:0.000276s ]
INFO: [ view_filter ] --END-- [ RunTime:0.000338s ]
INFO: [ app_end ] --START--
INFO: Run Behavior\ShowPageTraceBehavior [ RunTime:0.000784s ]
INFO: [ app_end ] --END-- [ RunTime:0.000867s ]

[ 2023-10-22T13:04:59+08:00 ] 154.9.247.116 /admin/Code/index
INFO: [ app_init ] --START--
INFO: Run Behavior\BuildLiteBehavior [ RunTime:0.000029s ]
INFO: [ app_init ] --END-- [ RunTime:0.000606s ]
INFO: [ app_begin ] --START--
INFO: Run Behavior\ReadHtmlCacheBehavior [ RunTime:0.000702s ]
INFO: [ app_begin ] --END-- [ RunTime:0.001029s ]
SQL: SELECT COUNT(*) AS tp_count FROM `xman_auth_rule` WHERE `status` = 1 AND `name` = 'admin/code/index' LIMIT 1   [ RunTime:0.0004s ]
SQL: SHOW COLUMNS FROM `xman_auth_group_access` [ RunTime:0.0013s ]
SQL: SELECT `uid`,`group_id`,`title`,`rules` FROM xman_auth_group_access a INNER JOIN xman_auth_group g on a.group_id=g.id  WHERE ( a.uid='2' and g.status='1' )  [ RunTime:0.0006s ]
SQL: SHOW COLUMNS FROM `xman_auth_rule` [ RunTime:0.0012s ]
SQL: SELECT `condition`,`name` FROM `xman_auth_rule` WHERE `id` IN ('27','154','29','12','65','66','17','1','2','5','6','10','18','41','42','43','32','37','38','39','40','19','44','45','46','47','48','50','149','150','151','152','153','156','157','159','160','161') AND `type` = 1 AND `status` = 1  [ RunTime:0.0007s ]
NOTIC: [8] Undefined index: para /www/wwwroot/ovodw.com/Application/Admin/Controller/CodeController.class.php 第 33 行.
SQL: SELECT * FROM `xman_code` WHERE (  1  ) ORDER BY addtime DESC LIMIT 0,15   [ RunTime:0.0735s ]
SQL: SELECT COUNT(*) AS tp_count FROM `xman_code` WHERE (  1  ) LIMIT 1   [ RunTime:0.0003s ]

[ 2023-10-22T13:05:05+08:00 ] 154.9.247.116 /admin/Code/add
INFO: [ app_init ] --START--
INFO: Run Behavior\BuildLiteBehavior [ RunTime:0.000021s ]
INFO: [ app_init ] --END-- [ RunTime:0.000518s ]
INFO: [ app_begin ] --START--
INFO: Run Behavior\ReadHtmlCacheBehavior [ RunTime:0.000700s ]
INFO: [ app_begin ] --END-- [ RunTime:0.000779s ]
SQL: SELECT COUNT(*) AS tp_count FROM `xman_auth_rule` WHERE `status` = 1 AND `name` = 'admin/code/add' LIMIT 1   [ RunTime:0.0006s ]
SQL: SHOW COLUMNS FROM `xman_auth_group_access` [ RunTime:0.0011s ]
SQL: SELECT `uid`,`group_id`,`title`,`rules` FROM xman_auth_group_access a INNER JOIN xman_auth_group g on a.group_id=g.id  WHERE ( a.uid='2' and g.status='1' )  [ RunTime:0.0004s ]
SQL: SHOW COLUMNS FROM `xman_auth_rule` [ RunTime:0.0011s ]
SQL: SELECT `condition`,`name` FROM `xman_auth_rule` WHERE `id` IN ('27','154','29','12','65','66','17','1','2','5','6','10','18','41','42','43','32','37','38','39','40','19','44','45','46','47','48','50','149','150','151','152','153','156','157','159','160','161') AND `type` = 1 AND `status` = 1  [ RunTime:0.0005s ]
INFO: [ view_parse ] --START--
INFO: [ template_filter ] --START--
INFO: Run Behavior\ContentReplaceBehavior [ RunTime:0.000082s ]
INFO: [ template_filter ] --END-- [ RunTime:0.000181s ]
INFO: Run Behavior\ParseTemplateBehavior [ RunTime:0.010832s ]
INFO: [ view_parse ] --END-- [ RunTime:0.010917s ]
INFO: [ view_filter ] --START--
INFO: Run Behavior\WriteHtmlCacheBehavior [ RunTime:0.000262s ]
INFO: [ view_filter ] --END-- [ RunTime:0.000323s ]
INFO: [ app_end ] --START--
INFO: Run Behavior\ShowPageTraceBehavior [ RunTime:0.000736s ]
INFO: [ app_end ] --END-- [ RunTime:0.000803s ]

[ 2023-10-22T13:05:10+08:00 ] 154.9.247.116 /admin/code/getcode
INFO: [ app_init ] --START--
INFO: Run Behavior\BuildLiteBehavior [ RunTime:0.000020s ]
INFO: [ app_init ] --END-- [ RunTime:0.000560s ]
INFO: [ app_begin ] --START--
INFO: Run Behavior\ReadHtmlCacheBehavior [ RunTime:0.000672s ]
INFO: [ app_begin ] --END-- [ RunTime:0.000746s ]
SQL: SELECT COUNT(*) AS tp_count FROM `xman_auth_rule` WHERE `status` = 1 AND `name` = 'admin/code/getcode' LIMIT 1   [ RunTime:0.0006s ]
NOTIC: [8] Undefined variable: key /www/wwwroot/ovodw.com/Application/Admin/Controller/CodeController.class.php 第 119 行.
NOTIC: [8] Undefined variable: key /www/wwwroot/ovodw.com/Application/Admin/Controller/CodeController.class.php 第 119 行.
NOTIC: [8] Undefined variable: key /www/wwwroot/ovodw.com/Application/Admin/Controller/CodeController.class.php 第 119 行.
NOTIC: [8] Undefined variable: key /www/wwwroot/ovodw.com/Application/Admin/Controller/CodeController.class.php 第 119 行.
NOTIC: [8] Undefined variable: key /www/wwwroot/ovodw.com/Application/Admin/Controller/CodeController.class.php 第 119 行.
NOTIC: [8] Undefined variable: key /www/wwwroot/ovodw.com/Application/Admin/Controller/CodeController.class.php 第 119 行.
NOTIC: [8] Undefined variable: key /www/wwwroot/ovodw.com/Application/Admin/Controller/CodeController.class.php 第 119 行.
NOTIC: [8] Undefined variable: key /www/wwwroot/ovodw.com/Application/Admin/Controller/CodeController.class.php 第 119 行.
NOTIC: [8] Undefined variable: key /www/wwwroot/ovodw.com/Application/Admin/Controller/CodeController.class.php 第 119 行.
NOTIC: [8] Undefined variable: key /www/wwwroot/ovodw.com/Application/Admin/Controller/CodeController.class.php 第 119 行.
NOTIC: [8] Undefined variable: key /www/wwwroot/ovodw.com/Application/Admin/Controller/CodeController.class.php 第 119 行.
NOTIC: [8] Undefined variable: key /www/wwwroot/ovodw.com/Application/Admin/Controller/CodeController.class.php 第 119 行.
NOTIC: [8] Undefined variable: key /www/wwwroot/ovodw.com/Application/Admin/Controller/CodeController.class.php 第 119 行.
NOTIC: [8] Undefined variable: key /www/wwwroot/ovodw.com/Application/Admin/Controller/CodeController.class.php 第 119 行.
NOTIC: [8] Undefined variable: key /www/wwwroot/ovodw.com/Application/Admin/Controller/CodeController.class.php 第 119 行.
NOTIC: [8] Undefined variable: key /www/wwwroot/ovodw.com/Application/Admin/Controller/CodeController.class.php 第 119 行.
NOTIC: [8] Undefined variable: key /www/wwwroot/ovodw.com/Application/Admin/Controller/CodeController.class.php 第 119 行.
NOTIC: [8] Undefined variable: key /www/wwwroot/ovodw.com/Application/Admin/Controller/CodeController.class.php 第 119 行.
NOTIC: [8] Undefined variable: key /www/wwwroot/ovodw.com/Application/Admin/Controller/CodeController.class.php 第 119 行.
NOTIC: [8] Undefined variable: key /www/wwwroot/ovodw.com/Application/Admin/Controller/CodeController.class.php 第 119 行.
NOTIC: [8] Undefined variable: key /www/wwwroot/ovodw.com/Application/Admin/Controller/CodeController.class.php 第 119 行.
NOTIC: [8] Undefined variable: key /www/wwwroot/ovodw.com/Application/Admin/Controller/CodeController.class.php 第 119 行.
NOTIC: [8] Undefined variable: key /www/wwwroot/ovodw.com/Application/Admin/Controller/CodeController.class.php 第 119 行.
NOTIC: [8] Undefined variable: key /www/wwwroot/ovodw.com/Application/Admin/Controller/CodeController.class.php 第 119 行.
NOTIC: [8] Undefined variable: key /www/wwwroot/ovodw.com/Application/Admin/Controller/CodeController.class.php 第 119 行.
NOTIC: [8] Undefined variable: key /www/wwwroot/ovodw.com/Application/Admin/Controller/CodeController.class.php 第 119 行.
NOTIC: [8] Undefined variable: key /www/wwwroot/ovodw.com/Application/Admin/Controller/CodeController.class.php 第 119 行.
NOTIC: [8] Undefined variable: key /www/wwwroot/ovodw.com/Application/Admin/Controller/CodeController.class.php 第 119 行.
NOTIC: [8] Undefined variable: key /www/wwwroot/ovodw.com/Application/Admin/Controller/CodeController.class.php 第 119 行.
NOTIC: [8] Undefined variable: key /www/wwwroot/ovodw.com/Application/Admin/Controller/CodeController.class.php 第 119 行.
NOTIC: [8] Undefined variable: key /www/wwwroot/ovodw.com/Application/Admin/Controller/CodeController.class.php 第 119 行.
NOTIC: [8] Undefined variable: key /www/wwwroot/ovodw.com/Application/Admin/Controller/CodeController.class.php 第 119 行.
NOTIC: [8] Undefined variable: key /www/wwwroot/ovodw.com/Application/Admin/Controller/CodeController.class.php 第 119 行.
NOTIC: [8] Undefined variable: key /www/wwwroot/ovodw.com/Application/Admin/Controller/CodeController.class.php 第 119 行.
NOTIC: [8] Undefined variable: key /www/wwwroot/ovodw.com/Application/Admin/Controller/CodeController.class.php 第 119 行.
NOTIC: [8] Undefined variable: key /www/wwwroot/ovodw.com/Application/Admin/Controller/CodeController.class.php 第 119 行.
NOTIC: [8] Undefined variable: key /www/wwwroot/ovodw.com/Application/Admin/Controller/CodeController.class.php 第 119 行.
NOTIC: [8] Undefined variable: key /www/wwwroot/ovodw.com/Application/Admin/Controller/CodeController.class.php 第 119 行.
NOTIC: [8] Undefined variable: key /www/wwwroot/ovodw.com/Application/Admin/Controller/CodeController.class.php 第 119 行.
NOTIC: [8] Undefined variable: key /www/wwwroot/ovodw.com/Application/Admin/Controller/CodeController.class.php 第 119 行.
NOTIC: [8] Undefined variable: key /www/wwwroot/ovodw.com/Application/Admin/Controller/CodeController.class.php 第 119 行.
NOTIC: [8] Undefined variable: key /www/wwwroot/ovodw.com/Application/Admin/Controller/CodeController.class.php 第 119 行.
NOTIC: [8] Undefined variable: key /www/wwwroot/ovodw.com/Application/Admin/Controller/CodeController.class.php 第 119 行.
NOTIC: [8] Undefined variable: key /www/wwwroot/ovodw.com/Application/Admin/Controller/CodeController.class.php 第 119 行.
NOTIC: [8] Undefined variable: key /www/wwwroot/ovodw.com/Application/Admin/Controller/CodeController.class.php 第 119 行.
NOTIC: [8] Undefined variable: key /www/wwwroot/ovodw.com/Application/Admin/Controller/CodeController.class.php 第 119 行.
NOTIC: [8] Undefined variable: key /www/wwwroot/ovodw.com/Application/Admin/Controller/CodeController.class.php 第 119 行.
NOTIC: [8] Undefined variable: key /www/wwwroot/ovodw.com/Application/Admin/Controller/CodeController.class.php 第 119 行.
NOTIC: [8] Undefined variable: key /www/wwwroot/ovodw.com/Application/Admin/Controller/CodeController.class.php 第 119 行.
NOTIC: [8] Undefined variable: key /www/wwwroot/ovodw.com/Application/Admin/Controller/CodeController.class.php 第 119 行.
NOTIC: [8] Undefined variable: key /www/wwwroot/ovodw.com/Application/Admin/Controller/CodeController.class.php 第 119 行.
NOTIC: [8] Undefined variable: key /www/wwwroot/ovodw.com/Application/Admin/Controller/CodeController.class.php 第 119 行.
NOTIC: [8] Undefined variable: key /www/wwwroot/ovodw.com/Application/Admin/Controller/CodeController.class.php 第 119 行.
NOTIC: [8] Undefined variable: key /www/wwwroot/ovodw.com/Application/Admin/Controller/CodeController.class.php 第 119 行.
NOTIC: [8] Undefined variable: key /www/wwwroot/ovodw.com/Application/Admin/Controller/CodeController.class.php 第 119 行.
NOTIC: [8] Undefined variable: key /www/wwwroot/ovodw.com/Application/Admin/Controller/CodeController.class.php 第 119 行.
NOTIC: [8] Undefined variable: key /www/wwwroot/ovodw.com/Application/Admin/Controller/CodeController.class.php 第 119 行.
NOTIC: [8] Undefined variable: key /www/wwwroot/ovodw.com/Application/Admin/Controller/CodeController.class.php 第 119 行.
NOTIC: [8] Undefined variable: key /www/wwwroot/ovodw.com/Application/Admin/Controller/CodeController.class.php 第 119 行.
NOTIC: [8] Undefined variable: key /www/wwwroot/ovodw.com/Application/Admin/Controller/CodeController.class.php 第 119 行.
NOTIC: [8] Undefined variable: key /www/wwwroot/ovodw.com/Application/Admin/Controller/CodeController.class.php 第 119 行.
NOTIC: [8] Undefined variable: key /www/wwwroot/ovodw.com/Application/Admin/Controller/CodeController.class.php 第 119 行.
NOTIC: [8] Undefined variable: key /www/wwwroot/ovodw.com/Application/Admin/Controller/CodeController.class.php 第 119 行.
NOTIC: [8] Undefined variable: key /www/wwwroot/ovodw.com/Application/Admin/Controller/CodeController.class.php 第 119 行.
NOTIC: [8] Undefined variable: key /www/wwwroot/ovodw.com/Application/Admin/Controller/CodeController.class.php 第 119 行.
NOTIC: [8] Undefined variable: key /www/wwwroot/ovodw.com/Application/Admin/Controller/CodeController.class.php 第 119 行.
NOTIC: [8] Undefined variable: key /www/wwwroot/ovodw.com/Application/Admin/Controller/CodeController.class.php 第 119 行.
NOTIC: [8] Undefined variable: key /www/wwwroot/ovodw.com/Application/Admin/Controller/CodeController.class.php 第 119 行.
NOTIC: [8] Undefined variable: key /www/wwwroot/ovodw.com/Application/Admin/Controller/CodeController.class.php 第 119 行.
NOTIC: [8] Undefined variable: key /www/wwwroot/ovodw.com/Application/Admin/Controller/CodeController.class.php 第 119 行.
NOTIC: [8] Undefined variable: key /www/wwwroot/ovodw.com/Application/Admin/Controller/CodeController.class.php 第 119 行.
NOTIC: [8] Undefined variable: key /www/wwwroot/ovodw.com/Application/Admin/Controller/CodeController.class.php 第 119 行.
NOTIC: [8] Undefined variable: key /www/wwwroot/ovodw.com/Application/Admin/Controller/CodeController.class.php 第 119 行.
NOTIC: [8] Undefined variable: key /www/wwwroot/ovodw.com/Application/Admin/Controller/CodeController.class.php 第 119 行.
NOTIC: [8] Undefined variable: key /www/wwwroot/ovodw.com/Application/Admin/Controller/CodeController.class.php 第 119 行.
NOTIC: [8] Undefined variable: key /www/wwwroot/ovodw.com/Application/Admin/Controller/CodeController.class.php 第 119 行.
NOTIC: [8] Undefined variable: key /www/wwwroot/ovodw.com/Application/Admin/Controller/CodeController.class.php 第 119 行.
NOTIC: [8] Undefined variable: key /www/wwwroot/ovodw.com/Application/Admin/Controller/CodeController.class.php 第 119 行.
NOTIC: [8] Undefined variable: key /www/wwwroot/ovodw.com/Application/Admin/Controller/CodeController.class.php 第 119 行.
NOTIC: [8] Undefined variable: key /www/wwwroot/ovodw.com/Application/Admin/Controller/CodeController.class.php 第 119 行.
NOTIC: [8] Undefined variable: key /www/wwwroot/ovodw.com/Application/Admin/Controller/CodeController.class.php 第 119 行.
NOTIC: [8] Undefined variable: key /www/wwwroot/ovodw.com/Application/Admin/Controller/CodeController.class.php 第 119 行.
NOTIC: [8] Undefined variable: key /www/wwwroot/ovodw.com/Application/Admin/Controller/CodeController.class.php 第 119 行.
NOTIC: [8] Undefined variable: key /www/wwwroot/ovodw.com/Application/Admin/Controller/CodeController.class.php 第 119 行.
NOTIC: [8] Undefined variable: key /www/wwwroot/ovodw.com/Application/Admin/Controller/CodeController.class.php 第 119 行.
NOTIC: [8] Undefined variable: key /www/wwwroot/ovodw.com/Application/Admin/Controller/CodeController.class.php 第 119 行.
NOTIC: [8] Undefined variable: key /www/wwwroot/ovodw.com/Application/Admin/Controller/CodeController.class.php 第 119 行.
NOTIC: [8] Undefined variable: key /www/wwwroot/ovodw.com/Application/Admin/Controller/CodeController.class.php 第 119 行.
NOTIC: [8] Undefined variable: key /www/wwwroot/ovodw.com/Application/Admin/Controller/CodeController.class.php 第 119 行.
NOTIC: [8] Undefined variable: key /www/wwwroot/ovodw.com/Application/Admin/Controller/CodeController.class.php 第 119 行.
NOTIC: [8] Undefined variable: key /www/wwwroot/ovodw.com/Application/Admin/Controller/CodeController.class.php 第 119 行.
NOTIC: [8] Undefined variable: key /www/wwwroot/ovodw.com/Application/Admin/Controller/CodeController.class.php 第 119 行.
NOTIC: [8] Undefined variable: key /www/wwwroot/ovodw.com/Application/Admin/Controller/CodeController.class.php 第 119 行.
NOTIC: [8] Undefined variable: key /www/wwwroot/ovodw.com/Application/Admin/Controller/CodeController.class.php 第 119 行.
NOTIC: [8] Undefined variable: key /www/wwwroot/ovodw.com/Application/Admin/Controller/CodeController.class.php 第 119 行.
NOTIC: [8] Undefined variable: key /www/wwwroot/ovodw.com/Application/Admin/Controller/CodeController.class.php 第 119 行.
NOTIC: [8] Undefined variable: key /www/wwwroot/ovodw.com/Application/Admin/Controller/CodeController.class.php 第 119 行.
NOTIC: [8] Undefined variable: key /www/wwwroot/ovodw.com/Application/Admin/Controller/CodeController.class.php 第 119 行.
NOTIC: [8] Undefined variable: key /www/wwwroot/ovodw.com/Application/Admin/Controller/CodeController.class.php 第 119 行.
NOTIC: [8] Undefined variable: key /www/wwwroot/ovodw.com/Application/Admin/Controller/CodeController.class.php 第 119 行.
SQL: INSERT INTO `xman_code` (`code`,`addtime`) VALUES ('P2vnQ5DTKc5','2023-10-22 13:05:10'),('iMefJ7IyMF9','2023-10-22 13:05:10'),('xclFgKSyZec','2023-10-22 13:05:10'),('PKElkqqm5gQ','2023-10-22 13:05:10'),('hQjiY0PsyMQ','2023-10-22 13:05:10'),('rnPajPSiWkv','2023-10-22 13:05:10'),('yUkYagdrSKy','2023-10-22 13:05:10'),('68fMPZzUbDz','2023-10-22 13:05:10'),('xc8u1Tno0lI','2023-10-22 13:05:10'),('0vi2Y9itH71','2023-10-22 13:05:10'),('njwPz318P2k','2023-10-22 13:05:10'),('qRxudWuASku','2023-10-22 13:05:10'),('qbUQWeSRRpY','2023-10-22 13:05:10'),('0sWy27sPcjK','2023-10-22 13:05:10'),('34tFa8dDTrq','2023-10-22 13:05:10'),('moKK9QD2Ks3','2023-10-22 13:05:10'),('C9z5m3FoTte','2023-10-22 13:05:10'),('5tql2jJ9xgp','2023-10-22 13:05:10'),('bKJjExyhRhS','2023-10-22 13:05:10'),('hxMS4p04jl5','2023-10-22 13:05:10'),('86z7p5Hs2DC','2023-10-22 13:05:10'),('n5ze1R2yMIh','2023-10-22 13:05:10'),('vdUd8b5ih99','2023-10-22 13:05:10'),('3m7zrr8IH5r','2023-10-22 13:05:10'),('ZyHsbIUTnvv','2023-10-22 13:05:10'),('6ggmzceP5mK','2023-10-22 13:05:10'),('zoaBePn5Yam','2023-10-22 13:05:10'),('kjQpKYnuzuh','2023-10-22 13:05:10'),('qWk9BDlmZAy','2023-10-22 13:05:10'),('CcJQenyPwb3','2023-10-22 13:05:10'),('tW8USs0EPdh','2023-10-22 13:05:10'),('0f7Me1e2ay7','2023-10-22 13:05:10'),('UySuqMieig9','2023-10-22 13:05:10'),('u3Y6DMlu5fq','2023-10-22 13:05:10'),('hspn36bBi7u','2023-10-22 13:05:10'),('gPvk4EATJba','2023-10-22 13:05:10'),('Btph4m6M1Pw','2023-10-22 13:05:10'),('ETnyKQjH9bJ','2023-10-22 13:05:10'),('4jarBPnakuj','2023-10-22 13:05:10'),('bgHHZvUu8wY','2023-10-22 13:05:10'),('UyYliPIlWFt','2023-10-22 13:05:10'),('3ZWt24UPWQ8','2023-10-22 13:05:10'),('qak1cIY9pQQ','2023-10-22 13:05:10'),('uvHofiazSqm','2023-10-22 13:05:10'),('JREanraF8mQ','2023-10-22 13:05:10'),('9M9RyrK5aiP','2023-10-22 13:05:10'),('awmwk6ejioW','2023-10-22 13:05:10'),('4o6R3jU6SKe','2023-10-22 13:05:10'),('5aF6BzlC5EZ','2023-10-22 13:05:10'),('014FdH3W3Yp','2023-10-22 13:05:10'),('mAIstal8hPD','2023-10-22 13:05:10'),('pKr4nHHh5hJ','2023-10-22 13:05:10'),('fhaDtvZ33TD','2023-10-22 13:05:10'),('9mn3MhaSBM1','2023-10-22 13:05:10'),('A2RFvT5ZnWh','2023-10-22 13:05:10'),('3CdihApeZBc','2023-10-22 13:05:10'),('Ay144oHTxZo','2023-10-22 13:05:10'),('MUUaEqRa01A','2023-10-22 13:05:10'),('fUhj45rgiI8','2023-10-22 13:05:10'),('svCmeKCMyM0','2023-10-22 13:05:10'),('i6JBci3fUba','2023-10-22 13:05:10'),('si3l5vaDn7R','2023-10-22 13:05:10'),('xcgb4eZasuq','2023-10-22 13:05:10'),('bxAJCbCoRFB','2023-10-22 13:05:10'),('4ktlI32eIkD','2023-10-22 13:05:10'),('1mZ5RbIDIDA','2023-10-22 13:05:10'),('yMx20eW6mla','2023-10-22 13:05:10'),('9Ia8wE1cuoo','2023-10-22 13:05:10'),('jjgzQitEyuJ','2023-10-22 13:05:10'),('jaf5MHztCQr','2023-10-22 13:05:10'),('b5hQ6o8hTC1','2023-10-22 13:05:10'),('RB7IPg4Btjl','2023-10-22 13:05:10'),('Fy18w9oYkk2','2023-10-22 13:05:10'),('moiwMlEq9Ck','2023-10-22 13:05:10'),('wKwSfRhC8sb','2023-10-22 13:05:10'),('6J2B6YI7Zlv','2023-10-22 13:05:10'),('xyckJSD4urx','2023-10-22 13:05:10'),('ApsiSDCt9PQ','2023-10-22 13:05:10'),('rne2WiJ0uBS','2023-10-22 13:05:10'),('Eg53xMQDPkk','2023-10-22 13:05:10'),('9Fwrn3D7MvR','2023-10-22 13:05:10'),('Z60WkgAr32k','2023-10-22 13:05:10'),('Prd2oMRodwq','2023-10-22 13:05:10'),('fZn3HsE4ppz','2023-10-22 13:05:10'),('FPQRTukj8kl','2023-10-22 13:05:10'),('4hdkZpC7yZu','2023-10-22 13:05:10'),('EBz8rz67JyZ','2023-10-22 13:05:10'),('f0H7djE2W9t','2023-10-22 13:05:10'),('HSMmqqDAxkC','2023-10-22 13:05:10'),('Mj32DkRtTla','2023-10-22 13:05:10'),('kWbCPDybfqa','2023-10-22 13:05:10'),('R92W07c5zro','2023-10-22 13:05:10'),('Tv63enDiTAA','2023-10-22 13:05:10'),('gCgwQqzk5Zx','2023-10-22 13:05:10'),('mQCDazMu9sd','2023-10-22 13:05:10'),('0rF83kR1iuH','2023-10-22 13:05:10'),('Jf5lMpDD8pZ','2023-10-22 13:05:10'),('YTbu1BWUn4R','2023-10-22 13:05:10'),('WQoqFsdAufK','2023-10-22 13:05:10'),('MrmiBgszoad','2023-10-22 13:05:10') [ RunTime:0.0044s ]

[ 2023-10-22T13:05:12+08:00 ] 154.9.247.116 /admin/Code/index
INFO: [ app_init ] --START--
INFO: Run Behavior\BuildLiteBehavior [ RunTime:0.000020s ]
INFO: [ app_init ] --END-- [ RunTime:0.000518s ]
INFO: [ app_begin ] --START--
INFO: Run Behavior\ReadHtmlCacheBehavior [ RunTime:0.000680s ]
INFO: [ app_begin ] --END-- [ RunTime:0.000754s ]
SQL: SELECT COUNT(*) AS tp_count FROM `xman_auth_rule` WHERE `status` = 1 AND `name` = 'admin/code/index' LIMIT 1   [ RunTime:0.0004s ]
SQL: SHOW COLUMNS FROM `xman_auth_group_access` [ RunTime:0.0012s ]
SQL: SELECT `uid`,`group_id`,`title`,`rules` FROM xman_auth_group_access a INNER JOIN xman_auth_group g on a.group_id=g.id  WHERE ( a.uid='2' and g.status='1' )  [ RunTime:0.0005s ]
SQL: SHOW COLUMNS FROM `xman_auth_rule` [ RunTime:0.0011s ]
SQL: SELECT `condition`,`name` FROM `xman_auth_rule` WHERE `id` IN ('27','154','29','12','65','66','17','1','2','5','6','10','18','41','42','43','32','37','38','39','40','19','44','45','46','47','48','50','149','150','151','152','153','156','157','159','160','161') AND `type` = 1 AND `status` = 1  [ RunTime:0.0006s ]
NOTIC: [8] Undefined index: para /www/wwwroot/ovodw.com/Application/Admin/Controller/CodeController.class.php 第 33 行.
SQL: SELECT * FROM `xman_code` WHERE (  1  ) ORDER BY addtime DESC LIMIT 0,15   [ RunTime:0.0699s ]
SQL: SELECT COUNT(*) AS tp_count FROM `xman_code` WHERE (  1  ) LIMIT 1   [ RunTime:0.0003s ]

[ 2023-10-22T20:44:04+08:00 ] 35.174.179.158 /admin/phpMyAdmin/index.php?lang=en
INFO: [ app_init ] --START--
INFO: Run Behavior\BuildLiteBehavior [ RunTime:0.000029s ]
INFO: [ app_init ] --END-- [ RunTime:0.000777s ]
INFO: [ app_begin ] --START--
INFO: Run Behavior\ReadHtmlCacheBehavior [ RunTime:0.000570s ]
INFO: [ app_begin ] --END-- [ RunTime:0.000639s ]
ERR: 无法加载控制器:PhpMyAdmin

[ 2023-10-22T20:44:07+08:00 ] 35.174.179.158 /admin/pma/index.php?lang=en
INFO: [ app_init ] --START--
INFO: Run Behavior\BuildLiteBehavior [ RunTime:0.000021s ]
INFO: [ app_init ] --END-- [ RunTime:0.000548s ]
INFO: [ app_begin ] --START--
INFO: Run Behavior\ReadHtmlCacheBehavior [ RunTime:0.000757s ]
INFO: [ app_begin ] --END-- [ RunTime:0.000840s ]
ERR: 无法加载控制器:Pma

[ 2023-10-22T20:44:10+08:00 ] 35.174.179.158 /admin/sqladmin/index.php?lang=en
INFO: [ app_init ] --START--
INFO: Run Behavior\BuildLiteBehavior [ RunTime:0.000022s ]
INFO: [ app_init ] --END-- [ RunTime:0.000540s ]
INFO: [ app_begin ] --START--
INFO: Run Behavior\ReadHtmlCacheBehavior [ RunTime:0.000706s ]
INFO: [ app_begin ] --END-- [ RunTime:0.000794s ]
ERR: 无法加载控制器:Sqladmin

[ 2023-10-22T20:44:12+08:00 ] 35.174.179.158 /admin/sysadmin/index.php?lang=en
INFO: [ app_init ] --START--
INFO: Run Behavior\BuildLiteBehavior [ RunTime:0.000028s ]
INFO: [ app_init ] --END-- [ RunTime:0.000905s ]
INFO: [ app_begin ] --START--
INFO: Run Behavior\ReadHtmlCacheBehavior [ RunTime:0.001038s ]
INFO: [ app_begin ] --END-- [ RunTime:0.001160s ]
ERR: 无法加载控制器:Sysadmin

[ 2023-10-22T20:44:14+08:00 ] 35.174.179.158 /admin/web/index.php?lang=en
INFO: [ app_init ] --START--
INFO: Run Behavior\BuildLiteBehavior [ RunTime:0.000026s ]
INFO: [ app_init ] --END-- [ RunTime:0.000736s ]
INFO: [ app_begin ] --START--
INFO: Run Behavior\ReadHtmlCacheBehavior [ RunTime:0.000978s ]
INFO: [ app_begin ] --END-- [ RunTime:0.001089s ]
ERR: 无法加载控制器:Web

[ 2023-10-22T20:44:23+08:00 ] 35.174.179.158 /admin/db/index.php?lang=en
INFO: [ app_init ] --START--
INFO: Run Behavior\BuildLiteBehavior [ RunTime:0.000021s ]
INFO: [ app_init ] --END-- [ RunTime:0.000533s ]
INFO: [ app_begin ] --START--
INFO: Run Behavior\ReadHtmlCacheBehavior [ RunTime:0.000703s ]
INFO: [ app_begin ] --END-- [ RunTime:0.000783s ]
ERR: 无法加载控制器:Db

[ 2023-10-22T20:44:31+08:00 ] 35.174.179.158 /admin/phpmyadmin/index.php?lang=en
INFO: [ app_init ] --START--
INFO: Run Behavior\BuildLiteBehavior [ RunTime:0.000068s ]
INFO: [ app_init ] --END-- [ RunTime:0.000783s ]
INFO: [ app_begin ] --START--
INFO: Run Behavior\ReadHtmlCacheBehavior [ RunTime:0.000983s ]
INFO: [ app_begin ] --END-- [ RunTime:0.001141s ]
ERR: 无法加载控制器:Phpmyadmin

[ 2023-10-22T20:44:48+08:00 ] 35.174.179.158 /admin/index.php?lang=en
INFO: [ app_init ] --START--
INFO: Run Behavior\BuildLiteBehavior [ RunTime:0.000028s ]
INFO: [ app_init ] --END-- [ RunTime:0.000604s ]
INFO: [ app_begin ] --START--
INFO: Run Behavior\ReadHtmlCacheBehavior [ RunTime:0.000526s ]
INFO: [ app_begin ] --END-- [ RunTime:0.000586s ]
ERR: 无法加载控制器:Index.php

