[ 2024-02-09T13:44:29+08:00 ] 192.168.65.1 /admin
INFO: [ app_init ] --START--
INFO: Run Behavior\BuildLiteBehavior [ RunTime:0.000007s ]
INFO: [ app_init ] --END-- [ RunTime:0.000590s ]
INFO: [ app_begin ] --START--
INFO: Run Behavior\ReadHtmlCacheBehavior [ RunTime:0.000511s ]
INFO: [ app_begin ] --END-- [ RunTime:0.000521s ]
SQL: SELECT COUNT(*) AS tp_count FROM `xman_auth_rule` WHERE `status` = 1 AND `name` = 'admin/index/index' LIMIT 1   [ RunTime:0.0072s ]
SQL: SHOW COLUMNS FROM `xman_auth_group_access` [ RunTime:0.0023s ]
SQL: SELECT `uid`,`group_id`,`title`,`rules` FROM xman_auth_group_access a INNER JOIN xman_auth_group g on a.group_id=g.id  WHERE ( a.uid='2' and g.status='1' )  [ RunTime:0.0017s ]
SQL: SELECT * FROM `xman_auth_menus` WHERE `pid` = 0  [ RunTime:0.0007s ]
SQL: SELECT * FROM `xman_admin_user` WHERE `id` = 2 LIMIT 1   [ RunTime:0.0007s ]
SQL: SELECT * FROM `xman_system_skin` WHERE `user_id` = 2 LIMIT 1   [ RunTime:0.0010s ]
INFO: [ view_parse ] --START--
INFO: [ template_filter ] --START--
INFO: Run Behavior\ContentReplaceBehavior [ RunTime:0.000034s ]
INFO: [ template_filter ] --END-- [ RunTime:0.000044s ]
INFO: Run Behavior\ParseTemplateBehavior [ RunTime:0.007359s ]
INFO: [ view_parse ] --END-- [ RunTime:0.007368s ]
INFO: [ view_filter ] --START--
INFO: Run Behavior\WriteHtmlCacheBehavior [ RunTime:0.000359s ]
INFO: [ view_filter ] --END-- [ RunTime:0.000364s ]
INFO: [ app_end ] --START--
INFO: Run Behavior\ShowPageTraceBehavior [ RunTime:0.000929s ]
INFO: [ app_end ] --END-- [ RunTime:0.000935s ]

[ 2024-02-09T13:44:29+08:00 ] 192.168.65.1 /index.php/Admin/Index/main.html
INFO: [ app_init ] --START--
INFO: Run Behavior\BuildLiteBehavior [ RunTime:0.000004s ]
INFO: [ app_init ] --END-- [ RunTime:0.000206s ]
INFO: [ app_begin ] --START--
INFO: Run Behavior\ReadHtmlCacheBehavior [ RunTime:0.000294s ]
INFO: [ app_begin ] --END-- [ RunTime:0.000305s ]
SQL: SELECT COUNT(*) AS tp_count FROM `xman_auth_rule` WHERE `status` = 1 AND `name` = 'admin/index/main' LIMIT 1   [ RunTime:0.0003s ]
INFO: [ view_parse ] --START--
INFO: [ template_filter ] --START--
INFO: Run Behavior\ContentReplaceBehavior [ RunTime:0.000013s ]
INFO: [ template_filter ] --END-- [ RunTime:0.000035s ]
INFO: Run Behavior\ParseTemplateBehavior [ RunTime:0.003548s ]
INFO: [ view_parse ] --END-- [ RunTime:0.003560s ]
INFO: [ view_filter ] --START--
INFO: Run Behavior\WriteHtmlCacheBehavior [ RunTime:0.000197s ]
INFO: [ view_filter ] --END-- [ RunTime:0.000206s ]
INFO: [ app_end ] --START--
INFO: Run Behavior\ShowPageTraceBehavior [ RunTime:0.000379s ]
INFO: [ app_end ] --END-- [ RunTime:0.000384s ]

[ 2024-02-09T13:44:59+08:00 ] 192.168.65.1 /admin/project/index
INFO: [ app_init ] --START--
INFO: Run Behavior\BuildLiteBehavior [ RunTime:0.000007s ]
INFO: [ app_init ] --END-- [ RunTime:0.000507s ]
INFO: [ app_begin ] --START--
INFO: Run Behavior\ReadHtmlCacheBehavior [ RunTime:0.000609s ]
INFO: [ app_begin ] --END-- [ RunTime:0.000629s ]
SQL: SELECT COUNT(*) AS tp_count FROM `xman_auth_rule` WHERE `status` = 1 AND `name` = 'admin/project/index' LIMIT 1   [ RunTime:0.0004s ]
SQL: SHOW COLUMNS FROM `xman_auth_group_access` [ RunTime:0.0007s ]
SQL: SELECT `uid`,`group_id`,`title`,`rules` FROM xman_auth_group_access a INNER JOIN xman_auth_group g on a.group_id=g.id  WHERE ( a.uid='2' and g.status='1' )  [ RunTime:0.0002s ]
SQL: SHOW COLUMNS FROM `xman_auth_rule` [ RunTime:0.0004s ]
SQL: SELECT `condition`,`name` FROM `xman_auth_rule` WHERE `id` IN ('27','154','29','12','65','66','17','1','2','5','6','10','18','41','42','43','32','37','38','39','40','19','44','45','46','47','48','50','149','150','151','152','153','156','157','159','160','161','162','163') AND `type` = 1 AND `status` = 1  [ RunTime:0.0002s ]
INFO: [ view_parse ] --START--
INFO: [ template_filter ] --START--
INFO: Run Behavior\ContentReplaceBehavior [ RunTime:0.000012s ]
INFO: [ template_filter ] --END-- [ RunTime:0.000018s ]
INFO: Run Behavior\ParseTemplateBehavior [ RunTime:0.004150s ]
INFO: [ view_parse ] --END-- [ RunTime:0.004158s ]
INFO: [ view_filter ] --START--
INFO: Run Behavior\WriteHtmlCacheBehavior [ RunTime:0.000196s ]
INFO: [ view_filter ] --END-- [ RunTime:0.000201s ]
INFO: [ app_end ] --START--
INFO: Run Behavior\ShowPageTraceBehavior [ RunTime:0.000272s ]
INFO: [ app_end ] --END-- [ RunTime:0.000276s ]

[ 2024-02-09T13:44:59+08:00 ] 192.168.65.1 /admin/Project/index
INFO: [ app_init ] --START--
INFO: Run Behavior\BuildLiteBehavior [ RunTime:0.000004s ]
INFO: [ app_init ] --END-- [ RunTime:0.000306s ]
INFO: [ app_begin ] --START--
INFO: Run Behavior\ReadHtmlCacheBehavior [ RunTime:0.000288s ]
INFO: [ app_begin ] --END-- [ RunTime:0.000296s ]
SQL: SELECT COUNT(*) AS tp_count FROM `xman_auth_rule` WHERE `status` = 1 AND `name` = 'admin/project/index' LIMIT 1   [ RunTime:0.0003s ]
SQL: SHOW COLUMNS FROM `xman_auth_group_access` [ RunTime:0.0006s ]
SQL: SELECT `uid`,`group_id`,`title`,`rules` FROM xman_auth_group_access a INNER JOIN xman_auth_group g on a.group_id=g.id  WHERE ( a.uid='2' and g.status='1' )  [ RunTime:0.0003s ]
SQL: SHOW COLUMNS FROM `xman_auth_rule` [ RunTime:0.0004s ]
SQL: SELECT `condition`,`name` FROM `xman_auth_rule` WHERE `id` IN ('27','154','29','12','65','66','17','1','2','5','6','10','18','41','42','43','32','37','38','39','40','19','44','45','46','47','48','50','149','150','151','152','153','156','157','159','160','161','162','163') AND `type` = 1 AND `status` = 1  [ RunTime:0.0001s ]
NOTIC: [8] Undefined index: para /var/www/ovodw/Application/Admin/Controller/ProjectController.class.php 第 24 行.
SQL: SELECT * FROM `xman_project` WHERE (  1  ) ORDER BY status DESC,id DESC LIMIT 0,15   [ RunTime:0.0011s ]
NOTIC: [8] Undefined index: createtime /var/www/ovodw/Application/Admin/Controller/ProjectController.class.php 第 48 行.
NOTIC: [8] Undefined index: createtime /var/www/ovodw/Application/Admin/Controller/ProjectController.class.php 第 48 行.
NOTIC: [8] Undefined index: createtime /var/www/ovodw/Application/Admin/Controller/ProjectController.class.php 第 48 行.
NOTIC: [8] Undefined index: createtime /var/www/ovodw/Application/Admin/Controller/ProjectController.class.php 第 48 行.
SQL: SELECT COUNT(*) AS tp_count FROM `xman_project` WHERE (  1  ) LIMIT 1   [ RunTime:0.0004s ]

[ 2024-02-09T13:45:01+08:00 ] 192.168.65.1 /admin/country/index
INFO: [ app_init ] --START--
INFO: Run Behavior\BuildLiteBehavior [ RunTime:0.000009s ]
INFO: [ app_init ] --END-- [ RunTime:0.000665s ]
INFO: [ app_begin ] --START--
INFO: Run Behavior\ReadHtmlCacheBehavior [ RunTime:0.000644s ]
INFO: [ app_begin ] --END-- [ RunTime:0.000668s ]
SQL: SELECT COUNT(*) AS tp_count FROM `xman_auth_rule` WHERE `status` = 1 AND `name` = 'admin/country/index' LIMIT 1   [ RunTime:0.0003s ]
SQL: SHOW COLUMNS FROM `xman_auth_group_access` [ RunTime:0.0010s ]
SQL: SELECT `uid`,`group_id`,`title`,`rules` FROM xman_auth_group_access a INNER JOIN xman_auth_group g on a.group_id=g.id  WHERE ( a.uid='2' and g.status='1' )  [ RunTime:0.0002s ]
SQL: SHOW COLUMNS FROM `xman_auth_rule` [ RunTime:0.0004s ]
SQL: SELECT `condition`,`name` FROM `xman_auth_rule` WHERE `id` IN ('27','154','29','12','65','66','17','1','2','5','6','10','18','41','42','43','32','37','38','39','40','19','44','45','46','47','48','50','149','150','151','152','153','156','157','159','160','161','162','163') AND `type` = 1 AND `status` = 1  [ RunTime:0.0001s ]
INFO: [ view_parse ] --START--
INFO: [ template_filter ] --START--
INFO: Run Behavior\ContentReplaceBehavior [ RunTime:0.000011s ]
INFO: [ template_filter ] --END-- [ RunTime:0.000018s ]
INFO: Run Behavior\ParseTemplateBehavior [ RunTime:0.003989s ]
INFO: [ view_parse ] --END-- [ RunTime:0.003997s ]
INFO: [ view_filter ] --START--
INFO: Run Behavior\WriteHtmlCacheBehavior [ RunTime:0.000177s ]
INFO: [ view_filter ] --END-- [ RunTime:0.000180s ]
INFO: [ app_end ] --START--
INFO: Run Behavior\ShowPageTraceBehavior [ RunTime:0.000251s ]
INFO: [ app_end ] --END-- [ RunTime:0.000254s ]

[ 2024-02-09T13:45:01+08:00 ] 192.168.65.1 /admin/Country/index
INFO: [ app_init ] --START--
INFO: Run Behavior\BuildLiteBehavior [ RunTime:0.000003s ]
INFO: [ app_init ] --END-- [ RunTime:0.000305s ]
INFO: [ app_begin ] --START--
INFO: Run Behavior\ReadHtmlCacheBehavior [ RunTime:0.000289s ]
INFO: [ app_begin ] --END-- [ RunTime:0.000298s ]
SQL: SELECT COUNT(*) AS tp_count FROM `xman_auth_rule` WHERE `status` = 1 AND `name` = 'admin/country/index' LIMIT 1   [ RunTime:0.0003s ]
SQL: SHOW COLUMNS FROM `xman_auth_group_access` [ RunTime:0.0008s ]
SQL: SELECT `uid`,`group_id`,`title`,`rules` FROM xman_auth_group_access a INNER JOIN xman_auth_group g on a.group_id=g.id  WHERE ( a.uid='2' and g.status='1' )  [ RunTime:0.0002s ]
SQL: SHOW COLUMNS FROM `xman_auth_rule` [ RunTime:0.0005s ]
SQL: SELECT `condition`,`name` FROM `xman_auth_rule` WHERE `id` IN ('27','154','29','12','65','66','17','1','2','5','6','10','18','41','42','43','32','37','38','39','40','19','44','45','46','47','48','50','149','150','151','152','153','156','157','159','160','161','162','163') AND `type` = 1 AND `status` = 1  [ RunTime:0.0001s ]
NOTIC: [8] Undefined index: para /var/www/ovodw/Application/Admin/Controller/CountryController.class.php 第 24 行.
SQL: SELECT * FROM `xman_country` WHERE (  1  ) ORDER BY id DESC LIMIT 0,15   [ RunTime:0.0011s ]
NOTIC: [8] Undefined index: createtime /var/www/ovodw/Application/Admin/Controller/CountryController.class.php 第 48 行.
SQL: SELECT COUNT(*) AS tp_count FROM `xman_country` WHERE (  1  ) LIMIT 1   [ RunTime:0.0003s ]

[ 2024-02-09T13:45:02+08:00 ] 192.168.65.1 /admin/code/index
INFO: [ app_init ] --START--
INFO: Run Behavior\BuildLiteBehavior [ RunTime:0.000008s ]
INFO: [ app_init ] --END-- [ RunTime:0.000497s ]
INFO: [ app_begin ] --START--
INFO: Run Behavior\ReadHtmlCacheBehavior [ RunTime:0.000593s ]
INFO: [ app_begin ] --END-- [ RunTime:0.000614s ]
SQL: SELECT COUNT(*) AS tp_count FROM `xman_auth_rule` WHERE `status` = 1 AND `name` = 'admin/code/index' LIMIT 1   [ RunTime:0.0002s ]
SQL: SHOW COLUMNS FROM `xman_auth_group_access` [ RunTime:0.0007s ]
SQL: SELECT `uid`,`group_id`,`title`,`rules` FROM xman_auth_group_access a INNER JOIN xman_auth_group g on a.group_id=g.id  WHERE ( a.uid='2' and g.status='1' )  [ RunTime:0.0002s ]
SQL: SHOW COLUMNS FROM `xman_auth_rule` [ RunTime:0.0004s ]
SQL: SELECT `condition`,`name` FROM `xman_auth_rule` WHERE `id` IN ('27','154','29','12','65','66','17','1','2','5','6','10','18','41','42','43','32','37','38','39','40','19','44','45','46','47','48','50','149','150','151','152','153','156','157','159','160','161','162','163') AND `type` = 1 AND `status` = 1  [ RunTime:0.0002s ]
INFO: [ view_parse ] --START--
INFO: [ template_filter ] --START--
INFO: Run Behavior\ContentReplaceBehavior [ RunTime:0.000011s ]
INFO: [ template_filter ] --END-- [ RunTime:0.000019s ]
INFO: Run Behavior\ParseTemplateBehavior [ RunTime:0.003599s ]
INFO: [ view_parse ] --END-- [ RunTime:0.003606s ]
INFO: [ view_filter ] --START--
INFO: Run Behavior\WriteHtmlCacheBehavior [ RunTime:0.000169s ]
INFO: [ view_filter ] --END-- [ RunTime:0.000174s ]
INFO: [ app_end ] --START--
INFO: Run Behavior\ShowPageTraceBehavior [ RunTime:0.000273s ]
INFO: [ app_end ] --END-- [ RunTime:0.000277s ]

[ 2024-02-09T13:45:02+08:00 ] 192.168.65.1 /admin/Code/index
INFO: [ app_init ] --START--
INFO: Run Behavior\BuildLiteBehavior [ RunTime:0.000003s ]
INFO: [ app_init ] --END-- [ RunTime:0.000265s ]
INFO: [ app_begin ] --START--
INFO: Run Behavior\ReadHtmlCacheBehavior [ RunTime:0.000299s ]
INFO: [ app_begin ] --END-- [ RunTime:0.000306s ]
SQL: SELECT COUNT(*) AS tp_count FROM `xman_auth_rule` WHERE `status` = 1 AND `name` = 'admin/code/index' LIMIT 1   [ RunTime:0.0002s ]
SQL: SHOW COLUMNS FROM `xman_auth_group_access` [ RunTime:0.0007s ]
SQL: SELECT `uid`,`group_id`,`title`,`rules` FROM xman_auth_group_access a INNER JOIN xman_auth_group g on a.group_id=g.id  WHERE ( a.uid='2' and g.status='1' )  [ RunTime:0.0003s ]
SQL: SHOW COLUMNS FROM `xman_auth_rule` [ RunTime:0.0005s ]
SQL: SELECT `condition`,`name` FROM `xman_auth_rule` WHERE `id` IN ('27','154','29','12','65','66','17','1','2','5','6','10','18','41','42','43','32','37','38','39','40','19','44','45','46','47','48','50','149','150','151','152','153','156','157','159','160','161','162','163') AND `type` = 1 AND `status` = 1  [ RunTime:0.0001s ]
NOTIC: [8] Undefined index: para /var/www/ovodw/Application/Admin/Controller/CodeController.class.php 第 33 行.
SQL: SELECT * FROM `xman_code` WHERE (  1  ) ORDER BY addtime DESC LIMIT 0,15   [ RunTime:0.1052s ]
SQL: SELECT COUNT(*) AS tp_count FROM `xman_code` WHERE (  1  ) LIMIT 1   [ RunTime:0.0002s ]

[ 2024-02-09T13:45:03+08:00 ] 192.168.65.1 /admin/api/index
INFO: [ app_init ] --START--
INFO: Run Behavior\BuildLiteBehavior [ RunTime:0.000010s ]
INFO: [ app_init ] --END-- [ RunTime:0.000749s ]
INFO: [ app_begin ] --START--
INFO: Run Behavior\ReadHtmlCacheBehavior [ RunTime:0.000555s ]
INFO: [ app_begin ] --END-- [ RunTime:0.000572s ]
SQL: SELECT COUNT(*) AS tp_count FROM `xman_auth_rule` WHERE `status` = 1 AND `name` = 'admin/api/index' LIMIT 1   [ RunTime:0.0002s ]
SQL: SHOW COLUMNS FROM `xman_auth_group_access` [ RunTime:0.0006s ]
SQL: SELECT `uid`,`group_id`,`title`,`rules` FROM xman_auth_group_access a INNER JOIN xman_auth_group g on a.group_id=g.id  WHERE ( a.uid='2' and g.status='1' )  [ RunTime:0.0002s ]
SQL: SHOW COLUMNS FROM `xman_auth_rule` [ RunTime:0.0004s ]
SQL: SELECT `condition`,`name` FROM `xman_auth_rule` WHERE `id` IN ('27','154','29','12','65','66','17','1','2','5','6','10','18','41','42','43','32','37','38','39','40','19','44','45','46','47','48','50','149','150','151','152','153','156','157','159','160','161','162','163') AND `type` = 1 AND `status` = 1  [ RunTime:0.0001s ]
SQL: SELECT * FROM `xman_api` ORDER BY id asc  [ RunTime:0.0011s ]
SQL: SELECT * FROM `xman_nation` ORDER BY number asc  [ RunTime:0.0009s ]
INFO: [ view_parse ] --START--
INFO: [ template_filter ] --START--
INFO: Run Behavior\ContentReplaceBehavior [ RunTime:0.000014s ]
INFO: [ template_filter ] --END-- [ RunTime:0.000020s ]
INFO: Run Behavior\ParseTemplateBehavior [ RunTime:0.003822s ]
INFO: [ view_parse ] --END-- [ RunTime:0.003829s ]
INFO: [ view_filter ] --START--
INFO: Run Behavior\WriteHtmlCacheBehavior [ RunTime:0.000166s ]
INFO: [ view_filter ] --END-- [ RunTime:0.000171s ]
INFO: [ app_end ] --START--
INFO: Run Behavior\ShowPageTraceBehavior [ RunTime:0.000374s ]
INFO: [ app_end ] --END-- [ RunTime:0.000381s ]

[ 2024-02-09T13:45:37+08:00 ] 192.168.65.1 /admin/number/index
INFO: [ app_init ] --START--
INFO: Run Behavior\BuildLiteBehavior [ RunTime:0.000009s ]
INFO: [ app_init ] --END-- [ RunTime:0.000492s ]
INFO: [ app_begin ] --START--
INFO: Run Behavior\ReadHtmlCacheBehavior [ RunTime:0.000755s ]
INFO: [ app_begin ] --END-- [ RunTime:0.000777s ]
SQL: SELECT COUNT(*) AS tp_count FROM `xman_auth_rule` WHERE `status` = 1 AND `name` = 'admin/number/index' LIMIT 1   [ RunTime:0.0003s ]
SQL: SHOW COLUMNS FROM `xman_auth_group_access` [ RunTime:0.0007s ]
SQL: SELECT `uid`,`group_id`,`title`,`rules` FROM xman_auth_group_access a INNER JOIN xman_auth_group g on a.group_id=g.id  WHERE ( a.uid='2' and g.status='1' )  [ RunTime:0.0002s ]
SQL: SHOW COLUMNS FROM `xman_auth_rule` [ RunTime:0.0005s ]
SQL: SELECT `condition`,`name` FROM `xman_auth_rule` WHERE `id` IN ('27','154','29','12','65','66','17','1','2','5','6','10','18','41','42','43','32','37','38','39','40','19','44','45','46','47','48','50','149','150','151','152','153','156','157','159','160','161','162','163') AND `type` = 1 AND `status` = 1  [ RunTime:0.0002s ]
INFO: [ view_parse ] --START--
INFO: [ template_filter ] --START--
INFO: Run Behavior\ContentReplaceBehavior [ RunTime:0.000010s ]
INFO: [ template_filter ] --END-- [ RunTime:0.000016s ]
INFO: Run Behavior\ParseTemplateBehavior [ RunTime:0.003276s ]
INFO: [ view_parse ] --END-- [ RunTime:0.003282s ]
INFO: [ view_filter ] --START--
INFO: Run Behavior\WriteHtmlCacheBehavior [ RunTime:0.000176s ]
INFO: [ view_filter ] --END-- [ RunTime:0.000186s ]
INFO: [ app_end ] --START--
INFO: Run Behavior\ShowPageTraceBehavior [ RunTime:0.000271s ]
INFO: [ app_end ] --END-- [ RunTime:0.000274s ]

[ 2024-02-09T13:45:37+08:00 ] 192.168.65.1 /admin/Number/index
INFO: [ app_init ] --START--
INFO: Run Behavior\BuildLiteBehavior [ RunTime:0.000004s ]
INFO: [ app_init ] --END-- [ RunTime:0.000289s ]
INFO: [ app_begin ] --START--
INFO: Run Behavior\ReadHtmlCacheBehavior [ RunTime:0.000337s ]
INFO: [ app_begin ] --END-- [ RunTime:0.000344s ]
SQL: SELECT COUNT(*) AS tp_count FROM `xman_auth_rule` WHERE `status` = 1 AND `name` = 'admin/number/index' LIMIT 1   [ RunTime:0.0003s ]
SQL: SHOW COLUMNS FROM `xman_auth_group_access` [ RunTime:0.0007s ]
SQL: SELECT `uid`,`group_id`,`title`,`rules` FROM xman_auth_group_access a INNER JOIN xman_auth_group g on a.group_id=g.id  WHERE ( a.uid='2' and g.status='1' )  [ RunTime:0.0002s ]
SQL: SHOW COLUMNS FROM `xman_auth_rule` [ RunTime:0.0004s ]
SQL: SELECT `condition`,`name` FROM `xman_auth_rule` WHERE `id` IN ('27','154','29','12','65','66','17','1','2','5','6','10','18','41','42','43','32','37','38','39','40','19','44','45','46','47','48','50','149','150','151','152','153','156','157','159','160','161','162','163') AND `type` = 1 AND `status` = 1  [ RunTime:0.0002s ]
NOTIC: [8] Undefined index: para /var/www/ovodw/Application/Admin/Controller/NumberController.class.php 第 33 行.
SQL: SHOW COLUMNS FROM `xman_number` [ RunTime:0.0007s ]
SQL: SELECT * FROM `xman_number` WHERE (  1  ) ORDER BY status ASC,createtime DESC LIMIT 0,15   [ RunTime:0.0012s ]
SQL: SELECT COUNT(*) AS tp_count FROM `xman_number` WHERE (  1  ) LIMIT 1   [ RunTime:0.0001s ]

[ 2024-02-09T13:45:38+08:00 ] 192.168.65.1 /admin/using/index
INFO: [ app_init ] --START--
INFO: Run Behavior\BuildLiteBehavior [ RunTime:0.000013s ]
INFO: [ app_init ] --END-- [ RunTime:0.000524s ]
INFO: [ app_begin ] --START--
INFO: Run Behavior\ReadHtmlCacheBehavior [ RunTime:0.000534s ]
INFO: [ app_begin ] --END-- [ RunTime:0.000548s ]
SQL: SELECT COUNT(*) AS tp_count FROM `xman_auth_rule` WHERE `status` = 1 AND `name` = 'admin/using/index' LIMIT 1   [ RunTime:0.0003s ]
SQL: SHOW COLUMNS FROM `xman_auth_group_access` [ RunTime:0.0007s ]
SQL: SELECT `uid`,`group_id`,`title`,`rules` FROM xman_auth_group_access a INNER JOIN xman_auth_group g on a.group_id=g.id  WHERE ( a.uid='2' and g.status='1' )  [ RunTime:0.0002s ]
SQL: SHOW COLUMNS FROM `xman_auth_rule` [ RunTime:0.0004s ]
SQL: SELECT `condition`,`name` FROM `xman_auth_rule` WHERE `id` IN ('27','154','29','12','65','66','17','1','2','5','6','10','18','41','42','43','32','37','38','39','40','19','44','45','46','47','48','50','149','150','151','152','153','156','157','159','160','161','162','163') AND `type` = 1 AND `status` = 1  [ RunTime:0.0002s ]
INFO: [ view_parse ] --START--
INFO: [ template_filter ] --START--
INFO: Run Behavior\ContentReplaceBehavior [ RunTime:0.000037s ]
INFO: [ template_filter ] --END-- [ RunTime:0.000067s ]
NOTIC: [8] Undefined index: indextopenon /var/www/ovodw/Application/Runtime/Cache/Admin/2f0f78f54412eafd0550efd94fc829b6.php 第 26 行.
NOTIC: [2] Use of undefined constant indextimg - assumed 'indextimg' (this will throw an Error in a future version of PHP) /var/www/ovodw/Application/Runtime/Cache/Admin/2f0f78f54412eafd0550efd94fc829b6.php 第 34 行.
NOTIC: [8] Array to string conversion /var/www/ovodw/Application/Runtime/Cache/Admin/2f0f78f54412eafd0550efd94fc829b6.php 第 34 行.
NOTIC: [2] Use of undefined constant indextimg - assumed 'indextimg' (this will throw an Error in a future version of PHP) /var/www/ovodw/Application/Runtime/Cache/Admin/2f0f78f54412eafd0550efd94fc829b6.php 第 44 行.
NOTIC: [8] Array to string conversion /var/www/ovodw/Application/Runtime/Cache/Admin/2f0f78f54412eafd0550efd94fc829b6.php 第 44 行.
NOTIC: [8] Undefined index: indextopenon /var/www/ovodw/Application/Runtime/Cache/Admin/2f0f78f54412eafd0550efd94fc829b6.php 第 131 行.
INFO: Run Behavior\ParseTemplateBehavior [ RunTime:0.004572s ]
INFO: [ view_parse ] --END-- [ RunTime:0.004580s ]
INFO: [ view_filter ] --START--
INFO: Run Behavior\WriteHtmlCacheBehavior [ RunTime:0.000164s ]
INFO: [ view_filter ] --END-- [ RunTime:0.000170s ]
INFO: [ app_end ] --START--
INFO: Run Behavior\ShowPageTraceBehavior [ RunTime:0.000321s ]
INFO: [ app_end ] --END-- [ RunTime:0.000328s ]

[ 2024-02-09T13:45:40+08:00 ] 192.168.65.1 /admin/config/index
INFO: [ app_init ] --START--
INFO: Run Behavior\BuildLiteBehavior [ RunTime:0.000010s ]
INFO: [ app_init ] --END-- [ RunTime:0.000616s ]
INFO: [ app_begin ] --START--
INFO: Run Behavior\ReadHtmlCacheBehavior [ RunTime:0.000654s ]
INFO: [ app_begin ] --END-- [ RunTime:0.000687s ]
SQL: SELECT COUNT(*) AS tp_count FROM `xman_auth_rule` WHERE `status` = 1 AND `name` = 'admin/config/index' LIMIT 1   [ RunTime:0.0003s ]
SQL: SHOW COLUMNS FROM `xman_auth_group_access` [ RunTime:0.0006s ]
SQL: SELECT `uid`,`group_id`,`title`,`rules` FROM xman_auth_group_access a INNER JOIN xman_auth_group g on a.group_id=g.id  WHERE ( a.uid='2' and g.status='1' )  [ RunTime:0.0002s ]
SQL: SHOW COLUMNS FROM `xman_auth_rule` [ RunTime:0.0004s ]
SQL: SELECT `condition`,`name` FROM `xman_auth_rule` WHERE `id` IN ('27','154','29','12','65','66','17','1','2','5','6','10','18','41','42','43','32','37','38','39','40','19','44','45','46','47','48','50','149','150','151','152','153','156','157','159','160','161','162','163') AND `type` = 1 AND `status` = 1  [ RunTime:0.0002s ]
SQL: SELECT `id`,`name`,`title`,`tip`,`value` FROM `xman_config` ORDER BY id asc  [ RunTime:0.0002s ]
INFO: [ view_parse ] --START--
INFO: [ template_filter ] --START--
INFO: Run Behavior\ContentReplaceBehavior [ RunTime:0.000019s ]
INFO: [ template_filter ] --END-- [ RunTime:0.000025s ]
INFO: Run Behavior\ParseTemplateBehavior [ RunTime:0.002979s ]
INFO: [ view_parse ] --END-- [ RunTime:0.002986s ]
INFO: [ view_filter ] --START--
INFO: Run Behavior\WriteHtmlCacheBehavior [ RunTime:0.000163s ]
INFO: [ view_filter ] --END-- [ RunTime:0.000168s ]
INFO: [ app_end ] --START--
INFO: Run Behavior\ShowPageTraceBehavior [ RunTime:0.000284s ]
INFO: [ app_end ] --END-- [ RunTime:0.000290s ]

[ 2024-02-09T13:45:50+08:00 ] 192.168.65.1 /admin/notice/index
INFO: [ app_init ] --START--
INFO: Run Behavior\BuildLiteBehavior [ RunTime:0.000009s ]
INFO: [ app_init ] --END-- [ RunTime:0.000671s ]
INFO: [ app_begin ] --START--
INFO: Run Behavior\ReadHtmlCacheBehavior [ RunTime:0.000806s ]
INFO: [ app_begin ] --END-- [ RunTime:0.000830s ]
SQL: SELECT COUNT(*) AS tp_count FROM `xman_auth_rule` WHERE `status` = 1 AND `name` = 'admin/notice/index' LIMIT 1   [ RunTime:0.0002s ]
SQL: SHOW COLUMNS FROM `xman_auth_group_access` [ RunTime:0.0006s ]
SQL: SELECT `uid`,`group_id`,`title`,`rules` FROM xman_auth_group_access a INNER JOIN xman_auth_group g on a.group_id=g.id  WHERE ( a.uid='2' and g.status='1' )  [ RunTime:0.0001s ]
SQL: SHOW COLUMNS FROM `xman_auth_rule` [ RunTime:0.0004s ]
SQL: SELECT `condition`,`name` FROM `xman_auth_rule` WHERE `id` IN ('27','154','29','12','65','66','17','1','2','5','6','10','18','41','42','43','32','37','38','39','40','19','44','45','46','47','48','50','149','150','151','152','153','156','157','159','160','161','162','163') AND `type` = 1 AND `status` = 1  [ RunTime:0.0001s ]
INFO: [ view_parse ] --START--
INFO: [ template_filter ] --START--
INFO: Run Behavior\ContentReplaceBehavior [ RunTime:0.000011s ]
INFO: [ template_filter ] --END-- [ RunTime:0.000018s ]
INFO: Run Behavior\ParseTemplateBehavior [ RunTime:0.003252s ]
INFO: [ view_parse ] --END-- [ RunTime:0.003259s ]
INFO: [ view_filter ] --START--
INFO: Run Behavior\WriteHtmlCacheBehavior [ RunTime:0.000198s ]
INFO: [ view_filter ] --END-- [ RunTime:0.000205s ]
INFO: [ app_end ] --START--
INFO: Run Behavior\ShowPageTraceBehavior [ RunTime:0.000324s ]
INFO: [ app_end ] --END-- [ RunTime:0.000329s ]

[ 2024-02-09T13:45:51+08:00 ] 192.168.65.1 /admin/Notice/index
INFO: [ app_init ] --START--
INFO: Run Behavior\BuildLiteBehavior [ RunTime:0.000003s ]
INFO: [ app_init ] --END-- [ RunTime:0.000205s ]
INFO: [ app_begin ] --START--
INFO: Run Behavior\ReadHtmlCacheBehavior [ RunTime:0.000242s ]
INFO: [ app_begin ] --END-- [ RunTime:0.000253s ]
SQL: SELECT COUNT(*) AS tp_count FROM `xman_auth_rule` WHERE `status` = 1 AND `name` = 'admin/notice/index' LIMIT 1   [ RunTime:0.0002s ]
SQL: SHOW COLUMNS FROM `xman_auth_group_access` [ RunTime:0.0007s ]
SQL: SELECT `uid`,`group_id`,`title`,`rules` FROM xman_auth_group_access a INNER JOIN xman_auth_group g on a.group_id=g.id  WHERE ( a.uid='2' and g.status='1' )  [ RunTime:0.0004s ]
SQL: SHOW COLUMNS FROM `xman_auth_rule` [ RunTime:0.0005s ]
SQL: SELECT `condition`,`name` FROM `xman_auth_rule` WHERE `id` IN ('27','154','29','12','65','66','17','1','2','5','6','10','18','41','42','43','32','37','38','39','40','19','44','45','46','47','48','50','149','150','151','152','153','156','157','159','160','161','162','163') AND `type` = 1 AND `status` = 1  [ RunTime:0.0001s ]
NOTIC: [8] Undefined index: para /var/www/ovodw/Application/Common/Controller/MakeController.class.php 第 49 行.
SQL: SELECT * FROM `xman_notice` WHERE (  1  ) LIMIT 0,15   [ RunTime:0.0005s ]
SQL: SELECT COUNT(*) AS tp_count FROM `xman_notice` WHERE (  1  ) LIMIT 1   [ RunTime:0.0001s ]

[ 2024-02-09T13:45:59+08:00 ] 192.168.65.1 /admin/Code/index
INFO: [ app_init ] --START--
INFO: Run Behavior\BuildLiteBehavior [ RunTime:0.000010s ]
INFO: [ app_init ] --END-- [ RunTime:0.000595s ]
INFO: [ app_begin ] --START--
INFO: Run Behavior\ReadHtmlCacheBehavior [ RunTime:0.000518s ]
INFO: [ app_begin ] --END-- [ RunTime:0.000535s ]
SQL: SELECT COUNT(*) AS tp_count FROM `xman_auth_rule` WHERE `status` = 1 AND `name` = 'admin/code/index' LIMIT 1   [ RunTime:0.0002s ]
SQL: SHOW COLUMNS FROM `xman_auth_group_access` [ RunTime:0.0005s ]
SQL: SELECT `uid`,`group_id`,`title`,`rules` FROM xman_auth_group_access a INNER JOIN xman_auth_group g on a.group_id=g.id  WHERE ( a.uid='2' and g.status='1' )  [ RunTime:0.0001s ]
SQL: SHOW COLUMNS FROM `xman_auth_rule` [ RunTime:0.0003s ]
SQL: SELECT `condition`,`name` FROM `xman_auth_rule` WHERE `id` IN ('27','154','29','12','65','66','17','1','2','5','6','10','18','41','42','43','32','37','38','39','40','19','44','45','46','47','48','50','149','150','151','152','153','156','157','159','160','161','162','163') AND `type` = 1 AND `status` = 1  [ RunTime:0.0001s ]
SQL: SELECT * FROM `xman_code` WHERE (  1  ) ORDER BY addtime DESC  [ RunTime:0.1640s ]
SQL: SELECT COUNT(*) AS tp_count FROM `xman_code` WHERE (  1  ) LIMIT 1   [ RunTime:0.0003s ]

[ 2024-02-09T13:46:03+08:00 ] 192.168.65.1 /admin
INFO: [ app_init ] --START--
INFO: Run Behavior\BuildLiteBehavior [ RunTime:0.000008s ]
INFO: [ app_init ] --END-- [ RunTime:0.000512s ]
INFO: [ app_begin ] --START--
INFO: Run Behavior\ReadHtmlCacheBehavior [ RunTime:0.000563s ]
INFO: [ app_begin ] --END-- [ RunTime:0.000581s ]
SQL: SELECT COUNT(*) AS tp_count FROM `xman_auth_rule` WHERE `status` = 1 AND `name` = 'admin/index/index' LIMIT 1   [ RunTime:0.0002s ]
SQL: SHOW COLUMNS FROM `xman_auth_group_access` [ RunTime:0.0010s ]
SQL: SELECT `uid`,`group_id`,`title`,`rules` FROM xman_auth_group_access a INNER JOIN xman_auth_group g on a.group_id=g.id  WHERE ( a.uid='2' and g.status='1' )  [ RunTime:0.0002s ]
SQL: SELECT * FROM `xman_auth_menus` WHERE `pid` = 0  [ RunTime:0.0002s ]
SQL: SELECT * FROM `xman_admin_user` WHERE `id` = 2 LIMIT 1   [ RunTime:0.0001s ]
SQL: SELECT * FROM `xman_system_skin` WHERE `user_id` = 2 LIMIT 1   [ RunTime:0.0001s ]
INFO: [ view_parse ] --START--
INFO: [ template_filter ] --START--
INFO: Run Behavior\ContentReplaceBehavior [ RunTime:0.000026s ]
INFO: [ template_filter ] --END-- [ RunTime:0.000036s ]
INFO: Run Behavior\ParseTemplateBehavior [ RunTime:0.004294s ]
INFO: [ view_parse ] --END-- [ RunTime:0.004299s ]
INFO: [ view_filter ] --START--
INFO: Run Behavior\WriteHtmlCacheBehavior [ RunTime:0.000217s ]
INFO: [ view_filter ] --END-- [ RunTime:0.000222s ]
INFO: [ app_end ] --START--
INFO: Run Behavior\ShowPageTraceBehavior [ RunTime:0.000803s ]
INFO: [ app_end ] --END-- [ RunTime:0.000821s ]

[ 2024-02-09T13:46:14+08:00 ] 192.168.65.1 /admin
INFO: [ app_init ] --START--
INFO: Run Behavior\BuildLiteBehavior [ RunTime:0.000015s ]
INFO: [ app_init ] --END-- [ RunTime:0.000656s ]
INFO: [ app_begin ] --START--
INFO: Run Behavior\ReadHtmlCacheBehavior [ RunTime:0.000599s ]
INFO: [ app_begin ] --END-- [ RunTime:0.000626s ]
SQL: SELECT COUNT(*) AS tp_count FROM `xman_auth_rule` WHERE `status` = 1 AND `name` = 'admin/index/index' LIMIT 1   [ RunTime:0.0003s ]
SQL: SHOW COLUMNS FROM `xman_auth_group_access` [ RunTime:0.0009s ]
SQL: SELECT `uid`,`group_id`,`title`,`rules` FROM xman_auth_group_access a INNER JOIN xman_auth_group g on a.group_id=g.id  WHERE ( a.uid='2' and g.status='1' )  [ RunTime:0.0003s ]
SQL: SELECT * FROM `xman_auth_menus` WHERE `pid` = 0  [ RunTime:0.0002s ]
SQL: SELECT * FROM `xman_admin_user` WHERE `id` = 2 LIMIT 1   [ RunTime:0.0002s ]
SQL: SELECT * FROM `xman_system_skin` WHERE `user_id` = 2 LIMIT 1   [ RunTime:0.0001s ]
INFO: [ view_parse ] --START--
INFO: [ template_filter ] --START--
INFO: Run Behavior\ContentReplaceBehavior [ RunTime:0.000027s ]
INFO: [ template_filter ] --END-- [ RunTime:0.000034s ]
INFO: Run Behavior\ParseTemplateBehavior [ RunTime:0.004341s ]
INFO: [ view_parse ] --END-- [ RunTime:0.004347s ]
INFO: [ view_filter ] --START--
INFO: Run Behavior\WriteHtmlCacheBehavior [ RunTime:0.000216s ]
INFO: [ view_filter ] --END-- [ RunTime:0.000220s ]
INFO: [ app_end ] --START--
INFO: Run Behavior\ShowPageTraceBehavior [ RunTime:0.000511s ]
INFO: [ app_end ] --END-- [ RunTime:0.000519s ]

[ 2024-02-09T13:46:14+08:00 ] 192.168.65.1 /index.php/Admin/Index/main.html
INFO: [ app_init ] --START--
INFO: Run Behavior\BuildLiteBehavior [ RunTime:0.000004s ]
INFO: [ app_init ] --END-- [ RunTime:0.000314s ]
INFO: [ app_begin ] --START--
INFO: Run Behavior\ReadHtmlCacheBehavior [ RunTime:0.000306s ]
INFO: [ app_begin ] --END-- [ RunTime:0.000314s ]
SQL: SELECT COUNT(*) AS tp_count FROM `xman_auth_rule` WHERE `status` = 1 AND `name` = 'admin/index/main' LIMIT 1   [ RunTime:0.0003s ]
INFO: [ view_parse ] --START--
INFO: [ template_filter ] --START--
INFO: Run Behavior\ContentReplaceBehavior [ RunTime:0.000009s ]
INFO: [ template_filter ] --END-- [ RunTime:0.000019s ]
INFO: Run Behavior\ParseTemplateBehavior [ RunTime:0.002477s ]
INFO: [ view_parse ] --END-- [ RunTime:0.002485s ]
INFO: [ view_filter ] --START--
INFO: Run Behavior\WriteHtmlCacheBehavior [ RunTime:0.000165s ]
INFO: [ view_filter ] --END-- [ RunTime:0.000172s ]
INFO: [ app_end ] --START--
INFO: Run Behavior\ShowPageTraceBehavior [ RunTime:0.000279s ]
INFO: [ app_end ] --END-- [ RunTime:0.000285s ]

[ 2024-02-09T13:46:17+08:00 ] 192.168.65.1 /admin/code/index
INFO: [ app_init ] --START--
INFO: Run Behavior\BuildLiteBehavior [ RunTime:0.000011s ]
INFO: [ app_init ] --END-- [ RunTime:0.001976s ]
INFO: [ app_begin ] --START--
INFO: Run Behavior\ReadHtmlCacheBehavior [ RunTime:0.000561s ]
INFO: [ app_begin ] --END-- [ RunTime:0.000576s ]
SQL: SELECT COUNT(*) AS tp_count FROM `xman_auth_rule` WHERE `status` = 1 AND `name` = 'admin/code/index' LIMIT 1   [ RunTime:0.0003s ]
SQL: SHOW COLUMNS FROM `xman_auth_group_access` [ RunTime:0.0007s ]
SQL: SELECT `uid`,`group_id`,`title`,`rules` FROM xman_auth_group_access a INNER JOIN xman_auth_group g on a.group_id=g.id  WHERE ( a.uid='2' and g.status='1' )  [ RunTime:0.0002s ]
SQL: SHOW COLUMNS FROM `xman_auth_rule` [ RunTime:0.0004s ]
SQL: SELECT `condition`,`name` FROM `xman_auth_rule` WHERE `id` IN ('27','154','29','12','65','66','17','1','2','5','6','10','18','41','42','43','32','37','38','39','40','19','44','45','46','47','48','50','149','150','151','152','153','156','157','159','160','161','162','163') AND `type` = 1 AND `status` = 1  [ RunTime:0.0001s ]
INFO: [ view_parse ] --START--
INFO: [ template_filter ] --START--
INFO: Run Behavior\ContentReplaceBehavior [ RunTime:0.000014s ]
INFO: [ template_filter ] --END-- [ RunTime:0.000021s ]
INFO: Run Behavior\ParseTemplateBehavior [ RunTime:0.003070s ]
INFO: [ view_parse ] --END-- [ RunTime:0.003080s ]
INFO: [ view_filter ] --START--
INFO: Run Behavior\WriteHtmlCacheBehavior [ RunTime:0.000242s ]
INFO: [ view_filter ] --END-- [ RunTime:0.000246s ]
INFO: [ app_end ] --START--
INFO: Run Behavior\ShowPageTraceBehavior [ RunTime:0.000329s ]
INFO: [ app_end ] --END-- [ RunTime:0.000333s ]

[ 2024-02-09T13:46:18+08:00 ] 192.168.65.1 /admin/Code/index
INFO: [ app_init ] --START--
INFO: Run Behavior\BuildLiteBehavior [ RunTime:0.000005s ]
INFO: [ app_init ] --END-- [ RunTime:0.000313s ]
INFO: [ app_begin ] --START--
INFO: Run Behavior\ReadHtmlCacheBehavior [ RunTime:0.000340s ]
INFO: [ app_begin ] --END-- [ RunTime:0.000346s ]
SQL: SELECT COUNT(*) AS tp_count FROM `xman_auth_rule` WHERE `status` = 1 AND `name` = 'admin/code/index' LIMIT 1   [ RunTime:0.0002s ]
SQL: SHOW COLUMNS FROM `xman_auth_group_access` [ RunTime:0.0005s ]
SQL: SELECT `uid`,`group_id`,`title`,`rules` FROM xman_auth_group_access a INNER JOIN xman_auth_group g on a.group_id=g.id  WHERE ( a.uid='2' and g.status='1' )  [ RunTime:0.0001s ]
SQL: SHOW COLUMNS FROM `xman_auth_rule` [ RunTime:0.0003s ]
SQL: SELECT `condition`,`name` FROM `xman_auth_rule` WHERE `id` IN ('27','154','29','12','65','66','17','1','2','5','6','10','18','41','42','43','32','37','38','39','40','19','44','45','46','47','48','50','149','150','151','152','153','156','157','159','160','161','162','163') AND `type` = 1 AND `status` = 1  [ RunTime:0.0002s ]
NOTIC: [8] Undefined index: para /var/www/ovodw/Application/Admin/Controller/CodeController.class.php 第 33 行.
SQL: SELECT * FROM `xman_code` WHERE (  1  ) ORDER BY addtime DESC LIMIT 0,15   [ RunTime:0.1070s ]
SQL: SELECT COUNT(*) AS tp_count FROM `xman_code` WHERE (  1  ) LIMIT 1   [ RunTime:0.0002s ]

[ 2024-02-09T13:46:20+08:00 ] 192.168.65.1 /admin/code/index
INFO: [ app_init ] --START--
INFO: Run Behavior\BuildLiteBehavior [ RunTime:0.000008s ]
INFO: [ app_init ] --END-- [ RunTime:0.000494s ]
INFO: [ app_begin ] --START--
INFO: Run Behavior\ReadHtmlCacheBehavior [ RunTime:0.000710s ]
INFO: [ app_begin ] --END-- [ RunTime:0.000733s ]
SQL: SELECT COUNT(*) AS tp_count FROM `xman_auth_rule` WHERE `status` = 1 AND `name` = 'admin/code/index' LIMIT 1   [ RunTime:0.0002s ]
SQL: SHOW COLUMNS FROM `xman_auth_group_access` [ RunTime:0.0005s ]
SQL: SELECT `uid`,`group_id`,`title`,`rules` FROM xman_auth_group_access a INNER JOIN xman_auth_group g on a.group_id=g.id  WHERE ( a.uid='2' and g.status='1' )  [ RunTime:0.0002s ]
SQL: SHOW COLUMNS FROM `xman_auth_rule` [ RunTime:0.0004s ]
SQL: SELECT `condition`,`name` FROM `xman_auth_rule` WHERE `id` IN ('27','154','29','12','65','66','17','1','2','5','6','10','18','41','42','43','32','37','38','39','40','19','44','45','46','47','48','50','149','150','151','152','153','156','157','159','160','161','162','163') AND `type` = 1 AND `status` = 1  [ RunTime:0.0002s ]
INFO: [ view_parse ] --START--
INFO: [ template_filter ] --START--
INFO: Run Behavior\ContentReplaceBehavior [ RunTime:0.000028s ]
INFO: [ template_filter ] --END-- [ RunTime:0.000035s ]
INFO: Run Behavior\ParseTemplateBehavior [ RunTime:0.002742s ]
INFO: [ view_parse ] --END-- [ RunTime:0.002748s ]
INFO: [ view_filter ] --START--
INFO: Run Behavior\WriteHtmlCacheBehavior [ RunTime:0.000188s ]
INFO: [ view_filter ] --END-- [ RunTime:0.000192s ]
INFO: [ app_end ] --START--
INFO: Run Behavior\ShowPageTraceBehavior [ RunTime:0.000269s ]
INFO: [ app_end ] --END-- [ RunTime:0.000273s ]

[ 2024-02-09T13:46:20+08:00 ] 192.168.65.1 /admin/Code/index
INFO: [ app_init ] --START--
INFO: Run Behavior\BuildLiteBehavior [ RunTime:0.000005s ]
INFO: [ app_init ] --END-- [ RunTime:0.000273s ]
INFO: [ app_begin ] --START--
INFO: Run Behavior\ReadHtmlCacheBehavior [ RunTime:0.000327s ]
INFO: [ app_begin ] --END-- [ RunTime:0.000336s ]
SQL: SELECT COUNT(*) AS tp_count FROM `xman_auth_rule` WHERE `status` = 1 AND `name` = 'admin/code/index' LIMIT 1   [ RunTime:0.0003s ]
SQL: SHOW COLUMNS FROM `xman_auth_group_access` [ RunTime:0.0007s ]
SQL: SELECT `uid`,`group_id`,`title`,`rules` FROM xman_auth_group_access a INNER JOIN xman_auth_group g on a.group_id=g.id  WHERE ( a.uid='2' and g.status='1' )  [ RunTime:0.0003s ]
SQL: SHOW COLUMNS FROM `xman_auth_rule` [ RunTime:0.0005s ]
SQL: SELECT `condition`,`name` FROM `xman_auth_rule` WHERE `id` IN ('27','154','29','12','65','66','17','1','2','5','6','10','18','41','42','43','32','37','38','39','40','19','44','45','46','47','48','50','149','150','151','152','153','156','157','159','160','161','162','163') AND `type` = 1 AND `status` = 1  [ RunTime:0.0002s ]
NOTIC: [8] Undefined index: para /var/www/ovodw/Application/Admin/Controller/CodeController.class.php 第 33 行.
SQL: SELECT * FROM `xman_code` WHERE (  1  ) ORDER BY addtime DESC LIMIT 0,15   [ RunTime:0.1057s ]
SQL: SELECT COUNT(*) AS tp_count FROM `xman_code` WHERE (  1  ) LIMIT 1   [ RunTime:0.0002s ]

[ 2024-02-09T13:46:33+08:00 ] 192.168.65.1 /admin/code/index
INFO: [ app_init ] --START--
INFO: Run Behavior\BuildLiteBehavior [ RunTime:0.000008s ]
INFO: [ app_init ] --END-- [ RunTime:0.000428s ]
INFO: [ app_begin ] --START--
INFO: Run Behavior\ReadHtmlCacheBehavior [ RunTime:0.000450s ]
INFO: [ app_begin ] --END-- [ RunTime:0.000468s ]
SQL: SELECT COUNT(*) AS tp_count FROM `xman_auth_rule` WHERE `status` = 1 AND `name` = 'admin/code/index' LIMIT 1   [ RunTime:0.0002s ]
SQL: SHOW COLUMNS FROM `xman_auth_group_access` [ RunTime:0.0009s ]
SQL: SELECT `uid`,`group_id`,`title`,`rules` FROM xman_auth_group_access a INNER JOIN xman_auth_group g on a.group_id=g.id  WHERE ( a.uid='2' and g.status='1' )  [ RunTime:0.0003s ]
SQL: SHOW COLUMNS FROM `xman_auth_rule` [ RunTime:0.0005s ]
SQL: SELECT `condition`,`name` FROM `xman_auth_rule` WHERE `id` IN ('27','154','29','12','65','66','17','1','2','5','6','10','18','41','42','43','32','37','38','39','40','19','44','45','46','47','48','50','149','150','151','152','153','156','157','159','160','161','162','163') AND `type` = 1 AND `status` = 1  [ RunTime:0.0001s ]
INFO: [ view_parse ] --START--
INFO: [ template_filter ] --START--
INFO: Run Behavior\ContentReplaceBehavior [ RunTime:0.000011s ]
INFO: [ template_filter ] --END-- [ RunTime:0.000017s ]
INFO: Run Behavior\ParseTemplateBehavior [ RunTime:0.003003s ]
INFO: [ view_parse ] --END-- [ RunTime:0.003009s ]
INFO: [ view_filter ] --START--
INFO: Run Behavior\WriteHtmlCacheBehavior [ RunTime:0.000172s ]
INFO: [ view_filter ] --END-- [ RunTime:0.000176s ]
INFO: [ app_end ] --START--
INFO: Run Behavior\ShowPageTraceBehavior [ RunTime:0.000279s ]
INFO: [ app_end ] --END-- [ RunTime:0.000283s ]

[ 2024-02-09T13:46:33+08:00 ] 192.168.65.1 /admin/Code/index
INFO: [ app_init ] --START--
INFO: Run Behavior\BuildLiteBehavior [ RunTime:0.000004s ]
INFO: [ app_init ] --END-- [ RunTime:0.000201s ]
INFO: [ app_begin ] --START--
INFO: Run Behavior\ReadHtmlCacheBehavior [ RunTime:0.000220s ]
INFO: [ app_begin ] --END-- [ RunTime:0.000226s ]
SQL: SELECT COUNT(*) AS tp_count FROM `xman_auth_rule` WHERE `status` = 1 AND `name` = 'admin/code/index' LIMIT 1   [ RunTime:0.0003s ]
SQL: SHOW COLUMNS FROM `xman_auth_group_access` [ RunTime:0.0007s ]
SQL: SELECT `uid`,`group_id`,`title`,`rules` FROM xman_auth_group_access a INNER JOIN xman_auth_group g on a.group_id=g.id  WHERE ( a.uid='2' and g.status='1' )  [ RunTime:0.0002s ]
SQL: SHOW COLUMNS FROM `xman_auth_rule` [ RunTime:0.0003s ]
SQL: SELECT `condition`,`name` FROM `xman_auth_rule` WHERE `id` IN ('27','154','29','12','65','66','17','1','2','5','6','10','18','41','42','43','32','37','38','39','40','19','44','45','46','47','48','50','149','150','151','152','153','156','157','159','160','161','162','163') AND `type` = 1 AND `status` = 1  [ RunTime:0.0001s ]
NOTIC: [8] Undefined index: para /var/www/ovodw/Application/Admin/Controller/CodeController.class.php 第 33 行.
SQL: SELECT * FROM `xman_code` WHERE (  1  ) ORDER BY addtime DESC LIMIT 0,15   [ RunTime:0.1065s ]
SQL: SELECT COUNT(*) AS tp_count FROM `xman_code` WHERE (  1  ) LIMIT 1   [ RunTime:0.0002s ]

[ 2024-02-09T13:46:33+08:00 ] 192.168.65.1 /admin/code/index
INFO: [ app_init ] --START--
INFO: Run Behavior\BuildLiteBehavior [ RunTime:0.000009s ]
INFO: [ app_init ] --END-- [ RunTime:0.000429s ]
INFO: [ app_begin ] --START--
INFO: Run Behavior\ReadHtmlCacheBehavior [ RunTime:0.000478s ]
INFO: [ app_begin ] --END-- [ RunTime:0.000497s ]
SQL: SELECT COUNT(*) AS tp_count FROM `xman_auth_rule` WHERE `status` = 1 AND `name` = 'admin/code/index' LIMIT 1   [ RunTime:0.0003s ]
SQL: SHOW COLUMNS FROM `xman_auth_group_access` [ RunTime:0.0006s ]
SQL: SELECT `uid`,`group_id`,`title`,`rules` FROM xman_auth_group_access a INNER JOIN xman_auth_group g on a.group_id=g.id  WHERE ( a.uid='2' and g.status='1' )  [ RunTime:0.0002s ]
SQL: SHOW COLUMNS FROM `xman_auth_rule` [ RunTime:0.0013s ]
SQL: SELECT `condition`,`name` FROM `xman_auth_rule` WHERE `id` IN ('27','154','29','12','65','66','17','1','2','5','6','10','18','41','42','43','32','37','38','39','40','19','44','45','46','47','48','50','149','150','151','152','153','156','157','159','160','161','162','163') AND `type` = 1 AND `status` = 1  [ RunTime:0.0002s ]
INFO: [ view_parse ] --START--
INFO: [ template_filter ] --START--
INFO: Run Behavior\ContentReplaceBehavior [ RunTime:0.000011s ]
INFO: [ template_filter ] --END-- [ RunTime:0.000018s ]
INFO: Run Behavior\ParseTemplateBehavior [ RunTime:0.002627s ]
INFO: [ view_parse ] --END-- [ RunTime:0.002633s ]
INFO: [ view_filter ] --START--
INFO: Run Behavior\WriteHtmlCacheBehavior [ RunTime:0.000170s ]
INFO: [ view_filter ] --END-- [ RunTime:0.000175s ]
INFO: [ app_end ] --START--
INFO: Run Behavior\ShowPageTraceBehavior [ RunTime:0.000279s ]
INFO: [ app_end ] --END-- [ RunTime:0.000283s ]

[ 2024-02-09T13:46:34+08:00 ] 192.168.65.1 /admin/Code/index
INFO: [ app_init ] --START--
INFO: Run Behavior\BuildLiteBehavior [ RunTime:0.000005s ]
INFO: [ app_init ] --END-- [ RunTime:0.000392s ]
INFO: [ app_begin ] --START--
INFO: Run Behavior\ReadHtmlCacheBehavior [ RunTime:0.000301s ]
INFO: [ app_begin ] --END-- [ RunTime:0.000310s ]
SQL: SELECT COUNT(*) AS tp_count FROM `xman_auth_rule` WHERE `status` = 1 AND `name` = 'admin/code/index' LIMIT 1   [ RunTime:0.0003s ]
SQL: SHOW COLUMNS FROM `xman_auth_group_access` [ RunTime:0.0006s ]
SQL: SELECT `uid`,`group_id`,`title`,`rules` FROM xman_auth_group_access a INNER JOIN xman_auth_group g on a.group_id=g.id  WHERE ( a.uid='2' and g.status='1' )  [ RunTime:0.0002s ]
SQL: SHOW COLUMNS FROM `xman_auth_rule` [ RunTime:0.0004s ]
SQL: SELECT `condition`,`name` FROM `xman_auth_rule` WHERE `id` IN ('27','154','29','12','65','66','17','1','2','5','6','10','18','41','42','43','32','37','38','39','40','19','44','45','46','47','48','50','149','150','151','152','153','156','157','159','160','161','162','163') AND `type` = 1 AND `status` = 1  [ RunTime:0.0002s ]
NOTIC: [8] Undefined index: para /var/www/ovodw/Application/Admin/Controller/CodeController.class.php 第 33 行.
SQL: SELECT * FROM `xman_code` WHERE (  1  ) ORDER BY addtime DESC LIMIT 0,15   [ RunTime:0.1089s ]
SQL: SELECT COUNT(*) AS tp_count FROM `xman_code` WHERE (  1  ) LIMIT 1   [ RunTime:0.0002s ]

[ 2024-02-09T14:06:22+08:00 ] 192.168.65.1 /admin
INFO: [ app_init ] --START--
INFO: Run Behavior\BuildLiteBehavior [ RunTime:0.000003s ]
INFO: [ app_init ] --END-- [ RunTime:0.000199s ]
INFO: [ app_begin ] --START--
INFO: Run Behavior\ReadHtmlCacheBehavior [ RunTime:0.000278s ]
INFO: [ app_begin ] --END-- [ RunTime:0.000286s ]
SQL: SELECT COUNT(*) AS tp_count FROM `xman_auth_rule` WHERE `status` = 1 AND `name` = 'admin/index/index' LIMIT 1   [ RunTime:0.0002s ]
SQL: SHOW COLUMNS FROM `xman_auth_group_access` [ RunTime:0.0005s ]
SQL: SELECT `uid`,`group_id`,`title`,`rules` FROM xman_auth_group_access a INNER JOIN xman_auth_group g on a.group_id=g.id  WHERE ( a.uid='2' and g.status='1' )  [ RunTime:0.0001s ]
SQL: SELECT * FROM `xman_auth_menus` WHERE `pid` = 0  [ RunTime:0.0001s ]
SQL: SELECT * FROM `xman_admin_user` WHERE `id` = 2 LIMIT 1   [ RunTime:0.0001s ]
SQL: SELECT * FROM `xman_system_skin` WHERE `user_id` = 2 LIMIT 1   [ RunTime:0.0001s ]
INFO: [ view_parse ] --START--
INFO: [ template_filter ] --START--
INFO: Run Behavior\ContentReplaceBehavior [ RunTime:0.000031s ]
INFO: [ template_filter ] --END-- [ RunTime:0.000038s ]
INFO: Run Behavior\ParseTemplateBehavior [ RunTime:0.004192s ]
INFO: [ view_parse ] --END-- [ RunTime:0.004199s ]
INFO: [ view_filter ] --START--
INFO: Run Behavior\WriteHtmlCacheBehavior [ RunTime:0.000192s ]
INFO: [ view_filter ] --END-- [ RunTime:0.000196s ]
INFO: [ app_end ] --START--
INFO: Run Behavior\ShowPageTraceBehavior [ RunTime:0.000379s ]
INFO: [ app_end ] --END-- [ RunTime:0.000386s ]

[ 2024-02-09T14:06:23+08:00 ] 192.168.65.1 /index.php/Admin/Index/main.html
INFO: [ app_init ] --START--
INFO: Run Behavior\BuildLiteBehavior [ RunTime:0.000029s ]
INFO: [ app_init ] --END-- [ RunTime:0.000536s ]
INFO: [ app_begin ] --START--
INFO: Run Behavior\ReadHtmlCacheBehavior [ RunTime:0.000439s ]
INFO: [ app_begin ] --END-- [ RunTime:0.000455s ]
SQL: SELECT COUNT(*) AS tp_count FROM `xman_auth_rule` WHERE `status` = 1 AND `name` = 'admin/index/main' LIMIT 1   [ RunTime:0.0002s ]
INFO: [ view_parse ] --START--
INFO: [ template_filter ] --START--
INFO: Run Behavior\ContentReplaceBehavior [ RunTime:0.000009s ]
INFO: [ template_filter ] --END-- [ RunTime:0.000018s ]
INFO: Run Behavior\ParseTemplateBehavior [ RunTime:0.002437s ]
INFO: [ view_parse ] --END-- [ RunTime:0.002452s ]
INFO: [ view_filter ] --START--
INFO: Run Behavior\WriteHtmlCacheBehavior [ RunTime:0.000182s ]
INFO: [ view_filter ] --END-- [ RunTime:0.000188s ]
INFO: [ app_end ] --START--
INFO: Run Behavior\ShowPageTraceBehavior [ RunTime:0.000258s ]
INFO: [ app_end ] --END-- [ RunTime:0.000262s ]

[ 2024-02-09T14:06:24+08:00 ] 192.168.65.1 /admin/code/index
INFO: [ app_init ] --START--
INFO: Run Behavior\BuildLiteBehavior [ RunTime:0.000009s ]
INFO: [ app_init ] --END-- [ RunTime:0.000524s ]
INFO: [ app_begin ] --START--
INFO: Run Behavior\ReadHtmlCacheBehavior [ RunTime:0.000575s ]
INFO: [ app_begin ] --END-- [ RunTime:0.000594s ]
SQL: SELECT COUNT(*) AS tp_count FROM `xman_auth_rule` WHERE `status` = 1 AND `name` = 'admin/code/index' LIMIT 1   [ RunTime:0.0002s ]
SQL: SHOW COLUMNS FROM `xman_auth_group_access` [ RunTime:0.0006s ]
SQL: SELECT `uid`,`group_id`,`title`,`rules` FROM xman_auth_group_access a INNER JOIN xman_auth_group g on a.group_id=g.id  WHERE ( a.uid='2' and g.status='1' )  [ RunTime:0.0005s ]
SQL: SHOW COLUMNS FROM `xman_auth_rule` [ RunTime:0.0005s ]
SQL: SELECT `condition`,`name` FROM `xman_auth_rule` WHERE `id` IN ('27','154','29','12','65','66','17','1','2','5','6','10','18','41','42','43','32','37','38','39','40','19','44','45','46','47','48','50','149','150','151','152','153','156','157','159','160','161','162','163') AND `type` = 1 AND `status` = 1  [ RunTime:0.0002s ]
INFO: [ view_parse ] --START--
INFO: [ template_filter ] --START--
INFO: Run Behavior\ContentReplaceBehavior [ RunTime:0.000016s ]
INFO: [ template_filter ] --END-- [ RunTime:0.000025s ]
INFO: Run Behavior\ParseTemplateBehavior [ RunTime:0.003606s ]
INFO: [ view_parse ] --END-- [ RunTime:0.003615s ]
INFO: [ view_filter ] --START--
INFO: Run Behavior\WriteHtmlCacheBehavior [ RunTime:0.000251s ]
INFO: [ view_filter ] --END-- [ RunTime:0.000257s ]
INFO: [ app_end ] --START--
INFO: Run Behavior\ShowPageTraceBehavior [ RunTime:0.000343s ]
INFO: [ app_end ] --END-- [ RunTime:0.000348s ]

[ 2024-02-09T14:06:24+08:00 ] 192.168.65.1 /admin/Code/index
INFO: [ app_init ] --START--
INFO: Run Behavior\BuildLiteBehavior [ RunTime:0.000003s ]
INFO: [ app_init ] --END-- [ RunTime:0.000218s ]
INFO: [ app_begin ] --START--
INFO: Run Behavior\ReadHtmlCacheBehavior [ RunTime:0.000236s ]
INFO: [ app_begin ] --END-- [ RunTime:0.000244s ]
SQL: SELECT COUNT(*) AS tp_count FROM `xman_auth_rule` WHERE `status` = 1 AND `name` = 'admin/code/index' LIMIT 1   [ RunTime:0.0002s ]
SQL: SHOW COLUMNS FROM `xman_auth_group_access` [ RunTime:0.0007s ]
SQL: SELECT `uid`,`group_id`,`title`,`rules` FROM xman_auth_group_access a INNER JOIN xman_auth_group g on a.group_id=g.id  WHERE ( a.uid='2' and g.status='1' )  [ RunTime:0.0002s ]
SQL: SHOW COLUMNS FROM `xman_auth_rule` [ RunTime:0.0005s ]
SQL: SELECT `condition`,`name` FROM `xman_auth_rule` WHERE `id` IN ('27','154','29','12','65','66','17','1','2','5','6','10','18','41','42','43','32','37','38','39','40','19','44','45','46','47','48','50','149','150','151','152','153','156','157','159','160','161','162','163') AND `type` = 1 AND `status` = 1  [ RunTime:0.0002s ]
NOTIC: [8] Undefined index: para /var/www/ovodw/Application/Admin/Controller/CodeController.class.php 第 33 行.
SQL: SELECT * FROM `xman_code` WHERE (  1  ) ORDER BY addtime DESC LIMIT 0,15   [ RunTime:0.1053s ]
SQL: SELECT COUNT(*) AS tp_count FROM `xman_code` WHERE (  1  ) LIMIT 1   [ RunTime:0.0002s ]

